-- Found ament_cmake: 1.3.9 (/opt/ros/humble/share/ament_cmake/cmake)
-- Found rclcpp: 16.0.9 (/opt/ros/humble/share/rclcpp/cmake)
-- Found rosidl_generator_c: 3.1.5 (/opt/ros/humble/share/rosidl_generator_c/cmake)
-- Found rosidl_adapter: 3.1.5 (/opt/ros/humble/share/rosidl_adapter/cmake)
-- Found rosidl_generator_cpp: 3.1.5 (/opt/ros/humble/share/rosidl_generator_cpp/cmake)
-- Using all available rosidl_typesupport_c: rosidl_typesupport_fastrtps_c;rosidl_typesupport_introspection_c
-- Using all available rosidl_typesupport_cpp: rosidl_typesupport_fastrtps_cpp;rosidl_typesupport_introspection_cpp
-- Found rmw_implementation_cmake: 6.1.2 (/opt/ros/humble/share/rmw_implementation_cmake/cmake)
-- Found rmw_fastrtps_cpp: 6.2.6 (/opt/ros/humble/share/rmw_fastrtps_cpp/cmake)
-- Using RMW implementation 'rmw_fastrtps_cpp' as default
-- Found rosidl_default_generators: 1.2.0 (/opt/ros/humble/share/rosidl_default_generators/cmake)
-- Found ament_cmake_ros: 0.10.0 (/opt/ros/humble/share/ament_cmake_ros/cmake)
-- Using all available rosidl_typesupport_c: rosidl_typesupport_fastrtps_c;rosidl_typesupport_introspection_c
-- Using all available rosidl_typesupport_cpp: rosidl_typesupport_fastrtps_cpp;rosidl_typesupport_introspection_cpp
-- Found python_cmake_module: 0.10.0 (/opt/ros/humble/share/python_cmake_module/cmake)
-- Using PYTHON_EXECUTABLE: /usr/bin/python3
-- Using PYTHON_INCLUDE_DIRS: /usr/include/python3.10
-- Using PYTHON_LIBRARIES: /usr/lib/x86_64-linux-gnu/libpython3.10.so
-- Configuring done
-- Generating done
-- Build files have been written to: /home/coro/ros2_ws/src/build/dsr_msgs2
[  0%] [34m[1mGenerating C code for ROS interfaces[0m
[  0%] [34m[1mGenerating C++ code for ROS interfaces[0m
[  0%] Built target ament_cmake_python_copy_dsr_msgs2
running egg_info
writing dsr_msgs2.egg-info/PKG-INFO
writing dependency_links to dsr_msgs2.egg-info/dependency_links.txt
writing top-level names to dsr_msgs2.egg-info/top_level.txt
writing manifest file 'dsr_msgs2.egg-info/SOURCES.txt'
[  0%] Built target ament_cmake_python_build_dsr_msgs2_egg
[  0%] Built target dsr_msgs2__cpp
[  0%] [34m[1mGenerating C++ type support dispatch for ROS interfaces[0m
[  0%] [34m[1mGenerating C++ type support for eProsima Fast-RTPS[0m
[  0%] [34m[1mGenerating C++ introspection for ROS interfaces[0m
[35m[1mConsolidate compiler generated dependencies of target dsr_msgs2__rosidl_generator_c[0m
[  0%] [32mBuilding C object CMakeFiles/dsr_msgs2__rosidl_generator_c.dir/rosidl_generator_c/dsr_msgs2/msg/detail/log_alarm__functions.c.o[0m
[  0%] [32mBuilding C object CMakeFiles/dsr_msgs2__rosidl_generator_c.dir/rosidl_generator_c/dsr_msgs2/msg/detail/robot_error__functions.c.o[0m
[  0%] [32mBuilding C object CMakeFiles/dsr_msgs2__rosidl_generator_c.dir/rosidl_generator_c/dsr_msgs2/msg/detail/modbus_state__functions.c.o[0m
[  1%] [32mBuilding C object CMakeFiles/dsr_msgs2__rosidl_generator_c.dir/rosidl_generator_c/dsr_msgs2/msg/detail/robot_stop__functions.c.o[0m
[  1%] [32mBuilding C object CMakeFiles/dsr_msgs2__rosidl_generator_c.dir/rosidl_generator_c/dsr_msgs2/msg/detail/robot_state__functions.c.o[0m
[  1%] [32mBuilding C object CMakeFiles/dsr_msgs2__rosidl_generator_c.dir/rosidl_generator_c/dsr_msgs2/srv/detail/set_robot_speed_mode__functions.c.o[0m
[  1%] [32mBuilding C object CMakeFiles/dsr_msgs2__rosidl_generator_c.dir/rosidl_generator_c/dsr_msgs2/srv/detail/get_robot_mode__functions.c.o[0m
[  1%] [32mBuilding C object CMakeFiles/dsr_msgs2__rosidl_generator_c.dir/rosidl_generator_c/dsr_msgs2/srv/detail/set_robot_system__functions.c.o[0m
[  1%] [32mBuilding C object CMakeFiles/dsr_msgs2__rosidl_generator_c.dir/rosidl_generator_c/dsr_msgs2/srv/detail/set_robot_mode__functions.c.o[0m
[  1%] [32mBuilding C object CMakeFiles/dsr_msgs2__rosidl_generator_c.dir/rosidl_generator_c/dsr_msgs2/srv/detail/set_safe_stop_reset_type__functions.c.o[0m
[  1%] [32mBuilding C object CMakeFiles/dsr_msgs2__rosidl_generator_c.dir/rosidl_generator_c/dsr_msgs2/srv/detail/get_robot_system__functions.c.o[0m
[  1%] [32mBuilding C object CMakeFiles/dsr_msgs2__rosidl_generator_c.dir/rosidl_generator_c/dsr_msgs2/msg/detail/jog_multi_axis__functions.c.o[0m
[  1%] [32mBuilding C object CMakeFiles/dsr_msgs2__rosidl_generator_c.dir/rosidl_generator_c/dsr_msgs2/srv/detail/get_current_pose__functions.c.o[0m
[  1%] [32mBuilding C object CMakeFiles/dsr_msgs2__rosidl_generator_c.dir/rosidl_generator_c/dsr_msgs2/srv/detail/get_last_alarm__functions.c.o[0m
[  2%] [32mBuilding C object CMakeFiles/dsr_msgs2__rosidl_generator_c.dir/rosidl_generator_c/dsr_msgs2/srv/detail/get_robot_state__functions.c.o[0m
[  2%] [32mBuilding C object CMakeFiles/dsr_msgs2__rosidl_generator_c.dir/rosidl_generator_c/dsr_msgs2/srv/detail/get_robot_speed_mode__functions.c.o[0m
[  2%] [32mBuilding C object CMakeFiles/dsr_msgs2__rosidl_generator_c.dir/rosidl_generator_c/dsr_msgs2/srv/detail/move_joint__functions.c.o[0m
[  2%] [32mBuilding C object CMakeFiles/dsr_msgs2__rosidl_generator_c.dir/rosidl_generator_c/dsr_msgs2/srv/detail/move_circle__functions.c.o[0m
[  2%] [32mBuilding C object CMakeFiles/dsr_msgs2__rosidl_generator_c.dir/rosidl_generator_c/dsr_msgs2/srv/detail/move_line__functions.c.o[0m
[  2%] [32mBuilding C object CMakeFiles/dsr_msgs2__rosidl_generator_c.dir/rosidl_generator_c/dsr_msgs2/srv/detail/move_spline_joint__functions.c.o[0m
[  2%] [32mBuilding C object CMakeFiles/dsr_msgs2__rosidl_generator_c.dir/rosidl_generator_c/dsr_msgs2/srv/detail/move_jointx__functions.c.o[0m
[  2%] [32mBuilding C object CMakeFiles/dsr_msgs2__rosidl_generator_c.dir/rosidl_generator_c/dsr_msgs2/srv/detail/move_spline_task__functions.c.o[0m
[  2%] [32mBuilding C object CMakeFiles/dsr_msgs2__rosidl_generator_c.dir/rosidl_generator_c/dsr_msgs2/srv/detail/move_spiral__functions.c.o[0m
[  2%] [32mBuilding C object CMakeFiles/dsr_msgs2__rosidl_generator_c.dir/rosidl_generator_c/dsr_msgs2/srv/detail/move_blending__functions.c.o[0m
[  3%] [32mBuilding C object CMakeFiles/dsr_msgs2__rosidl_generator_c.dir/rosidl_generator_c/dsr_msgs2/srv/detail/move_wait__functions.c.o[0m
[  3%] [32mBuilding C object CMakeFiles/dsr_msgs2__rosidl_generator_c.dir/rosidl_generator_c/dsr_msgs2/srv/detail/jog__functions.c.o[0m
[  3%] [32mBuilding C object CMakeFiles/dsr_msgs2__rosidl_generator_c.dir/rosidl_generator_c/dsr_msgs2/srv/detail/move_periodic__functions.c.o[0m
[  3%] [32mBuilding C object CMakeFiles/dsr_msgs2__rosidl_generator_c.dir/rosidl_generator_c/dsr_msgs2/srv/detail/move_stop__functions.c.o[0m
[  3%] [32mBuilding C object CMakeFiles/dsr_msgs2__rosidl_generator_c.dir/rosidl_generator_c/dsr_msgs2/srv/detail/move_pause__functions.c.o[0m
[  3%] [32mBuilding C object CMakeFiles/dsr_msgs2__rosidl_generator_c.dir/rosidl_generator_c/dsr_msgs2/srv/detail/jog_multi__functions.c.o[0m
[  3%] [32mBuilding C object CMakeFiles/dsr_msgs2__rosidl_generator_c.dir/rosidl_generator_c/dsr_msgs2/srv/detail/move_resume__functions.c.o[0m
[  3%] [32mBuilding C object CMakeFiles/dsr_msgs2__rosidl_generator_c.dir/rosidl_generator_c/dsr_msgs2/srv/detail/fkin__functions.c.o[0m
[  3%] [32mBuilding C object CMakeFiles/dsr_msgs2__rosidl_generator_c.dir/rosidl_generator_c/dsr_msgs2/srv/detail/trans__functions.c.o[0m
[  4%] [32mBuilding C object CMakeFiles/dsr_msgs2__rosidl_generator_c.dir/rosidl_generator_c/dsr_msgs2/srv/detail/ikin__functions.c.o[0m
[  4%] [32mBuilding C object CMakeFiles/dsr_msgs2__rosidl_generator_c.dir/rosidl_generator_c/dsr_msgs2/srv/detail/move_home__functions.c.o[0m
[  4%] [32mBuilding C object CMakeFiles/dsr_msgs2__rosidl_generator_c.dir/rosidl_generator_c/dsr_msgs2/srv/detail/set_ref_coord__functions.c.o[0m
[  4%] [32mBuilding C object CMakeFiles/dsr_msgs2__rosidl_generator_c.dir/rosidl_generator_c/dsr_msgs2/srv/detail/check_motion__functions.c.o[0m
[  4%] [32mBuilding C object CMakeFiles/dsr_msgs2__rosidl_generator_c.dir/rosidl_generator_c/dsr_msgs2/srv/detail/change_operation_speed__functions.c.o[0m
[  4%] [32mBuilding C object CMakeFiles/dsr_msgs2__rosidl_generator_c.dir/rosidl_generator_c/dsr_msgs2/srv/detail/enable_alter_motion__functions.c.o[0m
[  4%] [32mBuilding C object CMakeFiles/dsr_msgs2__rosidl_generator_c.dir/rosidl_generator_c/dsr_msgs2/srv/detail/alter_motion__functions.c.o[0m
[  4%] [32mBuilding C object CMakeFiles/dsr_msgs2__rosidl_generator_c.dir/rosidl_generator_c/dsr_msgs2/srv/detail/disable_alter_motion__functions.c.o[0m
[  4%] [32mBuilding C object CMakeFiles/dsr_msgs2__rosidl_generator_c.dir/rosidl_generator_c/dsr_msgs2/srv/detail/get_control_mode__functions.c.o[0m
[  4%] [32mBuilding C object CMakeFiles/dsr_msgs2__rosidl_generator_c.dir/rosidl_generator_c/dsr_msgs2/srv/detail/set_singularity_handling__functions.c.o[0m
[  4%] [32mBuilding C object CMakeFiles/dsr_msgs2__rosidl_generator_c.dir/rosidl_generator_c/dsr_msgs2/srv/detail/get_desired_posj__functions.c.o[0m
[  5%] [32mBuilding C object CMakeFiles/dsr_msgs2__rosidl_generator_c.dir/rosidl_generator_c/dsr_msgs2/srv/detail/get_current_posj__functions.c.o[0m
[  5%] [32mBuilding C object CMakeFiles/dsr_msgs2__rosidl_generator_c.dir/rosidl_generator_c/dsr_msgs2/srv/detail/get_control_space__functions.c.o[0m
[  5%] [32mBuilding C object CMakeFiles/dsr_msgs2__rosidl_generator_c.dir/rosidl_generator_c/dsr_msgs2/srv/detail/get_current_velj__functions.c.o[0m
[  5%] [32mBuilding C object CMakeFiles/dsr_msgs2__rosidl_generator_c.dir/rosidl_generator_c/dsr_msgs2/srv/detail/get_desired_velj__functions.c.o[0m
[  5%] [32mBuilding C object CMakeFiles/dsr_msgs2__rosidl_generator_c.dir/rosidl_generator_c/dsr_msgs2/srv/detail/get_current_tool_flange_posx__functions.c.o[0m
[  5%] [32mBuilding C object CMakeFiles/dsr_msgs2__rosidl_generator_c.dir/rosidl_generator_c/dsr_msgs2/srv/detail/get_current_posx__functions.c.o[0m
[  5%] [32mBuilding C object CMakeFiles/dsr_msgs2__rosidl_generator_c.dir/rosidl_generator_c/dsr_msgs2/srv/detail/get_current_velx__functions.c.o[0m
[  5%] [32mBuilding C object CMakeFiles/dsr_msgs2__rosidl_generator_c.dir/rosidl_generator_c/dsr_msgs2/srv/detail/get_desired_posx__functions.c.o[0m
[  5%] [32mBuilding C object CMakeFiles/dsr_msgs2__rosidl_generator_c.dir/rosidl_generator_c/dsr_msgs2/srv/detail/get_current_rotm__functions.c.o[0m
[  6%] [32mBuilding C object CMakeFiles/dsr_msgs2__rosidl_generator_c.dir/rosidl_generator_c/dsr_msgs2/srv/detail/get_current_solution_space__functions.c.o[0m
[  6%] [32mBuilding C object CMakeFiles/dsr_msgs2__rosidl_generator_c.dir/rosidl_generator_c/dsr_msgs2/srv/detail/get_desired_velx__functions.c.o[0m
[  6%] [32mBuilding C object CMakeFiles/dsr_msgs2__rosidl_generator_c.dir/rosidl_generator_c/dsr_msgs2/srv/detail/get_solution_space__functions.c.o[0m
[  6%] [32mBuilding C object CMakeFiles/dsr_msgs2__rosidl_generator_c.dir/rosidl_generator_c/dsr_msgs2/srv/detail/get_tool_force__functions.c.o[0m
[  6%] [32mBuilding C object CMakeFiles/dsr_msgs2__rosidl_generator_c.dir/rosidl_generator_c/dsr_msgs2/srv/detail/get_joint_torque__functions.c.o[0m
[  6%] [32mBuilding C object CMakeFiles/dsr_msgs2__rosidl_generator_c.dir/rosidl_generator_c/dsr_msgs2/srv/detail/get_orientation_error__functions.c.o[0m
[  6%] [32mBuilding C object CMakeFiles/dsr_msgs2__rosidl_generator_c.dir/rosidl_generator_c/dsr_msgs2/srv/detail/parallel_axis1__functions.c.o[0m
[  6%] [32mBuilding C object CMakeFiles/dsr_msgs2__rosidl_generator_c.dir/rosidl_generator_c/dsr_msgs2/srv/detail/parallel_axis2__functions.c.o[0m
[  6%] [32mBuilding C object CMakeFiles/dsr_msgs2__rosidl_generator_c.dir/rosidl_generator_c/dsr_msgs2/srv/detail/get_external_torque__functions.c.o[0m
[  6%] [32mBuilding C object CMakeFiles/dsr_msgs2__rosidl_generator_c.dir/rosidl_generator_c/dsr_msgs2/srv/detail/align_axis1__functions.c.o[0m
[  6%] [32mBuilding C object CMakeFiles/dsr_msgs2__rosidl_generator_c.dir/rosidl_generator_c/dsr_msgs2/srv/detail/is_done_bolt_tightening__functions.c.o[0m
[  7%] [32mBuilding C object CMakeFiles/dsr_msgs2__rosidl_generator_c.dir/rosidl_generator_c/dsr_msgs2/srv/detail/align_axis2__functions.c.o[0m
[  7%] [32mBuilding C object CMakeFiles/dsr_msgs2__rosidl_generator_c.dir/rosidl_generator_c/dsr_msgs2/srv/detail/release_compliance_ctrl__functions.c.o[0m
[  7%] [32mBuilding C object CMakeFiles/dsr_msgs2__rosidl_generator_c.dir/rosidl_generator_c/dsr_msgs2/srv/detail/task_compliance_ctrl__functions.c.o[0m
[  7%] [32mBuilding C object CMakeFiles/dsr_msgs2__rosidl_generator_c.dir/rosidl_generator_c/dsr_msgs2/srv/detail/set_stiffnessx__functions.c.o[0m
[  7%] [32mBuilding C object CMakeFiles/dsr_msgs2__rosidl_generator_c.dir/rosidl_generator_c/dsr_msgs2/srv/detail/calc_coord__functions.c.o[0m
[  7%] [32mBuilding C object CMakeFiles/dsr_msgs2__rosidl_generator_c.dir/rosidl_generator_c/dsr_msgs2/srv/detail/set_user_cart_coord1__functions.c.o[0m
[  7%] [32mBuilding C object CMakeFiles/dsr_msgs2__rosidl_generator_c.dir/rosidl_generator_c/dsr_msgs2/srv/detail/get_user_cart_coord__functions.c.o[0m
[  8%] [32mBuilding C object CMakeFiles/dsr_msgs2__rosidl_generator_c.dir/rosidl_generator_c/dsr_msgs2/srv/detail/overwrite_user_cart_coord__functions.c.o[0m
[  8%] [32mBuilding C object CMakeFiles/dsr_msgs2__rosidl_generator_c.dir/rosidl_generator_c/dsr_msgs2/srv/detail/set_user_cart_coord2__functions.c.o[0m
[  8%] [32mBuilding C object CMakeFiles/dsr_msgs2__rosidl_generator_c.dir/rosidl_generator_c/dsr_msgs2/srv/detail/release_force__functions.c.o[0m
[  8%] [32mBuilding C object CMakeFiles/dsr_msgs2__rosidl_generator_c.dir/rosidl_generator_c/dsr_msgs2/srv/detail/set_desired_force__functions.c.o[0m
[  8%] [32mBuilding C object CMakeFiles/dsr_msgs2__rosidl_generator_c.dir/rosidl_generator_c/dsr_msgs2/srv/detail/set_user_cart_coord3__functions.c.o[0m
[  8%] [32mBuilding C object CMakeFiles/dsr_msgs2__rosidl_generator_c.dir/rosidl_generator_c/dsr_msgs2/srv/detail/check_position_condition__functions.c.o[0m
[  8%] [32mBuilding C object CMakeFiles/dsr_msgs2__rosidl_generator_c.dir/rosidl_generator_c/dsr_msgs2/srv/detail/check_force_condition__functions.c.o[0m
[  8%] [32mBuilding C object CMakeFiles/dsr_msgs2__rosidl_generator_c.dir/rosidl_generator_c/dsr_msgs2/srv/detail/check_orientation_condition1__functions.c.o[0m
[  8%] [32mBuilding C object CMakeFiles/dsr_msgs2__rosidl_generator_c.dir/rosidl_generator_c/dsr_msgs2/srv/detail/check_orientation_condition2__functions.c.o[0m
[  8%] [32mBuilding C object CMakeFiles/dsr_msgs2__rosidl_generator_c.dir/rosidl_generator_c/dsr_msgs2/srv/detail/coord_transform__functions.c.o[0m
[  9%] [32mBuilding C object CMakeFiles/dsr_msgs2__rosidl_generator_c.dir/rosidl_generator_c/dsr_msgs2/srv/detail/get_workpiece_weight__functions.c.o[0m
[  9%] [32mBuilding C object CMakeFiles/dsr_msgs2__rosidl_generator_c.dir/rosidl_generator_c/dsr_msgs2/srv/detail/reset_workpiece_weight__functions.c.o[0m
[  9%] [32mBuilding C object CMakeFiles/dsr_msgs2__rosidl_generator_c.dir/rosidl_generator_c/dsr_msgs2/srv/detail/config_create_tool__functions.c.o[0m
[  9%] [32mBuilding C object CMakeFiles/dsr_msgs2__rosidl_generator_c.dir/rosidl_generator_c/dsr_msgs2/srv/detail/set_current_tool__functions.c.o[0m
[  9%] [32mBuilding C object CMakeFiles/dsr_msgs2__rosidl_generator_c.dir/rosidl_generator_c/dsr_msgs2/srv/detail/get_current_tool__functions.c.o[0m
[  9%] [32mBuilding C object CMakeFiles/dsr_msgs2__rosidl_generator_c.dir/rosidl_generator_c/dsr_msgs2/srv/detail/config_delete_tool__functions.c.o[0m
[  9%] [32mBuilding C object CMakeFiles/dsr_msgs2__rosidl_generator_c.dir/rosidl_generator_c/dsr_msgs2/srv/detail/set_tool_shape__functions.c.o[0m
[  9%] [32mBuilding C object CMakeFiles/dsr_msgs2__rosidl_generator_c.dir/rosidl_generator_c/dsr_msgs2/srv/detail/set_current_tcp__functions.c.o[0m
[  9%] [32mBuilding C object CMakeFiles/dsr_msgs2__rosidl_generator_c.dir/rosidl_generator_c/dsr_msgs2/srv/detail/config_create_tcp__functions.c.o[0m
[  9%] [32mBuilding C object CMakeFiles/dsr_msgs2__rosidl_generator_c.dir/rosidl_generator_c/dsr_msgs2/srv/detail/config_delete_tcp__functions.c.o[0m
[ 10%] [32mBuilding C object CMakeFiles/dsr_msgs2__rosidl_generator_c.dir/rosidl_generator_c/dsr_msgs2/srv/detail/get_current_tcp__functions.c.o[0m
[ 10%] [32mBuilding C object CMakeFiles/dsr_msgs2__rosidl_generator_c.dir/rosidl_generator_c/dsr_msgs2/srv/detail/set_tool_digital_output__functions.c.o[0m
[ 10%] [32mBuilding C object CMakeFiles/dsr_msgs2__rosidl_generator_c.dir/rosidl_generator_c/dsr_msgs2/srv/detail/get_tool_digital_output__functions.c.o[0m
[ 10%] [32mBuilding C object CMakeFiles/dsr_msgs2__rosidl_generator_c.dir/rosidl_generator_c/dsr_msgs2/srv/detail/set_ctrl_box_digital_output__functions.c.o[0m
[ 10%] [32mBuilding C object CMakeFiles/dsr_msgs2__rosidl_generator_c.dir/rosidl_generator_c/dsr_msgs2/srv/detail/get_tool_digital_input__functions.c.o[0m
[ 10%] [32mBuilding C object CMakeFiles/dsr_msgs2__rosidl_generator_c.dir/rosidl_generator_c/dsr_msgs2/srv/detail/get_ctrl_box_digital_output__functions.c.o[0m
[ 10%] [32mBuilding C object CMakeFiles/dsr_msgs2__rosidl_generator_c.dir/rosidl_generator_c/dsr_msgs2/srv/detail/get_ctrl_box_digital_input__functions.c.o[0m
[ 10%] [32mBuilding C object CMakeFiles/dsr_msgs2__rosidl_generator_c.dir/rosidl_generator_c/dsr_msgs2/srv/detail/drl_start__functions.c.o[0m
[ 11%] [32mBuilding C object CMakeFiles/dsr_msgs2__rosidl_generator_c.dir/rosidl_generator_c/dsr_msgs2/srv/detail/set_ctrl_box_analog_output__functions.c.o[0m
[ 11%] [32mBuilding C object CMakeFiles/dsr_msgs2__rosidl_generator_c.dir/rosidl_generator_c/dsr_msgs2/srv/detail/config_delete_modbus__functions.c.o[0m
[ 11%] [32mBuilding C object CMakeFiles/dsr_msgs2__rosidl_generator_c.dir/rosidl_generator_c/dsr_msgs2/srv/detail/set_ctrl_box_analog_input_type__functions.c.o[0m
[ 11%] [32mBuilding C object CMakeFiles/dsr_msgs2__rosidl_generator_c.dir/rosidl_generator_c/dsr_msgs2/srv/detail/set_ctrl_box_analog_output_type__functions.c.o[0m
[ 11%] [32mBuilding C object CMakeFiles/dsr_msgs2__rosidl_generator_c.dir/rosidl_generator_c/dsr_msgs2/srv/detail/set_modbus_output__functions.c.o[0m
[ 11%] [32mBuilding C object CMakeFiles/dsr_msgs2__rosidl_generator_c.dir/rosidl_generator_c/dsr_msgs2/srv/detail/config_create_modbus__functions.c.o[0m
[ 11%] [32mBuilding C object CMakeFiles/dsr_msgs2__rosidl_generator_c.dir/rosidl_generator_c/dsr_msgs2/srv/detail/get_ctrl_box_analog_input__functions.c.o[0m
[ 11%] [32mBuilding C object CMakeFiles/dsr_msgs2__rosidl_generator_c.dir/rosidl_generator_c/dsr_msgs2/srv/detail/get_modbus_input__functions.c.o[0m
[ 11%] [32mBuilding C object CMakeFiles/dsr_msgs2__rosidl_generator_c.dir/rosidl_generator_c/dsr_msgs2/srv/detail/drl_stop__functions.c.o[0m
[ 11%] [32mBuilding C object CMakeFiles/dsr_msgs2__rosidl_generator_c.dir/rosidl_generator_c/dsr_msgs2/srv/detail/drl_resume__functions.c.o[0m
[ 12%] [32mBuilding C object CMakeFiles/dsr_msgs2__rosidl_generator_c.dir/rosidl_generator_c/dsr_msgs2/srv/detail/get_drl_state__functions.c.o[0m
[ 12%] [32mBuilding C object CMakeFiles/dsr_msgs2__rosidl_generator_c.dir/rosidl_generator_c/dsr_msgs2/srv/detail/drl_pause__functions.c.o[0m
[ 12%] [32mBuilding C object CMakeFiles/dsr_msgs2__rosidl_generator_c.dir/rosidl_generator_c/dsr_msgs2/srv/detail/robotiq2_f_close__functions.c.o[0m
[ 12%] [32mBuilding C object CMakeFiles/dsr_msgs2__rosidl_generator_c.dir/rosidl_generator_c/dsr_msgs2/srv/detail/robotiq2_f_open__functions.c.o[0m
[ 12%] [32mBuilding C object CMakeFiles/dsr_msgs2__rosidl_generator_c.dir/rosidl_generator_c/dsr_msgs2/srv/detail/robotiq2_f_move__functions.c.o[0m
[ 12%] [32mBuilding C object CMakeFiles/dsr_msgs2__rosidl_generator_c.dir/rosidl_generator_c/dsr_msgs2/srv/detail/serial_send_data__functions.c.o[0m
[ 12%] [32m[1mLinking C shared library libdsr_msgs2__rosidl_generator_c.so[0m
[ 12%] Built target dsr_msgs2__rosidl_generator_c
[ 14%] [34m[1mGenerating C introspection for ROS interfaces[0m
[ 14%] [34m[1mGenerating C type support dispatch for ROS interfaces[0m
[ 15%] [34m[1mGenerating C type support for eProsima Fast-RTPS[0m
Traceback (most recent call last):
Traceback (most recent call last):
Traceback (most recent call last):
Traceback (most recent call last):
  File "/opt/ros/humble/lib/rosidl_typesupport_fastrtps_c/rosidl_typesupport_fastrtps_c", line 33, in <module>
  File "/opt/ros/humble/lib/rosidl_typesupport_introspection_cpp/rosidl_typesupport_introspection_cpp", line 31, in <module>
Traceback (most recent call last):
  File "/opt/ros/humble/lib/rosidl_typesupport_introspection_c/rosidl_typesupport_introspection_c", line 31, in <module>
  File "/opt/ros/humble/lib/rosidl_typesupport_c/rosidl_typesupport_c", line 28, in <module>
Traceback (most recent call last):
  File "/opt/ros/humble/lib/rosidl_typesupport_fastrtps_cpp/rosidl_typesupport_fastrtps_cpp", line 23, in <module>
  File "/opt/ros/humble/lib/rosidl_typesupport_cpp/rosidl_typesupport_cpp", line 28, in <module>
    sys.exit(main())
  File "/opt/ros/humble/lib/rosidl_typesupport_introspection_cpp/rosidl_typesupport_introspection_cpp", line 27, in main
    sys.exit(main())
    sys.exit(main())
  File "/opt/ros/humble/lib/rosidl_typesupport_fastrtps_c/rosidl_typesupport_fastrtps_c", line 29, in main
  File "/opt/ros/humble/lib/rosidl_typesupport_introspection_c/rosidl_typesupport_introspection_c", line 27, in main
    sys.exit(main())
gmake[2]: *** Deleting file 'rosidl_typesupport_cpp/dsr_msgs2/msg/log_alarm__type_support.cpp'
gmake[2]: *** Deleting file 'rosidl_typesupport_introspection_cpp/dsr_msgs2/msg/detail/log_alarm__rosidl_typesupport_introspection_cpp.hpp'
  File "/opt/ros/humble/lib/rosidl_typesupport_c/rosidl_typesupport_c", line 24, in main
    generate_cpp(args.generator_arguments_file)
  File "/opt/ros/humble/local/lib/python3.10/dist-packages/rosidl_typesupport_introspection_cpp/__init__.py", line 31, in generate_cpp
gmake[2]: *** Deleting file 'rosidl_typesupport_c/dsr_msgs2/msg/log_alarm__type_support.cpp'
gmake[2]: *** Deleting file 'rosidl_typesupport_fastrtps_c/dsr_msgs2/msg/detail/log_alarm__rosidl_typesupport_fastrtps_c.h'
    sys.exit(main())
  File "/opt/ros/humble/lib/rosidl_typesupport_fastrtps_cpp/rosidl_typesupport_fastrtps_cpp", line 19, in main
    generate_typesupport_fastrtps_c(args.generator_arguments_file)
    generate_c(args.generator_arguments_file)
  File "/opt/ros/humble/local/lib/python3.10/dist-packages/rosidl_typesupport_fastrtps_c/__init__.py", line 24, in generate_typesupport_fastrtps_c
  File "/opt/ros/humble/local/lib/python3.10/dist-packages/rosidl_typesupport_introspection_c/__init__.py", line 31, in generate_c
gmake[2]: *** Deleting file 'rosidl_typesupport_fastrtps_cpp/dsr_msgs2/msg/detail/dds_fastrtps/log_alarm__type_support.cpp'
    generate_c(args.generator_arguments_file, args.typesupports)
  File "/opt/ros/humble/local/lib/python3.10/dist-packages/rosidl_typesupport_c/__init__.py", line 28, in generate_c
    return generate_files(generator_arguments_file, mapping)
  File "/opt/ros/humble/local/lib/python3.10/dist-packages/rosidl_cmake/__init__.py", line 87, in generate_files
    generate_cpp(args.generator_arguments_file)
gmake[2]: *** Deleting file 'rosidl_typesupport_introspection_c/dsr_msgs2/msg/detail/log_alarm__rosidl_typesupport_introspection_c.h'
    sys.exit(main())
  File "/opt/ros/humble/local/lib/python3.10/dist-packages/rosidl_typesupport_fastrtps_cpp/__init__.py", line 24, in generate_cpp
    return generate_files(generator_arguments_file, mapping)
  File "/opt/ros/humble/lib/rosidl_typesupport_cpp/rosidl_typesupport_cpp", line 24, in main
  File "/opt/ros/humble/local/lib/python3.10/dist-packages/rosidl_cmake/__init__.py", line 74, in generate_files
    return generate_files(generator_arguments_file, mapping)
    return generate_files(
  File "/opt/ros/humble/local/lib/python3.10/dist-packages/rosidl_cmake/__init__.py", line 87, in generate_files
  File "/opt/ros/humble/local/lib/python3.10/dist-packages/rosidl_cmake/__init__.py", line 74, in generate_files
    expand_template(
    return generate_files(generator_arguments_file, mapping)
  File "/opt/ros/humble/local/lib/python3.10/dist-packages/rosidl_cmake/__init__.py", line 149, in expand_template
  File "/opt/ros/humble/local/lib/python3.10/dist-packages/rosidl_cmake/__init__.py", line 74, in generate_files
    idl_file = parse_idl_file(locator)
  File "/opt/ros/humble/local/lib/python3.10/dist-packages/rosidl_parser/parser.py", line 64, in parse_idl_file
    generate_cpp(args.generator_arguments_file, args.typesupports)
    expand_template(
  File "/opt/ros/humble/local/lib/python3.10/dist-packages/rosidl_typesupport_cpp/__init__.py", line 28, in generate_cpp
  File "/opt/ros/humble/local/lib/python3.10/dist-packages/rosidl_cmake/__init__.py", line 149, in expand_template
    idl_file = parse_idl_file(locator)
  File "/opt/ros/humble/local/lib/python3.10/dist-packages/rosidl_parser/parser.py", line 64, in parse_idl_file
    idl_file = parse_idl_file(locator)
    interpreter.string(template_content, template_path, locals=data)
  File "/opt/ros/humble/local/lib/python3.10/dist-packages/rosidl_parser/parser.py", line 64, in parse_idl_file
  File "/usr/lib/python3/dist-packages/em.py", line 2391, in string
    content = parse_idl_string(string, png_file=png_file)
    return generate_files(
    interpreter.string(template_content, template_path, locals=data)
    content = parse_idl_string(string, png_file=png_file)
  File "/usr/lib/python3/dist-packages/em.py", line 2391, in string
  File "/opt/ros/humble/local/lib/python3.10/dist-packages/rosidl_parser/parser.py", line 72, in parse_idl_string
  File "/opt/ros/humble/local/lib/python3.10/dist-packages/rosidl_cmake/__init__.py", line 74, in generate_files
  File "/opt/ros/humble/local/lib/python3.10/dist-packages/rosidl_parser/parser.py", line 73, in parse_idl_string
    content = parse_idl_string(string, png_file=png_file)
  File "/opt/ros/humble/local/lib/python3.10/dist-packages/rosidl_parser/parser.py", line 72, in parse_idl_string
    content = extract_content_from_ast(tree)
  File "/opt/ros/humble/local/lib/python3.10/dist-packages/rosidl_parser/parser.py", line 160, in extract_content_from_ast
    tree = get_ast_from_idl_string(idl_string)
    idl_file = parse_idl_file(locator)
  File "/opt/ros/humble/local/lib/python3.10/dist-packages/rosidl_parser/parser.py", line 89, in get_ast_from_idl_string
  File "/opt/ros/humble/local/lib/python3.10/dist-packages/rosidl_parser/parser.py", line 64, in parse_idl_file
    tree = get_ast_from_idl_string(idl_string)
  File "/opt/ros/humble/local/lib/python3.10/dist-packages/rosidl_parser/parser.py", line 89, in get_ast_from_idl_string
    return _parser.parse(idl_string)
    content = parse_idl_string(string, png_file=png_file)
  File "/usr/lib/python3/dist-packages/lark/lark.py", line 619, in parse
  File "/opt/ros/humble/local/lib/python3.10/dist-packages/rosidl_parser/parser.py", line 72, in parse_idl_string
    add_message_members(request, struct_defs[0])
    return _parser.parse(idl_string)
  File "/opt/ros/humble/local/lib/python3.10/dist-packages/rosidl_parser/parser.py", line 361, in add_message_members
  File "/usr/lib/python3/dist-packages/lark/lark.py", line 619, in parse
    tree = get_ast_from_idl_string(idl_string)
  File "/opt/ros/humble/local/lib/python3.10/dist-packages/rosidl_parser/parser.py", line 89, in get_ast_from_idl_string
    return _parser.parse(idl_string)
  File "/usr/lib/python3/dist-packages/lark/lark.py", line 619, in parse
    members = tree.find_data('member')
  File "/usr/lib/python3/dist-packages/lark/tree.py", line 123, in find_data
    return self.find_pred(lambda t: t.data == data)
  File "/usr/lib/python3/dist-packages/lark/tree.py", line 119, in find_pred
    return filter(pred, self.iter_subtrees())
  File "/usr/lib/python3/dist-packages/lark/tree.py", line 115, in iter_subtrees
    return reversed(list(subtrees.values()))
KeyboardInterrupt
    return self.parser.parse(text, start=start, on_error=on_error)
    return self.parser.parse(text, start=start, on_error=on_error)
  File "/usr/lib/python3/dist-packages/lark/parser_frontends.py", line 99, in parse
  File "/usr/lib/python3/dist-packages/lark/parser_frontends.py", line 99, in parse
    return self.parser.parse(text, start=start, on_error=on_error)
  File "/usr/lib/python3/dist-packages/lark/parser_frontends.py", line 99, in parse
    self.safe(scanner, True, locals)
    self.safe(scanner, True, locals)
  File "/usr/lib/python3/dist-packages/em.py", line 2401, in safe
  File "/usr/lib/python3/dist-packages/em.py", line 2401, in safe
    return self.parser.parse(stream, chosen_start, **kw)
  File "/usr/lib/python3/dist-packages/lark/parsers/earley.py", line 266, in parse
    return self.parser.parse(stream, chosen_start, **kw)
    return self.parser.parse(stream, chosen_start, **kw)
  File "/usr/lib/python3/dist-packages/lark/parsers/earley.py", line 266, in parse
  File "/usr/lib/python3/dist-packages/lark/parsers/earley.py", line 292, in parse
    self.parse(scanner, locals)
    self.parse(scanner, locals)
  File "/usr/lib/python3/dist-packages/em.py", line 2421, in parse
  File "/usr/lib/python3/dist-packages/em.py", line 2421, in parse
    to_scan = self._parse(lexer, columns, to_scan, start_symbol)
    to_scan = self._parse(lexer, columns, to_scan, start_symbol)
  File "/usr/lib/python3/dist-packages/lark/parsers/xearley.py", line 144, in _parse
  File "/usr/lib/python3/dist-packages/lark/parsers/xearley.py", line 144, in _parse
    return transformer.transform(solutions[0])
  File "/usr/lib/python3/dist-packages/lark/parsers/earley_forest.py", line 395, in transform
    self.predict_and_complete(i, to_scan, columns, transitives)
    self.predict_and_complete(i, to_scan, columns, transitives)
  File "/usr/lib/python3/dist-packages/lark/parsers/earley.py", line -1, in predict_and_complete
  File "/usr/lib/python3/dist-packages/lark/parsers/earley.py", line 139, in predict_and_complete
    token.run(self, locals)
    token.run(self, locals)
  File "/usr/lib/python3/dist-packages/em.py", line 1547, in run
  File "/usr/lib/python3/dist-packages/em.py", line 1547, in run
KeyboardInterrupt
    for rule in self.predictions[item.expect]:
  File "/usr/lib/python3/dist-packages/lark/grammar.py", line 20, in __eq__
    self.visit(root)
  File "/usr/lib/python3/dist-packages/lark/parsers/earley_forest.py", line 532, in visit
    return self.is_term == other.is_term and self.name == other.name
  File "/usr/lib/python3/dist-packages/lark/lexer.py", line 195, in __eq__
    self.subrun(info[0][1], interpreter, locals)
  File "/usr/lib/python3/dist-packages/em.py", line 1631, in subrun
    self.subrun(info[0][1], interpreter, locals)
  File "/usr/lib/python3/dist-packages/em.py", line 1631, in subrun
    super(ForestToParseTree, self).visit(root)
  File "/usr/lib/python3/dist-packages/lark/parsers/earley_forest.py", line 328, in visit
    if isinstance(current, TokenNode):
KeyboardInterrupt
    token.run(interpreter, locals)
  File "/usr/lib/python3/dist-packages/em.py", line 1425, in run
    token.run(interpreter, locals)
  File "/usr/lib/python3/dist-packages/em.py", line 1425, in run
    return str.__eq__(self, other)
KeyboardInterrupt
    interpreter.execute(self.code, locals)
  File "/usr/lib/python3/dist-packages/em.py", line 2596, in execute
    interpreter.execute(self.code, locals)
  File "/usr/lib/python3/dist-packages/em.py", line 2596, in execute
    _exec(statements, self.globals, locals)
  File "<string>", line 2, in <module>
    _exec(statements, self.globals, locals)
  File "<string>", line 2, in <module>
  File "/opt/ros/humble/local/lib/python3.10/dist-packages/rosidl_cmake/__init__.py", line 198, in _expand_template
  File "/opt/ros/humble/local/lib/python3.10/dist-packages/rosidl_cmake/__init__.py", line 198, in _expand_template
    interpreter.string(content, str(template_path), kwargs)
    interpreter.string(content, str(template_path), kwargs)
  File "/usr/lib/python3/dist-packages/em.py", line 2391, in string
  File "/usr/lib/python3/dist-packages/em.py", line 2391, in string
    self.safe(scanner, True, locals)
    self.safe(scanner, True, locals)
  File "/usr/lib/python3/dist-packages/em.py", line 2401, in safe
  File "/usr/lib/python3/dist-packages/em.py", line 2401, in safe
    self.parse(scanner, locals)
  File "/usr/lib/python3/dist-packages/em.py", line 2421, in parse
    self.parse(scanner, locals)
  File "/usr/lib/python3/dist-packages/em.py", line 2421, in parse
    token.run(self, locals)
  File "/usr/lib/python3/dist-packages/em.py", line 1425, in run
    token.run(self, locals)
  File "/usr/lib/python3/dist-packages/em.py", line 1425, in run
    interpreter.execute(self.code, locals)
  File "/usr/lib/python3/dist-packages/em.py", line 2596, in execute
    interpreter.execute(self.code, locals)
  File "/usr/lib/python3/dist-packages/em.py", line 2596, in execute
    _exec(statements, self.globals, locals)
  File "<string>", line 2, in <module>
    _exec(statements, self.globals, locals)
  File "<string>", line 2, in <module>
  File "/opt/ros/humble/local/lib/python3.10/dist-packages/rosidl_cmake/__init__.py", line 198, in _expand_template
  File "/opt/ros/humble/local/lib/python3.10/dist-packages/rosidl_cmake/__init__.py", line 198, in _expand_template
    interpreter.string(content, str(template_path), kwargs)
  File "/usr/lib/python3/dist-packages/em.py", line 2391, in string
    interpreter.string(content, str(template_path), kwargs)
  File "/usr/lib/python3/dist-packages/em.py", line 2391, in string
    self.safe(scanner, True, locals)
  File "/usr/lib/python3/dist-packages/em.py", line 2401, in safe
    self.safe(scanner, True, locals)
  File "/usr/lib/python3/dist-packages/em.py", line 2401, in safe
    self.parse(scanner, locals)
  File "/usr/lib/python3/dist-packages/em.py", line 2417, in parse
    self.parse(scanner, locals)
  File "/usr/lib/python3/dist-packages/em.py", line 2417, in parse
    token = scanner.one()
  File "/usr/lib/python3/dist-packages/em.py", line 1984, in one
    token = scanner.one()
  File "/usr/lib/python3/dist-packages/em.py", line 1984, in one
    token.scan(self)
  File "/usr/lib/python3/dist-packages/em.py", line 1468, in scan
    token.scan(self)
  File "/usr/lib/python3/dist-packages/em.py", line 1421, in scan
    self.subscan(scanner, self.type)
  File "/usr/lib/python3/dist-packages/em.py", line 1483, in subscan
    i = scanner.complex('{', '}', 0)
  File "/usr/lib/python3/dist-packages/em.py", line 1902, in complex
    token = scanner.one()
  File "/usr/lib/python3/dist-packages/em.py", line 1984, in one
    if quote:
KeyboardInterrupt
    token.scan(self)
  File "/usr/lib/python3/dist-packages/em.py", line 1468, in scan
    self.subscan(scanner, self.type)
  File "/usr/lib/python3/dist-packages/em.py", line 1483, in subscan
    token = scanner.one()
  File "/usr/lib/python3/dist-packages/em.py", line 1961, in one
    loc = self.find(self.prefix)
  File "/usr/lib/python3/dist-packages/em.py", line 1794, in find
    return self.rest().find(sub, start)
KeyboardInterrupt
Exception ignored in: <function Interpreter.__del__ at 0x79f5efa67520>
Traceback (most recent call last):
  File "/usr/lib/python3/dist-packages/em.py", line 2094, in __del__
  File "/usr/lib/python3/dist-packages/em.py", line 2157, in shutdown
  File "/usr/lib/python3/dist-packages/em.py", line 2647, in finalize
  File "/usr/lib/python3/dist-packages/em.py", line 2200, in push
AttributeError: '_io.TextIOWrapper' object has no attribute 'push'
gmake[2]: *** [CMakeFiles/dsr_msgs2__rosidl_typesupport_c.dir/build.make:226: rosidl_typesupport_c/dsr_msgs2/msg/log_alarm__type_support.cpp] Interrupt
gmake[1]: *** [CMakeFiles/Makefile2:342: CMakeFiles/dsr_msgs2__rosidl_typesupport_c.dir/all] Interrupt
gmake[2]: *** [CMakeFiles/dsr_msgs2__rosidl_typesupport_fastrtps_c.dir/build.make:228: rosidl_typesupport_fastrtps_c/dsr_msgs2/msg/detail/log_alarm__rosidl_typesupport_fastrtps_c.h] Interrupt
gmake[1]: *** [CMakeFiles/Makefile2:238: CMakeFiles/dsr_msgs2__rosidl_typesupport_fastrtps_c.dir/all] Interrupt
Exception ignored in: <function Interpreter.__del__ at 0x715de03c3520>
Traceback (most recent call last):
  File "/usr/lib/python3/dist-packages/em.py", line 2094, in __del__
  File "/usr/lib/python3/dist-packages/em.py", line 2157, in shutdown
  File "/usr/lib/python3/dist-packages/em.py", line 2647, in finalize
  File "/usr/lib/python3/dist-packages/em.py", line 2200, in push
AttributeError: '_io.TextIOWrapper' object has no attribute 'push'
gmake[2]: *** [CMakeFiles/dsr_msgs2__rosidl_typesupport_introspection_c.dir/build.make:228: rosidl_typesupport_introspection_c/dsr_msgs2/msg/detail/log_alarm__rosidl_typesupport_introspection_c.h] Interrupt
gmake[1]: *** [CMakeFiles/Makefile2:316: CMakeFiles/dsr_msgs2__rosidl_typesupport_introspection_c.dir/all] Interrupt
gmake[2]: *** [CMakeFiles/dsr_msgs2__rosidl_typesupport_fastrtps_cpp.dir/build.make:228: rosidl_typesupport_fastrtps_cpp/dsr_msgs2/msg/detail/dds_fastrtps/log_alarm__type_support.cpp] Interrupt
gmake[1]: *** [CMakeFiles/Makefile2:290: CMakeFiles/dsr_msgs2__rosidl_typesupport_fastrtps_cpp.dir/all] Interrupt
gmake[2]: *** [CMakeFiles/dsr_msgs2__rosidl_typesupport_introspection_cpp.dir/build.make:228: rosidl_typesupport_introspection_cpp/dsr_msgs2/msg/detail/log_alarm__rosidl_typesupport_introspection_cpp.hpp] Interrupt
gmake[1]: *** [CMakeFiles/Makefile2:368: CMakeFiles/dsr_msgs2__rosidl_typesupport_introspection_cpp.dir/all] Interrupt
gmake[2]: *** [CMakeFiles/dsr_msgs2__rosidl_typesupport_cpp.dir/build.make:226: rosidl_typesupport_cpp/dsr_msgs2/msg/log_alarm__type_support.cpp] Interrupt
gmake[1]: *** [CMakeFiles/Makefile2:394: CMakeFiles/dsr_msgs2__rosidl_typesupport_cpp.dir/all] Interrupt
gmake: *** [Makefile:146: all] Interrupt
Traceback (most recent call last):
  File "/home/coro/.local/bin/cmake", line 8, in <module>
    sys.exit(cmake())
  File "/home/coro/.local/lib/python3.10/site-packages/cmake/__init__.py", line 43, in cmake
    raise SystemExit(_program('cmake', sys.argv[1:]))
  File "/home/coro/.local/lib/python3.10/site-packages/cmake/__init__.py", line 39, in _program
    return subprocess.call([os.path.join(CMAKE_BIN_DIR, name)] + args, close_fds=False)
  File "/usr/lib/python3.10/subprocess.py", line 347, in call
    return p.wait(timeout=timeout)
  File "/usr/lib/python3.10/subprocess.py", line 1209, in wait
    return self._wait(timeout=timeout)
  File "/usr/lib/python3.10/subprocess.py", line 1959, in _wait
    (pid, sts) = self._try_wait(0)
  File "/usr/lib/python3.10/subprocess.py", line 1917, in _try_wait
    (pid, sts) = os.waitpid(self.pid, wait_flags)
KeyboardInterrupt
