-- Found ament_cmake: 1.3.9 (/opt/ros/humble/share/ament_cmake/cmake)
-- Found rclcpp: 16.0.9 (/opt/ros/humble/share/rclcpp/cmake)
-- Found rosidl_generator_c: 3.1.5 (/opt/ros/humble/share/rosidl_generator_c/cmake)
-- Found rosidl_adapter: 3.1.5 (/opt/ros/humble/share/rosidl_adapter/cmake)
-- Found rosidl_generator_cpp: 3.1.5 (/opt/ros/humble/share/rosidl_generator_cpp/cmake)
-- Using all available rosidl_typesupport_c: rosidl_typesupport_fastrtps_c;rosidl_typesupport_introspection_c
-- Using all available rosidl_typesupport_cpp: rosidl_typesupport_fastrtps_cpp;rosidl_typesupport_introspection_cpp
-- Found rmw_implementation_cmake: 6.1.2 (/opt/ros/humble/share/rmw_implementation_cmake/cmake)
-- Found rmw_fastrtps_cpp: 6.2.6 (/opt/ros/humble/share/rmw_fastrtps_cpp/cmake)
-- Using RMW implementation 'rmw_fastrtps_cpp' as default
-- Found rosidl_default_generators: 1.2.0 (/opt/ros/humble/share/rosidl_default_generators/cmake)
-- Found ament_cmake_ros: 0.10.0 (/opt/ros/humble/share/ament_cmake_ros/cmake)
-- Using all available rosidl_typesupport_c: rosidl_typesupport_fastrtps_c;rosidl_typesupport_introspection_c
-- Using all available rosidl_typesupport_cpp: rosidl_typesupport_fastrtps_cpp;rosidl_typesupport_introspection_cpp
-- Found python_cmake_module: 0.10.0 (/opt/ros/humble/share/python_cmake_module/cmake)
-- Using PYTHON_EXECUTABLE: /usr/bin/python3
-- Using PYTHON_INCLUDE_DIRS: /usr/include/python3.10
-- Using PYTHON_LIBRARIES: /usr/lib/x86_64-linux-gnu/libpython3.10.so
-- Configuring done
-- Generating done
-- Build files have been written to: /home/coro/ros2_ws/src/build/dsr_msgs2
[  0%] [34m[1mGenerating C code for ROS interfaces[0m
[  0%] [34m[1mGenerating C++ code for ROS interfaces[0m
[  0%] Built target ament_cmake_python_copy_dsr_msgs2
running egg_info
writing dsr_msgs2.egg-info/PKG-INFO
writing dependency_links to dsr_msgs2.egg-info/dependency_links.txt
writing top-level names to dsr_msgs2.egg-info/top_level.txt
writing manifest file 'dsr_msgs2.egg-info/SOURCES.txt'
[  0%] Built target ament_cmake_python_build_dsr_msgs2_egg
[  0%] Built target dsr_msgs2__cpp
[  0%] [34m[1mGenerating C++ type support dispatch for ROS interfaces[0m
[  0%] [34m[1mGenerating C++ type support for eProsima Fast-RTPS[0m
[  0%] [34m[1mGenerating C++ introspection for ROS interfaces[0m
[35m[1mConsolidate compiler generated dependencies of target dsr_msgs2__rosidl_generator_c[0m
[  0%] [32mBuilding C object CMakeFiles/dsr_msgs2__rosidl_generator_c.dir/rosidl_generator_c/dsr_msgs2/msg/detail/log_alarm__functions.c.o[0m
[  0%] [32mBuilding C object CMakeFiles/dsr_msgs2__rosidl_generator_c.dir/rosidl_generator_c/dsr_msgs2/msg/detail/robot_error__functions.c.o[0m
[  0%] [32mBuilding C object CMakeFiles/dsr_msgs2__rosidl_generator_c.dir/rosidl_generator_c/dsr_msgs2/msg/detail/modbus_state__functions.c.o[0m
[  1%] [32mBuilding C object CMakeFiles/dsr_msgs2__rosidl_generator_c.dir/rosidl_generator_c/dsr_msgs2/msg/detail/robot_stop__functions.c.o[0m
[  1%] [32mBuilding C object CMakeFiles/dsr_msgs2__rosidl_generator_c.dir/rosidl_generator_c/dsr_msgs2/msg/detail/robot_state__functions.c.o[0m
[  1%] [32mBuilding C object CMakeFiles/dsr_msgs2__rosidl_generator_c.dir/rosidl_generator_c/dsr_msgs2/srv/detail/set_robot_speed_mode__functions.c.o[0m
[  1%] [32mBuilding C object CMakeFiles/dsr_msgs2__rosidl_generator_c.dir/rosidl_generator_c/dsr_msgs2/srv/detail/get_robot_mode__functions.c.o[0m
[  1%] [32mBuilding C object CMakeFiles/dsr_msgs2__rosidl_generator_c.dir/rosidl_generator_c/dsr_msgs2/srv/detail/set_robot_system__functions.c.o[0m
[  1%] [32mBuilding C object CMakeFiles/dsr_msgs2__rosidl_generator_c.dir/rosidl_generator_c/dsr_msgs2/srv/detail/set_robot_mode__functions.c.o[0m
[  1%] [32mBuilding C object CMakeFiles/dsr_msgs2__rosidl_generator_c.dir/rosidl_generator_c/dsr_msgs2/srv/detail/set_safe_stop_reset_type__functions.c.o[0m
[  1%] [32mBuilding C object CMakeFiles/dsr_msgs2__rosidl_generator_c.dir/rosidl_generator_c/dsr_msgs2/srv/detail/get_robot_system__functions.c.o[0m
[  1%] [32mBuilding C object CMakeFiles/dsr_msgs2__rosidl_generator_c.dir/rosidl_generator_c/dsr_msgs2/msg/detail/jog_multi_axis__functions.c.o[0m
[  1%] [32mBuilding C object CMakeFiles/dsr_msgs2__rosidl_generator_c.dir/rosidl_generator_c/dsr_msgs2/srv/detail/get_current_pose__functions.c.o[0m
[  1%] [32mBuilding C object CMakeFiles/dsr_msgs2__rosidl_generator_c.dir/rosidl_generator_c/dsr_msgs2/srv/detail/get_last_alarm__functions.c.o[0m
[  2%] [32mBuilding C object CMakeFiles/dsr_msgs2__rosidl_generator_c.dir/rosidl_generator_c/dsr_msgs2/srv/detail/get_robot_state__functions.c.o[0m
[  2%] [32mBuilding C object CMakeFiles/dsr_msgs2__rosidl_generator_c.dir/rosidl_generator_c/dsr_msgs2/srv/detail/get_robot_speed_mode__functions.c.o[0m
[  2%] [32mBuilding C object CMakeFiles/dsr_msgs2__rosidl_generator_c.dir/rosidl_generator_c/dsr_msgs2/srv/detail/move_joint__functions.c.o[0m
[  2%] [32mBuilding C object CMakeFiles/dsr_msgs2__rosidl_generator_c.dir/rosidl_generator_c/dsr_msgs2/srv/detail/move_circle__functions.c.o[0m
[  2%] [32mBuilding C object CMakeFiles/dsr_msgs2__rosidl_generator_c.dir/rosidl_generator_c/dsr_msgs2/srv/detail/move_line__functions.c.o[0m
[  2%] [32mBuilding C object CMakeFiles/dsr_msgs2__rosidl_generator_c.dir/rosidl_generator_c/dsr_msgs2/srv/detail/move_spline_joint__functions.c.o[0m
[  2%] [32mBuilding C object CMakeFiles/dsr_msgs2__rosidl_generator_c.dir/rosidl_generator_c/dsr_msgs2/srv/detail/move_jointx__functions.c.o[0m
[  2%] [32mBuilding C object CMakeFiles/dsr_msgs2__rosidl_generator_c.dir/rosidl_generator_c/dsr_msgs2/srv/detail/move_spline_task__functions.c.o[0m
[  2%] [32mBuilding C object CMakeFiles/dsr_msgs2__rosidl_generator_c.dir/rosidl_generator_c/dsr_msgs2/srv/detail/move_spiral__functions.c.o[0m
[  2%] [32mBuilding C object CMakeFiles/dsr_msgs2__rosidl_generator_c.dir/rosidl_generator_c/dsr_msgs2/srv/detail/move_blending__functions.c.o[0m
[  3%] [32mBuilding C object CMakeFiles/dsr_msgs2__rosidl_generator_c.dir/rosidl_generator_c/dsr_msgs2/srv/detail/move_wait__functions.c.o[0m
[  3%] [32mBuilding C object CMakeFiles/dsr_msgs2__rosidl_generator_c.dir/rosidl_generator_c/dsr_msgs2/srv/detail/jog__functions.c.o[0m
[  3%] [32mBuilding C object CMakeFiles/dsr_msgs2__rosidl_generator_c.dir/rosidl_generator_c/dsr_msgs2/srv/detail/move_periodic__functions.c.o[0m
[  3%] [32mBuilding C object CMakeFiles/dsr_msgs2__rosidl_generator_c.dir/rosidl_generator_c/dsr_msgs2/srv/detail/move_stop__functions.c.o[0m
[  3%] [32mBuilding C object CMakeFiles/dsr_msgs2__rosidl_generator_c.dir/rosidl_generator_c/dsr_msgs2/srv/detail/move_pause__functions.c.o[0m
[  3%] [32mBuilding C object CMakeFiles/dsr_msgs2__rosidl_generator_c.dir/rosidl_generator_c/dsr_msgs2/srv/detail/jog_multi__functions.c.o[0m
[  3%] [32mBuilding C object CMakeFiles/dsr_msgs2__rosidl_generator_c.dir/rosidl_generator_c/dsr_msgs2/srv/detail/move_resume__functions.c.o[0m
[  3%] [32mBuilding C object CMakeFiles/dsr_msgs2__rosidl_generator_c.dir/rosidl_generator_c/dsr_msgs2/srv/detail/fkin__functions.c.o[0m
[  3%] [32mBuilding C object CMakeFiles/dsr_msgs2__rosidl_generator_c.dir/rosidl_generator_c/dsr_msgs2/srv/detail/trans__functions.c.o[0m
[  4%] [32mBuilding C object CMakeFiles/dsr_msgs2__rosidl_generator_c.dir/rosidl_generator_c/dsr_msgs2/srv/detail/ikin__functions.c.o[0m
[  4%] [32mBuilding C object CMakeFiles/dsr_msgs2__rosidl_generator_c.dir/rosidl_generator_c/dsr_msgs2/srv/detail/move_home__functions.c.o[0m
[  4%] [32mBuilding C object CMakeFiles/dsr_msgs2__rosidl_generator_c.dir/rosidl_generator_c/dsr_msgs2/srv/detail/set_ref_coord__functions.c.o[0m
[  4%] [32mBuilding C object CMakeFiles/dsr_msgs2__rosidl_generator_c.dir/rosidl_generator_c/dsr_msgs2/srv/detail/check_motion__functions.c.o[0m
[  4%] [32mBuilding C object CMakeFiles/dsr_msgs2__rosidl_generator_c.dir/rosidl_generator_c/dsr_msgs2/srv/detail/change_operation_speed__functions.c.o[0m
[  4%] [32mBuilding C object CMakeFiles/dsr_msgs2__rosidl_generator_c.dir/rosidl_generator_c/dsr_msgs2/srv/detail/enable_alter_motion__functions.c.o[0m
[  4%] [32mBuilding C object CMakeFiles/dsr_msgs2__rosidl_generator_c.dir/rosidl_generator_c/dsr_msgs2/srv/detail/alter_motion__functions.c.o[0m
[  4%] [32mBuilding C object CMakeFiles/dsr_msgs2__rosidl_generator_c.dir/rosidl_generator_c/dsr_msgs2/srv/detail/disable_alter_motion__functions.c.o[0m
[  4%] [32mBuilding C object CMakeFiles/dsr_msgs2__rosidl_generator_c.dir/rosidl_generator_c/dsr_msgs2/srv/detail/get_control_mode__functions.c.o[0m
[  4%] [32mBuilding C object CMakeFiles/dsr_msgs2__rosidl_generator_c.dir/rosidl_generator_c/dsr_msgs2/srv/detail/set_singularity_handling__functions.c.o[0m
[  4%] [32mBuilding C object CMakeFiles/dsr_msgs2__rosidl_generator_c.dir/rosidl_generator_c/dsr_msgs2/srv/detail/get_desired_posj__functions.c.o[0m
[  5%] [32mBuilding C object CMakeFiles/dsr_msgs2__rosidl_generator_c.dir/rosidl_generator_c/dsr_msgs2/srv/detail/get_current_posj__functions.c.o[0m
[  5%] [32mBuilding C object CMakeFiles/dsr_msgs2__rosidl_generator_c.dir/rosidl_generator_c/dsr_msgs2/srv/detail/get_control_space__functions.c.o[0m
[  5%] [32mBuilding C object CMakeFiles/dsr_msgs2__rosidl_generator_c.dir/rosidl_generator_c/dsr_msgs2/srv/detail/get_current_velj__functions.c.o[0m
[  5%] [32mBuilding C object CMakeFiles/dsr_msgs2__rosidl_generator_c.dir/rosidl_generator_c/dsr_msgs2/srv/detail/get_desired_velj__functions.c.o[0m
[  5%] [32mBuilding C object CMakeFiles/dsr_msgs2__rosidl_generator_c.dir/rosidl_generator_c/dsr_msgs2/srv/detail/get_current_tool_flange_posx__functions.c.o[0m
[  5%] [32mBuilding C object CMakeFiles/dsr_msgs2__rosidl_generator_c.dir/rosidl_generator_c/dsr_msgs2/srv/detail/get_current_posx__functions.c.o[0m
[  5%] [32mBuilding C object CMakeFiles/dsr_msgs2__rosidl_generator_c.dir/rosidl_generator_c/dsr_msgs2/srv/detail/get_current_velx__functions.c.o[0m
[  5%] [32mBuilding C object CMakeFiles/dsr_msgs2__rosidl_generator_c.dir/rosidl_generator_c/dsr_msgs2/srv/detail/get_desired_posx__functions.c.o[0m
[  5%] [32mBuilding C object CMakeFiles/dsr_msgs2__rosidl_generator_c.dir/rosidl_generator_c/dsr_msgs2/srv/detail/get_current_rotm__functions.c.o[0m
[  6%] [32mBuilding C object CMakeFiles/dsr_msgs2__rosidl_generator_c.dir/rosidl_generator_c/dsr_msgs2/srv/detail/get_current_solution_space__functions.c.o[0m
[  6%] [32mBuilding C object CMakeFiles/dsr_msgs2__rosidl_generator_c.dir/rosidl_generator_c/dsr_msgs2/srv/detail/get_desired_velx__functions.c.o[0m
[  6%] [32mBuilding C object CMakeFiles/dsr_msgs2__rosidl_generator_c.dir/rosidl_generator_c/dsr_msgs2/srv/detail/get_solution_space__functions.c.o[0m
[  6%] [32mBuilding C object CMakeFiles/dsr_msgs2__rosidl_generator_c.dir/rosidl_generator_c/dsr_msgs2/srv/detail/get_tool_force__functions.c.o[0m
[  6%] [32mBuilding C object CMakeFiles/dsr_msgs2__rosidl_generator_c.dir/rosidl_generator_c/dsr_msgs2/srv/detail/get_joint_torque__functions.c.o[0m
[  6%] [32mBuilding C object CMakeFiles/dsr_msgs2__rosidl_generator_c.dir/rosidl_generator_c/dsr_msgs2/srv/detail/get_orientation_error__functions.c.o[0m
[  6%] [32mBuilding C object CMakeFiles/dsr_msgs2__rosidl_generator_c.dir/rosidl_generator_c/dsr_msgs2/srv/detail/parallel_axis1__functions.c.o[0m
[  6%] [32mBuilding C object CMakeFiles/dsr_msgs2__rosidl_generator_c.dir/rosidl_generator_c/dsr_msgs2/srv/detail/parallel_axis2__functions.c.o[0m
[  6%] [32mBuilding C object CMakeFiles/dsr_msgs2__rosidl_generator_c.dir/rosidl_generator_c/dsr_msgs2/srv/detail/get_external_torque__functions.c.o[0m
[  6%] [32mBuilding C object CMakeFiles/dsr_msgs2__rosidl_generator_c.dir/rosidl_generator_c/dsr_msgs2/srv/detail/align_axis1__functions.c.o[0m
[  6%] [32mBuilding C object CMakeFiles/dsr_msgs2__rosidl_generator_c.dir/rosidl_generator_c/dsr_msgs2/srv/detail/is_done_bolt_tightening__functions.c.o[0m
[  7%] [32mBuilding C object CMakeFiles/dsr_msgs2__rosidl_generator_c.dir/rosidl_generator_c/dsr_msgs2/srv/detail/align_axis2__functions.c.o[0m
[  7%] [32mBuilding C object CMakeFiles/dsr_msgs2__rosidl_generator_c.dir/rosidl_generator_c/dsr_msgs2/srv/detail/release_compliance_ctrl__functions.c.o[0m
[  7%] [32mBuilding C object CMakeFiles/dsr_msgs2__rosidl_generator_c.dir/rosidl_generator_c/dsr_msgs2/srv/detail/task_compliance_ctrl__functions.c.o[0m
[  7%] [32mBuilding C object CMakeFiles/dsr_msgs2__rosidl_generator_c.dir/rosidl_generator_c/dsr_msgs2/srv/detail/set_stiffnessx__functions.c.o[0m
[  7%] [32mBuilding C object CMakeFiles/dsr_msgs2__rosidl_generator_c.dir/rosidl_generator_c/dsr_msgs2/srv/detail/calc_coord__functions.c.o[0m
[  7%] [32mBuilding C object CMakeFiles/dsr_msgs2__rosidl_generator_c.dir/rosidl_generator_c/dsr_msgs2/srv/detail/set_user_cart_coord1__functions.c.o[0m
[  7%] [32mBuilding C object CMakeFiles/dsr_msgs2__rosidl_generator_c.dir/rosidl_generator_c/dsr_msgs2/srv/detail/get_user_cart_coord__functions.c.o[0m
[  8%] [32mBuilding C object CMakeFiles/dsr_msgs2__rosidl_generator_c.dir/rosidl_generator_c/dsr_msgs2/srv/detail/overwrite_user_cart_coord__functions.c.o[0m
[  8%] [32mBuilding C object CMakeFiles/dsr_msgs2__rosidl_generator_c.dir/rosidl_generator_c/dsr_msgs2/srv/detail/set_user_cart_coord2__functions.c.o[0m
[  8%] [32mBuilding C object CMakeFiles/dsr_msgs2__rosidl_generator_c.dir/rosidl_generator_c/dsr_msgs2/srv/detail/release_force__functions.c.o[0m
[  8%] [32mBuilding C object CMakeFiles/dsr_msgs2__rosidl_generator_c.dir/rosidl_generator_c/dsr_msgs2/srv/detail/set_desired_force__functions.c.o[0m
[  8%] [32mBuilding C object CMakeFiles/dsr_msgs2__rosidl_generator_c.dir/rosidl_generator_c/dsr_msgs2/srv/detail/set_user_cart_coord3__functions.c.o[0m
[  8%] [32mBuilding C object CMakeFiles/dsr_msgs2__rosidl_generator_c.dir/rosidl_generator_c/dsr_msgs2/srv/detail/check_position_condition__functions.c.o[0m
[  8%] [32mBuilding C object CMakeFiles/dsr_msgs2__rosidl_generator_c.dir/rosidl_generator_c/dsr_msgs2/srv/detail/check_force_condition__functions.c.o[0m
[  8%] [32mBuilding C object CMakeFiles/dsr_msgs2__rosidl_generator_c.dir/rosidl_generator_c/dsr_msgs2/srv/detail/check_orientation_condition1__functions.c.o[0m
[  8%] [32mBuilding C object CMakeFiles/dsr_msgs2__rosidl_generator_c.dir/rosidl_generator_c/dsr_msgs2/srv/detail/check_orientation_condition2__functions.c.o[0m
[  8%] [32mBuilding C object CMakeFiles/dsr_msgs2__rosidl_generator_c.dir/rosidl_generator_c/dsr_msgs2/srv/detail/coord_transform__functions.c.o[0m
[  9%] [32mBuilding C object CMakeFiles/dsr_msgs2__rosidl_generator_c.dir/rosidl_generator_c/dsr_msgs2/srv/detail/get_workpiece_weight__functions.c.o[0m
[  9%] [32mBuilding C object CMakeFiles/dsr_msgs2__rosidl_generator_c.dir/rosidl_generator_c/dsr_msgs2/srv/detail/reset_workpiece_weight__functions.c.o[0m
[  9%] [32mBuilding C object CMakeFiles/dsr_msgs2__rosidl_generator_c.dir/rosidl_generator_c/dsr_msgs2/srv/detail/config_create_tool__functions.c.o[0m
[  9%] [32mBuilding C object CMakeFiles/dsr_msgs2__rosidl_generator_c.dir/rosidl_generator_c/dsr_msgs2/srv/detail/set_current_tool__functions.c.o[0m
[  9%] [32mBuilding C object CMakeFiles/dsr_msgs2__rosidl_generator_c.dir/rosidl_generator_c/dsr_msgs2/srv/detail/get_current_tool__functions.c.o[0m
[  9%] [32mBuilding C object CMakeFiles/dsr_msgs2__rosidl_generator_c.dir/rosidl_generator_c/dsr_msgs2/srv/detail/config_delete_tool__functions.c.o[0m
[  9%] [32mBuilding C object CMakeFiles/dsr_msgs2__rosidl_generator_c.dir/rosidl_generator_c/dsr_msgs2/srv/detail/set_tool_shape__functions.c.o[0m
[  9%] [32mBuilding C object CMakeFiles/dsr_msgs2__rosidl_generator_c.dir/rosidl_generator_c/dsr_msgs2/srv/detail/set_current_tcp__functions.c.o[0m
[  9%] [32mBuilding C object CMakeFiles/dsr_msgs2__rosidl_generator_c.dir/rosidl_generator_c/dsr_msgs2/srv/detail/config_create_tcp__functions.c.o[0m
[  9%] [32mBuilding C object CMakeFiles/dsr_msgs2__rosidl_generator_c.dir/rosidl_generator_c/dsr_msgs2/srv/detail/config_delete_tcp__functions.c.o[0m
[ 10%] [32mBuilding C object CMakeFiles/dsr_msgs2__rosidl_generator_c.dir/rosidl_generator_c/dsr_msgs2/srv/detail/get_current_tcp__functions.c.o[0m
[ 10%] [32mBuilding C object CMakeFiles/dsr_msgs2__rosidl_generator_c.dir/rosidl_generator_c/dsr_msgs2/srv/detail/set_tool_digital_output__functions.c.o[0m
[ 10%] [32mBuilding C object CMakeFiles/dsr_msgs2__rosidl_generator_c.dir/rosidl_generator_c/dsr_msgs2/srv/detail/get_tool_digital_output__functions.c.o[0m
[ 10%] [32mBuilding C object CMakeFiles/dsr_msgs2__rosidl_generator_c.dir/rosidl_generator_c/dsr_msgs2/srv/detail/set_ctrl_box_digital_output__functions.c.o[0m
[ 10%] [32mBuilding C object CMakeFiles/dsr_msgs2__rosidl_generator_c.dir/rosidl_generator_c/dsr_msgs2/srv/detail/get_tool_digital_input__functions.c.o[0m
[ 10%] [32mBuilding C object CMakeFiles/dsr_msgs2__rosidl_generator_c.dir/rosidl_generator_c/dsr_msgs2/srv/detail/get_ctrl_box_digital_output__functions.c.o[0m
[ 10%] [32mBuilding C object CMakeFiles/dsr_msgs2__rosidl_generator_c.dir/rosidl_generator_c/dsr_msgs2/srv/detail/get_ctrl_box_digital_input__functions.c.o[0m
[ 10%] [32mBuilding C object CMakeFiles/dsr_msgs2__rosidl_generator_c.dir/rosidl_generator_c/dsr_msgs2/srv/detail/drl_start__functions.c.o[0m
[ 11%] [32mBuilding C object CMakeFiles/dsr_msgs2__rosidl_generator_c.dir/rosidl_generator_c/dsr_msgs2/srv/detail/set_ctrl_box_analog_output__functions.c.o[0m
[ 11%] [32mBuilding C object CMakeFiles/dsr_msgs2__rosidl_generator_c.dir/rosidl_generator_c/dsr_msgs2/srv/detail/config_delete_modbus__functions.c.o[0m
[ 11%] [32mBuilding C object CMakeFiles/dsr_msgs2__rosidl_generator_c.dir/rosidl_generator_c/dsr_msgs2/srv/detail/set_ctrl_box_analog_input_type__functions.c.o[0m
[ 11%] [32mBuilding C object CMakeFiles/dsr_msgs2__rosidl_generator_c.dir/rosidl_generator_c/dsr_msgs2/srv/detail/set_ctrl_box_analog_output_type__functions.c.o[0m
[ 11%] [32mBuilding C object CMakeFiles/dsr_msgs2__rosidl_generator_c.dir/rosidl_generator_c/dsr_msgs2/srv/detail/set_modbus_output__functions.c.o[0m
[ 11%] [32mBuilding C object CMakeFiles/dsr_msgs2__rosidl_generator_c.dir/rosidl_generator_c/dsr_msgs2/srv/detail/config_create_modbus__functions.c.o[0m
[ 11%] [32mBuilding C object CMakeFiles/dsr_msgs2__rosidl_generator_c.dir/rosidl_generator_c/dsr_msgs2/srv/detail/get_ctrl_box_analog_input__functions.c.o[0m
[ 11%] [32mBuilding C object CMakeFiles/dsr_msgs2__rosidl_generator_c.dir/rosidl_generator_c/dsr_msgs2/srv/detail/get_modbus_input__functions.c.o[0m
[ 11%] [32mBuilding C object CMakeFiles/dsr_msgs2__rosidl_generator_c.dir/rosidl_generator_c/dsr_msgs2/srv/detail/drl_stop__functions.c.o[0m
[ 11%] [32mBuilding C object CMakeFiles/dsr_msgs2__rosidl_generator_c.dir/rosidl_generator_c/dsr_msgs2/srv/detail/drl_resume__functions.c.o[0m
[ 12%] [32mBuilding C object CMakeFiles/dsr_msgs2__rosidl_generator_c.dir/rosidl_generator_c/dsr_msgs2/srv/detail/get_drl_state__functions.c.o[0m
[ 12%] [32mBuilding C object CMakeFiles/dsr_msgs2__rosidl_generator_c.dir/rosidl_generator_c/dsr_msgs2/srv/detail/drl_pause__functions.c.o[0m
[ 12%] [32mBuilding C object CMakeFiles/dsr_msgs2__rosidl_generator_c.dir/rosidl_generator_c/dsr_msgs2/srv/detail/robotiq2_f_close__functions.c.o[0m
[ 12%] [32mBuilding C object CMakeFiles/dsr_msgs2__rosidl_generator_c.dir/rosidl_generator_c/dsr_msgs2/srv/detail/robotiq2_f_open__functions.c.o[0m
[ 12%] [32mBuilding C object CMakeFiles/dsr_msgs2__rosidl_generator_c.dir/rosidl_generator_c/dsr_msgs2/srv/detail/robotiq2_f_move__functions.c.o[0m
[ 12%] [32mBuilding C object CMakeFiles/dsr_msgs2__rosidl_generator_c.dir/rosidl_generator_c/dsr_msgs2/srv/detail/serial_send_data__functions.c.o[0m
[ 12%] [32m[1mLinking C shared library libdsr_msgs2__rosidl_generator_c.so[0m
[ 12%] Built target dsr_msgs2__rosidl_generator_c
[ 14%] [34m[1mGenerating C introspection for ROS interfaces[0m
[ 14%] [34m[1mGenerating C type support dispatch for ROS interfaces[0m
[ 15%] [34m[1mGenerating C type support for eProsima Fast-RTPS[0m
