[0.024s] Invoking command in '/home/coro/ros2_ws/src/build/dsr_msgs2': CMAKE_PREFIX_PATH=/opt/ros/humble /home/coro/.local/bin/cmake --build /home/coro/ros2_ws/src/build/dsr_msgs2 -- -j20 -l20
[0.190s] -- Found ament_cmake: 1.3.9 (/opt/ros/humble/share/ament_cmake/cmake)
[0.246s] -- Found rclcpp: 16.0.9 (/opt/ros/humble/share/rclcpp/cmake)
[0.282s] -- Found rosidl_generator_c: 3.1.5 (/opt/ros/humble/share/rosidl_generator_c/cmake)
[0.284s] -- Found rosidl_adapter: 3.1.5 (/opt/ros/humble/share/rosidl_adapter/cmake)
[0.294s] -- Found rosidl_generator_cpp: 3.1.5 (/opt/ros/humble/share/rosidl_generator_cpp/cmake)
[0.312s] -- Using all available rosidl_typesupport_c: rosidl_typesupport_fastrtps_c;rosidl_typesupport_introspection_c
[0.332s] -- Using all available rosidl_typesupport_cpp: rosidl_typesupport_fastrtps_cpp;rosidl_typesupport_introspection_cpp
[0.391s] -- Found rmw_implementation_cmake: 6.1.2 (/opt/ros/humble/share/rmw_implementation_cmake/cmake)
[0.393s] -- Found rmw_fastrtps_cpp: 6.2.6 (/opt/ros/humble/share/rmw_fastrtps_cpp/cmake)
[0.497s] -- Using RMW implementation 'rmw_fastrtps_cpp' as default
[0.625s] -- Found rosidl_default_generators: 1.2.0 (/opt/ros/humble/share/rosidl_default_generators/cmake)
[1.275s] -- Found ament_cmake_ros: 0.10.0 (/opt/ros/humble/share/ament_cmake_ros/cmake)
[1.477s] -- Using all available rosidl_typesupport_c: rosidl_typesupport_fastrtps_c;rosidl_typesupport_introspection_c
[1.556s] -- Using all available rosidl_typesupport_cpp: rosidl_typesupport_fastrtps_cpp;rosidl_typesupport_introspection_cpp
[1.569s] -- Found python_cmake_module: 0.10.0 (/opt/ros/humble/share/python_cmake_module/cmake)
[1.582s] -- Using PYTHON_EXECUTABLE: /usr/bin/python3
[1.582s] -- Using PYTHON_INCLUDE_DIRS: /usr/include/python3.10
[1.582s] -- Using PYTHON_LIBRARIES: /usr/lib/x86_64-linux-gnu/libpython3.10.so
[1.610s] -- Configuring done
[1.730s] -- Generating done
[1.731s] -- Build files have been written to: /home/coro/ros2_ws/src/build/dsr_msgs2
[1.753s] [  0%] [34m[1mGenerating C code for ROS interfaces[0m
[1.761s] [  0%] [34m[1mGenerating C++ code for ROS interfaces[0m
[1.801s] [  0%] Built target ament_cmake_python_copy_dsr_msgs2
[1.905s] running egg_info
[1.912s] writing dsr_msgs2.egg-info/PKG-INFO
[1.913s] writing dependency_links to dsr_msgs2.egg-info/dependency_links.txt
[1.913s] writing top-level names to dsr_msgs2.egg-info/top_level.txt
[3.596s] writing manifest file 'dsr_msgs2.egg-info/SOURCES.txt'
[3.613s] [  0%] Built target ament_cmake_python_build_dsr_msgs2_egg
[7.526s] [  0%] Built target dsr_msgs2__cpp
[7.533s] [  0%] [34m[1mGenerating C++ type support dispatch for ROS interfaces[0m
[7.534s] [  0%] [34m[1mGenerating C++ type support for eProsima Fast-RTPS[0m
[7.536s] [  0%] [34m[1mGenerating C++ introspection for ROS interfaces[0m
[7.895s] [35m[1mConsolidate compiler generated dependencies of target dsr_msgs2__rosidl_generator_c[0m
[7.921s] [  0%] [32mBuilding C object CMakeFiles/dsr_msgs2__rosidl_generator_c.dir/rosidl_generator_c/dsr_msgs2/msg/detail/log_alarm__functions.c.o[0m
[7.921s] [  0%] [32mBuilding C object CMakeFiles/dsr_msgs2__rosidl_generator_c.dir/rosidl_generator_c/dsr_msgs2/msg/detail/robot_error__functions.c.o[0m
[7.921s] [  0%] [32mBuilding C object CMakeFiles/dsr_msgs2__rosidl_generator_c.dir/rosidl_generator_c/dsr_msgs2/msg/detail/modbus_state__functions.c.o[0m
[7.925s] [  1%] [32mBuilding C object CMakeFiles/dsr_msgs2__rosidl_generator_c.dir/rosidl_generator_c/dsr_msgs2/msg/detail/robot_stop__functions.c.o[0m
[7.925s] [  1%] [32mBuilding C object CMakeFiles/dsr_msgs2__rosidl_generator_c.dir/rosidl_generator_c/dsr_msgs2/msg/detail/robot_state__functions.c.o[0m
[7.925s] [  1%] [32mBuilding C object CMakeFiles/dsr_msgs2__rosidl_generator_c.dir/rosidl_generator_c/dsr_msgs2/srv/detail/set_robot_speed_mode__functions.c.o[0m
[7.925s] [  1%] [32mBuilding C object CMakeFiles/dsr_msgs2__rosidl_generator_c.dir/rosidl_generator_c/dsr_msgs2/srv/detail/get_robot_mode__functions.c.o[0m
[7.925s] [  1%] [32mBuilding C object CMakeFiles/dsr_msgs2__rosidl_generator_c.dir/rosidl_generator_c/dsr_msgs2/srv/detail/set_robot_system__functions.c.o[0m
[7.925s] [  1%] [32mBuilding C object CMakeFiles/dsr_msgs2__rosidl_generator_c.dir/rosidl_generator_c/dsr_msgs2/srv/detail/set_robot_mode__functions.c.o[0m
[7.925s] [  1%] [32mBuilding C object CMakeFiles/dsr_msgs2__rosidl_generator_c.dir/rosidl_generator_c/dsr_msgs2/srv/detail/set_safe_stop_reset_type__functions.c.o[0m
[7.925s] [  1%] [32mBuilding C object CMakeFiles/dsr_msgs2__rosidl_generator_c.dir/rosidl_generator_c/dsr_msgs2/srv/detail/get_robot_system__functions.c.o[0m
[7.925s] [  1%] [32mBuilding C object CMakeFiles/dsr_msgs2__rosidl_generator_c.dir/rosidl_generator_c/dsr_msgs2/msg/detail/jog_multi_axis__functions.c.o[0m
[7.925s] [  1%] [32mBuilding C object CMakeFiles/dsr_msgs2__rosidl_generator_c.dir/rosidl_generator_c/dsr_msgs2/srv/detail/get_current_pose__functions.c.o[0m
[7.925s] [  1%] [32mBuilding C object CMakeFiles/dsr_msgs2__rosidl_generator_c.dir/rosidl_generator_c/dsr_msgs2/srv/detail/get_last_alarm__functions.c.o[0m
[7.927s] [  2%] [32mBuilding C object CMakeFiles/dsr_msgs2__rosidl_generator_c.dir/rosidl_generator_c/dsr_msgs2/srv/detail/get_robot_state__functions.c.o[0m
[7.927s] [  2%] [32mBuilding C object CMakeFiles/dsr_msgs2__rosidl_generator_c.dir/rosidl_generator_c/dsr_msgs2/srv/detail/get_robot_speed_mode__functions.c.o[0m
[7.927s] [  2%] [32mBuilding C object CMakeFiles/dsr_msgs2__rosidl_generator_c.dir/rosidl_generator_c/dsr_msgs2/srv/detail/move_joint__functions.c.o[0m
[7.975s] [  2%] [32mBuilding C object CMakeFiles/dsr_msgs2__rosidl_generator_c.dir/rosidl_generator_c/dsr_msgs2/srv/detail/move_circle__functions.c.o[0m
[7.977s] [  2%] [32mBuilding C object CMakeFiles/dsr_msgs2__rosidl_generator_c.dir/rosidl_generator_c/dsr_msgs2/srv/detail/move_line__functions.c.o[0m
[7.977s] [  2%] [32mBuilding C object CMakeFiles/dsr_msgs2__rosidl_generator_c.dir/rosidl_generator_c/dsr_msgs2/srv/detail/move_spline_joint__functions.c.o[0m
[7.979s] [  2%] [32mBuilding C object CMakeFiles/dsr_msgs2__rosidl_generator_c.dir/rosidl_generator_c/dsr_msgs2/srv/detail/move_jointx__functions.c.o[0m
[7.979s] [  2%] [32mBuilding C object CMakeFiles/dsr_msgs2__rosidl_generator_c.dir/rosidl_generator_c/dsr_msgs2/srv/detail/move_spline_task__functions.c.o[0m
[7.979s] [  2%] [32mBuilding C object CMakeFiles/dsr_msgs2__rosidl_generator_c.dir/rosidl_generator_c/dsr_msgs2/srv/detail/move_spiral__functions.c.o[0m
[7.979s] [  2%] [32mBuilding C object CMakeFiles/dsr_msgs2__rosidl_generator_c.dir/rosidl_generator_c/dsr_msgs2/srv/detail/move_blending__functions.c.o[0m
[7.980s] [  3%] [32mBuilding C object CMakeFiles/dsr_msgs2__rosidl_generator_c.dir/rosidl_generator_c/dsr_msgs2/srv/detail/move_wait__functions.c.o[0m
[7.980s] [  3%] [32mBuilding C object CMakeFiles/dsr_msgs2__rosidl_generator_c.dir/rosidl_generator_c/dsr_msgs2/srv/detail/jog__functions.c.o[0m
[7.980s] [  3%] [32mBuilding C object CMakeFiles/dsr_msgs2__rosidl_generator_c.dir/rosidl_generator_c/dsr_msgs2/srv/detail/move_periodic__functions.c.o[0m
[7.980s] [  3%] [32mBuilding C object CMakeFiles/dsr_msgs2__rosidl_generator_c.dir/rosidl_generator_c/dsr_msgs2/srv/detail/move_stop__functions.c.o[0m
[7.981s] [  3%] [32mBuilding C object CMakeFiles/dsr_msgs2__rosidl_generator_c.dir/rosidl_generator_c/dsr_msgs2/srv/detail/move_pause__functions.c.o[0m
[7.981s] [  3%] [32mBuilding C object CMakeFiles/dsr_msgs2__rosidl_generator_c.dir/rosidl_generator_c/dsr_msgs2/srv/detail/jog_multi__functions.c.o[0m
[7.983s] [  3%] [32mBuilding C object CMakeFiles/dsr_msgs2__rosidl_generator_c.dir/rosidl_generator_c/dsr_msgs2/srv/detail/move_resume__functions.c.o[0m
[7.983s] [  3%] [32mBuilding C object CMakeFiles/dsr_msgs2__rosidl_generator_c.dir/rosidl_generator_c/dsr_msgs2/srv/detail/fkin__functions.c.o[0m
[7.986s] [  3%] [32mBuilding C object CMakeFiles/dsr_msgs2__rosidl_generator_c.dir/rosidl_generator_c/dsr_msgs2/srv/detail/trans__functions.c.o[0m
[8.028s] [  4%] [32mBuilding C object CMakeFiles/dsr_msgs2__rosidl_generator_c.dir/rosidl_generator_c/dsr_msgs2/srv/detail/ikin__functions.c.o[0m
[8.029s] [  4%] [32mBuilding C object CMakeFiles/dsr_msgs2__rosidl_generator_c.dir/rosidl_generator_c/dsr_msgs2/srv/detail/move_home__functions.c.o[0m
[8.029s] [  4%] [32mBuilding C object CMakeFiles/dsr_msgs2__rosidl_generator_c.dir/rosidl_generator_c/dsr_msgs2/srv/detail/set_ref_coord__functions.c.o[0m
[8.029s] [  4%] [32mBuilding C object CMakeFiles/dsr_msgs2__rosidl_generator_c.dir/rosidl_generator_c/dsr_msgs2/srv/detail/check_motion__functions.c.o[0m
[8.029s] [  4%] [32mBuilding C object CMakeFiles/dsr_msgs2__rosidl_generator_c.dir/rosidl_generator_c/dsr_msgs2/srv/detail/change_operation_speed__functions.c.o[0m
[8.029s] [  4%] [32mBuilding C object CMakeFiles/dsr_msgs2__rosidl_generator_c.dir/rosidl_generator_c/dsr_msgs2/srv/detail/enable_alter_motion__functions.c.o[0m
[8.030s] [  4%] [32mBuilding C object CMakeFiles/dsr_msgs2__rosidl_generator_c.dir/rosidl_generator_c/dsr_msgs2/srv/detail/alter_motion__functions.c.o[0m
[8.030s] [  4%] [32mBuilding C object CMakeFiles/dsr_msgs2__rosidl_generator_c.dir/rosidl_generator_c/dsr_msgs2/srv/detail/disable_alter_motion__functions.c.o[0m
[8.031s] [  4%] [32mBuilding C object CMakeFiles/dsr_msgs2__rosidl_generator_c.dir/rosidl_generator_c/dsr_msgs2/srv/detail/get_control_mode__functions.c.o[0m
[8.031s] [  4%] [32mBuilding C object CMakeFiles/dsr_msgs2__rosidl_generator_c.dir/rosidl_generator_c/dsr_msgs2/srv/detail/set_singularity_handling__functions.c.o[0m
[8.031s] [  4%] [32mBuilding C object CMakeFiles/dsr_msgs2__rosidl_generator_c.dir/rosidl_generator_c/dsr_msgs2/srv/detail/get_desired_posj__functions.c.o[0m
[8.032s] [  5%] [32mBuilding C object CMakeFiles/dsr_msgs2__rosidl_generator_c.dir/rosidl_generator_c/dsr_msgs2/srv/detail/get_current_posj__functions.c.o[0m
[8.032s] [  5%] [32mBuilding C object CMakeFiles/dsr_msgs2__rosidl_generator_c.dir/rosidl_generator_c/dsr_msgs2/srv/detail/get_control_space__functions.c.o[0m
[8.034s] [  5%] [32mBuilding C object CMakeFiles/dsr_msgs2__rosidl_generator_c.dir/rosidl_generator_c/dsr_msgs2/srv/detail/get_current_velj__functions.c.o[0m
[8.060s] [  5%] [32mBuilding C object CMakeFiles/dsr_msgs2__rosidl_generator_c.dir/rosidl_generator_c/dsr_msgs2/srv/detail/get_desired_velj__functions.c.o[0m
[8.064s] [  5%] [32mBuilding C object CMakeFiles/dsr_msgs2__rosidl_generator_c.dir/rosidl_generator_c/dsr_msgs2/srv/detail/get_current_tool_flange_posx__functions.c.o[0m
[8.065s] [  5%] [32mBuilding C object CMakeFiles/dsr_msgs2__rosidl_generator_c.dir/rosidl_generator_c/dsr_msgs2/srv/detail/get_current_posx__functions.c.o[0m
[8.078s] [  5%] [32mBuilding C object CMakeFiles/dsr_msgs2__rosidl_generator_c.dir/rosidl_generator_c/dsr_msgs2/srv/detail/get_current_velx__functions.c.o[0m
[8.079s] [  5%] [32mBuilding C object CMakeFiles/dsr_msgs2__rosidl_generator_c.dir/rosidl_generator_c/dsr_msgs2/srv/detail/get_desired_posx__functions.c.o[0m
[8.080s] [  5%] [32mBuilding C object CMakeFiles/dsr_msgs2__rosidl_generator_c.dir/rosidl_generator_c/dsr_msgs2/srv/detail/get_current_rotm__functions.c.o[0m
[8.080s] [  6%] [32mBuilding C object CMakeFiles/dsr_msgs2__rosidl_generator_c.dir/rosidl_generator_c/dsr_msgs2/srv/detail/get_current_solution_space__functions.c.o[0m
[8.080s] [  6%] [32mBuilding C object CMakeFiles/dsr_msgs2__rosidl_generator_c.dir/rosidl_generator_c/dsr_msgs2/srv/detail/get_desired_velx__functions.c.o[0m
[8.082s] [  6%] [32mBuilding C object CMakeFiles/dsr_msgs2__rosidl_generator_c.dir/rosidl_generator_c/dsr_msgs2/srv/detail/get_solution_space__functions.c.o[0m
[8.082s] [  6%] [32mBuilding C object CMakeFiles/dsr_msgs2__rosidl_generator_c.dir/rosidl_generator_c/dsr_msgs2/srv/detail/get_tool_force__functions.c.o[0m
[8.082s] [  6%] [32mBuilding C object CMakeFiles/dsr_msgs2__rosidl_generator_c.dir/rosidl_generator_c/dsr_msgs2/srv/detail/get_joint_torque__functions.c.o[0m
[8.082s] [  6%] [32mBuilding C object CMakeFiles/dsr_msgs2__rosidl_generator_c.dir/rosidl_generator_c/dsr_msgs2/srv/detail/get_orientation_error__functions.c.o[0m
[8.083s] [  6%] [32mBuilding C object CMakeFiles/dsr_msgs2__rosidl_generator_c.dir/rosidl_generator_c/dsr_msgs2/srv/detail/parallel_axis1__functions.c.o[0m
[8.094s] [  6%] [32mBuilding C object CMakeFiles/dsr_msgs2__rosidl_generator_c.dir/rosidl_generator_c/dsr_msgs2/srv/detail/parallel_axis2__functions.c.o[0m
[8.094s] [  6%] [32mBuilding C object CMakeFiles/dsr_msgs2__rosidl_generator_c.dir/rosidl_generator_c/dsr_msgs2/srv/detail/get_external_torque__functions.c.o[0m
[8.095s] [  6%] [32mBuilding C object CMakeFiles/dsr_msgs2__rosidl_generator_c.dir/rosidl_generator_c/dsr_msgs2/srv/detail/align_axis1__functions.c.o[0m
[8.114s] [  6%] [32mBuilding C object CMakeFiles/dsr_msgs2__rosidl_generator_c.dir/rosidl_generator_c/dsr_msgs2/srv/detail/is_done_bolt_tightening__functions.c.o[0m
[8.114s] [  7%] [32mBuilding C object CMakeFiles/dsr_msgs2__rosidl_generator_c.dir/rosidl_generator_c/dsr_msgs2/srv/detail/align_axis2__functions.c.o[0m
[8.115s] [  7%] [32mBuilding C object CMakeFiles/dsr_msgs2__rosidl_generator_c.dir/rosidl_generator_c/dsr_msgs2/srv/detail/release_compliance_ctrl__functions.c.o[0m
[8.123s] [  7%] [32mBuilding C object CMakeFiles/dsr_msgs2__rosidl_generator_c.dir/rosidl_generator_c/dsr_msgs2/srv/detail/task_compliance_ctrl__functions.c.o[0m
[8.132s] [  7%] [32mBuilding C object CMakeFiles/dsr_msgs2__rosidl_generator_c.dir/rosidl_generator_c/dsr_msgs2/srv/detail/set_stiffnessx__functions.c.o[0m
[8.132s] [  7%] [32mBuilding C object CMakeFiles/dsr_msgs2__rosidl_generator_c.dir/rosidl_generator_c/dsr_msgs2/srv/detail/calc_coord__functions.c.o[0m
[8.133s] [  7%] [32mBuilding C object CMakeFiles/dsr_msgs2__rosidl_generator_c.dir/rosidl_generator_c/dsr_msgs2/srv/detail/set_user_cart_coord1__functions.c.o[0m
[8.133s] [  7%] [32mBuilding C object CMakeFiles/dsr_msgs2__rosidl_generator_c.dir/rosidl_generator_c/dsr_msgs2/srv/detail/get_user_cart_coord__functions.c.o[0m
[8.133s] [  8%] [32mBuilding C object CMakeFiles/dsr_msgs2__rosidl_generator_c.dir/rosidl_generator_c/dsr_msgs2/srv/detail/overwrite_user_cart_coord__functions.c.o[0m
[8.134s] [  8%] [32mBuilding C object CMakeFiles/dsr_msgs2__rosidl_generator_c.dir/rosidl_generator_c/dsr_msgs2/srv/detail/set_user_cart_coord2__functions.c.o[0m
[8.134s] [  8%] [32mBuilding C object CMakeFiles/dsr_msgs2__rosidl_generator_c.dir/rosidl_generator_c/dsr_msgs2/srv/detail/release_force__functions.c.o[0m
[8.134s] [  8%] [32mBuilding C object CMakeFiles/dsr_msgs2__rosidl_generator_c.dir/rosidl_generator_c/dsr_msgs2/srv/detail/set_desired_force__functions.c.o[0m
[8.137s] [  8%] [32mBuilding C object CMakeFiles/dsr_msgs2__rosidl_generator_c.dir/rosidl_generator_c/dsr_msgs2/srv/detail/set_user_cart_coord3__functions.c.o[0m
[8.146s] [  8%] [32mBuilding C object CMakeFiles/dsr_msgs2__rosidl_generator_c.dir/rosidl_generator_c/dsr_msgs2/srv/detail/check_position_condition__functions.c.o[0m
[8.146s] [  8%] [32mBuilding C object CMakeFiles/dsr_msgs2__rosidl_generator_c.dir/rosidl_generator_c/dsr_msgs2/srv/detail/check_force_condition__functions.c.o[0m
[8.146s] [  8%] [32mBuilding C object CMakeFiles/dsr_msgs2__rosidl_generator_c.dir/rosidl_generator_c/dsr_msgs2/srv/detail/check_orientation_condition1__functions.c.o[0m
[8.168s] [  8%] [32mBuilding C object CMakeFiles/dsr_msgs2__rosidl_generator_c.dir/rosidl_generator_c/dsr_msgs2/srv/detail/check_orientation_condition2__functions.c.o[0m
[8.173s] [  8%] [32mBuilding C object CMakeFiles/dsr_msgs2__rosidl_generator_c.dir/rosidl_generator_c/dsr_msgs2/srv/detail/coord_transform__functions.c.o[0m
[8.177s] [  9%] [32mBuilding C object CMakeFiles/dsr_msgs2__rosidl_generator_c.dir/rosidl_generator_c/dsr_msgs2/srv/detail/get_workpiece_weight__functions.c.o[0m
[8.180s] [  9%] [32mBuilding C object CMakeFiles/dsr_msgs2__rosidl_generator_c.dir/rosidl_generator_c/dsr_msgs2/srv/detail/reset_workpiece_weight__functions.c.o[0m
[8.185s] [  9%] [32mBuilding C object CMakeFiles/dsr_msgs2__rosidl_generator_c.dir/rosidl_generator_c/dsr_msgs2/srv/detail/config_create_tool__functions.c.o[0m
[8.185s] [  9%] [32mBuilding C object CMakeFiles/dsr_msgs2__rosidl_generator_c.dir/rosidl_generator_c/dsr_msgs2/srv/detail/set_current_tool__functions.c.o[0m
[8.185s] [  9%] [32mBuilding C object CMakeFiles/dsr_msgs2__rosidl_generator_c.dir/rosidl_generator_c/dsr_msgs2/srv/detail/get_current_tool__functions.c.o[0m
[8.185s] [  9%] [32mBuilding C object CMakeFiles/dsr_msgs2__rosidl_generator_c.dir/rosidl_generator_c/dsr_msgs2/srv/detail/config_delete_tool__functions.c.o[0m
[8.187s] [  9%] [32mBuilding C object CMakeFiles/dsr_msgs2__rosidl_generator_c.dir/rosidl_generator_c/dsr_msgs2/srv/detail/set_tool_shape__functions.c.o[0m
[8.189s] [  9%] [32mBuilding C object CMakeFiles/dsr_msgs2__rosidl_generator_c.dir/rosidl_generator_c/dsr_msgs2/srv/detail/set_current_tcp__functions.c.o[0m
[8.190s] [  9%] [32mBuilding C object CMakeFiles/dsr_msgs2__rosidl_generator_c.dir/rosidl_generator_c/dsr_msgs2/srv/detail/config_create_tcp__functions.c.o[0m
[8.190s] [  9%] [32mBuilding C object CMakeFiles/dsr_msgs2__rosidl_generator_c.dir/rosidl_generator_c/dsr_msgs2/srv/detail/config_delete_tcp__functions.c.o[0m
[8.191s] [ 10%] [32mBuilding C object CMakeFiles/dsr_msgs2__rosidl_generator_c.dir/rosidl_generator_c/dsr_msgs2/srv/detail/get_current_tcp__functions.c.o[0m
[8.195s] [ 10%] [32mBuilding C object CMakeFiles/dsr_msgs2__rosidl_generator_c.dir/rosidl_generator_c/dsr_msgs2/srv/detail/set_tool_digital_output__functions.c.o[0m
[8.199s] [ 10%] [32mBuilding C object CMakeFiles/dsr_msgs2__rosidl_generator_c.dir/rosidl_generator_c/dsr_msgs2/srv/detail/get_tool_digital_output__functions.c.o[0m
[8.207s] [ 10%] [32mBuilding C object CMakeFiles/dsr_msgs2__rosidl_generator_c.dir/rosidl_generator_c/dsr_msgs2/srv/detail/set_ctrl_box_digital_output__functions.c.o[0m
[8.220s] [ 10%] [32mBuilding C object CMakeFiles/dsr_msgs2__rosidl_generator_c.dir/rosidl_generator_c/dsr_msgs2/srv/detail/get_tool_digital_input__functions.c.o[0m
[8.224s] [ 10%] [32mBuilding C object CMakeFiles/dsr_msgs2__rosidl_generator_c.dir/rosidl_generator_c/dsr_msgs2/srv/detail/get_ctrl_box_digital_output__functions.c.o[0m
[8.240s] [ 10%] [32mBuilding C object CMakeFiles/dsr_msgs2__rosidl_generator_c.dir/rosidl_generator_c/dsr_msgs2/srv/detail/get_ctrl_box_digital_input__functions.c.o[0m
[8.241s] [ 10%] [32mBuilding C object CMakeFiles/dsr_msgs2__rosidl_generator_c.dir/rosidl_generator_c/dsr_msgs2/srv/detail/drl_start__functions.c.o[0m
[8.241s] [ 11%] [32mBuilding C object CMakeFiles/dsr_msgs2__rosidl_generator_c.dir/rosidl_generator_c/dsr_msgs2/srv/detail/set_ctrl_box_analog_output__functions.c.o[0m
[8.241s] [ 11%] [32mBuilding C object CMakeFiles/dsr_msgs2__rosidl_generator_c.dir/rosidl_generator_c/dsr_msgs2/srv/detail/config_delete_modbus__functions.c.o[0m
[8.241s] [ 11%] [32mBuilding C object CMakeFiles/dsr_msgs2__rosidl_generator_c.dir/rosidl_generator_c/dsr_msgs2/srv/detail/set_ctrl_box_analog_input_type__functions.c.o[0m
[8.242s] [ 11%] [32mBuilding C object CMakeFiles/dsr_msgs2__rosidl_generator_c.dir/rosidl_generator_c/dsr_msgs2/srv/detail/set_ctrl_box_analog_output_type__functions.c.o[0m
[8.242s] [ 11%] [32mBuilding C object CMakeFiles/dsr_msgs2__rosidl_generator_c.dir/rosidl_generator_c/dsr_msgs2/srv/detail/set_modbus_output__functions.c.o[0m
[8.242s] [ 11%] [32mBuilding C object CMakeFiles/dsr_msgs2__rosidl_generator_c.dir/rosidl_generator_c/dsr_msgs2/srv/detail/config_create_modbus__functions.c.o[0m
[8.242s] [ 11%] [32mBuilding C object CMakeFiles/dsr_msgs2__rosidl_generator_c.dir/rosidl_generator_c/dsr_msgs2/srv/detail/get_ctrl_box_analog_input__functions.c.o[0m
[8.243s] [ 11%] [32mBuilding C object CMakeFiles/dsr_msgs2__rosidl_generator_c.dir/rosidl_generator_c/dsr_msgs2/srv/detail/get_modbus_input__functions.c.o[0m
[8.249s] [ 11%] [32mBuilding C object CMakeFiles/dsr_msgs2__rosidl_generator_c.dir/rosidl_generator_c/dsr_msgs2/srv/detail/drl_stop__functions.c.o[0m
[8.251s] [ 11%] [32mBuilding C object CMakeFiles/dsr_msgs2__rosidl_generator_c.dir/rosidl_generator_c/dsr_msgs2/srv/detail/drl_resume__functions.c.o[0m
[8.251s] [ 12%] [32mBuilding C object CMakeFiles/dsr_msgs2__rosidl_generator_c.dir/rosidl_generator_c/dsr_msgs2/srv/detail/get_drl_state__functions.c.o[0m
[8.252s] [ 12%] [32mBuilding C object CMakeFiles/dsr_msgs2__rosidl_generator_c.dir/rosidl_generator_c/dsr_msgs2/srv/detail/drl_pause__functions.c.o[0m
[8.263s] [ 12%] [32mBuilding C object CMakeFiles/dsr_msgs2__rosidl_generator_c.dir/rosidl_generator_c/dsr_msgs2/srv/detail/robotiq2_f_close__functions.c.o[0m
[8.268s] [ 12%] [32mBuilding C object CMakeFiles/dsr_msgs2__rosidl_generator_c.dir/rosidl_generator_c/dsr_msgs2/srv/detail/robotiq2_f_open__functions.c.o[0m
[8.287s] [ 12%] [32mBuilding C object CMakeFiles/dsr_msgs2__rosidl_generator_c.dir/rosidl_generator_c/dsr_msgs2/srv/detail/robotiq2_f_move__functions.c.o[0m
[8.293s] [ 12%] [32mBuilding C object CMakeFiles/dsr_msgs2__rosidl_generator_c.dir/rosidl_generator_c/dsr_msgs2/srv/detail/serial_send_data__functions.c.o[0m
[8.325s] [ 12%] [32m[1mLinking C shared library libdsr_msgs2__rosidl_generator_c.so[0m
[8.361s] [ 12%] Built target dsr_msgs2__rosidl_generator_c
[8.369s] [ 14%] [34m[1mGenerating C introspection for ROS interfaces[0m
[8.370s] [ 14%] [34m[1mGenerating C type support dispatch for ROS interfaces[0m
[8.370s] [ 15%] [34m[1mGenerating C type support for eProsima Fast-RTPS[0m
[9.058s] Traceback (most recent call last):
[9.058s] Traceback (most recent call last):
[9.058s] Traceback (most recent call last):
[9.058s] Traceback (most recent call last):
[9.059s]   File "/opt/ros/humble/lib/rosidl_typesupport_fastrtps_c/rosidl_typesupport_fastrtps_c", line 33, in <module>
[9.059s]   File "/opt/ros/humble/lib/rosidl_typesupport_introspection_cpp/rosidl_typesupport_introspection_cpp", line 31, in <module>
[9.059s] Traceback (most recent call last):
[9.059s]   File "/opt/ros/humble/lib/rosidl_typesupport_introspection_c/rosidl_typesupport_introspection_c", line 31, in <module>
[9.059s]   File "/opt/ros/humble/lib/rosidl_typesupport_c/rosidl_typesupport_c", line 28, in <module>
[9.059s] Traceback (most recent call last):
[9.059s]   File "/opt/ros/humble/lib/rosidl_typesupport_fastrtps_cpp/rosidl_typesupport_fastrtps_cpp", line 23, in <module>
[9.059s]   File "/opt/ros/humble/lib/rosidl_typesupport_cpp/rosidl_typesupport_cpp", line 28, in <module>
[9.059s]     sys.exit(main())
[9.059s]   File "/opt/ros/humble/lib/rosidl_typesupport_introspection_cpp/rosidl_typesupport_introspection_cpp", line 27, in main
[9.059s]     sys.exit(main())
[9.059s]     sys.exit(main())
[9.059s]   File "/opt/ros/humble/lib/rosidl_typesupport_fastrtps_c/rosidl_typesupport_fastrtps_c", line 29, in main
[9.059s]   File "/opt/ros/humble/lib/rosidl_typesupport_introspection_c/rosidl_typesupport_introspection_c", line 27, in main
[9.060s]     sys.exit(main())
[9.060s] gmake[2]: *** Deleting file 'rosidl_typesupport_cpp/dsr_msgs2/msg/log_alarm__type_support.cpp'
[9.060s] gmake[2]: *** Deleting file 'rosidl_typesupport_introspection_cpp/dsr_msgs2/msg/detail/log_alarm__rosidl_typesupport_introspection_cpp.hpp'
[9.060s]   File "/opt/ros/humble/lib/rosidl_typesupport_c/rosidl_typesupport_c", line 24, in main
[9.060s]     generate_cpp(args.generator_arguments_file)
[9.060s]   File "/opt/ros/humble/local/lib/python3.10/dist-packages/rosidl_typesupport_introspection_cpp/__init__.py", line 31, in generate_cpp
[9.060s] gmake[2]: *** Deleting file 'rosidl_typesupport_c/dsr_msgs2/msg/log_alarm__type_support.cpp'
[9.060s] gmake[2]: *** Deleting file 'rosidl_typesupport_fastrtps_c/dsr_msgs2/msg/detail/log_alarm__rosidl_typesupport_fastrtps_c.h'
[9.060s]     sys.exit(main())
[9.060s]   File "/opt/ros/humble/lib/rosidl_typesupport_fastrtps_cpp/rosidl_typesupport_fastrtps_cpp", line 19, in main
[9.060s]     generate_typesupport_fastrtps_c(args.generator_arguments_file)
[9.060s]     generate_c(args.generator_arguments_file)
[9.061s]   File "/opt/ros/humble/local/lib/python3.10/dist-packages/rosidl_typesupport_fastrtps_c/__init__.py", line 24, in generate_typesupport_fastrtps_c
[9.061s]   File "/opt/ros/humble/local/lib/python3.10/dist-packages/rosidl_typesupport_introspection_c/__init__.py", line 31, in generate_c
[9.061s] gmake[2]: *** Deleting file 'rosidl_typesupport_fastrtps_cpp/dsr_msgs2/msg/detail/dds_fastrtps/log_alarm__type_support.cpp'
[9.061s]     generate_c(args.generator_arguments_file, args.typesupports)
[9.061s]   File "/opt/ros/humble/local/lib/python3.10/dist-packages/rosidl_typesupport_c/__init__.py", line 28, in generate_c
[9.061s]     return generate_files(generator_arguments_file, mapping)
[9.061s]   File "/opt/ros/humble/local/lib/python3.10/dist-packages/rosidl_cmake/__init__.py", line 87, in generate_files
[9.061s]     generate_cpp(args.generator_arguments_file)
[9.061s] gmake[2]: *** Deleting file 'rosidl_typesupport_introspection_c/dsr_msgs2/msg/detail/log_alarm__rosidl_typesupport_introspection_c.h'
[9.061s]     sys.exit(main())
[9.061s]   File "/opt/ros/humble/local/lib/python3.10/dist-packages/rosidl_typesupport_fastrtps_cpp/__init__.py", line 24, in generate_cpp
[9.061s]     return generate_files(generator_arguments_file, mapping)
[9.061s]   File "/opt/ros/humble/lib/rosidl_typesupport_cpp/rosidl_typesupport_cpp", line 24, in main
[9.061s]   File "/opt/ros/humble/local/lib/python3.10/dist-packages/rosidl_cmake/__init__.py", line 74, in generate_files
[9.061s]     return generate_files(generator_arguments_file, mapping)
[9.061s]     return generate_files(
[9.062s]   File "/opt/ros/humble/local/lib/python3.10/dist-packages/rosidl_cmake/__init__.py", line 87, in generate_files
[9.062s]   File "/opt/ros/humble/local/lib/python3.10/dist-packages/rosidl_cmake/__init__.py", line 74, in generate_files
[9.062s]     expand_template(
[9.062s]     return generate_files(generator_arguments_file, mapping)
[9.062s]   File "/opt/ros/humble/local/lib/python3.10/dist-packages/rosidl_cmake/__init__.py", line 149, in expand_template
[9.062s]   File "/opt/ros/humble/local/lib/python3.10/dist-packages/rosidl_cmake/__init__.py", line 74, in generate_files
[9.062s]     idl_file = parse_idl_file(locator)
[9.062s]   File "/opt/ros/humble/local/lib/python3.10/dist-packages/rosidl_parser/parser.py", line 64, in parse_idl_file
[9.062s]     generate_cpp(args.generator_arguments_file, args.typesupports)
[9.062s]     expand_template(
[9.062s]   File "/opt/ros/humble/local/lib/python3.10/dist-packages/rosidl_typesupport_cpp/__init__.py", line 28, in generate_cpp
[9.062s]   File "/opt/ros/humble/local/lib/python3.10/dist-packages/rosidl_cmake/__init__.py", line 149, in expand_template
[9.062s]     idl_file = parse_idl_file(locator)
[9.062s]   File "/opt/ros/humble/local/lib/python3.10/dist-packages/rosidl_parser/parser.py", line 64, in parse_idl_file
[9.062s]     idl_file = parse_idl_file(locator)
[9.062s]     interpreter.string(template_content, template_path, locals=data)
[9.063s]   File "/opt/ros/humble/local/lib/python3.10/dist-packages/rosidl_parser/parser.py", line 64, in parse_idl_file
[9.063s]   File "/usr/lib/python3/dist-packages/em.py", line 2391, in string
[9.063s]     content = parse_idl_string(string, png_file=png_file)
[9.063s]     return generate_files(
[9.063s]     interpreter.string(template_content, template_path, locals=data)
[9.063s]     content = parse_idl_string(string, png_file=png_file)
[9.063s]   File "/usr/lib/python3/dist-packages/em.py", line 2391, in string
[9.063s]   File "/opt/ros/humble/local/lib/python3.10/dist-packages/rosidl_parser/parser.py", line 72, in parse_idl_string
[9.063s]   File "/opt/ros/humble/local/lib/python3.10/dist-packages/rosidl_cmake/__init__.py", line 74, in generate_files
[9.063s]   File "/opt/ros/humble/local/lib/python3.10/dist-packages/rosidl_parser/parser.py", line 73, in parse_idl_string
[9.063s]     content = parse_idl_string(string, png_file=png_file)
[9.063s]   File "/opt/ros/humble/local/lib/python3.10/dist-packages/rosidl_parser/parser.py", line 72, in parse_idl_string
[9.063s]     content = extract_content_from_ast(tree)
[9.063s]   File "/opt/ros/humble/local/lib/python3.10/dist-packages/rosidl_parser/parser.py", line 160, in extract_content_from_ast
[9.063s]     tree = get_ast_from_idl_string(idl_string)
[9.063s]     idl_file = parse_idl_file(locator)
[9.063s]   File "/opt/ros/humble/local/lib/python3.10/dist-packages/rosidl_parser/parser.py", line 89, in get_ast_from_idl_string
[9.064s]   File "/opt/ros/humble/local/lib/python3.10/dist-packages/rosidl_parser/parser.py", line 64, in parse_idl_file
[9.064s]     tree = get_ast_from_idl_string(idl_string)
[9.064s]   File "/opt/ros/humble/local/lib/python3.10/dist-packages/rosidl_parser/parser.py", line 89, in get_ast_from_idl_string
[9.064s]     return _parser.parse(idl_string)
[9.064s]     content = parse_idl_string(string, png_file=png_file)
[9.064s]   File "/usr/lib/python3/dist-packages/lark/lark.py", line 619, in parse
[9.064s]   File "/opt/ros/humble/local/lib/python3.10/dist-packages/rosidl_parser/parser.py", line 72, in parse_idl_string
[9.064s]     add_message_members(request, struct_defs[0])
[9.064s]     return _parser.parse(idl_string)
[9.064s]   File "/opt/ros/humble/local/lib/python3.10/dist-packages/rosidl_parser/parser.py", line 361, in add_message_members
[9.064s]   File "/usr/lib/python3/dist-packages/lark/lark.py", line 619, in parse
[9.064s]     tree = get_ast_from_idl_string(idl_string)
[9.064s]   File "/opt/ros/humble/local/lib/python3.10/dist-packages/rosidl_parser/parser.py", line 89, in get_ast_from_idl_string
[9.064s]     return _parser.parse(idl_string)
[9.064s]   File "/usr/lib/python3/dist-packages/lark/lark.py", line 619, in parse
[9.064s]     members = tree.find_data('member')
[9.064s]   File "/usr/lib/python3/dist-packages/lark/tree.py", line 123, in find_data
[9.064s]     return self.find_pred(lambda t: t.data == data)
[9.065s]   File "/usr/lib/python3/dist-packages/lark/tree.py", line 119, in find_pred
[9.065s]     return filter(pred, self.iter_subtrees())
[9.065s]   File "/usr/lib/python3/dist-packages/lark/tree.py", line 115, in iter_subtrees
[9.065s]     return reversed(list(subtrees.values()))
[9.065s] KeyboardInterrupt
[9.065s]     return self.parser.parse(text, start=start, on_error=on_error)
[9.065s]     return self.parser.parse(text, start=start, on_error=on_error)
[9.065s]   File "/usr/lib/python3/dist-packages/lark/parser_frontends.py", line 99, in parse
[9.065s]   File "/usr/lib/python3/dist-packages/lark/parser_frontends.py", line 99, in parse
[9.065s]     return self.parser.parse(text, start=start, on_error=on_error)
[9.065s]   File "/usr/lib/python3/dist-packages/lark/parser_frontends.py", line 99, in parse
[9.065s]     self.safe(scanner, True, locals)
[9.065s]     self.safe(scanner, True, locals)
[9.065s]   File "/usr/lib/python3/dist-packages/em.py", line 2401, in safe
[9.065s]   File "/usr/lib/python3/dist-packages/em.py", line 2401, in safe
[9.065s]     return self.parser.parse(stream, chosen_start, **kw)
[9.065s]   File "/usr/lib/python3/dist-packages/lark/parsers/earley.py", line 266, in parse
[9.065s]     return self.parser.parse(stream, chosen_start, **kw)
[9.066s]     return self.parser.parse(stream, chosen_start, **kw)
[9.066s]   File "/usr/lib/python3/dist-packages/lark/parsers/earley.py", line 266, in parse
[9.066s]   File "/usr/lib/python3/dist-packages/lark/parsers/earley.py", line 292, in parse
[9.066s]     self.parse(scanner, locals)
[9.066s]     self.parse(scanner, locals)
[9.066s]   File "/usr/lib/python3/dist-packages/em.py", line 2421, in parse
[9.066s]   File "/usr/lib/python3/dist-packages/em.py", line 2421, in parse
[9.066s]     to_scan = self._parse(lexer, columns, to_scan, start_symbol)
[9.066s]     to_scan = self._parse(lexer, columns, to_scan, start_symbol)
[9.066s]   File "/usr/lib/python3/dist-packages/lark/parsers/xearley.py", line 144, in _parse
[9.066s]   File "/usr/lib/python3/dist-packages/lark/parsers/xearley.py", line 144, in _parse
[9.066s]     return transformer.transform(solutions[0])
[9.066s]   File "/usr/lib/python3/dist-packages/lark/parsers/earley_forest.py", line 395, in transform
[9.066s]     self.predict_and_complete(i, to_scan, columns, transitives)
[9.066s]     self.predict_and_complete(i, to_scan, columns, transitives)
[9.066s]   File "/usr/lib/python3/dist-packages/lark/parsers/earley.py", line -1, in predict_and_complete
[9.066s]   File "/usr/lib/python3/dist-packages/lark/parsers/earley.py", line 139, in predict_and_complete
[9.066s]     token.run(self, locals)
[9.066s]     token.run(self, locals)
[9.067s]   File "/usr/lib/python3/dist-packages/em.py", line 1547, in run
[9.067s]   File "/usr/lib/python3/dist-packages/em.py", line 1547, in run
[9.067s] KeyboardInterrupt
[9.067s]     for rule in self.predictions[item.expect]:
[9.067s]   File "/usr/lib/python3/dist-packages/lark/grammar.py", line 20, in __eq__
[9.067s]     self.visit(root)
[9.067s]   File "/usr/lib/python3/dist-packages/lark/parsers/earley_forest.py", line 532, in visit
[9.067s]     return self.is_term == other.is_term and self.name == other.name
[9.067s]   File "/usr/lib/python3/dist-packages/lark/lexer.py", line 195, in __eq__
[9.067s]     self.subrun(info[0][1], interpreter, locals)
[9.067s]   File "/usr/lib/python3/dist-packages/em.py", line 1631, in subrun
[9.067s]     self.subrun(info[0][1], interpreter, locals)
[9.067s]   File "/usr/lib/python3/dist-packages/em.py", line 1631, in subrun
[9.067s]     super(ForestToParseTree, self).visit(root)
[9.067s]   File "/usr/lib/python3/dist-packages/lark/parsers/earley_forest.py", line 328, in visit
[9.067s]     if isinstance(current, TokenNode):
[9.067s] KeyboardInterrupt
[9.067s]     token.run(interpreter, locals)
[9.067s]   File "/usr/lib/python3/dist-packages/em.py", line 1425, in run
[9.067s]     token.run(interpreter, locals)
[9.068s]   File "/usr/lib/python3/dist-packages/em.py", line 1425, in run
[9.068s]     return str.__eq__(self, other)
[9.068s] KeyboardInterrupt
[9.068s]     interpreter.execute(self.code, locals)
[9.068s]   File "/usr/lib/python3/dist-packages/em.py", line 2596, in execute
[9.068s]     interpreter.execute(self.code, locals)
[9.068s]   File "/usr/lib/python3/dist-packages/em.py", line 2596, in execute
[9.068s]     _exec(statements, self.globals, locals)
[9.068s]   File "<string>", line 2, in <module>
[9.068s]     _exec(statements, self.globals, locals)
[9.068s]   File "<string>", line 2, in <module>
[9.068s]   File "/opt/ros/humble/local/lib/python3.10/dist-packages/rosidl_cmake/__init__.py", line 198, in _expand_template
[9.068s]   File "/opt/ros/humble/local/lib/python3.10/dist-packages/rosidl_cmake/__init__.py", line 198, in _expand_template
[9.068s]     interpreter.string(content, str(template_path), kwargs)
[9.068s]     interpreter.string(content, str(template_path), kwargs)
[9.068s]   File "/usr/lib/python3/dist-packages/em.py", line 2391, in string
[9.068s]   File "/usr/lib/python3/dist-packages/em.py", line 2391, in string
[9.068s]     self.safe(scanner, True, locals)
[9.068s]     self.safe(scanner, True, locals)
[9.068s]   File "/usr/lib/python3/dist-packages/em.py", line 2401, in safe
[9.069s]   File "/usr/lib/python3/dist-packages/em.py", line 2401, in safe
[9.069s]     self.parse(scanner, locals)
[9.069s]   File "/usr/lib/python3/dist-packages/em.py", line 2421, in parse
[9.069s]     self.parse(scanner, locals)
[9.069s]   File "/usr/lib/python3/dist-packages/em.py", line 2421, in parse
[9.069s]     token.run(self, locals)
[9.069s]   File "/usr/lib/python3/dist-packages/em.py", line 1425, in run
[9.069s]     token.run(self, locals)
[9.069s]   File "/usr/lib/python3/dist-packages/em.py", line 1425, in run
[9.069s]     interpreter.execute(self.code, locals)
[9.069s]   File "/usr/lib/python3/dist-packages/em.py", line 2596, in execute
[9.069s]     interpreter.execute(self.code, locals)
[9.069s]   File "/usr/lib/python3/dist-packages/em.py", line 2596, in execute
[9.069s]     _exec(statements, self.globals, locals)
[9.069s]   File "<string>", line 2, in <module>
[9.069s]     _exec(statements, self.globals, locals)
[9.069s]   File "<string>", line 2, in <module>
[9.069s]   File "/opt/ros/humble/local/lib/python3.10/dist-packages/rosidl_cmake/__init__.py", line 198, in _expand_template
[9.069s]   File "/opt/ros/humble/local/lib/python3.10/dist-packages/rosidl_cmake/__init__.py", line 198, in _expand_template
[9.069s]     interpreter.string(content, str(template_path), kwargs)
[9.070s]   File "/usr/lib/python3/dist-packages/em.py", line 2391, in string
[9.070s]     interpreter.string(content, str(template_path), kwargs)
[9.070s]   File "/usr/lib/python3/dist-packages/em.py", line 2391, in string
[9.070s]     self.safe(scanner, True, locals)
[9.070s]   File "/usr/lib/python3/dist-packages/em.py", line 2401, in safe
[9.070s]     self.safe(scanner, True, locals)
[9.070s]   File "/usr/lib/python3/dist-packages/em.py", line 2401, in safe
[9.070s]     self.parse(scanner, locals)
[9.070s]   File "/usr/lib/python3/dist-packages/em.py", line 2417, in parse
[9.070s]     self.parse(scanner, locals)
[9.070s]   File "/usr/lib/python3/dist-packages/em.py", line 2417, in parse
[9.070s]     token = scanner.one()
[9.070s]   File "/usr/lib/python3/dist-packages/em.py", line 1984, in one
[9.070s]     token = scanner.one()
[9.070s]   File "/usr/lib/python3/dist-packages/em.py", line 1984, in one
[9.070s]     token.scan(self)
[9.070s]   File "/usr/lib/python3/dist-packages/em.py", line 1468, in scan
[9.070s]     token.scan(self)
[9.070s]   File "/usr/lib/python3/dist-packages/em.py", line 1421, in scan
[9.070s]     self.subscan(scanner, self.type)
[9.070s]   File "/usr/lib/python3/dist-packages/em.py", line 1483, in subscan
[9.071s]     i = scanner.complex('{', '}', 0)
[9.071s]   File "/usr/lib/python3/dist-packages/em.py", line 1902, in complex
[9.071s]     token = scanner.one()
[9.071s]   File "/usr/lib/python3/dist-packages/em.py", line 1984, in one
[9.071s]     if quote:
[9.071s] KeyboardInterrupt
[9.071s]     token.scan(self)
[9.071s]   File "/usr/lib/python3/dist-packages/em.py", line 1468, in scan
[9.071s]     self.subscan(scanner, self.type)
[9.071s]   File "/usr/lib/python3/dist-packages/em.py", line 1483, in subscan
[9.071s]     token = scanner.one()
[9.071s]   File "/usr/lib/python3/dist-packages/em.py", line 1961, in one
[9.071s]     loc = self.find(self.prefix)
[9.071s]   File "/usr/lib/python3/dist-packages/em.py", line 1794, in find
[9.071s]     return self.rest().find(sub, start)
[9.071s] KeyboardInterrupt
[9.071s] Exception ignored in: <function Interpreter.__del__ at 0x79f5efa67520>
[9.071s] Traceback (most recent call last):
[9.071s]   File "/usr/lib/python3/dist-packages/em.py", line 2094, in __del__
[9.072s]   File "/usr/lib/python3/dist-packages/em.py", line 2157, in shutdown
[9.072s]   File "/usr/lib/python3/dist-packages/em.py", line 2647, in finalize
[9.072s]   File "/usr/lib/python3/dist-packages/em.py", line 2200, in push
[9.072s] AttributeError: '_io.TextIOWrapper' object has no attribute 'push'
[9.072s] gmake[2]: *** [CMakeFiles/dsr_msgs2__rosidl_typesupport_c.dir/build.make:226: rosidl_typesupport_c/dsr_msgs2/msg/log_alarm__type_support.cpp] Interrupt
[9.073s] gmake[1]: *** [CMakeFiles/Makefile2:342: CMakeFiles/dsr_msgs2__rosidl_typesupport_c.dir/all] Interrupt
[9.073s] gmake[2]: *** [CMakeFiles/dsr_msgs2__rosidl_typesupport_fastrtps_c.dir/build.make:228: rosidl_typesupport_fastrtps_c/dsr_msgs2/msg/detail/log_alarm__rosidl_typesupport_fastrtps_c.h] Interrupt
[9.073s] gmake[1]: *** [CMakeFiles/Makefile2:238: CMakeFiles/dsr_msgs2__rosidl_typesupport_fastrtps_c.dir/all] Interrupt
[9.076s] Exception ignored in: <function Interpreter.__del__ at 0x715de03c3520>
[9.076s] Traceback (most recent call last):
[9.076s]   File "/usr/lib/python3/dist-packages/em.py", line 2094, in __del__
[9.076s]   File "/usr/lib/python3/dist-packages/em.py", line 2157, in shutdown
[9.076s]   File "/usr/lib/python3/dist-packages/em.py", line 2647, in finalize
[9.076s]   File "/usr/lib/python3/dist-packages/em.py", line 2200, in push
[9.076s] AttributeError: '_io.TextIOWrapper' object has no attribute 'push'
[9.077s] gmake[2]: *** [CMakeFiles/dsr_msgs2__rosidl_typesupport_introspection_c.dir/build.make:228: rosidl_typesupport_introspection_c/dsr_msgs2/msg/detail/log_alarm__rosidl_typesupport_introspection_c.h] Interrupt
[9.077s] gmake[1]: *** [CMakeFiles/Makefile2:316: CMakeFiles/dsr_msgs2__rosidl_typesupport_introspection_c.dir/all] Interrupt
[9.079s] gmake[2]: *** [CMakeFiles/dsr_msgs2__rosidl_typesupport_fastrtps_cpp.dir/build.make:228: rosidl_typesupport_fastrtps_cpp/dsr_msgs2/msg/detail/dds_fastrtps/log_alarm__type_support.cpp] Interrupt
[9.079s] gmake[1]: *** [CMakeFiles/Makefile2:290: CMakeFiles/dsr_msgs2__rosidl_typesupport_fastrtps_cpp.dir/all] Interrupt
[9.081s] gmake[2]: *** [CMakeFiles/dsr_msgs2__rosidl_typesupport_introspection_cpp.dir/build.make:228: rosidl_typesupport_introspection_cpp/dsr_msgs2/msg/detail/log_alarm__rosidl_typesupport_introspection_cpp.hpp] Interrupt
[9.081s] gmake[1]: *** [CMakeFiles/Makefile2:368: CMakeFiles/dsr_msgs2__rosidl_typesupport_introspection_cpp.dir/all] Interrupt
[9.090s] gmake[2]: *** [CMakeFiles/dsr_msgs2__rosidl_typesupport_cpp.dir/build.make:226: rosidl_typesupport_cpp/dsr_msgs2/msg/log_alarm__type_support.cpp] Interrupt
[9.090s] gmake[1]: *** [CMakeFiles/Makefile2:394: CMakeFiles/dsr_msgs2__rosidl_typesupport_cpp.dir/all] Interrupt
[9.090s] gmake: *** [Makefile:146: all] Interrupt
[9.122s] Traceback (most recent call last):
[9.122s]   File "/home/coro/.local/bin/cmake", line 8, in <module>
[9.122s]     sys.exit(cmake())
[9.122s]   File "/home/coro/.local/lib/python3.10/site-packages/cmake/__init__.py", line 43, in cmake
[9.123s]     raise SystemExit(_program('cmake', sys.argv[1:]))
[9.123s]   File "/home/coro/.local/lib/python3.10/site-packages/cmake/__init__.py", line 39, in _program
[9.123s]     return subprocess.call([os.path.join(CMAKE_BIN_DIR, name)] + args, close_fds=False)
[9.123s]   File "/usr/lib/python3.10/subprocess.py", line 347, in call
[9.123s]     return p.wait(timeout=timeout)
[9.123s]   File "/usr/lib/python3.10/subprocess.py", line 1209, in wait
[9.123s]     return self._wait(timeout=timeout)
[9.123s]   File "/usr/lib/python3.10/subprocess.py", line 1959, in _wait
[9.123s]     (pid, sts) = self._try_wait(0)
[9.123s]   File "/usr/lib/python3.10/subprocess.py", line 1917, in _try_wait
[9.123s]     (pid, sts) = os.waitpid(self.pid, wait_flags)
[9.123s] KeyboardInterrupt
