-- Install configuration: ""
-- Installing: /home/coro/ros2_ws/install/h2017_moveit_config/share/ament_index/resource_index/package_run_dependencies/h2017_moveit_config
-- Installing: /home/coro/ros2_ws/install/h2017_moveit_config/share/ament_index/resource_index/parent_prefix_path/h2017_moveit_config
-- Installing: /home/coro/ros2_ws/install/h2017_moveit_config/share/h2017_moveit_config/environment/ament_prefix_path.sh
-- Installing: /home/coro/ros2_ws/install/h2017_moveit_config/share/h2017_moveit_config/environment/ament_prefix_path.dsv
-- Installing: /home/coro/ros2_ws/install/h2017_moveit_config/share/h2017_moveit_config/environment/path.sh
-- Installing: /home/coro/ros2_ws/install/h2017_moveit_config/share/h2017_moveit_config/environment/path.dsv
-- Installing: /home/coro/ros2_ws/install/h2017_moveit_config/share/h2017_moveit_config/local_setup.bash
-- Installing: /home/coro/ros2_ws/install/h2017_moveit_config/share/h2017_moveit_config/local_setup.sh
-- Installing: /home/coro/ros2_ws/install/h2017_moveit_config/share/h2017_moveit_config/local_setup.zsh
-- Installing: /home/coro/ros2_ws/install/h2017_moveit_config/share/h2017_moveit_config/local_setup.dsv
-- Installing: /home/coro/ros2_ws/install/h2017_moveit_config/share/h2017_moveit_config/package.dsv
-- Installing: /home/coro/ros2_ws/install/h2017_moveit_config/share/ament_index/resource_index/packages/h2017_moveit_config
-- Installing: /home/coro/ros2_ws/install/h2017_moveit_config/share/h2017_moveit_config/cmake/h2017_moveit_configConfig.cmake
-- Installing: /home/coro/ros2_ws/install/h2017_moveit_config/share/h2017_moveit_config/cmake/h2017_moveit_configConfig-version.cmake
-- Installing: /home/coro/ros2_ws/install/h2017_moveit_config/share/h2017_moveit_config/package.xml
-- Installing: /home/coro/ros2_ws/install/h2017_moveit_config/share/h2017_moveit_config/launch
-- Installing: /home/coro/ros2_ws/install/h2017_moveit_config/share/h2017_moveit_config/launch/start.launch.py
-- Installing: /home/coro/ros2_ws/install/h2017_moveit_config/share/h2017_moveit_config/launch/moveit.rviz
-- Installing: /home/coro/ros2_ws/install/h2017_moveit_config/share/h2017_moveit_config/config
-- Installing: /home/coro/ros2_ws/install/h2017_moveit_config/share/h2017_moveit_config/config/ompl_planning.yaml
-- Installing: /home/coro/ros2_ws/install/h2017_moveit_config/share/h2017_moveit_config/config/h2017.urdf.xacro
-- Installing: /home/coro/ros2_ws/install/h2017_moveit_config/share/h2017_moveit_config/config/chomp_planning.yaml
-- Installing: /home/coro/ros2_ws/install/h2017_moveit_config/share/h2017_moveit_config/config/pilz_cartesian_limits.yaml
-- Installing: /home/coro/ros2_ws/install/h2017_moveit_config/share/h2017_moveit_config/config/ros2_controllers.yaml
-- Installing: /home/coro/ros2_ws/install/h2017_moveit_config/share/h2017_moveit_config/config/dsr.ros2_control.xacro
-- Installing: /home/coro/ros2_ws/install/h2017_moveit_config/share/h2017_moveit_config/config/kinematics.yaml
-- Installing: /home/coro/ros2_ws/install/h2017_moveit_config/share/h2017_moveit_config/config/sensors_3d.yaml
-- Installing: /home/coro/ros2_ws/install/h2017_moveit_config/share/h2017_moveit_config/config/joint_limits.yaml
-- Installing: /home/coro/ros2_ws/install/h2017_moveit_config/share/h2017_moveit_config/config/moveit_controllers.yaml
-- Installing: /home/coro/ros2_ws/install/h2017_moveit_config/share/h2017_moveit_config/config/dsr.srdf
-- Installing: /home/coro/ros2_ws/install/h2017_moveit_config/share/h2017_moveit_config/config/initial_positions.yaml
-- Installing: /home/coro/ros2_ws/install/h2017_moveit_config/share/h2017_moveit_config/.setup_assistant
