-- Install configuration: ""
-- Up-to-date: /home/coro/ros2_ws/install/e0509_moveit_config/share/ament_index/resource_index/package_run_dependencies/e0509_moveit_config
-- Up-to-date: /home/coro/ros2_ws/install/e0509_moveit_config/share/ament_index/resource_index/parent_prefix_path/e0509_moveit_config
-- Up-to-date: /home/coro/ros2_ws/install/e0509_moveit_config/share/e0509_moveit_config/environment/ament_prefix_path.sh
-- Up-to-date: /home/coro/ros2_ws/install/e0509_moveit_config/share/e0509_moveit_config/environment/ament_prefix_path.dsv
-- Up-to-date: /home/coro/ros2_ws/install/e0509_moveit_config/share/e0509_moveit_config/environment/path.sh
-- Up-to-date: /home/coro/ros2_ws/install/e0509_moveit_config/share/e0509_moveit_config/environment/path.dsv
-- Up-to-date: /home/coro/ros2_ws/install/e0509_moveit_config/share/e0509_moveit_config/local_setup.bash
-- Up-to-date: /home/coro/ros2_ws/install/e0509_moveit_config/share/e0509_moveit_config/local_setup.sh
-- Up-to-date: /home/coro/ros2_ws/install/e0509_moveit_config/share/e0509_moveit_config/local_setup.zsh
-- Up-to-date: /home/coro/ros2_ws/install/e0509_moveit_config/share/e0509_moveit_config/local_setup.dsv
-- Installing: /home/coro/ros2_ws/install/e0509_moveit_config/share/e0509_moveit_config/package.dsv
-- Up-to-date: /home/coro/ros2_ws/install/e0509_moveit_config/share/ament_index/resource_index/packages/e0509_moveit_config
-- Up-to-date: /home/coro/ros2_ws/install/e0509_moveit_config/share/e0509_moveit_config/cmake/e0509_moveit_configConfig.cmake
-- Up-to-date: /home/coro/ros2_ws/install/e0509_moveit_config/share/e0509_moveit_config/cmake/e0509_moveit_configConfig-version.cmake
-- Up-to-date: /home/coro/ros2_ws/install/e0509_moveit_config/share/e0509_moveit_config/package.xml
-- Up-to-date: /home/coro/ros2_ws/install/e0509_moveit_config/share/e0509_moveit_config/launch
-- Up-to-date: /home/coro/ros2_ws/install/e0509_moveit_config/share/e0509_moveit_config/launch/start.launch.py
-- Up-to-date: /home/coro/ros2_ws/install/e0509_moveit_config/share/e0509_moveit_config/launch/moveit.rviz
-- Up-to-date: /home/coro/ros2_ws/install/e0509_moveit_config/share/e0509_moveit_config/config
-- Up-to-date: /home/coro/ros2_ws/install/e0509_moveit_config/share/e0509_moveit_config/config/ompl_planning.yaml
-- Up-to-date: /home/coro/ros2_ws/install/e0509_moveit_config/share/e0509_moveit_config/config/chomp_planning.yaml
-- Up-to-date: /home/coro/ros2_ws/install/e0509_moveit_config/share/e0509_moveit_config/config/pilz_cartesian_limits.yaml
-- Up-to-date: /home/coro/ros2_ws/install/e0509_moveit_config/share/e0509_moveit_config/config/ros2_controllers.yaml
-- Up-to-date: /home/coro/ros2_ws/install/e0509_moveit_config/share/e0509_moveit_config/config/dsr.ros2_control.xacro
-- Up-to-date: /home/coro/ros2_ws/install/e0509_moveit_config/share/e0509_moveit_config/config/kinematics.yaml
-- Up-to-date: /home/coro/ros2_ws/install/e0509_moveit_config/share/e0509_moveit_config/config/sensors_3d.yaml
-- Up-to-date: /home/coro/ros2_ws/install/e0509_moveit_config/share/e0509_moveit_config/config/joint_limits.yaml
-- Up-to-date: /home/coro/ros2_ws/install/e0509_moveit_config/share/e0509_moveit_config/config/moveit_controllers.yaml
-- Up-to-date: /home/coro/ros2_ws/install/e0509_moveit_config/share/e0509_moveit_config/config/e0509.urdf.xacro
-- Up-to-date: /home/coro/ros2_ws/install/e0509_moveit_config/share/e0509_moveit_config/config/dsr.srdf
-- Up-to-date: /home/coro/ros2_ws/install/e0509_moveit_config/share/e0509_moveit_config/config/initial_positions.yaml
-- Up-to-date: /home/coro/ros2_ws/install/e0509_moveit_config/share/e0509_moveit_config/.setup_assistant
