-- Install configuration: ""
-- Up-to-date: /home/coro/ros2_ws/src/install/common2/share/ament_index/resource_index/package_run_dependencies/common2
-- Up-to-date: /home/coro/ros2_ws/src/install/common2/share/ament_index/resource_index/parent_prefix_path/common2
-- Up-to-date: /home/coro/ros2_ws/src/install/common2/share/common2/environment/ament_prefix_path.sh
-- Up-to-date: /home/coro/ros2_ws/src/install/common2/share/common2/environment/ament_prefix_path.dsv
-- Up-to-date: /home/coro/ros2_ws/src/install/common2/share/common2/environment/path.sh
-- Up-to-date: /home/coro/ros2_ws/src/install/common2/share/common2/environment/path.dsv
-- Up-to-date: /home/coro/ros2_ws/src/install/common2/share/common2/local_setup.bash
-- Up-to-date: /home/coro/ros2_ws/src/install/common2/share/common2/local_setup.sh
-- Up-to-date: /home/coro/ros2_ws/src/install/common2/share/common2/local_setup.zsh
-- Up-to-date: /home/coro/ros2_ws/src/install/common2/share/common2/local_setup.dsv
-- Up-to-date: /home/coro/ros2_ws/src/install/common2/share/common2/package.dsv
-- Up-to-date: /home/coro/ros2_ws/src/install/common2/share/ament_index/resource_index/packages/common2
-- Up-to-date: /home/coro/ros2_ws/src/install/common2/share/common2/cmake/common2Config.cmake
-- Up-to-date: /home/coro/ros2_ws/src/install/common2/share/common2/cmake/common2Config-version.cmake
-- Up-to-date: /home/coro/ros2_ws/src/install/common2/share/common2/package.xml
-- Up-to-date: /home/coro/ros2_ws/src/install/common2/bin/common2/imp
-- Up-to-date: /home/coro/ros2_ws/src/install/common2/bin/common2/imp/DR_init.py
-- Up-to-date: /home/coro/ros2_ws/src/install/common2/bin/common2/imp/DRFC.py
-- Up-to-date: /home/coro/ros2_ws/src/install/common2/bin/common2/imp/DSR_util2.py
-- Up-to-date: /home/coro/ros2_ws/src/install/common2/bin/common2/imp/DSR_ROBOT2.py
-- Up-to-date: /home/coro/ros2_ws/src/install/common2/bin/common2/imp/DR_error2.py
-- Up-to-date: /home/coro/ros2_ws/src/install/common2/bin/common2/imp/DR_tcp_server2.py
-- Up-to-date: /home/coro/ros2_ws/src/install/common2/bin/common2/imp/DR_common2.py
-- Up-to-date: /home/coro/ros2_ws/src/install/common2/bin/common2/imp/__init__.py
-- Up-to-date: /home/coro/ros2_ws/src/install/common2/bin/common2/imp/DR_tcp_client2.py
-- Up-to-date: /home/coro/ros2_ws/src/install/common2/bin/common2/config
-- Up-to-date: /home/coro/ros2_ws/src/install/common2/bin/common2/config/MF
-- Up-to-date: /home/coro/ros2_ws/src/install/common2/bin/common2/config/MF/m1509.xml
-- Up-to-date: /home/coro/ros2_ws/src/install/common2/bin/common2/config/MF/m1013a.xml
-- Up-to-date: /home/coro/ros2_ws/src/install/common2/bin/common2/config/MF/a0912s.xml
-- Up-to-date: /home/coro/ros2_ws/src/install/common2/bin/common2/config/MF/Group
-- Up-to-date: /home/coro/ros2_ws/src/install/common2/bin/common2/config/MF/Group/m1013
-- Up-to-date: /home/coro/ros2_ws/src/install/common2/bin/common2/config/MF/Group/m1013/DV3101300.xml
-- Up-to-date: /home/coro/ros2_ws/src/install/common2/bin/common2/config/MF/Group/vdi
-- Up-to-date: /home/coro/ros2_ws/src/install/common2/bin/common2/config/MF/Group/vdi/vdi.xml
-- Up-to-date: /home/coro/ros2_ws/src/install/common2/bin/common2/config/MF/Group/m1509
-- Up-to-date: /home/coro/ros2_ws/src/install/common2/bin/common2/config/MF/Group/m1509/DV3150900.xml
-- Up-to-date: /home/coro/ros2_ws/src/install/common2/bin/common2/config/MF/Group/m0609
-- Up-to-date: /home/coro/ros2_ws/src/install/common2/bin/common2/config/MF/Group/m0609/DV3060900.xml
-- Up-to-date: /home/coro/ros2_ws/src/install/common2/bin/common2/config/MF/Group/m0617
-- Up-to-date: /home/coro/ros2_ws/src/install/common2/bin/common2/config/MF/Group/m0617/DV3061700.xml
-- Up-to-date: /home/coro/ros2_ws/src/install/common2/bin/common2/config/MF/a0509.xml
-- Up-to-date: /home/coro/ros2_ws/src/install/common2/bin/common2/config/MF/m1013.xml
-- Up-to-date: /home/coro/ros2_ws/src/install/common2/bin/common2/config/MF/m0617a.xml
-- Up-to-date: /home/coro/ros2_ws/src/install/common2/bin/common2/config/MF/a0912.xml
-- Up-to-date: /home/coro/ros2_ws/src/install/common2/bin/common2/config/MF/m0617.xml
-- Up-to-date: /home/coro/ros2_ws/src/install/common2/bin/common2/config/MF/a0307.xml
-- Up-to-date: /home/coro/ros2_ws/src/install/common2/bin/common2/config/MF/m1509a.xml
-- Up-to-date: /home/coro/ros2_ws/src/install/common2/bin/common2/config/MF/h2017.xml
-- Up-to-date: /home/coro/ros2_ws/src/install/common2/bin/common2/config/MF/m0609a.xml
-- Up-to-date: /home/coro/ros2_ws/src/install/common2/bin/common2/config/MF/m0609.xml
-- Up-to-date: /home/coro/ros2_ws/src/install/common2/bin/common2/config/MF/a0509s.xml
-- Up-to-date: /home/coro/ros2_ws/src/install/common2/bin/common2/config/MF/h2515.xml
-- Up-to-date: /home/coro/ros2_ws/src/install/common2/bin/common2/config/config_a0307.xml
-- Up-to-date: /home/coro/ros2_ws/src/install/common2/bin/common2/config/BV
-- Up-to-date: /home/coro/ros2_ws/src/install/common2/bin/common2/config/BV/MF_A0509.xml
-- Up-to-date: /home/coro/ros2_ws/src/install/common2/bin/common2/config/BV/MF_M1013.xml
-- Up-to-date: /home/coro/ros2_ws/src/install/common2/bin/common2/config/BV/MF_H2515.xml
-- Up-to-date: /home/coro/ros2_ws/src/install/common2/bin/common2/config/BV/M3_M0906.xml
-- Up-to-date: /home/coro/ros2_ws/src/install/common2/bin/common2/config/BV/MF_A0912.xml
-- Up-to-date: /home/coro/ros2_ws/src/install/common2/bin/common2/config/BV/MF_M0609.xml
-- Up-to-date: /home/coro/ros2_ws/src/install/common2/bin/common2/config/BV/MF_M0617.xml
-- Up-to-date: /home/coro/ros2_ws/src/install/common2/bin/common2/config/BV/MF_H2017.xml
-- Up-to-date: /home/coro/ros2_ws/src/install/common2/bin/common2/config/BV/M3_M1310.xml
-- Up-to-date: /home/coro/ros2_ws/src/install/common2/bin/common2/config/BV/MF_M1509.xml
-- Up-to-date: /home/coro/ros2_ws/src/install/common2/bin/common2/config/BV/M3_M1706.xml
-- Up-to-date: /home/coro/ros2_ws/src/install/common2/bin/common2/config/BV/M3_M0915.xml
-- Up-to-date: /home/coro/ros2_ws/src/install/common2/bin/common2/config/CommandDefine.org
-- Up-to-date: /home/coro/ros2_ws/src/install/common2/bin/common2/config/CommandDefine.xml
-- Up-to-date: /home/coro/ros2_ws/src/install/common2/bin/common2/config/config_m1509.xml
-- Up-to-date: /home/coro/ros2_ws/src/install/common2/bin/common2/config/config.xml
-- Up-to-date: /home/coro/ros2_ws/src/install/common2/bin/common2/config/config_m0617.xml
-- Up-to-date: /home/coro/ros2_ws/src/install/common2/bin/common2/config/config_a0509.xml
-- Up-to-date: /home/coro/ros2_ws/src/install/common2/bin/common2/config/config_m1013.xml
-- Up-to-date: /home/coro/ros2_ws/src/install/common2/bin/common2/config/config_m0609.xml
-- Up-to-date: /home/coro/ros2_ws/src/install/common2/share/common2/bin
-- Up-to-date: /home/coro/ros2_ws/src/install/common2/share/common2/bin/DRCF
-- Up-to-date: /home/coro/ros2_ws/src/install/common2/share/common2/bin/DRCF/run_drcf.sh
-- Up-to-date: /home/coro/ros2_ws/src/install/common2/share/common2/bin/DRCF/config
-- Up-to-date: /home/coro/ros2_ws/src/install/common2/share/common2/bin/DRCF/config/MF
-- Up-to-date: /home/coro/ros2_ws/src/install/common2/share/common2/bin/DRCF/config/MF/m1509.xml
-- Up-to-date: /home/coro/ros2_ws/src/install/common2/share/common2/bin/DRCF/config/MF/m1013a.xml
-- Up-to-date: /home/coro/ros2_ws/src/install/common2/share/common2/bin/DRCF/config/MF/a0912s.xml
-- Up-to-date: /home/coro/ros2_ws/src/install/common2/share/common2/bin/DRCF/config/MF/Group
-- Up-to-date: /home/coro/ros2_ws/src/install/common2/share/common2/bin/DRCF/config/MF/Group/m1013
-- Up-to-date: /home/coro/ros2_ws/src/install/common2/share/common2/bin/DRCF/config/MF/Group/m1013/DV3101300.xml
-- Up-to-date: /home/coro/ros2_ws/src/install/common2/share/common2/bin/DRCF/config/MF/Group/vdi
-- Up-to-date: /home/coro/ros2_ws/src/install/common2/share/common2/bin/DRCF/config/MF/Group/vdi/vdi.xml
-- Up-to-date: /home/coro/ros2_ws/src/install/common2/share/common2/bin/DRCF/config/MF/Group/m1509
-- Up-to-date: /home/coro/ros2_ws/src/install/common2/share/common2/bin/DRCF/config/MF/Group/m1509/DV3150900.xml
-- Up-to-date: /home/coro/ros2_ws/src/install/common2/share/common2/bin/DRCF/config/MF/Group/m0609
-- Up-to-date: /home/coro/ros2_ws/src/install/common2/share/common2/bin/DRCF/config/MF/Group/m0609/DV3060900.xml
-- Up-to-date: /home/coro/ros2_ws/src/install/common2/share/common2/bin/DRCF/config/MF/Group/m0617
-- Up-to-date: /home/coro/ros2_ws/src/install/common2/share/common2/bin/DRCF/config/MF/Group/m0617/DV3061700.xml
-- Up-to-date: /home/coro/ros2_ws/src/install/common2/share/common2/bin/DRCF/config/MF/a0509.xml
-- Up-to-date: /home/coro/ros2_ws/src/install/common2/share/common2/bin/DRCF/config/MF/m1013.xml
-- Up-to-date: /home/coro/ros2_ws/src/install/common2/share/common2/bin/DRCF/config/MF/m0617a.xml
-- Up-to-date: /home/coro/ros2_ws/src/install/common2/share/common2/bin/DRCF/config/MF/a0912.xml
-- Up-to-date: /home/coro/ros2_ws/src/install/common2/share/common2/bin/DRCF/config/MF/m0617.xml
-- Up-to-date: /home/coro/ros2_ws/src/install/common2/share/common2/bin/DRCF/config/MF/a0307.xml
-- Up-to-date: /home/coro/ros2_ws/src/install/common2/share/common2/bin/DRCF/config/MF/m1509a.xml
-- Up-to-date: /home/coro/ros2_ws/src/install/common2/share/common2/bin/DRCF/config/MF/h2017.xml
-- Up-to-date: /home/coro/ros2_ws/src/install/common2/share/common2/bin/DRCF/config/MF/m0609a.xml
-- Up-to-date: /home/coro/ros2_ws/src/install/common2/share/common2/bin/DRCF/config/MF/m0609.xml
-- Up-to-date: /home/coro/ros2_ws/src/install/common2/share/common2/bin/DRCF/config/MF/a0509s.xml
-- Up-to-date: /home/coro/ros2_ws/src/install/common2/share/common2/bin/DRCF/config/MF/h2515.xml
-- Up-to-date: /home/coro/ros2_ws/src/install/common2/share/common2/bin/DRCF/config/config_a0307.xml
-- Up-to-date: /home/coro/ros2_ws/src/install/common2/share/common2/bin/DRCF/config/BV
-- Up-to-date: /home/coro/ros2_ws/src/install/common2/share/common2/bin/DRCF/config/BV/MF_A0509.xml
-- Up-to-date: /home/coro/ros2_ws/src/install/common2/share/common2/bin/DRCF/config/BV/MF_M1013.xml
-- Up-to-date: /home/coro/ros2_ws/src/install/common2/share/common2/bin/DRCF/config/BV/MF_H2515.xml
-- Up-to-date: /home/coro/ros2_ws/src/install/common2/share/common2/bin/DRCF/config/BV/M3_M0906.xml
-- Up-to-date: /home/coro/ros2_ws/src/install/common2/share/common2/bin/DRCF/config/BV/MF_A0912.xml
-- Up-to-date: /home/coro/ros2_ws/src/install/common2/share/common2/bin/DRCF/config/BV/MF_M0609.xml
-- Up-to-date: /home/coro/ros2_ws/src/install/common2/share/common2/bin/DRCF/config/BV/MF_M0617.xml
-- Up-to-date: /home/coro/ros2_ws/src/install/common2/share/common2/bin/DRCF/config/BV/MF_H2017.xml
-- Up-to-date: /home/coro/ros2_ws/src/install/common2/share/common2/bin/DRCF/config/BV/M3_M1310.xml
-- Up-to-date: /home/coro/ros2_ws/src/install/common2/share/common2/bin/DRCF/config/BV/MF_M1509.xml
-- Up-to-date: /home/coro/ros2_ws/src/install/common2/share/common2/bin/DRCF/config/BV/M3_M1706.xml
-- Up-to-date: /home/coro/ros2_ws/src/install/common2/share/common2/bin/DRCF/config/BV/M3_M0915.xml
-- Up-to-date: /home/coro/ros2_ws/src/install/common2/share/common2/bin/DRCF/config/CommandDefine.org
-- Up-to-date: /home/coro/ros2_ws/src/install/common2/share/common2/bin/DRCF/config/CommandDefine.xml
-- Up-to-date: /home/coro/ros2_ws/src/install/common2/share/common2/bin/DRCF/config/config_m1509.xml
-- Up-to-date: /home/coro/ros2_ws/src/install/common2/share/common2/bin/DRCF/config/config.xml
-- Up-to-date: /home/coro/ros2_ws/src/install/common2/share/common2/bin/DRCF/config/config_m0617.xml
-- Up-to-date: /home/coro/ros2_ws/src/install/common2/share/common2/bin/DRCF/config/config_a0509.xml
-- Up-to-date: /home/coro/ros2_ws/src/install/common2/share/common2/bin/DRCF/config/config_m1013.xml
-- Up-to-date: /home/coro/ros2_ws/src/install/common2/share/common2/bin/DRCF/config/config_m0609.xml
-- Up-to-date: /home/coro/ros2_ws/src/install/common2/share/common2/bin/DRCF/DRCF64
-- Up-to-date: /home/coro/ros2_ws/src/install/common2/share/common2/bin/DRCF/DRCF64
-- Up-to-date: /home/coro/ros2_ws/src/install/common2/share/common2/bin/DRCF/run_drcf.sh
