[0.020s] Invoking command in '/home/coro/ros2_ws/src/build/common2': CMAKE_PREFIX_PATH=/opt/ros/humble /usr/bin/cmake --build /home/coro/ros2_ws/src/build/common2 -- -j20 -l20
[1.250s] Invoked command in '/home/coro/ros2_ws/src/build/common2' returned '0': CMAKE_PREFIX_PATH=/opt/ros/humble /usr/bin/cmake --build /home/coro/ros2_ws/src/build/common2 -- -j20 -l20
[1.261s] Invoking command in '/home/coro/ros2_ws/src/build/common2': CMAKE_PREFIX_PATH=/opt/ros/humble /usr/bin/cmake --install /home/coro/ros2_ws/src/build/common2
[1.276s] -- Install configuration: ""
[1.277s] -- Up-to-date: /home/coro/ros2_ws/src/install/common2/share/ament_index/resource_index/package_run_dependencies/common2
[1.277s] -- Up-to-date: /home/coro/ros2_ws/src/install/common2/share/ament_index/resource_index/parent_prefix_path/common2
[1.277s] -- Up-to-date: /home/coro/ros2_ws/src/install/common2/share/common2/environment/ament_prefix_path.sh
[1.277s] -- Up-to-date: /home/coro/ros2_ws/src/install/common2/share/common2/environment/ament_prefix_path.dsv
[1.277s] -- Up-to-date: /home/coro/ros2_ws/src/install/common2/share/common2/environment/path.sh
[1.277s] -- Up-to-date: /home/coro/ros2_ws/src/install/common2/share/common2/environment/path.dsv
[1.277s] -- Up-to-date: /home/coro/ros2_ws/src/install/common2/share/common2/local_setup.bash
[1.277s] -- Up-to-date: /home/coro/ros2_ws/src/install/common2/share/common2/local_setup.sh
[1.277s] -- Up-to-date: /home/coro/ros2_ws/src/install/common2/share/common2/local_setup.zsh
[1.277s] -- Up-to-date: /home/coro/ros2_ws/src/install/common2/share/common2/local_setup.dsv
[1.277s] -- Up-to-date: /home/coro/ros2_ws/src/install/common2/share/common2/package.dsv
[1.277s] -- Up-to-date: /home/coro/ros2_ws/src/install/common2/share/ament_index/resource_index/packages/common2
[1.277s] -- Up-to-date: /home/coro/ros2_ws/src/install/common2/share/common2/cmake/common2Config.cmake
[1.277s] -- Up-to-date: /home/coro/ros2_ws/src/install/common2/share/common2/cmake/common2Config-version.cmake
[1.277s] -- Up-to-date: /home/coro/ros2_ws/src/install/common2/share/common2/package.xml
[1.277s] -- Up-to-date: /home/coro/ros2_ws/src/install/common2/bin/common2/imp
[1.277s] -- Up-to-date: /home/coro/ros2_ws/src/install/common2/bin/common2/imp/DR_init.py
[1.277s] -- Up-to-date: /home/coro/ros2_ws/src/install/common2/bin/common2/imp/DRFC.py
[1.277s] -- Up-to-date: /home/coro/ros2_ws/src/install/common2/bin/common2/imp/DSR_util2.py
[1.277s] -- Up-to-date: /home/coro/ros2_ws/src/install/common2/bin/common2/imp/DSR_ROBOT2.py
[1.277s] -- Up-to-date: /home/coro/ros2_ws/src/install/common2/bin/common2/imp/DR_error2.py
[1.277s] -- Up-to-date: /home/coro/ros2_ws/src/install/common2/bin/common2/imp/DR_tcp_server2.py
[1.277s] -- Up-to-date: /home/coro/ros2_ws/src/install/common2/bin/common2/imp/DR_common2.py
[1.277s] -- Up-to-date: /home/coro/ros2_ws/src/install/common2/bin/common2/imp/__init__.py
[1.277s] -- Up-to-date: /home/coro/ros2_ws/src/install/common2/bin/common2/imp/DR_tcp_client2.py
[1.277s] -- Up-to-date: /home/coro/ros2_ws/src/install/common2/bin/common2/config
[1.278s] -- Up-to-date: /home/coro/ros2_ws/src/install/common2/bin/common2/config/MF
[1.279s] -- Up-to-date: /home/coro/ros2_ws/src/install/common2/bin/common2/config/MF/m1509.xml
[1.280s] -- Up-to-date: /home/coro/ros2_ws/src/install/common2/bin/common2/config/MF/m1013a.xml
[1.280s] -- Up-to-date: /home/coro/ros2_ws/src/install/common2/bin/common2/config/MF/a0912s.xml
[1.280s] -- Up-to-date: /home/coro/ros2_ws/src/install/common2/bin/common2/config/MF/Group
[1.281s] -- Up-to-date: /home/coro/ros2_ws/src/install/common2/bin/common2/config/MF/Group/m1013
[1.281s] -- Up-to-date: /home/coro/ros2_ws/src/install/common2/bin/common2/config/MF/Group/m1013/DV3101300.xml
[1.281s] -- Up-to-date: /home/coro/ros2_ws/src/install/common2/bin/common2/config/MF/Group/vdi
[1.281s] -- Up-to-date: /home/coro/ros2_ws/src/install/common2/bin/common2/config/MF/Group/vdi/vdi.xml
[1.281s] -- Up-to-date: /home/coro/ros2_ws/src/install/common2/bin/common2/config/MF/Group/m1509
[1.281s] -- Up-to-date: /home/coro/ros2_ws/src/install/common2/bin/common2/config/MF/Group/m1509/DV3150900.xml
[1.281s] -- Up-to-date: /home/coro/ros2_ws/src/install/common2/bin/common2/config/MF/Group/m0609
[1.281s] -- Up-to-date: /home/coro/ros2_ws/src/install/common2/bin/common2/config/MF/Group/m0609/DV3060900.xml
[1.281s] -- Up-to-date: /home/coro/ros2_ws/src/install/common2/bin/common2/config/MF/Group/m0617
[1.281s] -- Up-to-date: /home/coro/ros2_ws/src/install/common2/bin/common2/config/MF/Group/m0617/DV3061700.xml
[1.281s] -- Up-to-date: /home/coro/ros2_ws/src/install/common2/bin/common2/config/MF/a0509.xml
[1.281s] -- Up-to-date: /home/coro/ros2_ws/src/install/common2/bin/common2/config/MF/m1013.xml
[1.281s] -- Up-to-date: /home/coro/ros2_ws/src/install/common2/bin/common2/config/MF/m0617a.xml
[1.281s] -- Up-to-date: /home/coro/ros2_ws/src/install/common2/bin/common2/config/MF/a0912.xml
[1.282s] -- Up-to-date: /home/coro/ros2_ws/src/install/common2/bin/common2/config/MF/m0617.xml
[1.282s] -- Up-to-date: /home/coro/ros2_ws/src/install/common2/bin/common2/config/MF/a0307.xml
[1.282s] -- Up-to-date: /home/coro/ros2_ws/src/install/common2/bin/common2/config/MF/m1509a.xml
[1.282s] -- Up-to-date: /home/coro/ros2_ws/src/install/common2/bin/common2/config/MF/h2017.xml
[1.282s] -- Up-to-date: /home/coro/ros2_ws/src/install/common2/bin/common2/config/MF/m0609a.xml
[1.282s] -- Up-to-date: /home/coro/ros2_ws/src/install/common2/bin/common2/config/MF/m0609.xml
[1.282s] -- Up-to-date: /home/coro/ros2_ws/src/install/common2/bin/common2/config/MF/a0509s.xml
[1.282s] -- Up-to-date: /home/coro/ros2_ws/src/install/common2/bin/common2/config/MF/h2515.xml
[1.282s] -- Up-to-date: /home/coro/ros2_ws/src/install/common2/bin/common2/config/config_a0307.xml
[1.282s] -- Up-to-date: /home/coro/ros2_ws/src/install/common2/bin/common2/config/BV
[1.284s] -- Up-to-date: /home/coro/ros2_ws/src/install/common2/bin/common2/config/BV/MF_A0509.xml
[1.285s] -- Up-to-date: /home/coro/ros2_ws/src/install/common2/bin/common2/config/BV/MF_M1013.xml
[1.285s] -- Up-to-date: /home/coro/ros2_ws/src/install/common2/bin/common2/config/BV/MF_H2515.xml
[1.285s] -- Up-to-date: /home/coro/ros2_ws/src/install/common2/bin/common2/config/BV/M3_M0906.xml
[1.285s] -- Up-to-date: /home/coro/ros2_ws/src/install/common2/bin/common2/config/BV/MF_A0912.xml
[1.285s] -- Up-to-date: /home/coro/ros2_ws/src/install/common2/bin/common2/config/BV/MF_M0609.xml
[1.285s] -- Up-to-date: /home/coro/ros2_ws/src/install/common2/bin/common2/config/BV/MF_M0617.xml
[1.285s] -- Up-to-date: /home/coro/ros2_ws/src/install/common2/bin/common2/config/BV/MF_H2017.xml
[1.285s] -- Up-to-date: /home/coro/ros2_ws/src/install/common2/bin/common2/config/BV/M3_M1310.xml
[1.285s] -- Up-to-date: /home/coro/ros2_ws/src/install/common2/bin/common2/config/BV/MF_M1509.xml
[1.285s] -- Up-to-date: /home/coro/ros2_ws/src/install/common2/bin/common2/config/BV/M3_M1706.xml
[1.285s] -- Up-to-date: /home/coro/ros2_ws/src/install/common2/bin/common2/config/BV/M3_M0915.xml
[1.285s] -- Up-to-date: /home/coro/ros2_ws/src/install/common2/bin/common2/config/CommandDefine.org
[1.285s] -- Up-to-date: /home/coro/ros2_ws/src/install/common2/bin/common2/config/CommandDefine.xml
[1.285s] -- Up-to-date: /home/coro/ros2_ws/src/install/common2/bin/common2/config/config_m1509.xml
[1.285s] -- Up-to-date: /home/coro/ros2_ws/src/install/common2/bin/common2/config/config.xml
[1.285s] -- Up-to-date: /home/coro/ros2_ws/src/install/common2/bin/common2/config/config_m0617.xml
[1.285s] -- Up-to-date: /home/coro/ros2_ws/src/install/common2/bin/common2/config/config_a0509.xml
[1.285s] -- Up-to-date: /home/coro/ros2_ws/src/install/common2/bin/common2/config/config_m1013.xml
[1.285s] -- Up-to-date: /home/coro/ros2_ws/src/install/common2/bin/common2/config/config_m0609.xml
[1.285s] -- Up-to-date: /home/coro/ros2_ws/src/install/common2/share/common2/bin
[1.285s] -- Up-to-date: /home/coro/ros2_ws/src/install/common2/share/common2/bin/DRCF
[1.285s] -- Up-to-date: /home/coro/ros2_ws/src/install/common2/share/common2/bin/DRCF/run_drcf.sh
[1.285s] -- Up-to-date: /home/coro/ros2_ws/src/install/common2/share/common2/bin/DRCF/config
[1.285s] -- Up-to-date: /home/coro/ros2_ws/src/install/common2/share/common2/bin/DRCF/config/MF
[1.285s] -- Up-to-date: /home/coro/ros2_ws/src/install/common2/share/common2/bin/DRCF/config/MF/m1509.xml
[1.285s] -- Up-to-date: /home/coro/ros2_ws/src/install/common2/share/common2/bin/DRCF/config/MF/m1013a.xml
[1.285s] -- Up-to-date: /home/coro/ros2_ws/src/install/common2/share/common2/bin/DRCF/config/MF/a0912s.xml
[1.285s] -- Up-to-date: /home/coro/ros2_ws/src/install/common2/share/common2/bin/DRCF/config/MF/Group
[1.285s] -- Up-to-date: /home/coro/ros2_ws/src/install/common2/share/common2/bin/DRCF/config/MF/Group/m1013
[1.285s] -- Up-to-date: /home/coro/ros2_ws/src/install/common2/share/common2/bin/DRCF/config/MF/Group/m1013/DV3101300.xml
[1.285s] -- Up-to-date: /home/coro/ros2_ws/src/install/common2/share/common2/bin/DRCF/config/MF/Group/vdi
[1.285s] -- Up-to-date: /home/coro/ros2_ws/src/install/common2/share/common2/bin/DRCF/config/MF/Group/vdi/vdi.xml
[1.285s] -- Up-to-date: /home/coro/ros2_ws/src/install/common2/share/common2/bin/DRCF/config/MF/Group/m1509
[1.285s] -- Up-to-date: /home/coro/ros2_ws/src/install/common2/share/common2/bin/DRCF/config/MF/Group/m1509/DV3150900.xml
[1.285s] -- Up-to-date: /home/coro/ros2_ws/src/install/common2/share/common2/bin/DRCF/config/MF/Group/m0609
[1.285s] -- Up-to-date: /home/coro/ros2_ws/src/install/common2/share/common2/bin/DRCF/config/MF/Group/m0609/DV3060900.xml
[1.285s] -- Up-to-date: /home/coro/ros2_ws/src/install/common2/share/common2/bin/DRCF/config/MF/Group/m0617
[1.285s] -- Up-to-date: /home/coro/ros2_ws/src/install/common2/share/common2/bin/DRCF/config/MF/Group/m0617/DV3061700.xml
[1.285s] -- Up-to-date: /home/coro/ros2_ws/src/install/common2/share/common2/bin/DRCF/config/MF/a0509.xml
[1.285s] -- Up-to-date: /home/coro/ros2_ws/src/install/common2/share/common2/bin/DRCF/config/MF/m1013.xml
[1.285s] -- Up-to-date: /home/coro/ros2_ws/src/install/common2/share/common2/bin/DRCF/config/MF/m0617a.xml
[1.285s] -- Up-to-date: /home/coro/ros2_ws/src/install/common2/share/common2/bin/DRCF/config/MF/a0912.xml
[1.286s] -- Up-to-date: /home/coro/ros2_ws/src/install/common2/share/common2/bin/DRCF/config/MF/m0617.xml
[1.286s] -- Up-to-date: /home/coro/ros2_ws/src/install/common2/share/common2/bin/DRCF/config/MF/a0307.xml
[1.286s] -- Up-to-date: /home/coro/ros2_ws/src/install/common2/share/common2/bin/DRCF/config/MF/m1509a.xml
[1.286s] -- Up-to-date: /home/coro/ros2_ws/src/install/common2/share/common2/bin/DRCF/config/MF/h2017.xml
[1.286s] -- Up-to-date: /home/coro/ros2_ws/src/install/common2/share/common2/bin/DRCF/config/MF/m0609a.xml
[1.286s] -- Up-to-date: /home/coro/ros2_ws/src/install/common2/share/common2/bin/DRCF/config/MF/m0609.xml
[1.286s] -- Up-to-date: /home/coro/ros2_ws/src/install/common2/share/common2/bin/DRCF/config/MF/a0509s.xml
[1.286s] -- Up-to-date: /home/coro/ros2_ws/src/install/common2/share/common2/bin/DRCF/config/MF/h2515.xml
[1.286s] -- Up-to-date: /home/coro/ros2_ws/src/install/common2/share/common2/bin/DRCF/config/config_a0307.xml
[1.286s] -- Up-to-date: /home/coro/ros2_ws/src/install/common2/share/common2/bin/DRCF/config/BV
[1.286s] -- Up-to-date: /home/coro/ros2_ws/src/install/common2/share/common2/bin/DRCF/config/BV/MF_A0509.xml
[1.286s] -- Up-to-date: /home/coro/ros2_ws/src/install/common2/share/common2/bin/DRCF/config/BV/MF_M1013.xml
[1.286s] -- Up-to-date: /home/coro/ros2_ws/src/install/common2/share/common2/bin/DRCF/config/BV/MF_H2515.xml
[1.286s] -- Up-to-date: /home/coro/ros2_ws/src/install/common2/share/common2/bin/DRCF/config/BV/M3_M0906.xml
[1.286s] -- Up-to-date: /home/coro/ros2_ws/src/install/common2/share/common2/bin/DRCF/config/BV/MF_A0912.xml
[1.286s] -- Up-to-date: /home/coro/ros2_ws/src/install/common2/share/common2/bin/DRCF/config/BV/MF_M0609.xml
[1.286s] -- Up-to-date: /home/coro/ros2_ws/src/install/common2/share/common2/bin/DRCF/config/BV/MF_M0617.xml
[1.286s] -- Up-to-date: /home/coro/ros2_ws/src/install/common2/share/common2/bin/DRCF/config/BV/MF_H2017.xml
[1.286s] -- Up-to-date: /home/coro/ros2_ws/src/install/common2/share/common2/bin/DRCF/config/BV/M3_M1310.xml
[1.286s] -- Up-to-date: /home/coro/ros2_ws/src/install/common2/share/common2/bin/DRCF/config/BV/MF_M1509.xml
[1.286s] -- Up-to-date: /home/coro/ros2_ws/src/install/common2/share/common2/bin/DRCF/config/BV/M3_M1706.xml
[1.286s] -- Up-to-date: /home/coro/ros2_ws/src/install/common2/share/common2/bin/DRCF/config/BV/M3_M0915.xml
[1.286s] -- Up-to-date: /home/coro/ros2_ws/src/install/common2/share/common2/bin/DRCF/config/CommandDefine.org
[1.286s] -- Up-to-date: /home/coro/ros2_ws/src/install/common2/share/common2/bin/DRCF/config/CommandDefine.xml
[1.286s] -- Up-to-date: /home/coro/ros2_ws/src/install/common2/share/common2/bin/DRCF/config/config_m1509.xml
[1.286s] -- Up-to-date: /home/coro/ros2_ws/src/install/common2/share/common2/bin/DRCF/config/config.xml
[1.286s] -- Up-to-date: /home/coro/ros2_ws/src/install/common2/share/common2/bin/DRCF/config/config_m0617.xml
[1.286s] -- Up-to-date: /home/coro/ros2_ws/src/install/common2/share/common2/bin/DRCF/config/config_a0509.xml
[1.286s] -- Up-to-date: /home/coro/ros2_ws/src/install/common2/share/common2/bin/DRCF/config/config_m1013.xml
[1.286s] -- Up-to-date: /home/coro/ros2_ws/src/install/common2/share/common2/bin/DRCF/config/config_m0609.xml
[1.286s] -- Up-to-date: /home/coro/ros2_ws/src/install/common2/share/common2/bin/DRCF/DRCF64
[1.286s] -- Up-to-date: /home/coro/ros2_ws/src/install/common2/share/common2/bin/DRCF/DRCF64
[1.286s] -- Up-to-date: /home/coro/ros2_ws/src/install/common2/share/common2/bin/DRCF/run_drcf.sh
[1.291s] Invoked command in '/home/coro/ros2_ws/src/build/common2' returned '0': CMAKE_PREFIX_PATH=/opt/ros/humble /usr/bin/cmake --install /home/coro/ros2_ws/src/build/common2
