[0.021s] Invoking command in '/home/coro/ros2_ws/build/m0609_moveit_config': CMAKE_PREFIX_PATH=/opt/ros/humble /home/coro/.local/bin/cmake /home/coro/ros2_ws/src/doosan-robot2/dsr_moveit2/m0609_moveit_config -DCMAKE_INSTALL_PREFIX=/home/coro/ros2_ws/install/m0609_moveit_config
[0.114s] -- The C compiler identification is GNU 11.4.0
[0.185s] -- The CXX compiler identification is GNU 11.4.0
[0.190s] -- Detecting C compiler ABI info
[0.225s] -- Detecting C compiler ABI info - done
[0.231s] -- Check for working C compiler: /usr/bin/cc - skipped
[0.232s] -- Detecting C compile features
[0.232s] -- Detecting C compile features - done
[0.234s] -- Detecting CXX compiler ABI info
[0.281s] -- Detecting CXX compiler ABI info - done
[0.292s] -- Check for working CXX compiler: /usr/bin/c++ - skipped
[0.292s] -- Detecting CXX compile features
[0.292s] -- Detecting CXX compile features - done
[0.294s] -- Found ament_cmake: 1.3.9 (/opt/ros/humble/share/ament_cmake/cmake)
[0.539s] -- Found Python3: /usr/bin/python3 (found version "3.10.12") found components: Interpreter 
[0.656s] -- Configuring done
[0.658s] -- Generating done
[0.659s] -- Build files have been written to: /home/coro/ros2_ws/build/m0609_moveit_config
[0.665s] Invoked command in '/home/coro/ros2_ws/build/m0609_moveit_config' returned '0': CMAKE_PREFIX_PATH=/opt/ros/humble /home/coro/.local/bin/cmake /home/coro/ros2_ws/src/doosan-robot2/dsr_moveit2/m0609_moveit_config -DCMAKE_INSTALL_PREFIX=/home/coro/ros2_ws/install/m0609_moveit_config
[0.667s] Invoking command in '/home/coro/ros2_ws/build/m0609_moveit_config': CMAKE_PREFIX_PATH=/opt/ros/humble /home/coro/.local/bin/cmake --build /home/coro/ros2_ws/build/m0609_moveit_config -- -j20 -l20
