[0.025s] Invoking command in '/home/coro/ros2_ws/build/m1509_moveit_config': CMAKE_PREFIX_PATH=${CMAKE_PREFIX_PATH}:/home/coro/ros2_ws/install/dsr_bringup2:/opt/ros/humble /home/coro/.local/bin/cmake --build /home/coro/ros2_ws/build/m1509_moveit_config -- -j20 -l20
[0.091s] Invoked command in '/home/coro/ros2_ws/build/m1509_moveit_config' returned '0': CMAKE_PREFIX_PATH=${CMAKE_PREFIX_PATH}:/home/coro/ros2_ws/install/dsr_bringup2:/opt/ros/humble /home/coro/.local/bin/cmake --build /home/coro/ros2_ws/build/m1509_moveit_config -- -j20 -l20
[0.204s] Invoking command in '/home/coro/ros2_ws/build/m1509_moveit_config': CMAKE_PREFIX_PATH=${CMAKE_PREFIX_PATH}:/home/coro/ros2_ws/install/dsr_bringup2:/opt/ros/humble /home/coro/.local/bin/cmake --install /home/coro/ros2_ws/build/m1509_moveit_config
[0.224s] -- Install configuration: ""
[0.226s] -- Installing: /home/coro/ros2_ws/install/m1509_moveit_config/share/ament_index/resource_index/package_run_dependencies/m1509_moveit_config
[0.226s] -- Installing: /home/coro/ros2_ws/install/m1509_moveit_config/share/ament_index/resource_index/parent_prefix_path/m1509_moveit_config
[0.226s] -- Installing: /home/coro/ros2_ws/install/m1509_moveit_config/share/m1509_moveit_config/environment/ament_prefix_path.sh
[0.226s] -- Installing: /home/coro/ros2_ws/install/m1509_moveit_config/share/m1509_moveit_config/environment/ament_prefix_path.dsv
[0.226s] -- Installing: /home/coro/ros2_ws/install/m1509_moveit_config/share/m1509_moveit_config/environment/path.sh
[0.226s] -- Installing: /home/coro/ros2_ws/install/m1509_moveit_config/share/m1509_moveit_config/environment/path.dsv
[0.226s] -- Installing: /home/coro/ros2_ws/install/m1509_moveit_config/share/m1509_moveit_config/local_setup.bash
[0.226s] -- Installing: /home/coro/ros2_ws/install/m1509_moveit_config/share/m1509_moveit_config/local_setup.sh
[0.226s] -- Installing: /home/coro/ros2_ws/install/m1509_moveit_config/share/m1509_moveit_config/local_setup.zsh
[0.226s] -- Installing: /home/coro/ros2_ws/install/m1509_moveit_config/share/m1509_moveit_config/local_setup.dsv
[0.226s] -- Installing: /home/coro/ros2_ws/install/m1509_moveit_config/share/m1509_moveit_config/package.dsv
[0.226s] -- Installing: /home/coro/ros2_ws/install/m1509_moveit_config/share/ament_index/resource_index/packages/m1509_moveit_config
[0.226s] -- Installing: /home/coro/ros2_ws/install/m1509_moveit_config/share/m1509_moveit_config/cmake/m1509_moveit_configConfig.cmake
[0.226s] -- Installing: /home/coro/ros2_ws/install/m1509_moveit_config/share/m1509_moveit_config/cmake/m1509_moveit_configConfig-version.cmake
[0.226s] -- Installing: /home/coro/ros2_ws/install/m1509_moveit_config/share/m1509_moveit_config/package.xml
[0.227s] -- Installing: /home/coro/ros2_ws/install/m1509_moveit_config/share/m1509_moveit_config/launch
[0.227s] -- Installing: /home/coro/ros2_ws/install/m1509_moveit_config/share/m1509_moveit_config/launch/start.launch.py
[0.227s] -- Installing: /home/coro/ros2_ws/install/m1509_moveit_config/share/m1509_moveit_config/launch/moveit.rviz
[0.227s] -- Installing: /home/coro/ros2_ws/install/m1509_moveit_config/share/m1509_moveit_config/config
[0.227s] -- Installing: /home/coro/ros2_ws/install/m1509_moveit_config/share/m1509_moveit_config/config/ompl_planning.yaml
[0.227s] -- Installing: /home/coro/ros2_ws/install/m1509_moveit_config/share/m1509_moveit_config/config/chomp_planning.yaml
[0.227s] -- Installing: /home/coro/ros2_ws/install/m1509_moveit_config/share/m1509_moveit_config/config/pilz_cartesian_limits.yaml
[0.227s] -- Installing: /home/coro/ros2_ws/install/m1509_moveit_config/share/m1509_moveit_config/config/ros2_controllers.yaml
[0.227s] -- Installing: /home/coro/ros2_ws/install/m1509_moveit_config/share/m1509_moveit_config/config/dsr.ros2_control.xacro
[0.227s] -- Installing: /home/coro/ros2_ws/install/m1509_moveit_config/share/m1509_moveit_config/config/kinematics.yaml
[0.227s] -- Installing: /home/coro/ros2_ws/install/m1509_moveit_config/share/m1509_moveit_config/config/sensors_3d.yaml
[0.227s] -- Installing: /home/coro/ros2_ws/install/m1509_moveit_config/share/m1509_moveit_config/config/joint_limits.yaml
[0.227s] -- Installing: /home/coro/ros2_ws/install/m1509_moveit_config/share/m1509_moveit_config/config/m1509.urdf.xacro
[0.228s] -- Installing: /home/coro/ros2_ws/install/m1509_moveit_config/share/m1509_moveit_config/config/moveit_controllers.yaml
[0.228s] -- Installing: /home/coro/ros2_ws/install/m1509_moveit_config/share/m1509_moveit_config/config/dsr.srdf
[0.228s] -- Installing: /home/coro/ros2_ws/install/m1509_moveit_config/share/m1509_moveit_config/config/initial_positions.yaml
[0.228s] -- Installing: /home/coro/ros2_ws/install/m1509_moveit_config/share/m1509_moveit_config/.setup_assistant
