[0.021s] Invoking command in '/home/coro/ros2_ws/build/m1509_moveit_config': CMAKE_PREFIX_PATH=/opt/ros/humble /home/coro/.local/bin/cmake /home/coro/ros2_ws/src/doosan-robot2/dsr_moveit2/m1509_moveit_config -DCMAKE_INSTALL_PREFIX=/home/coro/ros2_ws/install/m1509_moveit_config
[0.110s] -- The C compiler identification is GNU 11.4.0
[0.173s] -- The CXX compiler identification is GNU 11.4.0
[0.182s] -- Detecting C compiler ABI info
[0.223s] -- Detecting C compiler ABI info - done
[0.229s] -- Check for working C compiler: /usr/bin/cc - skipped
[0.229s] -- Detecting C compile features
[0.229s] -- Detecting C compile features - done
[0.231s] -- Detecting CXX compiler ABI info
[0.278s] -- Detecting CXX compiler ABI info - done
[0.288s] -- Check for working CXX compiler: /usr/bin/c++ - skipped
[0.288s] -- Detecting CXX compile features
[0.289s] -- Detecting CXX compile features - done
[0.290s] -- Found ament_cmake: 1.3.9 (/opt/ros/humble/share/ament_cmake/cmake)
[0.537s] -- Found Python3: /usr/bin/python3 (found version "3.10.12") found components: Interpreter 
[0.628s] -- Configuring done
[0.631s] -- Generating done
[0.631s] -- Build files have been written to: /home/coro/ros2_ws/build/m1509_moveit_config
[0.639s] Invoked command in '/home/coro/ros2_ws/build/m1509_moveit_config' returned '0': CMAKE_PREFIX_PATH=/opt/ros/humble /home/coro/.local/bin/cmake /home/coro/ros2_ws/src/doosan-robot2/dsr_moveit2/m1509_moveit_config -DCMAKE_INSTALL_PREFIX=/home/coro/ros2_ws/install/m1509_moveit_config
[0.640s] Invoking command in '/home/coro/ros2_ws/build/m1509_moveit_config': CMAKE_PREFIX_PATH=/opt/ros/humble /home/coro/.local/bin/cmake --build /home/coro/ros2_ws/build/m1509_moveit_config -- -j20 -l20
[0.668s] Invoked command in '/home/coro/ros2_ws/build/m1509_moveit_config' returned '0': CMAKE_PREFIX_PATH=/opt/ros/humble /home/coro/.local/bin/cmake --build /home/coro/ros2_ws/build/m1509_moveit_config -- -j20 -l20
