[0.024s] Invoking command in '/home/coro/ros2_ws/src/build/common2': CMAKE_PREFIX_PATH=/opt/ros/humble /home/coro/.local/bin/cmake --build /home/coro/ros2_ws/src/build/common2 -- -j20 -l20
[0.183s] -- Found ament_cmake: 1.3.9 (/opt/ros/humble/share/ament_cmake/cmake)
[0.277s] -- Configuring done
[0.282s] -- Generating done
[0.283s] -- Build files have been written to: /home/coro/ros2_ws/src/build/common2
[0.303s] Invoked command in '/home/coro/ros2_ws/src/build/common2' returned '0': CMAKE_PREFIX_PATH=/opt/ros/humble /home/coro/.local/bin/cmake --build /home/coro/ros2_ws/src/build/common2 -- -j20 -l20
[0.362s] Invoking command in '/home/coro/ros2_ws/src/build/common2': CMAKE_PREFIX_PATH=/opt/ros/humble /home/coro/.local/bin/cmake --install /home/coro/ros2_ws/src/build/common2
[0.382s] -- Install configuration: ""
[0.383s] -- Up-to-date: /home/coro/ros2_ws/src/install/common2/share/ament_index/resource_index/package_run_dependencies/common2
[0.383s] -- Up-to-date: /home/coro/ros2_ws/src/install/common2/share/ament_index/resource_index/parent_prefix_path/common2
[0.384s] -- Installing: /home/coro/ros2_ws/src/install/common2/share/common2/environment/ament_prefix_path.sh
[0.384s] -- Installing: /home/coro/ros2_ws/src/install/common2/share/common2/environment/ament_prefix_path.dsv
[0.384s] -- Installing: /home/coro/ros2_ws/src/install/common2/share/common2/environment/path.sh
[0.384s] -- Installing: /home/coro/ros2_ws/src/install/common2/share/common2/environment/path.dsv
[0.384s] -- Up-to-date: /home/coro/ros2_ws/src/install/common2/share/common2/local_setup.bash
[0.384s] -- Up-to-date: /home/coro/ros2_ws/src/install/common2/share/common2/local_setup.sh
[0.385s] -- Up-to-date: /home/coro/ros2_ws/src/install/common2/share/common2/local_setup.zsh
[0.385s] -- Installing: /home/coro/ros2_ws/src/install/common2/share/common2/local_setup.dsv
[0.385s] -- Installing: /home/coro/ros2_ws/src/install/common2/share/common2/package.dsv
[0.385s] -- Up-to-date: /home/coro/ros2_ws/src/install/common2/share/ament_index/resource_index/packages/common2
[0.385s] -- Up-to-date: /home/coro/ros2_ws/src/install/common2/share/common2/cmake/common2Config.cmake
[0.385s] -- Up-to-date: /home/coro/ros2_ws/src/install/common2/share/common2/cmake/common2Config-version.cmake
[0.385s] -- Installing: /home/coro/ros2_ws/src/install/common2/share/common2/package.xml
[0.385s] [31mCMake Error at cmake_install.cmake:105 (file):
[0.385s]   file INSTALL cannot find
[0.385s]   "/home/coro/ros2_ws/src/doosan-robot2/common2/bin": No such file or
[0.385s]   directory.
[0.385s] 
[0.385s] [0m
[0.392s] Invoked command in '/home/coro/ros2_ws/src/build/common2' returned '1': CMAKE_PREFIX_PATH=/opt/ros/humble /home/coro/.local/bin/cmake --install /home/coro/ros2_ws/src/build/common2
