[0.010s] Invoking command in '/home/coro/ros2_ws/src/build/ur_moveit_config': AMENT_PREFIX_PATH=/home/coro/ros2_ws/src/install/ur_description:${AMENT_PREFIX_PATH} CMAKE_PREFIX_PATH=/home/coro/ros2_ws/src/install/ur_description:/opt/ros/humble /usr/bin/cmake --build /home/coro/ros2_ws/src/build/ur_moveit_config -- -j20 -l20
[0.042s] Built target ament_cmake_python_copy_ur_moveit_config
[0.164s] running egg_info
[0.172s] writing ur_moveit_config.egg-info/PKG-INFO
[0.173s] writing dependency_links to ur_moveit_config.egg-info/dependency_links.txt
[0.173s] writing top-level names to ur_moveit_config.egg-info/top_level.txt
[0.436s] reading manifest file 'ur_moveit_config.egg-info/SOURCES.txt'
[0.437s] writing manifest file 'ur_moveit_config.egg-info/SOURCES.txt'
[0.459s] Built target ament_cmake_python_build_ur_moveit_config_egg
[0.466s] Invoked command in '/home/coro/ros2_ws/src/build/ur_moveit_config' returned '0': AMENT_PREFIX_PATH=/home/coro/ros2_ws/src/install/ur_description:${AMENT_PREFIX_PATH} CMAKE_PREFIX_PATH=/home/coro/ros2_ws/src/install/ur_description:/opt/ros/humble /usr/bin/cmake --build /home/coro/ros2_ws/src/build/ur_moveit_config -- -j20 -l20
[0.477s] Invoking command in '/home/coro/ros2_ws/src/build/ur_moveit_config': AMENT_PREFIX_PATH=/home/coro/ros2_ws/src/install/ur_description:${AMENT_PREFIX_PATH} CMAKE_PREFIX_PATH=/home/coro/ros2_ws/src/install/ur_description:/opt/ros/humble /usr/bin/cmake --install /home/coro/ros2_ws/src/build/ur_moveit_config
[0.481s] -- Install configuration: ""
[0.481s] -- Up-to-date: /home/coro/ros2_ws/src/install/ur_moveit_config/share/ur_moveit_config/config
[0.481s] -- Up-to-date: /home/coro/ros2_ws/src/install/ur_moveit_config/share/ur_moveit_config/config/ompl_planning.yaml
[0.482s] -- Up-to-date: /home/coro/ros2_ws/src/install/ur_moveit_config/share/ur_moveit_config/config/controllers.yaml
[0.482s] -- Up-to-date: /home/coro/ros2_ws/src/install/ur_moveit_config/share/ur_moveit_config/config/kinematics.yaml
[0.482s] -- Up-to-date: /home/coro/ros2_ws/src/install/ur_moveit_config/share/ur_moveit_config/config/joint_limits.yaml
[0.482s] -- Up-to-date: /home/coro/ros2_ws/src/install/ur_moveit_config/share/ur_moveit_config/config/ur_servo.yaml
[0.482s] -- Up-to-date: /home/coro/ros2_ws/src/install/ur_moveit_config/share/ur_moveit_config/launch
[0.482s] -- Up-to-date: /home/coro/ros2_ws/src/install/ur_moveit_config/share/ur_moveit_config/launch/ur_moveit.launch.py
[0.482s] -- Up-to-date: /home/coro/ros2_ws/src/install/ur_moveit_config/share/ur_moveit_config/rviz
[0.482s] -- Up-to-date: /home/coro/ros2_ws/src/install/ur_moveit_config/share/ur_moveit_config/rviz/view_robot.rviz
[0.482s] -- Up-to-date: /home/coro/ros2_ws/src/install/ur_moveit_config/share/ur_moveit_config/srdf
[0.482s] -- Up-to-date: /home/coro/ros2_ws/src/install/ur_moveit_config/share/ur_moveit_config/srdf/ur.srdf.xacro
[0.482s] -- Up-to-date: /home/coro/ros2_ws/src/install/ur_moveit_config/share/ur_moveit_config/srdf/ur_macro.srdf.xacro
[0.482s] -- Up-to-date: /home/coro/ros2_ws/src/install/ur_moveit_config/share/ur_moveit_config/environment/pythonpath.sh
[0.482s] -- Up-to-date: /home/coro/ros2_ws/src/install/ur_moveit_config/share/ur_moveit_config/environment/pythonpath.dsv
[0.482s] -- Up-to-date: /home/coro/ros2_ws/src/install/ur_moveit_config/local/lib/python3.10/dist-packages/ur_moveit_config-2.2.11-py3.10.egg-info
[0.483s] -- Installing: /home/coro/ros2_ws/src/install/ur_moveit_config/local/lib/python3.10/dist-packages/ur_moveit_config-2.2.11-py3.10.egg-info/PKG-INFO
[0.483s] -- Installing: /home/coro/ros2_ws/src/install/ur_moveit_config/local/lib/python3.10/dist-packages/ur_moveit_config-2.2.11-py3.10.egg-info/top_level.txt
[0.483s] -- Installing: /home/coro/ros2_ws/src/install/ur_moveit_config/local/lib/python3.10/dist-packages/ur_moveit_config-2.2.11-py3.10.egg-info/dependency_links.txt
[0.483s] -- Installing: /home/coro/ros2_ws/src/install/ur_moveit_config/local/lib/python3.10/dist-packages/ur_moveit_config-2.2.11-py3.10.egg-info/SOURCES.txt
[0.483s] -- Up-to-date: /home/coro/ros2_ws/src/install/ur_moveit_config/local/lib/python3.10/dist-packages/ur_moveit_config
[0.483s] -- Up-to-date: /home/coro/ros2_ws/src/install/ur_moveit_config/local/lib/python3.10/dist-packages/ur_moveit_config/launch_common.py
[0.483s] -- Up-to-date: /home/coro/ros2_ws/src/install/ur_moveit_config/local/lib/python3.10/dist-packages/ur_moveit_config/__init__.py
[0.500s] Listing '/home/coro/ros2_ws/src/install/ur_moveit_config/local/lib/python3.10/dist-packages/ur_moveit_config'...
[0.503s] -- Up-to-date: /home/coro/ros2_ws/src/install/ur_moveit_config/local/lib/python3.10/dist-packages/launch_common.py
[0.524s] -- Up-to-date: /home/coro/ros2_ws/src/install/ur_moveit_config/share/ament_index/resource_index/package_run_dependencies/ur_moveit_config
[0.525s] -- Up-to-date: /home/coro/ros2_ws/src/install/ur_moveit_config/share/ament_index/resource_index/parent_prefix_path/ur_moveit_config
[0.525s] -- Up-to-date: /home/coro/ros2_ws/src/install/ur_moveit_config/share/ur_moveit_config/environment/ament_prefix_path.sh
[0.525s] -- Up-to-date: /home/coro/ros2_ws/src/install/ur_moveit_config/share/ur_moveit_config/environment/ament_prefix_path.dsv
[0.525s] -- Up-to-date: /home/coro/ros2_ws/src/install/ur_moveit_config/share/ur_moveit_config/environment/path.sh
[0.525s] -- Up-to-date: /home/coro/ros2_ws/src/install/ur_moveit_config/share/ur_moveit_config/environment/path.dsv
[0.525s] -- Up-to-date: /home/coro/ros2_ws/src/install/ur_moveit_config/share/ur_moveit_config/local_setup.bash
[0.525s] -- Up-to-date: /home/coro/ros2_ws/src/install/ur_moveit_config/share/ur_moveit_config/local_setup.sh
[0.525s] -- Up-to-date: /home/coro/ros2_ws/src/install/ur_moveit_config/share/ur_moveit_config/local_setup.zsh
[0.525s] -- Up-to-date: /home/coro/ros2_ws/src/install/ur_moveit_config/share/ur_moveit_config/local_setup.dsv
[0.525s] -- Installing: /home/coro/ros2_ws/src/install/ur_moveit_config/share/ur_moveit_config/package.dsv
[0.525s] -- Up-to-date: /home/coro/ros2_ws/src/install/ur_moveit_config/share/ament_index/resource_index/packages/ur_moveit_config
[0.525s] -- Up-to-date: /home/coro/ros2_ws/src/install/ur_moveit_config/share/ur_moveit_config/cmake/ur_moveit_configConfig.cmake
[0.525s] -- Up-to-date: /home/coro/ros2_ws/src/install/ur_moveit_config/share/ur_moveit_config/cmake/ur_moveit_configConfig-version.cmake
[0.525s] -- Up-to-date: /home/coro/ros2_ws/src/install/ur_moveit_config/share/ur_moveit_config/package.xml
[0.527s] Invoked command in '/home/coro/ros2_ws/src/build/ur_moveit_config' returned '0': AMENT_PREFIX_PATH=/home/coro/ros2_ws/src/install/ur_description:${AMENT_PREFIX_PATH} CMAKE_PREFIX_PATH=/home/coro/ros2_ws/src/install/ur_description:/opt/ros/humble /usr/bin/cmake --install /home/coro/ros2_ws/src/build/ur_moveit_config
