[0.020s] Invoking command in '/home/coro/ros2_ws/build/a0912_moveit_config': CMAKE_PREFIX_PATH=/opt/ros/humble /home/coro/.local/bin/cmake /home/coro/ros2_ws/src/doosan-robot2/dsr_moveit2/a0912_moveit_config -DCMAKE_INSTALL_PREFIX=/home/coro/ros2_ws/install/a0912_moveit_config
[0.115s] -- The C compiler identification is GNU 11.4.0
[0.193s] -- The CXX compiler identification is GNU 11.4.0
[0.200s] -- Detecting C compiler ABI info
[0.239s] -- Detecting C compiler ABI info - done
[0.244s] -- Check for working C compiler: /usr/bin/cc - skipped
[0.245s] -- Detecting C compile features
[0.245s] -- Detecting C compile features - done
[0.247s] -- Detecting CXX compiler ABI info
[0.287s] -- Detecting CXX compiler ABI info - done
[0.295s] -- Check for working CXX compiler: /usr/bin/c++ - skipped
[0.295s] -- Detecting CXX compile features
[0.296s] -- Detecting CXX compile features - done
[0.297s] -- Found ament_cmake: 1.3.9 (/opt/ros/humble/share/ament_cmake/cmake)
[0.534s] -- Found Python3: /usr/bin/python3 (found version "3.10.12") found components: Interpreter 
[0.630s] -- Configuring done
[0.631s] -- Generating done
[0.632s] -- Build files have been written to: /home/coro/ros2_ws/build/a0912_moveit_config
[0.638s] Invoked command in '/home/coro/ros2_ws/build/a0912_moveit_config' returned '0': CMAKE_PREFIX_PATH=/opt/ros/humble /home/coro/.local/bin/cmake /home/coro/ros2_ws/src/doosan-robot2/dsr_moveit2/a0912_moveit_config -DCMAKE_INSTALL_PREFIX=/home/coro/ros2_ws/install/a0912_moveit_config
[0.639s] Invoking command in '/home/coro/ros2_ws/build/a0912_moveit_config': CMAKE_PREFIX_PATH=/opt/ros/humble /home/coro/.local/bin/cmake --build /home/coro/ros2_ws/build/a0912_moveit_config -- -j20 -l20
[0.670s] Invoked command in '/home/coro/ros2_ws/build/a0912_moveit_config' returned '0': CMAKE_PREFIX_PATH=/opt/ros/humble /home/coro/.local/bin/cmake --build /home/coro/ros2_ws/build/a0912_moveit_config -- -j20 -l20
