[0.316s] Invoking command in '/home/coro/ros2_ws/src/velocity_pub': PYTHONPATH=/home/coro/ros2_ws/src/build/velocity_pub/prefix_override:/home/coro/ros2_ws/src/install/velocity_pub/lib/python3.10/site-packages:${PYTHONPATH} /usr/bin/python3 -W ignore:setup.py install is deprecated setup.py egg_info --egg-base ../build/velocity_pub build --build-base /home/coro/ros2_ws/src/build/velocity_pub/build install --record /home/coro/ros2_ws/src/build/velocity_pub/install.log --single-version-externally-managed install_data
[0.422s] running egg_info
[0.422s] creating ../build/velocity_pub/velocity_pub.egg-info
[0.428s] writing ../build/velocity_pub/velocity_pub.egg-info/PKG-INFO
[0.428s] writing dependency_links to ../build/velocity_pub/velocity_pub.egg-info/dependency_links.txt
[0.428s] writing requirements to ../build/velocity_pub/velocity_pub.egg-info/requires.txt
[0.428s] writing top-level names to ../build/velocity_pub/velocity_pub.egg-info/top_level.txt
[0.428s] writing manifest file '../build/velocity_pub/velocity_pub.egg-info/SOURCES.txt'
[2.014s] reading manifest file '../build/velocity_pub/velocity_pub.egg-info/SOURCES.txt'
[2.015s] writing manifest file '../build/velocity_pub/velocity_pub.egg-info/SOURCES.txt'
[2.015s] running build
[2.015s] running build_py
[2.015s] creating /home/coro/ros2_ws/src/build/velocity_pub/build
[2.015s] creating /home/coro/ros2_ws/src/build/velocity_pub/build/lib
[2.015s] creating /home/coro/ros2_ws/src/build/velocity_pub/build/lib/velocity_pub
[2.015s] copying velocity_pub/__init__.py -> /home/coro/ros2_ws/src/build/velocity_pub/build/lib/velocity_pub
[2.015s] running install
[2.018s] running install_lib
[2.026s] creating /home/coro/ros2_ws/src/install/velocity_pub/lib/python3.10/site-packages/velocity_pub
[2.026s] copying /home/coro/ros2_ws/src/build/velocity_pub/build/lib/velocity_pub/__init__.py -> /home/coro/ros2_ws/src/install/velocity_pub/lib/python3.10/site-packages/velocity_pub
[2.026s] byte-compiling /home/coro/ros2_ws/src/install/velocity_pub/lib/python3.10/site-packages/velocity_pub/__init__.py to __init__.cpython-310.pyc
[2.026s] running install_data
[2.027s] creating /home/coro/ros2_ws/src/install/velocity_pub/share/ament_index
[2.027s] creating /home/coro/ros2_ws/src/install/velocity_pub/share/ament_index/resource_index
[2.027s] creating /home/coro/ros2_ws/src/install/velocity_pub/share/ament_index/resource_index/packages
[2.027s] copying resource/velocity_pub -> /home/coro/ros2_ws/src/install/velocity_pub/share/ament_index/resource_index/packages
[2.027s] copying package.xml -> /home/coro/ros2_ws/src/install/velocity_pub/share/velocity_pub
[2.027s] running install_egg_info
[2.033s] Copying ../build/velocity_pub/velocity_pub.egg-info to /home/coro/ros2_ws/src/install/velocity_pub/lib/python3.10/site-packages/velocity_pub-0.0.0-py3.10.egg-info
[2.033s] running install_scripts
[2.085s] writing list of installed files to '/home/coro/ros2_ws/src/build/velocity_pub/install.log'
[2.097s] Invoked command in '/home/coro/ros2_ws/src/velocity_pub' returned '0': PYTHONPATH=/home/coro/ros2_ws/src/build/velocity_pub/prefix_override:/home/coro/ros2_ws/src/install/velocity_pub/lib/python3.10/site-packages:${PYTHONPATH} /usr/bin/python3 -W ignore:setup.py install is deprecated setup.py egg_info --egg-base ../build/velocity_pub build --build-base /home/coro/ros2_ws/src/build/velocity_pub/build install --record /home/coro/ros2_ws/src/build/velocity_pub/install.log --single-version-externally-managed install_data
