[0.013s] Invoking command in '/home/coro/ros2_ws/src/build/dsr_description2': CMAKE_PREFIX_PATH=/opt/ros/humble /usr/bin/cmake /home/coro/ros2_ws/src/doosan-robot2/dsr_description2 -DCMAKE_INSTALL_PREFIX=/home/coro/ros2_ws/src/install/dsr_description2
[0.136s] -- The C compiler identification is GNU 11.4.0
[0.146s] -- The CXX compiler identification is GNU 11.4.0
[0.152s] -- Detecting C compiler ABI info
[0.195s] -- Detecting C compiler ABI info - done
[0.200s] -- Check for working C compiler: /usr/bin/cc - skipped
[0.200s] -- Detecting C compile features
[0.200s] -- Detecting C compile features - done
[0.203s] -- Detecting CXX compiler ABI info
[0.249s] -- Detecting CXX compiler ABI info - done
[0.253s] -- Check for working CXX compiler: /usr/bin/c++ - skipped
[0.253s] -- Detecting CXX compile features
[0.253s] -- Detecting CXX compile features - done
[0.268s] -- Found ament_cmake: 1.3.8 (/opt/ros/humble/share/ament_cmake/cmake)
[0.490s] -- Found Python3: /usr/bin/python3 (found version "3.10.12") found components: Interpreter 
[0.647s] -- Configuring done
[0.648s] -- Generating done
[0.648s] -- Build files have been written to: /home/coro/ros2_ws/src/build/dsr_description2
[1.291s] Invoked command in '/home/coro/ros2_ws/src/build/dsr_description2' returned '0': CMAKE_PREFIX_PATH=/opt/ros/humble /usr/bin/cmake /home/coro/ros2_ws/src/doosan-robot2/dsr_description2 -DCMAKE_INSTALL_PREFIX=/home/coro/ros2_ws/src/install/dsr_description2
[1.292s] Invoking command in '/home/coro/ros2_ws/src/build/dsr_description2': CMAKE_PREFIX_PATH=/opt/ros/humble /usr/bin/cmake --build /home/coro/ros2_ws/src/build/dsr_description2 -- -j20 -l20
[1.313s] Invoked command in '/home/coro/ros2_ws/src/build/dsr_description2' returned '0': CMAKE_PREFIX_PATH=/opt/ros/humble /usr/bin/cmake --build /home/coro/ros2_ws/src/build/dsr_description2 -- -j20 -l20
[1.331s] Invoking command in '/home/coro/ros2_ws/src/build/dsr_description2': CMAKE_PREFIX_PATH=/opt/ros/humble /usr/bin/cmake --install /home/coro/ros2_ws/src/build/dsr_description2
[1.337s] -- Install configuration: ""
[1.337s] -- Installing: /home/coro/ros2_ws/src/install/dsr_description2/share/ament_index/resource_index/package_run_dependencies/dsr_description2
[1.337s] -- Installing: /home/coro/ros2_ws/src/install/dsr_description2/share/ament_index/resource_index/parent_prefix_path/dsr_description2
[1.337s] -- Installing: /home/coro/ros2_ws/src/install/dsr_description2/share/dsr_description2/environment/ament_prefix_path.sh
[1.337s] -- Installing: /home/coro/ros2_ws/src/install/dsr_description2/share/dsr_description2/environment/ament_prefix_path.dsv
[1.338s] -- Installing: /home/coro/ros2_ws/src/install/dsr_description2/share/dsr_description2/environment/path.sh
[1.338s] -- Installing: /home/coro/ros2_ws/src/install/dsr_description2/share/dsr_description2/environment/path.dsv
[1.338s] -- Installing: /home/coro/ros2_ws/src/install/dsr_description2/share/dsr_description2/local_setup.bash
[1.338s] -- Installing: /home/coro/ros2_ws/src/install/dsr_description2/share/dsr_description2/local_setup.sh
[1.338s] -- Installing: /home/coro/ros2_ws/src/install/dsr_description2/share/dsr_description2/local_setup.zsh
[1.338s] -- Installing: /home/coro/ros2_ws/src/install/dsr_description2/share/dsr_description2/local_setup.dsv
[1.338s] -- Installing: /home/coro/ros2_ws/src/install/dsr_description2/share/dsr_description2/package.dsv
[1.338s] -- Installing: /home/coro/ros2_ws/src/install/dsr_description2/share/ament_index/resource_index/packages/dsr_description2
[1.339s] -- Installing: /home/coro/ros2_ws/src/install/dsr_description2/share/dsr_description2/cmake/dsr_description2Config.cmake
[1.339s] -- Installing: /home/coro/ros2_ws/src/install/dsr_description2/share/dsr_description2/cmake/dsr_description2Config-version.cmake
[1.339s] -- Installing: /home/coro/ros2_ws/src/install/dsr_description2/share/dsr_description2/package.xml
[1.339s] -- Installing: /home/coro/ros2_ws/src/install/dsr_description2/share/dsr_description2/meshes
[1.340s] -- Installing: /home/coro/ros2_ws/src/install/dsr_description2/share/dsr_description2/meshes/m1509_collision
[1.340s] -- Installing: /home/coro/ros2_ws/src/install/dsr_description2/share/dsr_description2/meshes/m1509_collision/MF1509_5_0.dae
[1.341s] -- Installing: /home/coro/ros2_ws/src/install/dsr_description2/share/dsr_description2/meshes/m1509_collision/MF1509_1_0.dae
[1.341s] -- Installing: /home/coro/ros2_ws/src/install/dsr_description2/share/dsr_description2/meshes/m1509_collision/MF1509_4_1.dae
[1.342s] -- Installing: /home/coro/ros2_ws/src/install/dsr_description2/share/dsr_description2/meshes/m1509_collision/MF1509_2_1.dae
[1.344s] -- Installing: /home/coro/ros2_ws/src/install/dsr_description2/share/dsr_description2/meshes/m1509_collision/MF1509_0_0.dae
[1.345s] -- Installing: /home/coro/ros2_ws/src/install/dsr_description2/share/dsr_description2/meshes/m1509_collision/MF1509_3_0.dae
[1.346s] -- Installing: /home/coro/ros2_ws/src/install/dsr_description2/share/dsr_description2/meshes/m1509_collision/MF1509_2_2.dae
[1.346s] -- Installing: /home/coro/ros2_ws/src/install/dsr_description2/share/dsr_description2/meshes/m1509_collision/MF1509_4_0.dae
[1.347s] -- Installing: /home/coro/ros2_ws/src/install/dsr_description2/share/dsr_description2/meshes/m1509_collision/MF1509_2_0.dae
[1.347s] -- Installing: /home/coro/ros2_ws/src/install/dsr_description2/share/dsr_description2/meshes/m1509_collision/MF1509_6_0.dae
[1.348s] -- Installing: /home/coro/ros2_ws/src/install/dsr_description2/share/dsr_description2/meshes/h2515_white
[1.348s] -- Installing: /home/coro/ros2_ws/src/install/dsr_description2/share/dsr_description2/meshes/h2515_white/H2515_2_1.dae
[1.351s] -- Installing: /home/coro/ros2_ws/src/install/dsr_description2/share/dsr_description2/meshes/h2515_white/H2515_3_0.dae
[1.353s] -- Installing: /home/coro/ros2_ws/src/install/dsr_description2/share/dsr_description2/meshes/h2515_white/H2515_2_0.dae
[1.354s] -- Installing: /home/coro/ros2_ws/src/install/dsr_description2/share/dsr_description2/meshes/h2515_white/H2515_4_1.dae
[1.355s] -- Installing: /home/coro/ros2_ws/src/install/dsr_description2/share/dsr_description2/meshes/h2515_white/H2515_1_0.dae
[1.357s] -- Installing: /home/coro/ros2_ws/src/install/dsr_description2/share/dsr_description2/meshes/h2515_white/H2515_4_0.dae
[1.358s] -- Installing: /home/coro/ros2_ws/src/install/dsr_description2/share/dsr_description2/meshes/h2515_white/H2515_2_2.dae
[1.360s] -- Installing: /home/coro/ros2_ws/src/install/dsr_description2/share/dsr_description2/meshes/h2515_white/H2515_5_0.dae
[1.361s] -- Installing: /home/coro/ros2_ws/src/install/dsr_description2/share/dsr_description2/meshes/h2515_white/H2515_6_0.dae
[1.362s] -- Installing: /home/coro/ros2_ws/src/install/dsr_description2/share/dsr_description2/meshes/h2515_white/H2515_0_0.dae
[1.363s] -- Installing: /home/coro/ros2_ws/src/install/dsr_description2/share/dsr_description2/meshes/a0912_collision
[1.363s] -- Installing: /home/coro/ros2_ws/src/install/dsr_description2/share/dsr_description2/meshes/a0912_collision/A0912_0_0.dae
[1.365s] -- Installing: /home/coro/ros2_ws/src/install/dsr_description2/share/dsr_description2/meshes/a0912_collision/A0912_3_0.dae
[1.365s] -- Installing: /home/coro/ros2_ws/src/install/dsr_description2/share/dsr_description2/meshes/a0912_collision/A0912_6_0.dae
[1.367s] -- Installing: /home/coro/ros2_ws/src/install/dsr_description2/share/dsr_description2/meshes/a0912_collision/A0912_2_1.dae
[1.370s] -- Installing: /home/coro/ros2_ws/src/install/dsr_description2/share/dsr_description2/meshes/a0912_collision/A0912_2_0.dae
[1.373s] -- Installing: /home/coro/ros2_ws/src/install/dsr_description2/share/dsr_description2/meshes/a0912_collision/A0912_4_0.dae
[1.373s] -- Installing: /home/coro/ros2_ws/src/install/dsr_description2/share/dsr_description2/meshes/a0912_collision/A0912_5_1.dae
[1.375s] -- Installing: /home/coro/ros2_ws/src/install/dsr_description2/share/dsr_description2/meshes/a0912_collision/A0912_1_0.dae
[1.376s] -- Installing: /home/coro/ros2_ws/src/install/dsr_description2/share/dsr_description2/meshes/a0912_collision/A0912_1_1.dae
[1.378s] -- Installing: /home/coro/ros2_ws/src/install/dsr_description2/share/dsr_description2/meshes/a0912_collision/A0912_1_2.dae
[1.379s] -- Installing: /home/coro/ros2_ws/src/install/dsr_description2/share/dsr_description2/meshes/a0912_collision/A0912_5_0.dae
[1.379s] -- Installing: /home/coro/ros2_ws/src/install/dsr_description2/share/dsr_description2/meshes/a0912_collision/A0912_4_1.dae
[1.381s] -- Installing: /home/coro/ros2_ws/src/install/dsr_description2/share/dsr_description2/meshes/a0912_collision/A0912_3_1.dae
[1.382s] -- Installing: /home/coro/ros2_ws/src/install/dsr_description2/share/dsr_description2/meshes/a0912_collision/A0912_2_2.dae
[1.384s] -- Installing: /home/coro/ros2_ws/src/install/dsr_description2/share/dsr_description2/meshes/m1509_blue
[1.384s] -- Installing: /home/coro/ros2_ws/src/install/dsr_description2/share/dsr_description2/meshes/m1509_blue/MF1509_5_0.dae
[1.384s] -- Installing: /home/coro/ros2_ws/src/install/dsr_description2/share/dsr_description2/meshes/m1509_blue/MF1509_1_0.dae
[1.385s] -- Installing: /home/coro/ros2_ws/src/install/dsr_description2/share/dsr_description2/meshes/m1509_blue/MF1509_4_1.dae
[1.386s] -- Installing: /home/coro/ros2_ws/src/install/dsr_description2/share/dsr_description2/meshes/m1509_blue/MF1509_2_1.dae
[1.389s] -- Installing: /home/coro/ros2_ws/src/install/dsr_description2/share/dsr_description2/meshes/m1509_blue/MF1509_0_0.dae
[1.390s] -- Installing: /home/coro/ros2_ws/src/install/dsr_description2/share/dsr_description2/meshes/m1509_blue/MF1509_3_0.dae
[1.391s] -- Installing: /home/coro/ros2_ws/src/install/dsr_description2/share/dsr_description2/meshes/m1509_blue/MF1509_2_2.dae
[1.391s] -- Installing: /home/coro/ros2_ws/src/install/dsr_description2/share/dsr_description2/meshes/m1509_blue/MF1509_4_0.dae
[1.392s] -- Installing: /home/coro/ros2_ws/src/install/dsr_description2/share/dsr_description2/meshes/m1509_blue/MF1509_2_0.dae
[1.392s] -- Installing: /home/coro/ros2_ws/src/install/dsr_description2/share/dsr_description2/meshes/m1509_blue/MF1509_6_0.dae
[1.393s] -- Installing: /home/coro/ros2_ws/src/install/dsr_description2/share/dsr_description2/meshes/a0509_white
[1.393s] -- Installing: /home/coro/ros2_ws/src/install/dsr_description2/share/dsr_description2/meshes/a0509_white/A0509_0_0.dae
[1.394s] -- Installing: /home/coro/ros2_ws/src/install/dsr_description2/share/dsr_description2/meshes/a0509_white/A0509_3_0.dae
[1.395s] -- Installing: /home/coro/ros2_ws/src/install/dsr_description2/share/dsr_description2/meshes/a0509_white/A0509_4_1.dae
[1.396s] -- Installing: /home/coro/ros2_ws/src/install/dsr_description2/share/dsr_description2/meshes/a0509_white/A0509_6_0.dae
[1.397s] -- Installing: /home/coro/ros2_ws/src/install/dsr_description2/share/dsr_description2/meshes/a0509_white/A0509_2_1.dae
[1.399s] -- Installing: /home/coro/ros2_ws/src/install/dsr_description2/share/dsr_description2/meshes/a0509_white/A0509_4_0.dae
[1.400s] -- Installing: /home/coro/ros2_ws/src/install/dsr_description2/share/dsr_description2/meshes/a0509_white/A0509_2_2.dae
[1.402s] -- Installing: /home/coro/ros2_ws/src/install/dsr_description2/share/dsr_description2/meshes/a0509_white/A0509_5_0.dae
[1.402s] -- Installing: /home/coro/ros2_ws/src/install/dsr_description2/share/dsr_description2/meshes/a0509_white/A0509_3_1.dae
[1.403s] -- Installing: /home/coro/ros2_ws/src/install/dsr_description2/share/dsr_description2/meshes/a0509_white/A0509_5_1.dae
[1.404s] -- Installing: /home/coro/ros2_ws/src/install/dsr_description2/share/dsr_description2/meshes/a0509_white/A0509_1_2.dae
[1.405s] -- Installing: /home/coro/ros2_ws/src/install/dsr_description2/share/dsr_description2/meshes/a0509_white/A0509_2_0.dae
[1.406s] -- Installing: /home/coro/ros2_ws/src/install/dsr_description2/share/dsr_description2/meshes/a0509_white/A0509_1_1.dae
[1.407s] -- Installing: /home/coro/ros2_ws/src/install/dsr_description2/share/dsr_description2/meshes/a0509_white/A0509_1_0.dae
[1.408s] -- Installing: /home/coro/ros2_ws/src/install/dsr_description2/share/dsr_description2/meshes/e0509_collision
[1.408s] -- Installing: /home/coro/ros2_ws/src/install/dsr_description2/share/dsr_description2/meshes/e0509_collision/E0509_1_3.dae
[1.408s] -- Installing: /home/coro/ros2_ws/src/install/dsr_description2/share/dsr_description2/meshes/e0509_collision/E0509_1_2.dae
[1.411s] -- Installing: /home/coro/ros2_ws/src/install/dsr_description2/share/dsr_description2/meshes/e0509_collision/E0509_4_2.dae
[1.411s] -- Installing: /home/coro/ros2_ws/src/install/dsr_description2/share/dsr_description2/meshes/e0509_collision/E0509_1_4.dae
[1.411s] -- Installing: /home/coro/ros2_ws/src/install/dsr_description2/share/dsr_description2/meshes/e0509_collision/E0509_5_1.dae
[1.413s] -- Installing: /home/coro/ros2_ws/src/install/dsr_description2/share/dsr_description2/meshes/e0509_collision/E0509_6_1.dae
[1.414s] -- Installing: /home/coro/ros2_ws/src/install/dsr_description2/share/dsr_description2/meshes/e0509_collision/E0509_2_1.dae
[1.417s] -- Installing: /home/coro/ros2_ws/src/install/dsr_description2/share/dsr_description2/meshes/e0509_collision/E0509_5_2.dae
[1.418s] -- Installing: /home/coro/ros2_ws/src/install/dsr_description2/share/dsr_description2/meshes/e0509_collision/E0509_0_0.dae
[1.420s] -- Installing: /home/coro/ros2_ws/src/install/dsr_description2/share/dsr_description2/meshes/e0509_collision/E0509_1_1.dae
[1.421s] -- Installing: /home/coro/ros2_ws/src/install/dsr_description2/share/dsr_description2/meshes/e0509_collision/E0509_3_1.dae
[1.423s] -- Installing: /home/coro/ros2_ws/src/install/dsr_description2/share/dsr_description2/meshes/e0509_collision/E0509_3_2.dae
[1.424s] -- Installing: /home/coro/ros2_ws/src/install/dsr_description2/share/dsr_description2/meshes/e0509_collision/E0509_2_2.dae
[1.425s] -- Installing: /home/coro/ros2_ws/src/install/dsr_description2/share/dsr_description2/meshes/e0509_collision/E0509_4_1.dae
[1.430s] -- Installing: /home/coro/ros2_ws/src/install/dsr_description2/share/dsr_description2/meshes/h2017_collision
[1.430s] -- Installing: /home/coro/ros2_ws/src/install/dsr_description2/share/dsr_description2/meshes/h2017_collision/H2017_2_0.dae
[1.434s] -- Installing: /home/coro/ros2_ws/src/install/dsr_description2/share/dsr_description2/meshes/h2017_collision/H2017_4_1.dae
[1.437s] -- Installing: /home/coro/ros2_ws/src/install/dsr_description2/share/dsr_description2/meshes/h2017_collision/H2017_3_0.dae
[1.442s] -- Installing: /home/coro/ros2_ws/src/install/dsr_description2/share/dsr_description2/meshes/h2017_collision/H2017_6_0.dae
[1.443s] -- Installing: /home/coro/ros2_ws/src/install/dsr_description2/share/dsr_description2/meshes/h2017_collision/H2017_1_0.dae
[1.450s] -- Installing: /home/coro/ros2_ws/src/install/dsr_description2/share/dsr_description2/meshes/h2017_collision/H2017_0_0.dae
[1.454s] -- Installing: /home/coro/ros2_ws/src/install/dsr_description2/share/dsr_description2/meshes/h2017_collision/H2017_2_1.dae
[1.461s] -- Installing: /home/coro/ros2_ws/src/install/dsr_description2/share/dsr_description2/meshes/h2017_collision/H2017_5_0.dae
[1.465s] -- Installing: /home/coro/ros2_ws/src/install/dsr_description2/share/dsr_description2/meshes/h2017_collision/H2017_2_2.dae
[1.466s] -- Installing: /home/coro/ros2_ws/src/install/dsr_description2/share/dsr_description2/meshes/h2017_collision/H2017_4_0.dae
[1.467s] -- Installing: /home/coro/ros2_ws/src/install/dsr_description2/share/dsr_description2/meshes/e0509_white
[1.467s] -- Installing: /home/coro/ros2_ws/src/install/dsr_description2/share/dsr_description2/meshes/e0509_white/E0509_1_3.dae
[1.468s] -- Installing: /home/coro/ros2_ws/src/install/dsr_description2/share/dsr_description2/meshes/e0509_white/E0509_1_2.dae
[1.470s] -- Installing: /home/coro/ros2_ws/src/install/dsr_description2/share/dsr_description2/meshes/e0509_white/E0509_4_2.dae
[1.470s] -- Installing: /home/coro/ros2_ws/src/install/dsr_description2/share/dsr_description2/meshes/e0509_white/E0509_1_4.dae
[1.470s] -- Installing: /home/coro/ros2_ws/src/install/dsr_description2/share/dsr_description2/meshes/e0509_white/E0509_5_1.dae
[1.472s] -- Installing: /home/coro/ros2_ws/src/install/dsr_description2/share/dsr_description2/meshes/e0509_white/E0509_6_1.dae
[1.473s] -- Installing: /home/coro/ros2_ws/src/install/dsr_description2/share/dsr_description2/meshes/e0509_white/E0509_2_1.dae
[1.475s] -- Installing: /home/coro/ros2_ws/src/install/dsr_description2/share/dsr_description2/meshes/e0509_white/E0509_5_2.dae
[1.476s] -- Installing: /home/coro/ros2_ws/src/install/dsr_description2/share/dsr_description2/meshes/e0509_white/E0509_0_0.dae
[1.477s] -- Installing: /home/coro/ros2_ws/src/install/dsr_description2/share/dsr_description2/meshes/e0509_white/E0509_1_1.dae
[1.477s] -- Installing: /home/coro/ros2_ws/src/install/dsr_description2/share/dsr_description2/meshes/e0509_white/E0509_3_1.dae
[1.479s] -- Installing: /home/coro/ros2_ws/src/install/dsr_description2/share/dsr_description2/meshes/e0509_white/E0509_3_2.dae
[1.480s] -- Installing: /home/coro/ros2_ws/src/install/dsr_description2/share/dsr_description2/meshes/e0509_white/E0509_2_2.dae
[1.480s] -- Installing: /home/coro/ros2_ws/src/install/dsr_description2/share/dsr_description2/meshes/e0509_white/E0509_4_1.dae
[1.482s] -- Installing: /home/coro/ros2_ws/src/install/dsr_description2/share/dsr_description2/meshes/h2017_white
[1.482s] -- Installing: /home/coro/ros2_ws/src/install/dsr_description2/share/dsr_description2/meshes/h2017_white/H2017_2_0.dae
[1.484s] -- Installing: /home/coro/ros2_ws/src/install/dsr_description2/share/dsr_description2/meshes/h2017_white/H2017_4_1.dae
[1.485s] -- Installing: /home/coro/ros2_ws/src/install/dsr_description2/share/dsr_description2/meshes/h2017_white/H2017_3_0.dae
[1.487s] -- Installing: /home/coro/ros2_ws/src/install/dsr_description2/share/dsr_description2/meshes/h2017_white/H2017_6_0.dae
[1.487s] -- Installing: /home/coro/ros2_ws/src/install/dsr_description2/share/dsr_description2/meshes/h2017_white/H2017_1_0.dae
[1.489s] -- Installing: /home/coro/ros2_ws/src/install/dsr_description2/share/dsr_description2/meshes/h2017_white/H2017_0_0.dae
[1.490s] -- Installing: /home/coro/ros2_ws/src/install/dsr_description2/share/dsr_description2/meshes/h2017_white/H2017_2_1.dae
[1.492s] -- Installing: /home/coro/ros2_ws/src/install/dsr_description2/share/dsr_description2/meshes/h2017_white/H2017_5_0.dae
[1.494s] -- Installing: /home/coro/ros2_ws/src/install/dsr_description2/share/dsr_description2/meshes/h2017_white/H2017_2_2.dae
[1.495s] -- Installing: /home/coro/ros2_ws/src/install/dsr_description2/share/dsr_description2/meshes/h2017_white/H2017_4_0.dae
[1.497s] -- Installing: /home/coro/ros2_ws/src/install/dsr_description2/share/dsr_description2/meshes/m0609_collision
[1.497s] -- Installing: /home/coro/ros2_ws/src/install/dsr_description2/share/dsr_description2/meshes/m0609_collision/MF0609_0_0.dae
[1.498s] -- Installing: /home/coro/ros2_ws/src/install/dsr_description2/share/dsr_description2/meshes/m0609_collision/MF0609_4_0.dae
[1.499s] -- Installing: /home/coro/ros2_ws/src/install/dsr_description2/share/dsr_description2/meshes/m0609_collision/MF0609_3_0.dae
[1.500s] -- Installing: /home/coro/ros2_ws/src/install/dsr_description2/share/dsr_description2/meshes/m0609_collision/MF0609_2_0.dae
[1.500s] -- Installing: /home/coro/ros2_ws/src/install/dsr_description2/share/dsr_description2/meshes/m0609_collision/MF0609_6_0.dae
[1.501s] -- Installing: /home/coro/ros2_ws/src/install/dsr_description2/share/dsr_description2/meshes/m0609_collision/MF0609_4_1.dae
[1.502s] -- Installing: /home/coro/ros2_ws/src/install/dsr_description2/share/dsr_description2/meshes/m0609_collision/MF0609_1_0.dae
[1.503s] -- Installing: /home/coro/ros2_ws/src/install/dsr_description2/share/dsr_description2/meshes/m0609_collision/MF0609_5_0.dae
[1.504s] -- Installing: /home/coro/ros2_ws/src/install/dsr_description2/share/dsr_description2/meshes/m0609_collision/MF0609_2_1.dae
[1.507s] -- Installing: /home/coro/ros2_ws/src/install/dsr_description2/share/dsr_description2/meshes/m0609_collision/MF0609_2_2.dae
[1.507s] -- Installing: /home/coro/ros2_ws/src/install/dsr_description2/share/dsr_description2/meshes/a0912_blue
[1.508s] -- Installing: /home/coro/ros2_ws/src/install/dsr_description2/share/dsr_description2/meshes/a0912_blue/A0912_0_0.dae
[1.509s] -- Installing: /home/coro/ros2_ws/src/install/dsr_description2/share/dsr_description2/meshes/a0912_blue/A0912_3_0.dae
[1.509s] -- Installing: /home/coro/ros2_ws/src/install/dsr_description2/share/dsr_description2/meshes/a0912_blue/A0912_6_0.dae
[1.510s] -- Installing: /home/coro/ros2_ws/src/install/dsr_description2/share/dsr_description2/meshes/a0912_blue/A0912_2_1.dae
[1.513s] -- Installing: /home/coro/ros2_ws/src/install/dsr_description2/share/dsr_description2/meshes/a0912_blue/A0912_2_0.dae
[1.515s] -- Installing: /home/coro/ros2_ws/src/install/dsr_description2/share/dsr_description2/meshes/a0912_blue/A0912_4_0.dae
[1.515s] -- Installing: /home/coro/ros2_ws/src/install/dsr_description2/share/dsr_description2/meshes/a0912_blue/A0912_5_1.dae
[1.517s] -- Installing: /home/coro/ros2_ws/src/install/dsr_description2/share/dsr_description2/meshes/a0912_blue/A0912_1_0.dae
[1.517s] -- Installing: /home/coro/ros2_ws/src/install/dsr_description2/share/dsr_description2/meshes/a0912_blue/A0912_1_1.dae
[1.519s] -- Installing: /home/coro/ros2_ws/src/install/dsr_description2/share/dsr_description2/meshes/a0912_blue/A0912_1_2.dae
[1.519s] -- Installing: /home/coro/ros2_ws/src/install/dsr_description2/share/dsr_description2/meshes/a0912_blue/A0912_5_0.dae
[1.520s] -- Installing: /home/coro/ros2_ws/src/install/dsr_description2/share/dsr_description2/meshes/a0912_blue/A0912_4_1.dae
[1.521s] -- Installing: /home/coro/ros2_ws/src/install/dsr_description2/share/dsr_description2/meshes/a0912_blue/A0912_3_1.dae
[1.522s] -- Installing: /home/coro/ros2_ws/src/install/dsr_description2/share/dsr_description2/meshes/a0912_blue/A0912_2_2.dae
[1.523s] -- Installing: /home/coro/ros2_ws/src/install/dsr_description2/share/dsr_description2/meshes/mobile
[1.523s] -- Installing: /home/coro/ros2_ws/src/install/dsr_description2/share/dsr_description2/meshes/mobile/large_top_plate.dae
[1.523s] -- Installing: /home/coro/ros2_ws/src/install/dsr_description2/share/dsr_description2/meshes/mobile/top_chassis.stl
[1.525s] -- Installing: /home/coro/ros2_ws/src/install/dsr_description2/share/dsr_description2/meshes/mobile/bumper.dae
[1.525s] -- Installing: /home/coro/ros2_ws/src/install/dsr_description2/share/dsr_description2/meshes/mobile/user_rail.dae
[1.526s] -- Installing: /home/coro/ros2_ws/src/install/dsr_description2/share/dsr_description2/meshes/mobile/base_link.stl
[1.527s] -- Installing: /home/coro/ros2_ws/src/install/dsr_description2/share/dsr_description2/meshes/mobile/top_chassis.dae
[1.529s] -- Installing: /home/coro/ros2_ws/src/install/dsr_description2/share/dsr_description2/meshes/mobile/large_top_plate_collision.stl
[1.529s] -- Installing: /home/coro/ros2_ws/src/install/dsr_description2/share/dsr_description2/meshes/mobile/wheel.dae
[1.531s] -- Installing: /home/coro/ros2_ws/src/install/dsr_description2/share/dsr_description2/meshes/mobile/user_rail.stl
[1.532s] -- Installing: /home/coro/ros2_ws/src/install/dsr_description2/share/dsr_description2/meshes/mobile/bumper.stl
[1.532s] -- Installing: /home/coro/ros2_ws/src/install/dsr_description2/share/dsr_description2/meshes/mobile/base_link.dae
[1.533s] -- Installing: /home/coro/ros2_ws/src/install/dsr_description2/share/dsr_description2/meshes/mobile/top_plate.dae
[1.533s] -- Installing: /home/coro/ros2_ws/src/install/dsr_description2/share/dsr_description2/meshes/mobile/wheel.stl
[1.535s] -- Installing: /home/coro/ros2_ws/src/install/dsr_description2/share/dsr_description2/meshes/mobile/top_plate.stl
[1.535s] -- Installing: /home/coro/ros2_ws/src/install/dsr_description2/share/dsr_description2/meshes/h2515_collision
[1.535s] -- Installing: /home/coro/ros2_ws/src/install/dsr_description2/share/dsr_description2/meshes/h2515_collision/H2515_2_1.dae
[1.538s] -- Installing: /home/coro/ros2_ws/src/install/dsr_description2/share/dsr_description2/meshes/h2515_collision/H2515_3_0.dae
[1.539s] -- Installing: /home/coro/ros2_ws/src/install/dsr_description2/share/dsr_description2/meshes/h2515_collision/H2515_2_0.dae
[1.540s] -- Installing: /home/coro/ros2_ws/src/install/dsr_description2/share/dsr_description2/meshes/h2515_collision/H2515_4_1.dae
[1.541s] -- Installing: /home/coro/ros2_ws/src/install/dsr_description2/share/dsr_description2/meshes/h2515_collision/H2515_1_0.dae
[1.542s] -- Installing: /home/coro/ros2_ws/src/install/dsr_description2/share/dsr_description2/meshes/h2515_collision/H2515_4_0.dae
[1.543s] -- Installing: /home/coro/ros2_ws/src/install/dsr_description2/share/dsr_description2/meshes/h2515_collision/H2515_2_2.dae
[1.545s] -- Installing: /home/coro/ros2_ws/src/install/dsr_description2/share/dsr_description2/meshes/h2515_collision/H2515_5_0.dae
[1.547s] -- Installing: /home/coro/ros2_ws/src/install/dsr_description2/share/dsr_description2/meshes/h2515_collision/H2515_6_0.dae
[1.548s] -- Installing: /home/coro/ros2_ws/src/install/dsr_description2/share/dsr_description2/meshes/h2515_collision/H2515_0_0.dae
[1.548s] -- Installing: /home/coro/ros2_ws/src/install/dsr_description2/share/dsr_description2/meshes/m1013_collision
[1.548s] -- Installing: /home/coro/ros2_ws/src/install/dsr_description2/share/dsr_description2/meshes/m1013_collision/MF1013_6_0.dae
[1.549s] -- Installing: /home/coro/ros2_ws/src/install/dsr_description2/share/dsr_description2/meshes/m1013_collision/MF1013_2_0.dae
[1.550s] -- Installing: /home/coro/ros2_ws/src/install/dsr_description2/share/dsr_description2/meshes/m1013_collision/MF1013_4_0.dae
[1.551s] -- Installing: /home/coro/ros2_ws/src/install/dsr_description2/share/dsr_description2/meshes/m1013_collision/MF1013_3_0.dae
[1.553s] -- Installing: /home/coro/ros2_ws/src/install/dsr_description2/share/dsr_description2/meshes/m1013_collision/MF1013_4_1.dae
[1.554s] -- Installing: /home/coro/ros2_ws/src/install/dsr_description2/share/dsr_description2/meshes/m1013_collision/MF1013_0_0.dae
[1.556s] -- Installing: /home/coro/ros2_ws/src/install/dsr_description2/share/dsr_description2/meshes/m1013_collision/MF1013_2_1.dae
[1.559s] -- Installing: /home/coro/ros2_ws/src/install/dsr_description2/share/dsr_description2/meshes/m1013_collision/MF1013_1_0.dae
[1.560s] -- Installing: /home/coro/ros2_ws/src/install/dsr_description2/share/dsr_description2/meshes/m1013_collision/MF1013_5_0.dae
[1.561s] -- Installing: /home/coro/ros2_ws/src/install/dsr_description2/share/dsr_description2/meshes/m1013_collision/MF1013_2_2.dae
[1.562s] -- Installing: /home/coro/ros2_ws/src/install/dsr_description2/share/dsr_description2/meshes/m1013_white
[1.563s] -- Installing: /home/coro/ros2_ws/src/install/dsr_description2/share/dsr_description2/meshes/m1013_white/MF1013_6_0.dae
[1.563s] -- Installing: /home/coro/ros2_ws/src/install/dsr_description2/share/dsr_description2/meshes/m1013_white/MF1013_2_0.dae
[1.565s] -- Installing: /home/coro/ros2_ws/src/install/dsr_description2/share/dsr_description2/meshes/m1013_white/MF1013_4_0.dae
[1.565s] -- Installing: /home/coro/ros2_ws/src/install/dsr_description2/share/dsr_description2/meshes/m1013_white/MF1013_3_0.dae
[1.567s] -- Installing: /home/coro/ros2_ws/src/install/dsr_description2/share/dsr_description2/meshes/m1013_white/MF1013_4_1.dae
[1.568s] -- Installing: /home/coro/ros2_ws/src/install/dsr_description2/share/dsr_description2/meshes/m1013_white/MF1013_0_0.dae
[1.570s] -- Installing: /home/coro/ros2_ws/src/install/dsr_description2/share/dsr_description2/meshes/m1013_white/MF1013_2_1.dae
[1.573s] -- Installing: /home/coro/ros2_ws/src/install/dsr_description2/share/dsr_description2/meshes/m1013_white/MF1013_1_0.dae
[1.574s] -- Installing: /home/coro/ros2_ws/src/install/dsr_description2/share/dsr_description2/meshes/m1013_white/MF1013_5_0.dae
[1.575s] -- Installing: /home/coro/ros2_ws/src/install/dsr_description2/share/dsr_description2/meshes/m1013_white/MF1013_2_2.dae
[1.576s] -- Installing: /home/coro/ros2_ws/src/install/dsr_description2/share/dsr_description2/meshes/h2017_blue
[1.576s] -- Installing: /home/coro/ros2_ws/src/install/dsr_description2/share/dsr_description2/meshes/h2017_blue/H2017_2_0.dae
[1.577s] -- Installing: /home/coro/ros2_ws/src/install/dsr_description2/share/dsr_description2/meshes/h2017_blue/H2017_4_1.dae
[1.578s] -- Installing: /home/coro/ros2_ws/src/install/dsr_description2/share/dsr_description2/meshes/h2017_blue/H2017_3_0.dae
[1.579s] -- Installing: /home/coro/ros2_ws/src/install/dsr_description2/share/dsr_description2/meshes/h2017_blue/H2017_6_0.dae
[1.580s] -- Installing: /home/coro/ros2_ws/src/install/dsr_description2/share/dsr_description2/meshes/h2017_blue/H2017_1_0.dae
[1.581s] -- Installing: /home/coro/ros2_ws/src/install/dsr_description2/share/dsr_description2/meshes/h2017_blue/H2017_0_0.dae
[1.581s] -- Installing: /home/coro/ros2_ws/src/install/dsr_description2/share/dsr_description2/meshes/h2017_blue/H2017_2_1.dae
[1.584s] -- Installing: /home/coro/ros2_ws/src/install/dsr_description2/share/dsr_description2/meshes/h2017_blue/H2017_5_0.dae
[1.585s] -- Installing: /home/coro/ros2_ws/src/install/dsr_description2/share/dsr_description2/meshes/h2017_blue/H2017_2_2.dae
[1.586s] -- Installing: /home/coro/ros2_ws/src/install/dsr_description2/share/dsr_description2/meshes/h2017_blue/H2017_4_0.dae
[1.587s] -- Installing: /home/coro/ros2_ws/src/install/dsr_description2/share/dsr_description2/meshes/a0509_blue
[1.587s] -- Installing: /home/coro/ros2_ws/src/install/dsr_description2/share/dsr_description2/meshes/a0509_blue/A0509_0_0.dae
[1.588s] -- Installing: /home/coro/ros2_ws/src/install/dsr_description2/share/dsr_description2/meshes/a0509_blue/A0509_3_0.dae
[1.588s] -- Installing: /home/coro/ros2_ws/src/install/dsr_description2/share/dsr_description2/meshes/a0509_blue/A0509_4_1.dae
[1.589s] -- Installing: /home/coro/ros2_ws/src/install/dsr_description2/share/dsr_description2/meshes/a0509_blue/A0509_6_0.dae
[1.590s] -- Installing: /home/coro/ros2_ws/src/install/dsr_description2/share/dsr_description2/meshes/a0509_blue/A0509_2_1.dae
[1.592s] -- Installing: /home/coro/ros2_ws/src/install/dsr_description2/share/dsr_description2/meshes/a0509_blue/A0509_4_0.dae
[1.593s] -- Installing: /home/coro/ros2_ws/src/install/dsr_description2/share/dsr_description2/meshes/a0509_blue/A0509_2_2.dae
[1.594s] -- Installing: /home/coro/ros2_ws/src/install/dsr_description2/share/dsr_description2/meshes/a0509_blue/A0509_5_0.dae
[1.594s] -- Installing: /home/coro/ros2_ws/src/install/dsr_description2/share/dsr_description2/meshes/a0509_blue/A0509_3_1.dae
[1.595s] -- Installing: /home/coro/ros2_ws/src/install/dsr_description2/share/dsr_description2/meshes/a0509_blue/A0509_5_1.dae
[1.596s] -- Installing: /home/coro/ros2_ws/src/install/dsr_description2/share/dsr_description2/meshes/a0509_blue/A0509_1_2.dae
[1.596s] -- Installing: /home/coro/ros2_ws/src/install/dsr_description2/share/dsr_description2/meshes/a0509_blue/A0509_2_0.dae
[1.598s] -- Installing: /home/coro/ros2_ws/src/install/dsr_description2/share/dsr_description2/meshes/a0509_blue/A0509_1_1.dae
[1.599s] -- Installing: /home/coro/ros2_ws/src/install/dsr_description2/share/dsr_description2/meshes/a0509_blue/A0509_1_0.dae
[1.599s] -- Installing: /home/coro/ros2_ws/src/install/dsr_description2/share/dsr_description2/meshes/m0617_white
[1.599s] -- Installing: /home/coro/ros2_ws/src/install/dsr_description2/share/dsr_description2/meshes/m0617_white/MF0617_0_0.dae
[1.600s] -- Installing: /home/coro/ros2_ws/src/install/dsr_description2/share/dsr_description2/meshes/m0617_white/MF0617_1_0.dae
[1.601s] -- Installing: /home/coro/ros2_ws/src/install/dsr_description2/share/dsr_description2/meshes/m0617_white/MF0617_2_2.dae
[1.601s] -- Installing: /home/coro/ros2_ws/src/install/dsr_description2/share/dsr_description2/meshes/m0617_white/MF0617_4_1.dae
[1.602s] -- Installing: /home/coro/ros2_ws/src/install/dsr_description2/share/dsr_description2/meshes/m0617_white/MF0617_6_0.dae
[1.603s] -- Installing: /home/coro/ros2_ws/src/install/dsr_description2/share/dsr_description2/meshes/m0617_white/MF0617_5_0.dae
[1.603s] -- Installing: /home/coro/ros2_ws/src/install/dsr_description2/share/dsr_description2/meshes/m0617_white/MF0617_2_0.dae
[1.604s] -- Installing: /home/coro/ros2_ws/src/install/dsr_description2/share/dsr_description2/meshes/m0617_white/MF0617_4_0.dae
[1.604s] -- Installing: /home/coro/ros2_ws/src/install/dsr_description2/share/dsr_description2/meshes/m0617_white/MF0617_3_0.dae
[1.605s] -- Installing: /home/coro/ros2_ws/src/install/dsr_description2/share/dsr_description2/meshes/m0617_white/MF0617_2_1.dae
[1.607s] -- Installing: /home/coro/ros2_ws/src/install/dsr_description2/share/dsr_description2/meshes/m0609_white
[1.607s] -- Installing: /home/coro/ros2_ws/src/install/dsr_description2/share/dsr_description2/meshes/m0609_white/MF0609_0_0.dae
[1.609s] -- Installing: /home/coro/ros2_ws/src/install/dsr_description2/share/dsr_description2/meshes/m0609_white/MF0609_4_0.dae
[1.609s] -- Installing: /home/coro/ros2_ws/src/install/dsr_description2/share/dsr_description2/meshes/m0609_white/MF0609_3_0.dae
[1.610s] -- Installing: /home/coro/ros2_ws/src/install/dsr_description2/share/dsr_description2/meshes/m0609_white/MF0609_2_0.dae
[1.610s] -- Installing: /home/coro/ros2_ws/src/install/dsr_description2/share/dsr_description2/meshes/m0609_white/MF0609_6_0.dae
[1.611s] -- Installing: /home/coro/ros2_ws/src/install/dsr_description2/share/dsr_description2/meshes/m0609_white/MF0609_4_1.dae
[1.611s] -- Installing: /home/coro/ros2_ws/src/install/dsr_description2/share/dsr_description2/meshes/m0609_white/MF0609_1_0.dae
[1.612s] -- Installing: /home/coro/ros2_ws/src/install/dsr_description2/share/dsr_description2/meshes/m0609_white/MF0609_5_0.dae
[1.612s] -- Installing: /home/coro/ros2_ws/src/install/dsr_description2/share/dsr_description2/meshes/m0609_white/MF0609_2_1.dae
[1.614s] -- Installing: /home/coro/ros2_ws/src/install/dsr_description2/share/dsr_description2/meshes/m0609_white/MF0609_2_2.dae
[1.615s] -- Installing: /home/coro/ros2_ws/src/install/dsr_description2/share/dsr_description2/meshes/m1509_white
[1.615s] -- Installing: /home/coro/ros2_ws/src/install/dsr_description2/share/dsr_description2/meshes/m1509_white/MF1509_5_0.dae
[1.615s] -- Installing: /home/coro/ros2_ws/src/install/dsr_description2/share/dsr_description2/meshes/m1509_white/MF1509_1_0.dae
[1.616s] -- Installing: /home/coro/ros2_ws/src/install/dsr_description2/share/dsr_description2/meshes/m1509_white/MF1509_4_1.dae
[1.616s] -- Installing: /home/coro/ros2_ws/src/install/dsr_description2/share/dsr_description2/meshes/m1509_white/MF1509_2_1.dae
[1.618s] -- Installing: /home/coro/ros2_ws/src/install/dsr_description2/share/dsr_description2/meshes/m1509_white/MF1509_0_0.dae
[1.619s] -- Installing: /home/coro/ros2_ws/src/install/dsr_description2/share/dsr_description2/meshes/m1509_white/MF1509_3_0.dae
[1.620s] -- Installing: /home/coro/ros2_ws/src/install/dsr_description2/share/dsr_description2/meshes/m1509_white/MF1509_2_2.dae
[1.620s] -- Installing: /home/coro/ros2_ws/src/install/dsr_description2/share/dsr_description2/meshes/m1509_white/MF1509_4_0.dae
[1.621s] -- Installing: /home/coro/ros2_ws/src/install/dsr_description2/share/dsr_description2/meshes/m1509_white/MF1509_2_0.dae
[1.621s] -- Installing: /home/coro/ros2_ws/src/install/dsr_description2/share/dsr_description2/meshes/m1509_white/MF1509_6_0.dae
[1.622s] -- Installing: /home/coro/ros2_ws/src/install/dsr_description2/share/dsr_description2/meshes/gripper
[1.622s] -- Installing: /home/coro/ros2_ws/src/install/dsr_description2/share/dsr_description2/meshes/gripper/robotiq
[1.622s] -- Installing: /home/coro/ros2_ws/src/install/dsr_description2/share/dsr_description2/meshes/gripper/robotiq/85_2f
[1.622s] -- Installing: /home/coro/ros2_ws/src/install/dsr_description2/share/dsr_description2/meshes/gripper/robotiq/85_2f/robotiq_85_coupler.stl
[1.623s] -- Installing: /home/coro/ros2_ws/src/install/dsr_description2/share/dsr_description2/meshes/gripper/robotiq/85_2f/visual
[1.623s] -- Installing: /home/coro/ros2_ws/src/install/dsr_description2/share/dsr_description2/meshes/gripper/robotiq/85_2f/visual/robotiq_85_base_link.dae
[1.641s] -- Installing: /home/coro/ros2_ws/src/install/dsr_description2/share/dsr_description2/meshes/gripper/robotiq/85_2f/visual/robotiq_85_knuckle_link.dae
[1.641s] -- Installing: /home/coro/ros2_ws/src/install/dsr_description2/share/dsr_description2/meshes/gripper/robotiq/85_2f/visual/robotiq_85_inner_knuckle_link.dae
[1.641s] -- Installing: /home/coro/ros2_ws/src/install/dsr_description2/share/dsr_description2/meshes/gripper/robotiq/85_2f/visual/robotiq_85_finger_link.dae
[1.642s] -- Installing: /home/coro/ros2_ws/src/install/dsr_description2/share/dsr_description2/meshes/gripper/robotiq/85_2f/visual/robotiq_85_finger_tip_link.dae
[1.642s] -- Installing: /home/coro/ros2_ws/src/install/dsr_description2/share/dsr_description2/meshes/gripper/robotiq/85_2f/collision
[1.643s] -- Installing: /home/coro/ros2_ws/src/install/dsr_description2/share/dsr_description2/meshes/gripper/robotiq/85_2f/collision/robotiq_85_knuckle_link.stl
[1.643s] -- Installing: /home/coro/ros2_ws/src/install/dsr_description2/share/dsr_description2/meshes/gripper/robotiq/85_2f/collision/robotiq_85_inner_knuckle_link.stl
[1.643s] -- Installing: /home/coro/ros2_ws/src/install/dsr_description2/share/dsr_description2/meshes/gripper/robotiq/85_2f/collision/robotiq_85_finger_tip_link.stl
[1.644s] -- Installing: /home/coro/ros2_ws/src/install/dsr_description2/share/dsr_description2/meshes/gripper/robotiq/85_2f/collision/robotiq_85_finger_link.stl
[1.644s] -- Installing: /home/coro/ros2_ws/src/install/dsr_description2/share/dsr_description2/meshes/gripper/robotiq/85_2f/collision/robotiq_85_base_link.stl
[1.646s] -- Installing: /home/coro/ros2_ws/src/install/dsr_description2/share/dsr_description2/meshes/m0609_blue
[1.646s] -- Installing: /home/coro/ros2_ws/src/install/dsr_description2/share/dsr_description2/meshes/m0609_blue/MF0609_0_0.dae
[1.648s] -- Installing: /home/coro/ros2_ws/src/install/dsr_description2/share/dsr_description2/meshes/m0609_blue/MF0609_4_0.dae
[1.648s] -- Installing: /home/coro/ros2_ws/src/install/dsr_description2/share/dsr_description2/meshes/m0609_blue/MF0609_3_0.dae
[1.648s] -- Installing: /home/coro/ros2_ws/src/install/dsr_description2/share/dsr_description2/meshes/m0609_blue/MF0609_2_0.dae
[1.649s] -- Installing: /home/coro/ros2_ws/src/install/dsr_description2/share/dsr_description2/meshes/m0609_blue/MF0609_6_0.dae
[1.649s] -- Installing: /home/coro/ros2_ws/src/install/dsr_description2/share/dsr_description2/meshes/m0609_blue/MF0609_4_1.dae
[1.650s] -- Installing: /home/coro/ros2_ws/src/install/dsr_description2/share/dsr_description2/meshes/m0609_blue/MF0609_1_0.dae
[1.651s] -- Installing: /home/coro/ros2_ws/src/install/dsr_description2/share/dsr_description2/meshes/m0609_blue/MF0609_5_0.dae
[1.651s] -- Installing: /home/coro/ros2_ws/src/install/dsr_description2/share/dsr_description2/meshes/m0609_blue/MF0609_2_1.dae
[1.654s] -- Installing: /home/coro/ros2_ws/src/install/dsr_description2/share/dsr_description2/meshes/m0609_blue/MF0609_2_2.dae
[1.654s] -- Installing: /home/coro/ros2_ws/src/install/dsr_description2/share/dsr_description2/meshes/m0617_blue
[1.654s] -- Installing: /home/coro/ros2_ws/src/install/dsr_description2/share/dsr_description2/meshes/m0617_blue/MF0617_0_0.dae
[1.655s] -- Installing: /home/coro/ros2_ws/src/install/dsr_description2/share/dsr_description2/meshes/m0617_blue/MF0617_1_0.dae
[1.656s] -- Installing: /home/coro/ros2_ws/src/install/dsr_description2/share/dsr_description2/meshes/m0617_blue/MF0617_2_2.dae
[1.656s] -- Installing: /home/coro/ros2_ws/src/install/dsr_description2/share/dsr_description2/meshes/m0617_blue/MF0617_4_1.dae
[1.657s] -- Installing: /home/coro/ros2_ws/src/install/dsr_description2/share/dsr_description2/meshes/m0617_blue/MF0617_6_0.dae
[1.657s] -- Installing: /home/coro/ros2_ws/src/install/dsr_description2/share/dsr_description2/meshes/m0617_blue/MF0617_5_0.dae
[1.658s] -- Installing: /home/coro/ros2_ws/src/install/dsr_description2/share/dsr_description2/meshes/m0617_blue/MF0617_2_0.dae
[1.658s] -- Installing: /home/coro/ros2_ws/src/install/dsr_description2/share/dsr_description2/meshes/m0617_blue/MF0617_4_0.dae
[1.659s] -- Installing: /home/coro/ros2_ws/src/install/dsr_description2/share/dsr_description2/meshes/m0617_blue/MF0617_3_0.dae
[1.659s] -- Installing: /home/coro/ros2_ws/src/install/dsr_description2/share/dsr_description2/meshes/m0617_blue/MF0617_2_1.dae
[1.661s] -- Installing: /home/coro/ros2_ws/src/install/dsr_description2/share/dsr_description2/meshes/m0617_collision
[1.662s] -- Installing: /home/coro/ros2_ws/src/install/dsr_description2/share/dsr_description2/meshes/m0617_collision/MF0617_0_0.dae
[1.663s] -- Installing: /home/coro/ros2_ws/src/install/dsr_description2/share/dsr_description2/meshes/m0617_collision/MF0617_1_0.dae
[1.663s] -- Installing: /home/coro/ros2_ws/src/install/dsr_description2/share/dsr_description2/meshes/m0617_collision/MF0617_2_2.dae
[1.664s] -- Installing: /home/coro/ros2_ws/src/install/dsr_description2/share/dsr_description2/meshes/m0617_collision/MF0617_4_1.dae
[1.664s] -- Installing: /home/coro/ros2_ws/src/install/dsr_description2/share/dsr_description2/meshes/m0617_collision/MF0617_6_0.dae
[1.665s] -- Installing: /home/coro/ros2_ws/src/install/dsr_description2/share/dsr_description2/meshes/m0617_collision/MF0617_5_0.dae
[1.665s] -- Installing: /home/coro/ros2_ws/src/install/dsr_description2/share/dsr_description2/meshes/m0617_collision/MF0617_2_0.dae
[1.666s] -- Installing: /home/coro/ros2_ws/src/install/dsr_description2/share/dsr_description2/meshes/m0617_collision/MF0617_4_0.dae
[1.666s] -- Installing: /home/coro/ros2_ws/src/install/dsr_description2/share/dsr_description2/meshes/m0617_collision/MF0617_3_0.dae
[1.667s] -- Installing: /home/coro/ros2_ws/src/install/dsr_description2/share/dsr_description2/meshes/m0617_collision/MF0617_2_1.dae
[1.674s] -- Installing: /home/coro/ros2_ws/src/install/dsr_description2/share/dsr_description2/meshes/a0912_white
[1.674s] -- Installing: /home/coro/ros2_ws/src/install/dsr_description2/share/dsr_description2/meshes/a0912_white/A0912_0_0.dae
[1.674s] -- Installing: /home/coro/ros2_ws/src/install/dsr_description2/share/dsr_description2/meshes/a0912_white/A0912_3_0.dae
[1.675s] -- Installing: /home/coro/ros2_ws/src/install/dsr_description2/share/dsr_description2/meshes/a0912_white/A0912_6_0.dae
[1.676s] -- Installing: /home/coro/ros2_ws/src/install/dsr_description2/share/dsr_description2/meshes/a0912_white/A0912_2_1.dae
[1.678s] -- Installing: /home/coro/ros2_ws/src/install/dsr_description2/share/dsr_description2/meshes/a0912_white/A0912_2_0.dae
[1.679s] -- Installing: /home/coro/ros2_ws/src/install/dsr_description2/share/dsr_description2/meshes/a0912_white/A0912_4_0.dae
[1.680s] -- Installing: /home/coro/ros2_ws/src/install/dsr_description2/share/dsr_description2/meshes/a0912_white/A0912_5_1.dae
[1.681s] -- Installing: /home/coro/ros2_ws/src/install/dsr_description2/share/dsr_description2/meshes/a0912_white/A0912_1_0.dae
[1.681s] -- Installing: /home/coro/ros2_ws/src/install/dsr_description2/share/dsr_description2/meshes/a0912_white/A0912_1_1.dae
[1.682s] -- Installing: /home/coro/ros2_ws/src/install/dsr_description2/share/dsr_description2/meshes/a0912_white/A0912_1_2.dae
[1.683s] -- Installing: /home/coro/ros2_ws/src/install/dsr_description2/share/dsr_description2/meshes/a0912_white/A0912_5_0.dae
[1.683s] -- Installing: /home/coro/ros2_ws/src/install/dsr_description2/share/dsr_description2/meshes/a0912_white/A0912_4_1.dae
[1.684s] -- Installing: /home/coro/ros2_ws/src/install/dsr_description2/share/dsr_description2/meshes/a0912_white/A0912_3_1.dae
[1.686s] -- Installing: /home/coro/ros2_ws/src/install/dsr_description2/share/dsr_description2/meshes/a0912_white/A0912_2_2.dae
[1.687s] -- Installing: /home/coro/ros2_ws/src/install/dsr_description2/share/dsr_description2/meshes/a0509_collision
[1.687s] -- Installing: /home/coro/ros2_ws/src/install/dsr_description2/share/dsr_description2/meshes/a0509_collision/A0509_0_0.dae
[1.688s] -- Installing: /home/coro/ros2_ws/src/install/dsr_description2/share/dsr_description2/meshes/a0509_collision/A0509_3_0.dae
[1.705s] -- Installing: /home/coro/ros2_ws/src/install/dsr_description2/share/dsr_description2/meshes/a0509_collision/A0509_4_1.dae
[1.706s] -- Installing: /home/coro/ros2_ws/src/install/dsr_description2/share/dsr_description2/meshes/a0509_collision/A0509_6_0.dae
[1.707s] -- Installing: /home/coro/ros2_ws/src/install/dsr_description2/share/dsr_description2/meshes/a0509_collision/A0509_2_1.dae
[1.709s] -- Installing: /home/coro/ros2_ws/src/install/dsr_description2/share/dsr_description2/meshes/a0509_collision/A0509_4_0.dae
[1.709s] -- Installing: /home/coro/ros2_ws/src/install/dsr_description2/share/dsr_description2/meshes/a0509_collision/A0509_2_2.dae
[1.710s] -- Installing: /home/coro/ros2_ws/src/install/dsr_description2/share/dsr_description2/meshes/a0509_collision/A0509_5_0.dae
[1.711s] -- Installing: /home/coro/ros2_ws/src/install/dsr_description2/share/dsr_description2/meshes/a0509_collision/A0509_3_1.dae
[1.712s] -- Installing: /home/coro/ros2_ws/src/install/dsr_description2/share/dsr_description2/meshes/a0509_collision/A0509_5_1.dae
[1.713s] -- Installing: /home/coro/ros2_ws/src/install/dsr_description2/share/dsr_description2/meshes/a0509_collision/A0509_1_2.dae
[1.713s] -- Installing: /home/coro/ros2_ws/src/install/dsr_description2/share/dsr_description2/meshes/a0509_collision/A0509_2_0.dae
[1.714s] -- Installing: /home/coro/ros2_ws/src/install/dsr_description2/share/dsr_description2/meshes/a0509_collision/A0509_1_1.dae
[1.715s] -- Installing: /home/coro/ros2_ws/src/install/dsr_description2/share/dsr_description2/meshes/a0509_collision/A0509_1_0.dae
[1.716s] -- Installing: /home/coro/ros2_ws/src/install/dsr_description2/share/dsr_description2/meshes/h2515_blue
[1.716s] -- Installing: /home/coro/ros2_ws/src/install/dsr_description2/share/dsr_description2/meshes/h2515_blue/H2515_2_1.dae
[1.718s] -- Installing: /home/coro/ros2_ws/src/install/dsr_description2/share/dsr_description2/meshes/h2515_blue/H2515_3_0.dae
[1.719s] -- Installing: /home/coro/ros2_ws/src/install/dsr_description2/share/dsr_description2/meshes/h2515_blue/H2515_2_0.dae
[1.721s] -- Installing: /home/coro/ros2_ws/src/install/dsr_description2/share/dsr_description2/meshes/h2515_blue/H2515_4_1.dae
[1.722s] -- Installing: /home/coro/ros2_ws/src/install/dsr_description2/share/dsr_description2/meshes/h2515_blue/H2515_1_0.dae
[1.723s] -- Installing: /home/coro/ros2_ws/src/install/dsr_description2/share/dsr_description2/meshes/h2515_blue/H2515_4_0.dae
[1.724s] -- Installing: /home/coro/ros2_ws/src/install/dsr_description2/share/dsr_description2/meshes/h2515_blue/H2515_2_2.dae
[1.725s] -- Installing: /home/coro/ros2_ws/src/install/dsr_description2/share/dsr_description2/meshes/h2515_blue/H2515_5_0.dae
[1.726s] -- Installing: /home/coro/ros2_ws/src/install/dsr_description2/share/dsr_description2/meshes/h2515_blue/H2515_6_0.dae
[1.727s] -- Installing: /home/coro/ros2_ws/src/install/dsr_description2/share/dsr_description2/meshes/h2515_blue/H2515_0_0.dae
[1.728s] -- Installing: /home/coro/ros2_ws/src/install/dsr_description2/share/dsr_description2/meshes/m1013_blue
[1.728s] -- Installing: /home/coro/ros2_ws/src/install/dsr_description2/share/dsr_description2/meshes/m1013_blue/MF1013_6_0.dae
[1.729s] -- Installing: /home/coro/ros2_ws/src/install/dsr_description2/share/dsr_description2/meshes/m1013_blue/MF1013_2_0.dae
[1.730s] -- Installing: /home/coro/ros2_ws/src/install/dsr_description2/share/dsr_description2/meshes/m1013_blue/MF1013_4_0.dae
[1.730s] -- Installing: /home/coro/ros2_ws/src/install/dsr_description2/share/dsr_description2/meshes/m1013_blue/MF1013_3_0.dae
[1.731s] -- Installing: /home/coro/ros2_ws/src/install/dsr_description2/share/dsr_description2/meshes/m1013_blue/MF1013_4_1.dae
[1.732s] -- Installing: /home/coro/ros2_ws/src/install/dsr_description2/share/dsr_description2/meshes/m1013_blue/MF1013_0_0.dae
[1.734s] -- Installing: /home/coro/ros2_ws/src/install/dsr_description2/share/dsr_description2/meshes/m1013_blue/MF1013_2_1.dae
[1.736s] -- Installing: /home/coro/ros2_ws/src/install/dsr_description2/share/dsr_description2/meshes/m1013_blue/MF1013_1_0.dae
[1.737s] -- Installing: /home/coro/ros2_ws/src/install/dsr_description2/share/dsr_description2/meshes/m1013_blue/MF1013_5_0.dae
[1.738s] -- Installing: /home/coro/ros2_ws/src/install/dsr_description2/share/dsr_description2/meshes/m1013_blue/MF1013_2_2.dae
[1.739s] -- Installing: /home/coro/ros2_ws/src/install/dsr_description2/share/dsr_description2/urdf
[1.739s] -- Installing: /home/coro/ros2_ws/src/install/dsr_description2/share/dsr_description2/urdf/m0609.white.urdf
[1.739s] -- Installing: /home/coro/ros2_ws/src/install/dsr_description2/share/dsr_description2/urdf/h2017.white.urdf
[1.739s] -- Installing: /home/coro/ros2_ws/src/install/dsr_description2/share/dsr_description2/urdf/m0617.blue.urdf
[1.740s] -- Installing: /home/coro/ros2_ws/src/install/dsr_description2/share/dsr_description2/urdf/h2515.blue.urdf
[1.740s] -- Installing: /home/coro/ros2_ws/src/install/dsr_description2/share/dsr_description2/urdf/a0912.blue.urdf
[1.740s] -- Installing: /home/coro/ros2_ws/src/install/dsr_description2/share/dsr_description2/urdf/a0509.blue.urdf
[1.740s] -- Installing: /home/coro/ros2_ws/src/install/dsr_description2/share/dsr_description2/urdf/e0509.white.urdf
[1.740s] -- Installing: /home/coro/ros2_ws/src/install/dsr_description2/share/dsr_description2/urdf/h2017.blue.urdf
[1.740s] -- Installing: /home/coro/ros2_ws/src/install/dsr_description2/share/dsr_description2/urdf/a0912.white.urdf
[1.740s] -- Installing: /home/coro/ros2_ws/src/install/dsr_description2/share/dsr_description2/urdf/m1509.white.urdf
[1.741s] -- Installing: /home/coro/ros2_ws/src/install/dsr_description2/share/dsr_description2/urdf/h2515.white.urdf
[1.741s] -- Installing: /home/coro/ros2_ws/src/install/dsr_description2/share/dsr_description2/urdf/m0609.blue.urdf
[1.741s] -- Installing: /home/coro/ros2_ws/src/install/dsr_description2/share/dsr_description2/urdf/m0617.white.urdf
[1.741s] -- Installing: /home/coro/ros2_ws/src/install/dsr_description2/share/dsr_description2/urdf/m1013.blue.urdf
[1.741s] -- Installing: /home/coro/ros2_ws/src/install/dsr_description2/share/dsr_description2/urdf/a0509.white.urdf
[1.741s] -- Installing: /home/coro/ros2_ws/src/install/dsr_description2/share/dsr_description2/urdf/m1509.blue.urdf
[1.742s] -- Installing: /home/coro/ros2_ws/src/install/dsr_description2/share/dsr_description2/urdf/m1013.white
[1.742s] -- Installing: /home/coro/ros2_ws/src/install/dsr_description2/share/dsr_description2/urdf/m1013.white/m1013.white.usd
[1.749s] -- Installing: /home/coro/ros2_ws/src/install/dsr_description2/share/dsr_description2/xacro
[1.749s] -- Installing: /home/coro/ros2_ws/src/install/dsr_description2/share/dsr_description2/xacro/macro.h2515.blue.xacro
[1.750s] -- Installing: /home/coro/ros2_ws/src/install/dsr_description2/share/dsr_description2/xacro/macro.m1013.white.xacro
[1.750s] -- Installing: /home/coro/ros2_ws/src/install/dsr_description2/share/dsr_description2/xacro/a0509.urdf.xacro
[1.750s] -- Installing: /home/coro/ros2_ws/src/install/dsr_description2/share/dsr_description2/xacro/macro.m0617.white.xacro
[1.750s] -- Installing: /home/coro/ros2_ws/src/install/dsr_description2/share/dsr_description2/xacro/h2017.urdf.xacro
[1.750s] -- Installing: /home/coro/ros2_ws/src/install/dsr_description2/share/dsr_description2/xacro/macro.a0912.blue.xacro
[1.750s] -- Installing: /home/coro/ros2_ws/src/install/dsr_description2/share/dsr_description2/xacro/h2515.urdf.xacro
[1.751s] -- Installing: /home/coro/ros2_ws/src/install/dsr_description2/share/dsr_description2/xacro/robotiq_2f_85_gripper
[1.751s] -- Installing: /home/coro/ros2_ws/src/install/dsr_description2/share/dsr_description2/xacro/robotiq_2f_85_gripper/robotiq_85_gripper.transmission.xacro
[1.751s] -- Installing: /home/coro/ros2_ws/src/install/dsr_description2/share/dsr_description2/xacro/robotiq_2f_85_gripper/robotiq_2f.urdf.xacro
[1.751s] -- Installing: /home/coro/ros2_ws/src/install/dsr_description2/share/dsr_description2/xacro/robotiq_2f_85_gripper/robotiq_85_gripper.xacro
[1.751s] -- Installing: /home/coro/ros2_ws/src/install/dsr_description2/share/dsr_description2/xacro/robotiq_2f_85_gripper/robotiq_85_gripper.urdf.xacro
[1.751s] -- Installing: /home/coro/ros2_ws/src/install/dsr_description2/share/dsr_description2/xacro/robotiq_2f_85_gripper/robotiq_85_gripper_sim_base.urdf.xacro
[1.751s] -- Installing: /home/coro/ros2_ws/src/install/dsr_description2/share/dsr_description2/xacro/m1013.urdf.xacro
[1.751s] -- Installing: /home/coro/ros2_ws/src/install/dsr_description2/share/dsr_description2/xacro/macro.m1509.blue.xacro
[1.752s] -- Installing: /home/coro/ros2_ws/src/install/dsr_description2/share/dsr_description2/xacro/macro.m0609.white.xacro
[1.752s] -- Installing: /home/coro/ros2_ws/src/install/dsr_description2/share/dsr_description2/xacro/mobile
[1.752s] -- Installing: /home/coro/ros2_ws/src/install/dsr_description2/share/dsr_description2/xacro/mobile/macro.mobile.xacro
[1.752s] -- Installing: /home/coro/ros2_ws/src/install/dsr_description2/share/dsr_description2/xacro/mobile/macro.m1013mobile.white.xacro
[1.752s] -- Installing: /home/coro/ros2_ws/src/install/dsr_description2/share/dsr_description2/xacro/mobile/m0617mobile.urdf.xacro
[1.752s] -- Installing: /home/coro/ros2_ws/src/install/dsr_description2/share/dsr_description2/xacro/mobile/macro.a0509mobile.white.xacro
[1.752s] -- Installing: /home/coro/ros2_ws/src/install/dsr_description2/share/dsr_description2/xacro/mobile/macro.a0912mobile.white.xacro
[1.753s] -- Installing: /home/coro/ros2_ws/src/install/dsr_description2/share/dsr_description2/xacro/mobile/macro.m0617mobile.blue.xacro
[1.753s] -- Installing: /home/coro/ros2_ws/src/install/dsr_description2/share/dsr_description2/xacro/mobile/m1509mobile.urdf.xacro
[1.753s] -- Installing: /home/coro/ros2_ws/src/install/dsr_description2/share/dsr_description2/xacro/mobile/macro.m1509mobile.blue.xacro
[1.753s] -- Installing: /home/coro/ros2_ws/src/install/dsr_description2/share/dsr_description2/xacro/mobile/macro.m1013mobile.blue.xacro
[1.753s] -- Installing: /home/coro/ros2_ws/src/install/dsr_description2/share/dsr_description2/xacro/mobile/macro.m0609mobile.blue.xacro
[1.753s] -- Installing: /home/coro/ros2_ws/src/install/dsr_description2/share/dsr_description2/xacro/mobile/m0609mobile.urdf.xacro
[1.753s] -- Installing: /home/coro/ros2_ws/src/install/dsr_description2/share/dsr_description2/xacro/mobile/macro.m0609mobile.white.xacro
[1.754s] -- Installing: /home/coro/ros2_ws/src/install/dsr_description2/share/dsr_description2/xacro/mobile/macro.a0912mobile.blue.xacro
[1.754s] -- Installing: /home/coro/ros2_ws/src/install/dsr_description2/share/dsr_description2/xacro/mobile/macro.a0509mobile.blue.xacro
[1.754s] -- Installing: /home/coro/ros2_ws/src/install/dsr_description2/share/dsr_description2/xacro/mobile/macro.m1509mobile.white.xacro
[1.754s] -- Installing: /home/coro/ros2_ws/src/install/dsr_description2/share/dsr_description2/xacro/mobile/a0509mobile.urdf.xacro
[1.754s] -- Installing: /home/coro/ros2_ws/src/install/dsr_description2/share/dsr_description2/xacro/mobile/m1013mobile.urdf.xacro
[1.754s] -- Installing: /home/coro/ros2_ws/src/install/dsr_description2/share/dsr_description2/xacro/mobile/mobile.urdf.xacro
[1.754s] -- Installing: /home/coro/ros2_ws/src/install/dsr_description2/share/dsr_description2/xacro/mobile/a0912mobile.urdf.xacro
[1.754s] -- Installing: /home/coro/ros2_ws/src/install/dsr_description2/share/dsr_description2/xacro/mobile/macro.m0617mobile.white.xacro
[1.755s] -- Installing: /home/coro/ros2_ws/src/install/dsr_description2/share/dsr_description2/xacro/macro.h2017.white.xacro
[1.755s] -- Installing: /home/coro/ros2_ws/src/install/dsr_description2/share/dsr_description2/xacro/m0609.urdf.xacro
[1.755s] -- Installing: /home/coro/ros2_ws/src/install/dsr_description2/share/dsr_description2/xacro/macro.m1509.white.xacro
[1.755s] -- Installing: /home/coro/ros2_ws/src/install/dsr_description2/share/dsr_description2/xacro/macro.h2017.blue.xacro
[1.755s] -- Installing: /home/coro/ros2_ws/src/install/dsr_description2/share/dsr_description2/xacro/macro.m0617.blue.xacro
[1.755s] -- Installing: /home/coro/ros2_ws/src/install/dsr_description2/share/dsr_description2/xacro/m0617.urdf.xacro
[1.756s] -- Installing: /home/coro/ros2_ws/src/install/dsr_description2/share/dsr_description2/xacro/macro.m1013.blue.xacro
[1.756s] -- Installing: /home/coro/ros2_ws/src/install/dsr_description2/share/dsr_description2/xacro/macro.a0509.blue.xacro
[1.756s] -- Installing: /home/coro/ros2_ws/src/install/dsr_description2/share/dsr_description2/xacro/m1509.urdf.xacro
[1.756s] -- Installing: /home/coro/ros2_ws/src/install/dsr_description2/share/dsr_description2/xacro/macro.m0609.blue.xacro
[1.756s] -- Installing: /home/coro/ros2_ws/src/install/dsr_description2/share/dsr_description2/xacro/macro.a0912.white.xacro
[1.756s] -- Installing: /home/coro/ros2_ws/src/install/dsr_description2/share/dsr_description2/xacro/e0509.urdf.xacro
[1.756s] -- Installing: /home/coro/ros2_ws/src/install/dsr_description2/share/dsr_description2/xacro/macro.e0509.white.xacro
[1.757s] -- Installing: /home/coro/ros2_ws/src/install/dsr_description2/share/dsr_description2/xacro/macro.a0509.white.xacro
[1.757s] -- Installing: /home/coro/ros2_ws/src/install/dsr_description2/share/dsr_description2/xacro/a0912.urdf.xacro
[1.757s] -- Installing: /home/coro/ros2_ws/src/install/dsr_description2/share/dsr_description2/xacro/macro.h2515.white.xacro
[1.757s] -- Installing: /home/coro/ros2_ws/src/install/dsr_description2/share/dsr_description2/config
[1.757s] -- Installing: /home/coro/ros2_ws/src/install/dsr_description2/share/dsr_description2/config/macro.gazebo.xacro
[1.757s] -- Installing: /home/coro/ros2_ws/src/install/dsr_description2/share/dsr_description2/config/macro.transmission.xacro
[1.757s] -- Installing: /home/coro/ros2_ws/src/install/dsr_description2/share/dsr_description2/config/macro.wheel.xacro
[1.758s] -- Installing: /home/coro/ros2_ws/src/install/dsr_description2/share/dsr_description2/config/macro.decorations.xacro
[1.758s] -- Installing: /home/coro/ros2_ws/src/install/dsr_description2/share/dsr_description2/config/plugin
[1.758s] -- Installing: /home/coro/ros2_ws/src/install/dsr_description2/share/dsr_description2/config/plugin/robotiq_gazebo
[1.758s] -- Installing: /home/coro/ros2_ws/src/install/dsr_description2/share/dsr_description2/config/plugin/robotiq_gazebo/include
[1.758s] -- Installing: /home/coro/ros2_ws/src/install/dsr_description2/share/dsr_description2/config/plugin/robotiq_gazebo/include/robotiq_gazebo
[1.758s] -- Installing: /home/coro/ros2_ws/src/install/dsr_description2/share/dsr_description2/config/plugin/robotiq_gazebo/include/robotiq_gazebo/mimic_joint_plugin.h
[1.758s] -- Installing: /home/coro/ros2_ws/src/install/dsr_description2/share/dsr_description2/config/plugin/robotiq_gazebo/include/robotiq_gazebo/disable_link_plugin.h
[1.758s] -- Installing: /home/coro/ros2_ws/src/install/dsr_description2/share/dsr_description2/config/plugin/robotiq_gazebo/CMakeLists.txt
[1.759s] -- Installing: /home/coro/ros2_ws/src/install/dsr_description2/share/dsr_description2/config/plugin/robotiq_gazebo/src
[1.759s] -- Installing: /home/coro/ros2_ws/src/install/dsr_description2/share/dsr_description2/config/plugin/robotiq_gazebo/src/disable_link_plugin.cpp
[1.759s] -- Installing: /home/coro/ros2_ws/src/install/dsr_description2/share/dsr_description2/config/plugin/robotiq_gazebo/src/mimic_joint_plugin.cpp
[1.759s] -- Installing: /home/coro/ros2_ws/src/install/dsr_description2/share/dsr_description2/config/plugin/robotiq_gazebo/package.xml
[1.759s] -- Installing: /home/coro/ros2_ws/src/install/dsr_description2/share/dsr_description2/config/macro.materials.xacro
[1.759s] -- Installing: /home/coro/ros2_ws/src/install/dsr_description2/share/dsr_description2/ros2_control
[1.760s] -- Installing: /home/coro/ros2_ws/src/install/dsr_description2/share/dsr_description2/ros2_control/h2017.ros2_control.xacro
[1.760s] -- Installing: /home/coro/ros2_ws/src/install/dsr_description2/share/dsr_description2/ros2_control/m1013.ros2_control.xacro
[1.760s] -- Installing: /home/coro/ros2_ws/src/install/dsr_description2/share/dsr_description2/ros2_control/a0912.ros2_control.xacro
[1.760s] -- Installing: /home/coro/ros2_ws/src/install/dsr_description2/share/dsr_description2/ros2_control/a0509.ros2_control.xacro
[1.760s] -- Installing: /home/coro/ros2_ws/src/install/dsr_description2/share/dsr_description2/ros2_control/e0509.ros2_control.xacro
[1.760s] -- Installing: /home/coro/ros2_ws/src/install/dsr_description2/share/dsr_description2/ros2_control/m1509.ros2_control.xacro
[1.760s] -- Installing: /home/coro/ros2_ws/src/install/dsr_description2/share/dsr_description2/ros2_control/h2515.ros2_control.xacro
[1.760s] -- Installing: /home/coro/ros2_ws/src/install/dsr_description2/share/dsr_description2/ros2_control/m0609.ros2_control.xacro
[1.761s] -- Installing: /home/coro/ros2_ws/src/install/dsr_description2/share/dsr_description2/ros2_control/m0617.ros2_control.xacro
[1.761s] -- Installing: /home/coro/ros2_ws/src/install/dsr_description2/share/dsr_description2/launch
[1.761s] -- Installing: /home/coro/ros2_ws/src/install/dsr_description2/share/dsr_description2/launch/dsr_description.launch.py
[1.761s] -- Installing: /home/coro/ros2_ws/src/install/dsr_description2/share/dsr_description2/rviz
[1.761s] -- Installing: /home/coro/ros2_ws/src/install/dsr_description2/share/dsr_description2/rviz/moveit.rviz
[1.761s] -- Installing: /home/coro/ros2_ws/src/install/dsr_description2/share/dsr_description2/rviz/default.rviz
[1.764s] Invoked command in '/home/coro/ros2_ws/src/build/dsr_description2' returned '0': CMAKE_PREFIX_PATH=/opt/ros/humble /usr/bin/cmake --install /home/coro/ros2_ws/src/build/dsr_description2
