[0.006s] Invoking command in '/home/coro/ros2_ws/build/dsr_description2': CMAKE_PREFIX_PATH=${CMAKE_PREFIX_PATH}:/home/coro/ros2_ws/install/dsr_bringup2:/opt/ros/humble /home/coro/.local/bin/cmake /home/coro/ros2_ws/src/doosan-robot2/dsr_description2 -DCMAKE_INSTALL_PREFIX=/home/coro/ros2_ws/install/dsr_description2
[0.067s] -- The C compiler identification is GNU 11.4.0
[0.099s] -- The CXX compiler identification is GNU 11.4.0
[0.107s] -- Detecting C compiler ABI info
[0.140s] -- Detecting C compiler ABI info - done
[0.145s] -- Check for working C compiler: /usr/bin/cc - skipped
[0.146s] -- Detecting C compile features
[0.146s] -- Detecting C compile features - done
[0.148s] -- Detecting CXX compiler ABI info
[0.183s] -- Detecting CXX compiler ABI info - done
[0.189s] -- Check for working CXX compiler: /usr/bin/c++ - skipped
[0.189s] -- Detecting CXX compile features
[0.189s] -- Detecting CXX compile features - done
[0.195s] -- Found ament_cmake: 1.3.8 (/opt/ros/humble/share/ament_cmake/cmake)
[0.376s] -- Found Python3: /usr/bin/python3 (found version "3.10.12") found components: Interpreter 
[0.466s] -- Configuring done
[0.468s] -- Generating done
[0.468s] -- Build files have been written to: /home/coro/ros2_ws/build/dsr_description2
[0.473s] Invoked command in '/home/coro/ros2_ws/build/dsr_description2' returned '0': CMAKE_PREFIX_PATH=${CMAKE_PREFIX_PATH}:/home/coro/ros2_ws/install/dsr_bringup2:/opt/ros/humble /home/coro/.local/bin/cmake /home/coro/ros2_ws/src/doosan-robot2/dsr_description2 -DCMAKE_INSTALL_PREFIX=/home/coro/ros2_ws/install/dsr_description2
[0.474s] Invoking command in '/home/coro/ros2_ws/build/dsr_description2': CMAKE_PREFIX_PATH=${CMAKE_PREFIX_PATH}:/home/coro/ros2_ws/install/dsr_bringup2:/opt/ros/humble /home/coro/.local/bin/cmake --build /home/coro/ros2_ws/build/dsr_description2 -- -j20 -l20
[0.499s] Invoked command in '/home/coro/ros2_ws/build/dsr_description2' returned '0': CMAKE_PREFIX_PATH=${CMAKE_PREFIX_PATH}:/home/coro/ros2_ws/install/dsr_bringup2:/opt/ros/humble /home/coro/.local/bin/cmake --build /home/coro/ros2_ws/build/dsr_description2 -- -j20 -l20
[0.541s] Invoking command in '/home/coro/ros2_ws/build/dsr_description2': CMAKE_PREFIX_PATH=${CMAKE_PREFIX_PATH}:/home/coro/ros2_ws/install/dsr_bringup2:/opt/ros/humble /home/coro/.local/bin/cmake --install /home/coro/ros2_ws/build/dsr_description2
[0.556s] -- Install configuration: ""
[0.556s] -- Installing: /home/coro/ros2_ws/install/dsr_description2/share/ament_index/resource_index/package_run_dependencies/dsr_description2
[0.556s] -- Installing: /home/coro/ros2_ws/install/dsr_description2/share/ament_index/resource_index/parent_prefix_path/dsr_description2
[0.556s] -- Installing: /home/coro/ros2_ws/install/dsr_description2/share/dsr_description2/environment/ament_prefix_path.sh
[0.556s] -- Installing: /home/coro/ros2_ws/install/dsr_description2/share/dsr_description2/environment/ament_prefix_path.dsv
[0.556s] -- Installing: /home/coro/ros2_ws/install/dsr_description2/share/dsr_description2/environment/path.sh
[0.556s] -- Installing: /home/coro/ros2_ws/install/dsr_description2/share/dsr_description2/environment/path.dsv
[0.556s] -- Installing: /home/coro/ros2_ws/install/dsr_description2/share/dsr_description2/local_setup.bash
[0.556s] -- Installing: /home/coro/ros2_ws/install/dsr_description2/share/dsr_description2/local_setup.sh
[0.557s] -- Installing: /home/coro/ros2_ws/install/dsr_description2/share/dsr_description2/local_setup.zsh
[0.557s] -- Installing: /home/coro/ros2_ws/install/dsr_description2/share/dsr_description2/local_setup.dsv
[0.557s] -- Installing: /home/coro/ros2_ws/install/dsr_description2/share/dsr_description2/package.dsv
[0.557s] -- Installing: /home/coro/ros2_ws/install/dsr_description2/share/ament_index/resource_index/packages/dsr_description2
[0.557s] -- Installing: /home/coro/ros2_ws/install/dsr_description2/share/dsr_description2/cmake/dsr_description2Config.cmake
[0.557s] -- Installing: /home/coro/ros2_ws/install/dsr_description2/share/dsr_description2/cmake/dsr_description2Config-version.cmake
[0.557s] -- Installing: /home/coro/ros2_ws/install/dsr_description2/share/dsr_description2/package.xml
[0.557s] -- Installing: /home/coro/ros2_ws/install/dsr_description2/share/dsr_description2/meshes
[0.557s] -- Installing: /home/coro/ros2_ws/install/dsr_description2/share/dsr_description2/meshes/m1509_collision
[0.557s] -- Installing: /home/coro/ros2_ws/install/dsr_description2/share/dsr_description2/meshes/m1509_collision/MF1509_5_0.dae
[0.557s] -- Installing: /home/coro/ros2_ws/install/dsr_description2/share/dsr_description2/meshes/m1509_collision/MF1509_1_0.dae
[0.558s] -- Installing: /home/coro/ros2_ws/install/dsr_description2/share/dsr_description2/meshes/m1509_collision/MF1509_4_1.dae
[0.558s] -- Installing: /home/coro/ros2_ws/install/dsr_description2/share/dsr_description2/meshes/m1509_collision/MF1509_2_1.dae
[0.560s] -- Installing: /home/coro/ros2_ws/install/dsr_description2/share/dsr_description2/meshes/m1509_collision/MF1509_0_0.dae
[0.561s] -- Installing: /home/coro/ros2_ws/install/dsr_description2/share/dsr_description2/meshes/m1509_collision/MF1509_3_0.dae
[0.561s] -- Installing: /home/coro/ros2_ws/install/dsr_description2/share/dsr_description2/meshes/m1509_collision/MF1509_2_2.dae
[0.562s] -- Installing: /home/coro/ros2_ws/install/dsr_description2/share/dsr_description2/meshes/m1509_collision/MF1509_4_0.dae
[0.562s] -- Installing: /home/coro/ros2_ws/install/dsr_description2/share/dsr_description2/meshes/m1509_collision/MF1509_2_0.dae
[0.563s] -- Installing: /home/coro/ros2_ws/install/dsr_description2/share/dsr_description2/meshes/m1509_collision/MF1509_6_0.dae
[0.563s] -- Installing: /home/coro/ros2_ws/install/dsr_description2/share/dsr_description2/meshes/h2515_white
[0.563s] -- Installing: /home/coro/ros2_ws/install/dsr_description2/share/dsr_description2/meshes/h2515_white/H2515_2_1.dae
[0.564s] -- Installing: /home/coro/ros2_ws/install/dsr_description2/share/dsr_description2/meshes/h2515_white/H2515_3_0.dae
[0.564s] -- Installing: /home/coro/ros2_ws/install/dsr_description2/share/dsr_description2/meshes/h2515_white/H2515_2_0.dae
[0.565s] -- Installing: /home/coro/ros2_ws/install/dsr_description2/share/dsr_description2/meshes/h2515_white/H2515_4_1.dae
[0.565s] -- Installing: /home/coro/ros2_ws/install/dsr_description2/share/dsr_description2/meshes/h2515_white/H2515_1_0.dae
[0.565s] -- Installing: /home/coro/ros2_ws/install/dsr_description2/share/dsr_description2/meshes/h2515_white/H2515_4_0.dae
[0.565s] -- Installing: /home/coro/ros2_ws/install/dsr_description2/share/dsr_description2/meshes/h2515_white/H2515_2_2.dae
[0.566s] -- Installing: /home/coro/ros2_ws/install/dsr_description2/share/dsr_description2/meshes/h2515_white/H2515_5_0.dae
[0.566s] -- Installing: /home/coro/ros2_ws/install/dsr_description2/share/dsr_description2/meshes/h2515_white/H2515_6_0.dae
[0.566s] -- Installing: /home/coro/ros2_ws/install/dsr_description2/share/dsr_description2/meshes/h2515_white/H2515_0_0.dae
[0.567s] -- Installing: /home/coro/ros2_ws/install/dsr_description2/share/dsr_description2/meshes/a0912_collision
[0.567s] -- Installing: /home/coro/ros2_ws/install/dsr_description2/share/dsr_description2/meshes/a0912_collision/A0912_0_0.dae
[0.567s] -- Installing: /home/coro/ros2_ws/install/dsr_description2/share/dsr_description2/meshes/a0912_collision/A0912_3_0.dae
[0.568s] -- Installing: /home/coro/ros2_ws/install/dsr_description2/share/dsr_description2/meshes/a0912_collision/A0912_6_0.dae
[0.568s] -- Installing: /home/coro/ros2_ws/install/dsr_description2/share/dsr_description2/meshes/a0912_collision/A0912_2_1.dae
[0.570s] -- Installing: /home/coro/ros2_ws/install/dsr_description2/share/dsr_description2/meshes/a0912_collision/A0912_2_0.dae
[0.571s] -- Installing: /home/coro/ros2_ws/install/dsr_description2/share/dsr_description2/meshes/a0912_collision/A0912_4_0.dae
[0.571s] -- Installing: /home/coro/ros2_ws/install/dsr_description2/share/dsr_description2/meshes/a0912_collision/A0912_5_1.dae
[0.572s] -- Installing: /home/coro/ros2_ws/install/dsr_description2/share/dsr_description2/meshes/a0912_collision/A0912_1_0.dae
[0.573s] -- Installing: /home/coro/ros2_ws/install/dsr_description2/share/dsr_description2/meshes/a0912_collision/A0912_1_1.dae
[0.573s] -- Installing: /home/coro/ros2_ws/install/dsr_description2/share/dsr_description2/meshes/a0912_collision/A0912_1_2.dae
[0.574s] -- Installing: /home/coro/ros2_ws/install/dsr_description2/share/dsr_description2/meshes/a0912_collision/A0912_5_0.dae
[0.574s] -- Installing: /home/coro/ros2_ws/install/dsr_description2/share/dsr_description2/meshes/a0912_collision/A0912_4_1.dae
[0.575s] -- Installing: /home/coro/ros2_ws/install/dsr_description2/share/dsr_description2/meshes/a0912_collision/A0912_3_1.dae
[0.576s] -- Installing: /home/coro/ros2_ws/install/dsr_description2/share/dsr_description2/meshes/a0912_collision/A0912_2_2.dae
[0.577s] -- Installing: /home/coro/ros2_ws/install/dsr_description2/share/dsr_description2/meshes/m1509_blue
[0.577s] -- Installing: /home/coro/ros2_ws/install/dsr_description2/share/dsr_description2/meshes/m1509_blue/MF1509_5_0.dae
[0.577s] -- Installing: /home/coro/ros2_ws/install/dsr_description2/share/dsr_description2/meshes/m1509_blue/MF1509_1_0.dae
[0.577s] -- Installing: /home/coro/ros2_ws/install/dsr_description2/share/dsr_description2/meshes/m1509_blue/MF1509_4_1.dae
[0.577s] -- Installing: /home/coro/ros2_ws/install/dsr_description2/share/dsr_description2/meshes/m1509_blue/MF1509_2_1.dae
[0.578s] -- Installing: /home/coro/ros2_ws/install/dsr_description2/share/dsr_description2/meshes/m1509_blue/MF1509_0_0.dae
[0.579s] -- Installing: /home/coro/ros2_ws/install/dsr_description2/share/dsr_description2/meshes/m1509_blue/MF1509_3_0.dae
[0.579s] -- Installing: /home/coro/ros2_ws/install/dsr_description2/share/dsr_description2/meshes/m1509_blue/MF1509_2_2.dae
[0.579s] -- Installing: /home/coro/ros2_ws/install/dsr_description2/share/dsr_description2/meshes/m1509_blue/MF1509_4_0.dae
[0.579s] -- Installing: /home/coro/ros2_ws/install/dsr_description2/share/dsr_description2/meshes/m1509_blue/MF1509_2_0.dae
[0.579s] -- Installing: /home/coro/ros2_ws/install/dsr_description2/share/dsr_description2/meshes/m1509_blue/MF1509_6_0.dae
[0.579s] -- Installing: /home/coro/ros2_ws/install/dsr_description2/share/dsr_description2/meshes/a0509_white
[0.579s] -- Installing: /home/coro/ros2_ws/install/dsr_description2/share/dsr_description2/meshes/a0509_white/A0509_0_0.dae
[0.580s] -- Installing: /home/coro/ros2_ws/install/dsr_description2/share/dsr_description2/meshes/a0509_white/A0509_3_0.dae
[0.580s] -- Installing: /home/coro/ros2_ws/install/dsr_description2/share/dsr_description2/meshes/a0509_white/A0509_4_1.dae
[0.580s] -- Installing: /home/coro/ros2_ws/install/dsr_description2/share/dsr_description2/meshes/a0509_white/A0509_6_0.dae
[0.580s] -- Installing: /home/coro/ros2_ws/install/dsr_description2/share/dsr_description2/meshes/a0509_white/A0509_2_1.dae
[0.581s] -- Installing: /home/coro/ros2_ws/install/dsr_description2/share/dsr_description2/meshes/a0509_white/A0509_4_0.dae
[0.582s] -- Installing: /home/coro/ros2_ws/install/dsr_description2/share/dsr_description2/meshes/a0509_white/A0509_2_2.dae
[0.582s] -- Installing: /home/coro/ros2_ws/install/dsr_description2/share/dsr_description2/meshes/a0509_white/A0509_5_0.dae
[0.582s] -- Installing: /home/coro/ros2_ws/install/dsr_description2/share/dsr_description2/meshes/a0509_white/A0509_3_1.dae
[0.583s] -- Installing: /home/coro/ros2_ws/install/dsr_description2/share/dsr_description2/meshes/a0509_white/A0509_5_1.dae
[0.583s] -- Installing: /home/coro/ros2_ws/install/dsr_description2/share/dsr_description2/meshes/a0509_white/A0509_1_2.dae
[0.583s] -- Installing: /home/coro/ros2_ws/install/dsr_description2/share/dsr_description2/meshes/a0509_white/A0509_2_0.dae
[0.584s] -- Installing: /home/coro/ros2_ws/install/dsr_description2/share/dsr_description2/meshes/a0509_white/A0509_1_1.dae
[0.584s] -- Installing: /home/coro/ros2_ws/install/dsr_description2/share/dsr_description2/meshes/a0509_white/A0509_1_0.dae
[0.584s] -- Installing: /home/coro/ros2_ws/install/dsr_description2/share/dsr_description2/meshes/e0509_collision
[0.584s] -- Installing: /home/coro/ros2_ws/install/dsr_description2/share/dsr_description2/meshes/e0509_collision/E0509_1_3.dae
[0.585s] -- Installing: /home/coro/ros2_ws/install/dsr_description2/share/dsr_description2/meshes/e0509_collision/E0509_1_2.dae
[0.585s] -- Installing: /home/coro/ros2_ws/install/dsr_description2/share/dsr_description2/meshes/e0509_collision/E0509_4_2.dae
[0.586s] -- Installing: /home/coro/ros2_ws/install/dsr_description2/share/dsr_description2/meshes/e0509_collision/E0509_1_4.dae
[0.586s] -- Installing: /home/coro/ros2_ws/install/dsr_description2/share/dsr_description2/meshes/e0509_collision/E0509_5_1.dae
[0.587s] -- Installing: /home/coro/ros2_ws/install/dsr_description2/share/dsr_description2/meshes/e0509_collision/E0509_6_1.dae
[0.588s] -- Installing: /home/coro/ros2_ws/install/dsr_description2/share/dsr_description2/meshes/e0509_collision/E0509_2_1.dae
[0.589s] -- Installing: /home/coro/ros2_ws/install/dsr_description2/share/dsr_description2/meshes/e0509_collision/E0509_5_2.dae
[0.589s] -- Installing: /home/coro/ros2_ws/install/dsr_description2/share/dsr_description2/meshes/e0509_collision/E0509_0_0.dae
[0.590s] -- Installing: /home/coro/ros2_ws/install/dsr_description2/share/dsr_description2/meshes/e0509_collision/E0509_1_1.dae
[0.590s] -- Installing: /home/coro/ros2_ws/install/dsr_description2/share/dsr_description2/meshes/e0509_collision/E0509_3_1.dae
[0.591s] -- Installing: /home/coro/ros2_ws/install/dsr_description2/share/dsr_description2/meshes/e0509_collision/E0509_3_2.dae
[0.591s] -- Installing: /home/coro/ros2_ws/install/dsr_description2/share/dsr_description2/meshes/e0509_collision/E0509_2_2.dae
[0.591s] -- Installing: /home/coro/ros2_ws/install/dsr_description2/share/dsr_description2/meshes/e0509_collision/E0509_4_1.dae
[0.593s] -- Installing: /home/coro/ros2_ws/install/dsr_description2/share/dsr_description2/meshes/h2017_collision
[0.593s] -- Installing: /home/coro/ros2_ws/install/dsr_description2/share/dsr_description2/meshes/h2017_collision/H2017_2_0.dae
[0.594s] -- Installing: /home/coro/ros2_ws/install/dsr_description2/share/dsr_description2/meshes/h2017_collision/H2017_4_1.dae
[0.594s] -- Installing: /home/coro/ros2_ws/install/dsr_description2/share/dsr_description2/meshes/h2017_collision/H2017_3_0.dae
[0.596s] -- Installing: /home/coro/ros2_ws/install/dsr_description2/share/dsr_description2/meshes/h2017_collision/H2017_6_0.dae
[0.596s] -- Installing: /home/coro/ros2_ws/install/dsr_description2/share/dsr_description2/meshes/h2017_collision/H2017_1_0.dae
[0.597s] -- Installing: /home/coro/ros2_ws/install/dsr_description2/share/dsr_description2/meshes/h2017_collision/H2017_0_0.dae
[0.597s] -- Installing: /home/coro/ros2_ws/install/dsr_description2/share/dsr_description2/meshes/h2017_collision/H2017_2_1.dae
[0.599s] -- Installing: /home/coro/ros2_ws/install/dsr_description2/share/dsr_description2/meshes/h2017_collision/H2017_5_0.dae
[0.600s] -- Installing: /home/coro/ros2_ws/install/dsr_description2/share/dsr_description2/meshes/h2017_collision/H2017_2_2.dae
[0.600s] -- Installing: /home/coro/ros2_ws/install/dsr_description2/share/dsr_description2/meshes/h2017_collision/H2017_4_0.dae
[0.601s] -- Installing: /home/coro/ros2_ws/install/dsr_description2/share/dsr_description2/meshes/e0509_white
[0.601s] -- Installing: /home/coro/ros2_ws/install/dsr_description2/share/dsr_description2/meshes/e0509_white/E0509_1_3.dae
[0.601s] -- Installing: /home/coro/ros2_ws/install/dsr_description2/share/dsr_description2/meshes/e0509_white/E0509_1_2.dae
[0.602s] -- Installing: /home/coro/ros2_ws/install/dsr_description2/share/dsr_description2/meshes/e0509_white/E0509_4_2.dae
[0.603s] -- Installing: /home/coro/ros2_ws/install/dsr_description2/share/dsr_description2/meshes/e0509_white/E0509_1_4.dae
[0.603s] -- Installing: /home/coro/ros2_ws/install/dsr_description2/share/dsr_description2/meshes/e0509_white/E0509_5_1.dae
[0.604s] -- Installing: /home/coro/ros2_ws/install/dsr_description2/share/dsr_description2/meshes/e0509_white/E0509_6_1.dae
[0.604s] -- Installing: /home/coro/ros2_ws/install/dsr_description2/share/dsr_description2/meshes/e0509_white/E0509_2_1.dae
[0.606s] -- Installing: /home/coro/ros2_ws/install/dsr_description2/share/dsr_description2/meshes/e0509_white/E0509_5_2.dae
[0.606s] -- Installing: /home/coro/ros2_ws/install/dsr_description2/share/dsr_description2/meshes/e0509_white/E0509_0_0.dae
[0.607s] -- Installing: /home/coro/ros2_ws/install/dsr_description2/share/dsr_description2/meshes/e0509_white/E0509_1_1.dae
[0.607s] -- Installing: /home/coro/ros2_ws/install/dsr_description2/share/dsr_description2/meshes/e0509_white/E0509_3_1.dae
[0.608s] -- Installing: /home/coro/ros2_ws/install/dsr_description2/share/dsr_description2/meshes/e0509_white/E0509_3_2.dae
[0.608s] -- Installing: /home/coro/ros2_ws/install/dsr_description2/share/dsr_description2/meshes/e0509_white/E0509_2_2.dae
[0.608s] -- Installing: /home/coro/ros2_ws/install/dsr_description2/share/dsr_description2/meshes/e0509_white/E0509_4_1.dae
[0.610s] -- Installing: /home/coro/ros2_ws/install/dsr_description2/share/dsr_description2/meshes/h2017_white
[0.610s] -- Installing: /home/coro/ros2_ws/install/dsr_description2/share/dsr_description2/meshes/h2017_white/H2017_2_0.dae
[0.610s] -- Installing: /home/coro/ros2_ws/install/dsr_description2/share/dsr_description2/meshes/h2017_white/H2017_4_1.dae
[0.610s] -- Installing: /home/coro/ros2_ws/install/dsr_description2/share/dsr_description2/meshes/h2017_white/H2017_3_0.dae
[0.611s] -- Installing: /home/coro/ros2_ws/install/dsr_description2/share/dsr_description2/meshes/h2017_white/H2017_6_0.dae
[0.611s] -- Installing: /home/coro/ros2_ws/install/dsr_description2/share/dsr_description2/meshes/h2017_white/H2017_1_0.dae
[0.611s] -- Installing: /home/coro/ros2_ws/install/dsr_description2/share/dsr_description2/meshes/h2017_white/H2017_0_0.dae
[0.612s] -- Installing: /home/coro/ros2_ws/install/dsr_description2/share/dsr_description2/meshes/h2017_white/H2017_2_1.dae
[0.612s] -- Installing: /home/coro/ros2_ws/install/dsr_description2/share/dsr_description2/meshes/h2017_white/H2017_5_0.dae
[0.613s] -- Installing: /home/coro/ros2_ws/install/dsr_description2/share/dsr_description2/meshes/h2017_white/H2017_2_2.dae
[0.613s] -- Installing: /home/coro/ros2_ws/install/dsr_description2/share/dsr_description2/meshes/h2017_white/H2017_4_0.dae
[0.613s] -- Installing: /home/coro/ros2_ws/install/dsr_description2/share/dsr_description2/meshes/m0609_collision
[0.614s] -- Installing: /home/coro/ros2_ws/install/dsr_description2/share/dsr_description2/meshes/m0609_collision/MF0609_0_0.dae
[0.614s] -- Installing: /home/coro/ros2_ws/install/dsr_description2/share/dsr_description2/meshes/m0609_collision/MF0609_4_0.dae
[0.615s] -- Installing: /home/coro/ros2_ws/install/dsr_description2/share/dsr_description2/meshes/m0609_collision/MF0609_3_0.dae
[0.615s] -- Installing: /home/coro/ros2_ws/install/dsr_description2/share/dsr_description2/meshes/m0609_collision/MF0609_2_0.dae
[0.616s] -- Installing: /home/coro/ros2_ws/install/dsr_description2/share/dsr_description2/meshes/m0609_collision/MF0609_6_0.dae
[0.616s] -- Installing: /home/coro/ros2_ws/install/dsr_description2/share/dsr_description2/meshes/m0609_collision/MF0609_4_1.dae
[0.616s] -- Installing: /home/coro/ros2_ws/install/dsr_description2/share/dsr_description2/meshes/m0609_collision/MF0609_1_0.dae
[0.617s] -- Installing: /home/coro/ros2_ws/install/dsr_description2/share/dsr_description2/meshes/m0609_collision/MF0609_5_0.dae
[0.617s] -- Installing: /home/coro/ros2_ws/install/dsr_description2/share/dsr_description2/meshes/m0609_collision/MF0609_2_1.dae
[0.619s] -- Installing: /home/coro/ros2_ws/install/dsr_description2/share/dsr_description2/meshes/m0609_collision/MF0609_2_2.dae
[0.620s] -- Installing: /home/coro/ros2_ws/install/dsr_description2/share/dsr_description2/meshes/a0912_blue
[0.620s] -- Installing: /home/coro/ros2_ws/install/dsr_description2/share/dsr_description2/meshes/a0912_blue/A0912_0_0.dae
[0.620s] -- Installing: /home/coro/ros2_ws/install/dsr_description2/share/dsr_description2/meshes/a0912_blue/A0912_3_0.dae
[0.620s] -- Installing: /home/coro/ros2_ws/install/dsr_description2/share/dsr_description2/meshes/a0912_blue/A0912_6_0.dae
[0.620s] -- Installing: /home/coro/ros2_ws/install/dsr_description2/share/dsr_description2/meshes/a0912_blue/A0912_2_1.dae
[0.621s] -- Installing: /home/coro/ros2_ws/install/dsr_description2/share/dsr_description2/meshes/a0912_blue/A0912_2_0.dae
[0.622s] -- Installing: /home/coro/ros2_ws/install/dsr_description2/share/dsr_description2/meshes/a0912_blue/A0912_4_0.dae
[0.622s] -- Installing: /home/coro/ros2_ws/install/dsr_description2/share/dsr_description2/meshes/a0912_blue/A0912_5_1.dae
[0.623s] -- Installing: /home/coro/ros2_ws/install/dsr_description2/share/dsr_description2/meshes/a0912_blue/A0912_1_0.dae
[0.623s] -- Installing: /home/coro/ros2_ws/install/dsr_description2/share/dsr_description2/meshes/a0912_blue/A0912_1_1.dae
[0.623s] -- Installing: /home/coro/ros2_ws/install/dsr_description2/share/dsr_description2/meshes/a0912_blue/A0912_1_2.dae
[0.624s] -- Installing: /home/coro/ros2_ws/install/dsr_description2/share/dsr_description2/meshes/a0912_blue/A0912_5_0.dae
[0.624s] -- Installing: /home/coro/ros2_ws/install/dsr_description2/share/dsr_description2/meshes/a0912_blue/A0912_4_1.dae
[0.624s] -- Installing: /home/coro/ros2_ws/install/dsr_description2/share/dsr_description2/meshes/a0912_blue/A0912_3_1.dae
[0.624s] -- Installing: /home/coro/ros2_ws/install/dsr_description2/share/dsr_description2/meshes/a0912_blue/A0912_2_2.dae
[0.625s] -- Installing: /home/coro/ros2_ws/install/dsr_description2/share/dsr_description2/meshes/mobile
[0.625s] -- Installing: /home/coro/ros2_ws/install/dsr_description2/share/dsr_description2/meshes/mobile/large_top_plate.dae
[0.625s] -- Installing: /home/coro/ros2_ws/install/dsr_description2/share/dsr_description2/meshes/mobile/top_chassis.stl
[0.625s] -- Installing: /home/coro/ros2_ws/install/dsr_description2/share/dsr_description2/meshes/mobile/bumper.dae
[0.626s] -- Installing: /home/coro/ros2_ws/install/dsr_description2/share/dsr_description2/meshes/mobile/user_rail.dae
[0.626s] -- Installing: /home/coro/ros2_ws/install/dsr_description2/share/dsr_description2/meshes/mobile/base_link.stl
[0.626s] -- Installing: /home/coro/ros2_ws/install/dsr_description2/share/dsr_description2/meshes/mobile/top_chassis.dae
[0.627s] -- Installing: /home/coro/ros2_ws/install/dsr_description2/share/dsr_description2/meshes/mobile/large_top_plate_collision.stl
[0.627s] -- Installing: /home/coro/ros2_ws/install/dsr_description2/share/dsr_description2/meshes/mobile/wheel.dae
[0.628s] -- Installing: /home/coro/ros2_ws/install/dsr_description2/share/dsr_description2/meshes/mobile/user_rail.stl
[0.628s] -- Installing: /home/coro/ros2_ws/install/dsr_description2/share/dsr_description2/meshes/mobile/bumper.stl
[0.629s] -- Installing: /home/coro/ros2_ws/install/dsr_description2/share/dsr_description2/meshes/mobile/base_link.dae
[0.629s] -- Installing: /home/coro/ros2_ws/install/dsr_description2/share/dsr_description2/meshes/mobile/top_plate.dae
[0.629s] -- Installing: /home/coro/ros2_ws/install/dsr_description2/share/dsr_description2/meshes/mobile/wheel.stl
[0.630s] -- Installing: /home/coro/ros2_ws/install/dsr_description2/share/dsr_description2/meshes/mobile/top_plate.stl
[0.630s] -- Installing: /home/coro/ros2_ws/install/dsr_description2/share/dsr_description2/meshes/h2515_collision
[0.630s] -- Installing: /home/coro/ros2_ws/install/dsr_description2/share/dsr_description2/meshes/h2515_collision/H2515_2_1.dae
[0.631s] -- Installing: /home/coro/ros2_ws/install/dsr_description2/share/dsr_description2/meshes/h2515_collision/H2515_3_0.dae
[0.632s] -- Installing: /home/coro/ros2_ws/install/dsr_description2/share/dsr_description2/meshes/h2515_collision/H2515_2_0.dae
[0.633s] -- Installing: /home/coro/ros2_ws/install/dsr_description2/share/dsr_description2/meshes/h2515_collision/H2515_4_1.dae
[0.634s] -- Installing: /home/coro/ros2_ws/install/dsr_description2/share/dsr_description2/meshes/h2515_collision/H2515_1_0.dae
[0.635s] -- Installing: /home/coro/ros2_ws/install/dsr_description2/share/dsr_description2/meshes/h2515_collision/H2515_4_0.dae
[0.635s] -- Installing: /home/coro/ros2_ws/install/dsr_description2/share/dsr_description2/meshes/h2515_collision/H2515_2_2.dae
[0.636s] -- Installing: /home/coro/ros2_ws/install/dsr_description2/share/dsr_description2/meshes/h2515_collision/H2515_5_0.dae
[0.637s] -- Installing: /home/coro/ros2_ws/install/dsr_description2/share/dsr_description2/meshes/h2515_collision/H2515_6_0.dae
[0.637s] -- Installing: /home/coro/ros2_ws/install/dsr_description2/share/dsr_description2/meshes/h2515_collision/H2515_0_0.dae
[0.638s] -- Installing: /home/coro/ros2_ws/install/dsr_description2/share/dsr_description2/meshes/m1013_collision
[0.638s] -- Installing: /home/coro/ros2_ws/install/dsr_description2/share/dsr_description2/meshes/m1013_collision/MF1013_6_0.dae
[0.638s] -- Installing: /home/coro/ros2_ws/install/dsr_description2/share/dsr_description2/meshes/m1013_collision/MF1013_2_0.dae
[0.639s] -- Installing: /home/coro/ros2_ws/install/dsr_description2/share/dsr_description2/meshes/m1013_collision/MF1013_4_0.dae
[0.640s] -- Installing: /home/coro/ros2_ws/install/dsr_description2/share/dsr_description2/meshes/m1013_collision/MF1013_3_0.dae
[0.640s] -- Installing: /home/coro/ros2_ws/install/dsr_description2/share/dsr_description2/meshes/m1013_collision/MF1013_4_1.dae
[0.641s] -- Installing: /home/coro/ros2_ws/install/dsr_description2/share/dsr_description2/meshes/m1013_collision/MF1013_0_0.dae
[0.642s] -- Installing: /home/coro/ros2_ws/install/dsr_description2/share/dsr_description2/meshes/m1013_collision/MF1013_2_1.dae
[0.644s] -- Installing: /home/coro/ros2_ws/install/dsr_description2/share/dsr_description2/meshes/m1013_collision/MF1013_1_0.dae
[0.645s] -- Installing: /home/coro/ros2_ws/install/dsr_description2/share/dsr_description2/meshes/m1013_collision/MF1013_5_0.dae
[0.645s] -- Installing: /home/coro/ros2_ws/install/dsr_description2/share/dsr_description2/meshes/m1013_collision/MF1013_2_2.dae
[0.646s] -- Installing: /home/coro/ros2_ws/install/dsr_description2/share/dsr_description2/meshes/m1013_white
[0.646s] -- Installing: /home/coro/ros2_ws/install/dsr_description2/share/dsr_description2/meshes/m1013_white/MF1013_6_0.dae
[0.646s] -- Installing: /home/coro/ros2_ws/install/dsr_description2/share/dsr_description2/meshes/m1013_white/MF1013_2_0.dae
[0.647s] -- Installing: /home/coro/ros2_ws/install/dsr_description2/share/dsr_description2/meshes/m1013_white/MF1013_4_0.dae
[0.647s] -- Installing: /home/coro/ros2_ws/install/dsr_description2/share/dsr_description2/meshes/m1013_white/MF1013_3_0.dae
[0.647s] -- Installing: /home/coro/ros2_ws/install/dsr_description2/share/dsr_description2/meshes/m1013_white/MF1013_4_1.dae
[0.648s] -- Installing: /home/coro/ros2_ws/install/dsr_description2/share/dsr_description2/meshes/m1013_white/MF1013_0_0.dae
[0.648s] -- Installing: /home/coro/ros2_ws/install/dsr_description2/share/dsr_description2/meshes/m1013_white/MF1013_2_1.dae
[0.649s] -- Installing: /home/coro/ros2_ws/install/dsr_description2/share/dsr_description2/meshes/m1013_white/MF1013_1_0.dae
[0.650s] -- Installing: /home/coro/ros2_ws/install/dsr_description2/share/dsr_description2/meshes/m1013_white/MF1013_5_0.dae
[0.650s] -- Installing: /home/coro/ros2_ws/install/dsr_description2/share/dsr_description2/meshes/m1013_white/MF1013_2_2.dae
[0.650s] -- Installing: /home/coro/ros2_ws/install/dsr_description2/share/dsr_description2/meshes/h2017_blue
[0.650s] -- Installing: /home/coro/ros2_ws/install/dsr_description2/share/dsr_description2/meshes/h2017_blue/H2017_2_0.dae
[0.651s] -- Installing: /home/coro/ros2_ws/install/dsr_description2/share/dsr_description2/meshes/h2017_blue/H2017_4_1.dae
[0.651s] -- Installing: /home/coro/ros2_ws/install/dsr_description2/share/dsr_description2/meshes/h2017_blue/H2017_3_0.dae
[0.651s] -- Installing: /home/coro/ros2_ws/install/dsr_description2/share/dsr_description2/meshes/h2017_blue/H2017_6_0.dae
[0.651s] -- Installing: /home/coro/ros2_ws/install/dsr_description2/share/dsr_description2/meshes/h2017_blue/H2017_1_0.dae
[0.652s] -- Installing: /home/coro/ros2_ws/install/dsr_description2/share/dsr_description2/meshes/h2017_blue/H2017_0_0.dae
[0.652s] -- Installing: /home/coro/ros2_ws/install/dsr_description2/share/dsr_description2/meshes/h2017_blue/H2017_2_1.dae
[0.653s] -- Installing: /home/coro/ros2_ws/install/dsr_description2/share/dsr_description2/meshes/h2017_blue/H2017_5_0.dae
[0.653s] -- Installing: /home/coro/ros2_ws/install/dsr_description2/share/dsr_description2/meshes/h2017_blue/H2017_2_2.dae
[0.654s] -- Installing: /home/coro/ros2_ws/install/dsr_description2/share/dsr_description2/meshes/h2017_blue/H2017_4_0.dae
[0.654s] -- Installing: /home/coro/ros2_ws/install/dsr_description2/share/dsr_description2/meshes/a0509_blue
[0.654s] -- Installing: /home/coro/ros2_ws/install/dsr_description2/share/dsr_description2/meshes/a0509_blue/A0509_0_0.dae
[0.654s] -- Installing: /home/coro/ros2_ws/install/dsr_description2/share/dsr_description2/meshes/a0509_blue/A0509_3_0.dae
[0.654s] -- Installing: /home/coro/ros2_ws/install/dsr_description2/share/dsr_description2/meshes/a0509_blue/A0509_4_1.dae
[0.655s] -- Installing: /home/coro/ros2_ws/install/dsr_description2/share/dsr_description2/meshes/a0509_blue/A0509_6_0.dae
[0.655s] -- Installing: /home/coro/ros2_ws/install/dsr_description2/share/dsr_description2/meshes/a0509_blue/A0509_2_1.dae
[0.656s] -- Installing: /home/coro/ros2_ws/install/dsr_description2/share/dsr_description2/meshes/a0509_blue/A0509_4_0.dae
[0.656s] -- Installing: /home/coro/ros2_ws/install/dsr_description2/share/dsr_description2/meshes/a0509_blue/A0509_2_2.dae
[0.656s] -- Installing: /home/coro/ros2_ws/install/dsr_description2/share/dsr_description2/meshes/a0509_blue/A0509_5_0.dae
[0.656s] -- Installing: /home/coro/ros2_ws/install/dsr_description2/share/dsr_description2/meshes/a0509_blue/A0509_3_1.dae
[0.656s] -- Installing: /home/coro/ros2_ws/install/dsr_description2/share/dsr_description2/meshes/a0509_blue/A0509_5_1.dae
[0.657s] -- Installing: /home/coro/ros2_ws/install/dsr_description2/share/dsr_description2/meshes/a0509_blue/A0509_1_2.dae
[0.657s] -- Installing: /home/coro/ros2_ws/install/dsr_description2/share/dsr_description2/meshes/a0509_blue/A0509_2_0.dae
[0.657s] -- Installing: /home/coro/ros2_ws/install/dsr_description2/share/dsr_description2/meshes/a0509_blue/A0509_1_1.dae
[0.658s] -- Installing: /home/coro/ros2_ws/install/dsr_description2/share/dsr_description2/meshes/a0509_blue/A0509_1_0.dae
[0.658s] -- Installing: /home/coro/ros2_ws/install/dsr_description2/share/dsr_description2/meshes/m0617_white
[0.658s] -- Installing: /home/coro/ros2_ws/install/dsr_description2/share/dsr_description2/meshes/m0617_white/MF0617_0_0.dae
[0.658s] -- Installing: /home/coro/ros2_ws/install/dsr_description2/share/dsr_description2/meshes/m0617_white/MF0617_1_0.dae
[0.658s] -- Installing: /home/coro/ros2_ws/install/dsr_description2/share/dsr_description2/meshes/m0617_white/MF0617_2_2.dae
[0.658s] -- Installing: /home/coro/ros2_ws/install/dsr_description2/share/dsr_description2/meshes/m0617_white/MF0617_4_1.dae
[0.659s] -- Installing: /home/coro/ros2_ws/install/dsr_description2/share/dsr_description2/meshes/m0617_white/MF0617_6_0.dae
[0.659s] -- Installing: /home/coro/ros2_ws/install/dsr_description2/share/dsr_description2/meshes/m0617_white/MF0617_5_0.dae
[0.659s] -- Installing: /home/coro/ros2_ws/install/dsr_description2/share/dsr_description2/meshes/m0617_white/MF0617_2_0.dae
[0.659s] -- Installing: /home/coro/ros2_ws/install/dsr_description2/share/dsr_description2/meshes/m0617_white/MF0617_4_0.dae
[0.659s] -- Installing: /home/coro/ros2_ws/install/dsr_description2/share/dsr_description2/meshes/m0617_white/MF0617_3_0.dae
[0.659s] -- Installing: /home/coro/ros2_ws/install/dsr_description2/share/dsr_description2/meshes/m0617_white/MF0617_2_1.dae
[0.660s] -- Installing: /home/coro/ros2_ws/install/dsr_description2/share/dsr_description2/meshes/m0609_white
[0.660s] -- Installing: /home/coro/ros2_ws/install/dsr_description2/share/dsr_description2/meshes/m0609_white/MF0609_0_0.dae
[0.661s] -- Installing: /home/coro/ros2_ws/install/dsr_description2/share/dsr_description2/meshes/m0609_white/MF0609_4_0.dae
[0.661s] -- Installing: /home/coro/ros2_ws/install/dsr_description2/share/dsr_description2/meshes/m0609_white/MF0609_3_0.dae
[0.661s] -- Installing: /home/coro/ros2_ws/install/dsr_description2/share/dsr_description2/meshes/m0609_white/MF0609_2_0.dae
[0.661s] -- Installing: /home/coro/ros2_ws/install/dsr_description2/share/dsr_description2/meshes/m0609_white/MF0609_6_0.dae
[0.661s] -- Installing: /home/coro/ros2_ws/install/dsr_description2/share/dsr_description2/meshes/m0609_white/MF0609_4_1.dae
[0.661s] -- Installing: /home/coro/ros2_ws/install/dsr_description2/share/dsr_description2/meshes/m0609_white/MF0609_1_0.dae
[0.661s] -- Installing: /home/coro/ros2_ws/install/dsr_description2/share/dsr_description2/meshes/m0609_white/MF0609_5_0.dae
[0.662s] -- Installing: /home/coro/ros2_ws/install/dsr_description2/share/dsr_description2/meshes/m0609_white/MF0609_2_1.dae
[0.663s] -- Installing: /home/coro/ros2_ws/install/dsr_description2/share/dsr_description2/meshes/m0609_white/MF0609_2_2.dae
[0.663s] -- Installing: /home/coro/ros2_ws/install/dsr_description2/share/dsr_description2/meshes/m1509_white
[0.663s] -- Installing: /home/coro/ros2_ws/install/dsr_description2/share/dsr_description2/meshes/m1509_white/MF1509_5_0.dae
[0.663s] -- Installing: /home/coro/ros2_ws/install/dsr_description2/share/dsr_description2/meshes/m1509_white/MF1509_1_0.dae
[0.663s] -- Installing: /home/coro/ros2_ws/install/dsr_description2/share/dsr_description2/meshes/m1509_white/MF1509_4_1.dae
[0.663s] -- Installing: /home/coro/ros2_ws/install/dsr_description2/share/dsr_description2/meshes/m1509_white/MF1509_2_1.dae
[0.664s] -- Installing: /home/coro/ros2_ws/install/dsr_description2/share/dsr_description2/meshes/m1509_white/MF1509_0_0.dae
[0.665s] -- Installing: /home/coro/ros2_ws/install/dsr_description2/share/dsr_description2/meshes/m1509_white/MF1509_3_0.dae
[0.665s] -- Installing: /home/coro/ros2_ws/install/dsr_description2/share/dsr_description2/meshes/m1509_white/MF1509_2_2.dae
[0.665s] -- Installing: /home/coro/ros2_ws/install/dsr_description2/share/dsr_description2/meshes/m1509_white/MF1509_4_0.dae
[0.665s] -- Installing: /home/coro/ros2_ws/install/dsr_description2/share/dsr_description2/meshes/m1509_white/MF1509_2_0.dae
[0.665s] -- Installing: /home/coro/ros2_ws/install/dsr_description2/share/dsr_description2/meshes/m1509_white/MF1509_6_0.dae
[0.665s] -- Installing: /home/coro/ros2_ws/install/dsr_description2/share/dsr_description2/meshes/gripper
[0.665s] -- Installing: /home/coro/ros2_ws/install/dsr_description2/share/dsr_description2/meshes/gripper/robotiq
[0.665s] -- Installing: /home/coro/ros2_ws/install/dsr_description2/share/dsr_description2/meshes/gripper/robotiq/85_2f
[0.665s] -- Installing: /home/coro/ros2_ws/install/dsr_description2/share/dsr_description2/meshes/gripper/robotiq/85_2f/robotiq_85_coupler.stl
[0.666s] -- Installing: /home/coro/ros2_ws/install/dsr_description2/share/dsr_description2/meshes/gripper/robotiq/85_2f/visual
[0.666s] -- Installing: /home/coro/ros2_ws/install/dsr_description2/share/dsr_description2/meshes/gripper/robotiq/85_2f/visual/robotiq_85_base_link.dae
[0.667s] -- Installing: /home/coro/ros2_ws/install/dsr_description2/share/dsr_description2/meshes/gripper/robotiq/85_2f/visual/robotiq_85_knuckle_link.dae
[0.667s] -- Installing: /home/coro/ros2_ws/install/dsr_description2/share/dsr_description2/meshes/gripper/robotiq/85_2f/visual/robotiq_85_inner_knuckle_link.dae
[0.667s] -- Installing: /home/coro/ros2_ws/install/dsr_description2/share/dsr_description2/meshes/gripper/robotiq/85_2f/visual/robotiq_85_finger_link.dae
[0.668s] -- Installing: /home/coro/ros2_ws/install/dsr_description2/share/dsr_description2/meshes/gripper/robotiq/85_2f/visual/robotiq_85_finger_tip_link.dae
[0.668s] -- Installing: /home/coro/ros2_ws/install/dsr_description2/share/dsr_description2/meshes/gripper/robotiq/85_2f/collision
[0.668s] -- Installing: /home/coro/ros2_ws/install/dsr_description2/share/dsr_description2/meshes/gripper/robotiq/85_2f/collision/robotiq_85_knuckle_link.stl
[0.668s] -- Installing: /home/coro/ros2_ws/install/dsr_description2/share/dsr_description2/meshes/gripper/robotiq/85_2f/collision/robotiq_85_inner_knuckle_link.stl
[0.668s] -- Installing: /home/coro/ros2_ws/install/dsr_description2/share/dsr_description2/meshes/gripper/robotiq/85_2f/collision/robotiq_85_finger_tip_link.stl
[0.668s] -- Installing: /home/coro/ros2_ws/install/dsr_description2/share/dsr_description2/meshes/gripper/robotiq/85_2f/collision/robotiq_85_finger_link.stl
[0.668s] -- Installing: /home/coro/ros2_ws/install/dsr_description2/share/dsr_description2/meshes/gripper/robotiq/85_2f/collision/robotiq_85_base_link.stl
[0.669s] -- Installing: /home/coro/ros2_ws/install/dsr_description2/share/dsr_description2/meshes/m0609_blue
[0.669s] -- Installing: /home/coro/ros2_ws/install/dsr_description2/share/dsr_description2/meshes/m0609_blue/MF0609_0_0.dae
[0.670s] -- Installing: /home/coro/ros2_ws/install/dsr_description2/share/dsr_description2/meshes/m0609_blue/MF0609_4_0.dae
[0.670s] -- Installing: /home/coro/ros2_ws/install/dsr_description2/share/dsr_description2/meshes/m0609_blue/MF0609_3_0.dae
[0.670s] -- Installing: /home/coro/ros2_ws/install/dsr_description2/share/dsr_description2/meshes/m0609_blue/MF0609_2_0.dae
[0.670s] -- Installing: /home/coro/ros2_ws/install/dsr_description2/share/dsr_description2/meshes/m0609_blue/MF0609_6_0.dae
[0.670s] -- Installing: /home/coro/ros2_ws/install/dsr_description2/share/dsr_description2/meshes/m0609_blue/MF0609_4_1.dae
[0.670s] -- Installing: /home/coro/ros2_ws/install/dsr_description2/share/dsr_description2/meshes/m0609_blue/MF0609_1_0.dae
[0.670s] -- Installing: /home/coro/ros2_ws/install/dsr_description2/share/dsr_description2/meshes/m0609_blue/MF0609_5_0.dae
[0.671s] -- Installing: /home/coro/ros2_ws/install/dsr_description2/share/dsr_description2/meshes/m0609_blue/MF0609_2_1.dae
[0.672s] -- Installing: /home/coro/ros2_ws/install/dsr_description2/share/dsr_description2/meshes/m0609_blue/MF0609_2_2.dae
[0.672s] -- Installing: /home/coro/ros2_ws/install/dsr_description2/share/dsr_description2/meshes/m0617_blue
[0.672s] -- Installing: /home/coro/ros2_ws/install/dsr_description2/share/dsr_description2/meshes/m0617_blue/MF0617_0_0.dae
[0.672s] -- Installing: /home/coro/ros2_ws/install/dsr_description2/share/dsr_description2/meshes/m0617_blue/MF0617_1_0.dae
[0.672s] -- Installing: /home/coro/ros2_ws/install/dsr_description2/share/dsr_description2/meshes/m0617_blue/MF0617_2_2.dae
[0.672s] -- Installing: /home/coro/ros2_ws/install/dsr_description2/share/dsr_description2/meshes/m0617_blue/MF0617_4_1.dae
[0.672s] -- Installing: /home/coro/ros2_ws/install/dsr_description2/share/dsr_description2/meshes/m0617_blue/MF0617_6_0.dae
[0.673s] -- Installing: /home/coro/ros2_ws/install/dsr_description2/share/dsr_description2/meshes/m0617_blue/MF0617_5_0.dae
[0.673s] -- Installing: /home/coro/ros2_ws/install/dsr_description2/share/dsr_description2/meshes/m0617_blue/MF0617_2_0.dae
[0.673s] -- Installing: /home/coro/ros2_ws/install/dsr_description2/share/dsr_description2/meshes/m0617_blue/MF0617_4_0.dae
[0.673s] -- Installing: /home/coro/ros2_ws/install/dsr_description2/share/dsr_description2/meshes/m0617_blue/MF0617_3_0.dae
[0.673s] -- Installing: /home/coro/ros2_ws/install/dsr_description2/share/dsr_description2/meshes/m0617_blue/MF0617_2_1.dae
[0.674s] -- Installing: /home/coro/ros2_ws/install/dsr_description2/share/dsr_description2/meshes/m0617_collision
[0.674s] -- Installing: /home/coro/ros2_ws/install/dsr_description2/share/dsr_description2/meshes/m0617_collision/MF0617_0_0.dae
[0.675s] -- Installing: /home/coro/ros2_ws/install/dsr_description2/share/dsr_description2/meshes/m0617_collision/MF0617_1_0.dae
[0.675s] -- Installing: /home/coro/ros2_ws/install/dsr_description2/share/dsr_description2/meshes/m0617_collision/MF0617_2_2.dae
[0.676s] -- Installing: /home/coro/ros2_ws/install/dsr_description2/share/dsr_description2/meshes/m0617_collision/MF0617_4_1.dae
[0.676s] -- Installing: /home/coro/ros2_ws/install/dsr_description2/share/dsr_description2/meshes/m0617_collision/MF0617_6_0.dae
[0.677s] -- Installing: /home/coro/ros2_ws/install/dsr_description2/share/dsr_description2/meshes/m0617_collision/MF0617_5_0.dae
[0.677s] -- Installing: /home/coro/ros2_ws/install/dsr_description2/share/dsr_description2/meshes/m0617_collision/MF0617_2_0.dae
[0.678s] -- Installing: /home/coro/ros2_ws/install/dsr_description2/share/dsr_description2/meshes/m0617_collision/MF0617_4_0.dae
[0.678s] -- Installing: /home/coro/ros2_ws/install/dsr_description2/share/dsr_description2/meshes/m0617_collision/MF0617_3_0.dae
[0.678s] -- Installing: /home/coro/ros2_ws/install/dsr_description2/share/dsr_description2/meshes/m0617_collision/MF0617_2_1.dae
[0.680s] -- Installing: /home/coro/ros2_ws/install/dsr_description2/share/dsr_description2/meshes/a0912_white
[0.680s] -- Installing: /home/coro/ros2_ws/install/dsr_description2/share/dsr_description2/meshes/a0912_white/A0912_0_0.dae
[0.680s] -- Installing: /home/coro/ros2_ws/install/dsr_description2/share/dsr_description2/meshes/a0912_white/A0912_3_0.dae
[0.680s] -- Installing: /home/coro/ros2_ws/install/dsr_description2/share/dsr_description2/meshes/a0912_white/A0912_6_0.dae
[0.681s] -- Installing: /home/coro/ros2_ws/install/dsr_description2/share/dsr_description2/meshes/a0912_white/A0912_2_1.dae
[0.682s] -- Installing: /home/coro/ros2_ws/install/dsr_description2/share/dsr_description2/meshes/a0912_white/A0912_2_0.dae
[0.682s] -- Installing: /home/coro/ros2_ws/install/dsr_description2/share/dsr_description2/meshes/a0912_white/A0912_4_0.dae
[0.682s] -- Installing: /home/coro/ros2_ws/install/dsr_description2/share/dsr_description2/meshes/a0912_white/A0912_5_1.dae
[0.683s] -- Installing: /home/coro/ros2_ws/install/dsr_description2/share/dsr_description2/meshes/a0912_white/A0912_1_0.dae
[0.683s] -- Installing: /home/coro/ros2_ws/install/dsr_description2/share/dsr_description2/meshes/a0912_white/A0912_1_1.dae
[0.683s] -- Installing: /home/coro/ros2_ws/install/dsr_description2/share/dsr_description2/meshes/a0912_white/A0912_1_2.dae
[0.683s] -- Installing: /home/coro/ros2_ws/install/dsr_description2/share/dsr_description2/meshes/a0912_white/A0912_5_0.dae
[0.683s] -- Installing: /home/coro/ros2_ws/install/dsr_description2/share/dsr_description2/meshes/a0912_white/A0912_4_1.dae
[0.684s] -- Installing: /home/coro/ros2_ws/install/dsr_description2/share/dsr_description2/meshes/a0912_white/A0912_3_1.dae
[0.684s] -- Installing: /home/coro/ros2_ws/install/dsr_description2/share/dsr_description2/meshes/a0912_white/A0912_2_2.dae
[0.684s] -- Installing: /home/coro/ros2_ws/install/dsr_description2/share/dsr_description2/meshes/a0509_collision
[0.684s] -- Installing: /home/coro/ros2_ws/install/dsr_description2/share/dsr_description2/meshes/a0509_collision/A0509_0_0.dae
[0.685s] -- Installing: /home/coro/ros2_ws/install/dsr_description2/share/dsr_description2/meshes/a0509_collision/A0509_3_0.dae
[0.685s] -- Installing: /home/coro/ros2_ws/install/dsr_description2/share/dsr_description2/meshes/a0509_collision/A0509_4_1.dae
[0.686s] -- Installing: /home/coro/ros2_ws/install/dsr_description2/share/dsr_description2/meshes/a0509_collision/A0509_6_0.dae
[0.687s] -- Installing: /home/coro/ros2_ws/install/dsr_description2/share/dsr_description2/meshes/a0509_collision/A0509_2_1.dae
[0.688s] -- Installing: /home/coro/ros2_ws/install/dsr_description2/share/dsr_description2/meshes/a0509_collision/A0509_4_0.dae
[0.688s] -- Installing: /home/coro/ros2_ws/install/dsr_description2/share/dsr_description2/meshes/a0509_collision/A0509_2_2.dae
[0.689s] -- Installing: /home/coro/ros2_ws/install/dsr_description2/share/dsr_description2/meshes/a0509_collision/A0509_5_0.dae
[0.689s] -- Installing: /home/coro/ros2_ws/install/dsr_description2/share/dsr_description2/meshes/a0509_collision/A0509_3_1.dae
[0.690s] -- Installing: /home/coro/ros2_ws/install/dsr_description2/share/dsr_description2/meshes/a0509_collision/A0509_5_1.dae
[0.691s] -- Installing: /home/coro/ros2_ws/install/dsr_description2/share/dsr_description2/meshes/a0509_collision/A0509_1_2.dae
[0.691s] -- Installing: /home/coro/ros2_ws/install/dsr_description2/share/dsr_description2/meshes/a0509_collision/A0509_2_0.dae
[0.692s] -- Installing: /home/coro/ros2_ws/install/dsr_description2/share/dsr_description2/meshes/a0509_collision/A0509_1_1.dae
[0.693s] -- Installing: /home/coro/ros2_ws/install/dsr_description2/share/dsr_description2/meshes/a0509_collision/A0509_1_0.dae
[0.693s] -- Installing: /home/coro/ros2_ws/install/dsr_description2/share/dsr_description2/meshes/h2515_blue
[0.693s] -- Installing: /home/coro/ros2_ws/install/dsr_description2/share/dsr_description2/meshes/h2515_blue/H2515_2_1.dae
[0.694s] -- Installing: /home/coro/ros2_ws/install/dsr_description2/share/dsr_description2/meshes/h2515_blue/H2515_3_0.dae
[0.694s] -- Installing: /home/coro/ros2_ws/install/dsr_description2/share/dsr_description2/meshes/h2515_blue/H2515_2_0.dae
[0.695s] -- Installing: /home/coro/ros2_ws/install/dsr_description2/share/dsr_description2/meshes/h2515_blue/H2515_4_1.dae
[0.695s] -- Installing: /home/coro/ros2_ws/install/dsr_description2/share/dsr_description2/meshes/h2515_blue/H2515_1_0.dae
[0.695s] -- Installing: /home/coro/ros2_ws/install/dsr_description2/share/dsr_description2/meshes/h2515_blue/H2515_4_0.dae
[0.695s] -- Installing: /home/coro/ros2_ws/install/dsr_description2/share/dsr_description2/meshes/h2515_blue/H2515_2_2.dae
[0.696s] -- Installing: /home/coro/ros2_ws/install/dsr_description2/share/dsr_description2/meshes/h2515_blue/H2515_5_0.dae
[0.696s] -- Installing: /home/coro/ros2_ws/install/dsr_description2/share/dsr_description2/meshes/h2515_blue/H2515_6_0.dae
[0.696s] -- Installing: /home/coro/ros2_ws/install/dsr_description2/share/dsr_description2/meshes/h2515_blue/H2515_0_0.dae
[0.697s] -- Installing: /home/coro/ros2_ws/install/dsr_description2/share/dsr_description2/meshes/m1013_blue
[0.697s] -- Installing: /home/coro/ros2_ws/install/dsr_description2/share/dsr_description2/meshes/m1013_blue/MF1013_6_0.dae
[0.697s] -- Installing: /home/coro/ros2_ws/install/dsr_description2/share/dsr_description2/meshes/m1013_blue/MF1013_2_0.dae
[0.697s] -- Installing: /home/coro/ros2_ws/install/dsr_description2/share/dsr_description2/meshes/m1013_blue/MF1013_4_0.dae
[0.698s] -- Installing: /home/coro/ros2_ws/install/dsr_description2/share/dsr_description2/meshes/m1013_blue/MF1013_3_0.dae
[0.698s] -- Installing: /home/coro/ros2_ws/install/dsr_description2/share/dsr_description2/meshes/m1013_blue/MF1013_4_1.dae
[0.698s] -- Installing: /home/coro/ros2_ws/install/dsr_description2/share/dsr_description2/meshes/m1013_blue/MF1013_0_0.dae
[0.699s] -- Installing: /home/coro/ros2_ws/install/dsr_description2/share/dsr_description2/meshes/m1013_blue/MF1013_2_1.dae
[0.700s] -- Installing: /home/coro/ros2_ws/install/dsr_description2/share/dsr_description2/meshes/m1013_blue/MF1013_1_0.dae
[0.701s] -- Installing: /home/coro/ros2_ws/install/dsr_description2/share/dsr_description2/meshes/m1013_blue/MF1013_5_0.dae
[0.701s] -- Installing: /home/coro/ros2_ws/install/dsr_description2/share/dsr_description2/meshes/m1013_blue/MF1013_2_2.dae
[0.702s] -- Installing: /home/coro/ros2_ws/install/dsr_description2/share/dsr_description2/urdf
[0.702s] -- Installing: /home/coro/ros2_ws/install/dsr_description2/share/dsr_description2/urdf/m0609.white.urdf
[0.702s] -- Installing: /home/coro/ros2_ws/install/dsr_description2/share/dsr_description2/urdf/h2017.white.urdf
[0.702s] -- Installing: /home/coro/ros2_ws/install/dsr_description2/share/dsr_description2/urdf/m0617.blue.urdf
[0.702s] -- Installing: /home/coro/ros2_ws/install/dsr_description2/share/dsr_description2/urdf/h2515.blue.urdf
[0.702s] -- Installing: /home/coro/ros2_ws/install/dsr_description2/share/dsr_description2/urdf/a0912.blue.urdf
[0.702s] -- Installing: /home/coro/ros2_ws/install/dsr_description2/share/dsr_description2/urdf/a0509.blue.urdf
[0.702s] -- Installing: /home/coro/ros2_ws/install/dsr_description2/share/dsr_description2/urdf/e0509.white.urdf
[0.702s] -- Installing: /home/coro/ros2_ws/install/dsr_description2/share/dsr_description2/urdf/h2017.blue.urdf
[0.703s] -- Installing: /home/coro/ros2_ws/install/dsr_description2/share/dsr_description2/urdf/a0912.white.urdf
[0.703s] -- Installing: /home/coro/ros2_ws/install/dsr_description2/share/dsr_description2/urdf/m1509.white.urdf
[0.703s] -- Installing: /home/coro/ros2_ws/install/dsr_description2/share/dsr_description2/urdf/h2515.white.urdf
[0.703s] -- Installing: /home/coro/ros2_ws/install/dsr_description2/share/dsr_description2/urdf/m0609.blue.urdf
[0.703s] -- Installing: /home/coro/ros2_ws/install/dsr_description2/share/dsr_description2/urdf/m0617.white.urdf
[0.703s] -- Installing: /home/coro/ros2_ws/install/dsr_description2/share/dsr_description2/urdf/m1013.blue.urdf
[0.703s] -- Installing: /home/coro/ros2_ws/install/dsr_description2/share/dsr_description2/urdf/m1013.white.urdf
[0.703s] -- Installing: /home/coro/ros2_ws/install/dsr_description2/share/dsr_description2/urdf/a0509.white.urdf
[0.703s] -- Installing: /home/coro/ros2_ws/install/dsr_description2/share/dsr_description2/urdf/m1509.blue.urdf
[0.703s] -- Installing: /home/coro/ros2_ws/install/dsr_description2/share/dsr_description2/xacro
[0.703s] -- Installing: /home/coro/ros2_ws/install/dsr_description2/share/dsr_description2/xacro/macro.h2515.blue.xacro
[0.704s] -- Installing: /home/coro/ros2_ws/install/dsr_description2/share/dsr_description2/xacro/macro.m1013.white.xacro
[0.704s] -- Installing: /home/coro/ros2_ws/install/dsr_description2/share/dsr_description2/xacro/a0509.urdf.xacro
[0.704s] -- Installing: /home/coro/ros2_ws/install/dsr_description2/share/dsr_description2/xacro/macro.m0617.white.xacro
[0.704s] -- Installing: /home/coro/ros2_ws/install/dsr_description2/share/dsr_description2/xacro/h2017.urdf.xacro
[0.704s] -- Installing: /home/coro/ros2_ws/install/dsr_description2/share/dsr_description2/xacro/macro.a0912.blue.xacro
[0.704s] -- Installing: /home/coro/ros2_ws/install/dsr_description2/share/dsr_description2/xacro/h2515.urdf.xacro
[0.704s] -- Installing: /home/coro/ros2_ws/install/dsr_description2/share/dsr_description2/xacro/robotiq_2f_85_gripper
[0.705s] -- Installing: /home/coro/ros2_ws/install/dsr_description2/share/dsr_description2/xacro/robotiq_2f_85_gripper/robotiq_85_gripper.transmission.xacro
[0.705s] -- Installing: /home/coro/ros2_ws/install/dsr_description2/share/dsr_description2/xacro/robotiq_2f_85_gripper/robotiq_2f.urdf.xacro
[0.705s] -- Installing: /home/coro/ros2_ws/install/dsr_description2/share/dsr_description2/xacro/robotiq_2f_85_gripper/robotiq_85_gripper.xacro
[0.705s] -- Installing: /home/coro/ros2_ws/install/dsr_description2/share/dsr_description2/xacro/robotiq_2f_85_gripper/robotiq_85_gripper.urdf.xacro
[0.705s] -- Installing: /home/coro/ros2_ws/install/dsr_description2/share/dsr_description2/xacro/robotiq_2f_85_gripper/robotiq_85_gripper_sim_base.urdf.xacro
[0.705s] -- Installing: /home/coro/ros2_ws/install/dsr_description2/share/dsr_description2/xacro/m1013.urdf.xacro
[0.705s] -- Installing: /home/coro/ros2_ws/install/dsr_description2/share/dsr_description2/xacro/macro.m1509.blue.xacro
[0.705s] -- Installing: /home/coro/ros2_ws/install/dsr_description2/share/dsr_description2/xacro/macro.m0609.white.xacro
[0.706s] -- Installing: /home/coro/ros2_ws/install/dsr_description2/share/dsr_description2/xacro/mobile
[0.706s] -- Installing: /home/coro/ros2_ws/install/dsr_description2/share/dsr_description2/xacro/mobile/macro.mobile.xacro
[0.706s] -- Installing: /home/coro/ros2_ws/install/dsr_description2/share/dsr_description2/xacro/mobile/macro.m1013mobile.white.xacro
[0.706s] -- Installing: /home/coro/ros2_ws/install/dsr_description2/share/dsr_description2/xacro/mobile/m0617mobile.urdf.xacro
[0.706s] -- Installing: /home/coro/ros2_ws/install/dsr_description2/share/dsr_description2/xacro/mobile/macro.a0509mobile.white.xacro
[0.706s] -- Installing: /home/coro/ros2_ws/install/dsr_description2/share/dsr_description2/xacro/mobile/macro.a0912mobile.white.xacro
[0.706s] -- Installing: /home/coro/ros2_ws/install/dsr_description2/share/dsr_description2/xacro/mobile/macro.m0617mobile.blue.xacro
[0.706s] -- Installing: /home/coro/ros2_ws/install/dsr_description2/share/dsr_description2/xacro/mobile/m1509mobile.urdf.xacro
[0.707s] -- Installing: /home/coro/ros2_ws/install/dsr_description2/share/dsr_description2/xacro/mobile/macro.m1509mobile.blue.xacro
[0.707s] -- Installing: /home/coro/ros2_ws/install/dsr_description2/share/dsr_description2/xacro/mobile/macro.m1013mobile.blue.xacro
[0.707s] -- Installing: /home/coro/ros2_ws/install/dsr_description2/share/dsr_description2/xacro/mobile/macro.m0609mobile.blue.xacro
[0.707s] -- Installing: /home/coro/ros2_ws/install/dsr_description2/share/dsr_description2/xacro/mobile/m0609mobile.urdf.xacro
[0.707s] -- Installing: /home/coro/ros2_ws/install/dsr_description2/share/dsr_description2/xacro/mobile/macro.m0609mobile.white.xacro
[0.707s] -- Installing: /home/coro/ros2_ws/install/dsr_description2/share/dsr_description2/xacro/mobile/macro.a0912mobile.blue.xacro
[0.707s] -- Installing: /home/coro/ros2_ws/install/dsr_description2/share/dsr_description2/xacro/mobile/macro.a0509mobile.blue.xacro
[0.707s] -- Installing: /home/coro/ros2_ws/install/dsr_description2/share/dsr_description2/xacro/mobile/macro.m1509mobile.white.xacro
[0.707s] -- Installing: /home/coro/ros2_ws/install/dsr_description2/share/dsr_description2/xacro/mobile/a0509mobile.urdf.xacro
[0.707s] -- Installing: /home/coro/ros2_ws/install/dsr_description2/share/dsr_description2/xacro/mobile/m1013mobile.urdf.xacro
[0.707s] -- Installing: /home/coro/ros2_ws/install/dsr_description2/share/dsr_description2/xacro/mobile/mobile.urdf.xacro
[0.708s] -- Installing: /home/coro/ros2_ws/install/dsr_description2/share/dsr_description2/xacro/mobile/a0912mobile.urdf.xacro
[0.708s] -- Installing: /home/coro/ros2_ws/install/dsr_description2/share/dsr_description2/xacro/mobile/macro.m0617mobile.white.xacro
[0.708s] -- Installing: /home/coro/ros2_ws/install/dsr_description2/share/dsr_description2/xacro/macro.h2017.white.xacro
[0.708s] -- Installing: /home/coro/ros2_ws/install/dsr_description2/share/dsr_description2/xacro/m0609.urdf.xacro
[0.708s] -- Installing: /home/coro/ros2_ws/install/dsr_description2/share/dsr_description2/xacro/macro.m1509.white.xacro
[0.708s] -- Installing: /home/coro/ros2_ws/install/dsr_description2/share/dsr_description2/xacro/macro.h2017.blue.xacro
[0.708s] -- Installing: /home/coro/ros2_ws/install/dsr_description2/share/dsr_description2/xacro/macro.m0617.blue.xacro
[0.708s] -- Installing: /home/coro/ros2_ws/install/dsr_description2/share/dsr_description2/xacro/m0617.urdf.xacro
[0.708s] -- Installing: /home/coro/ros2_ws/install/dsr_description2/share/dsr_description2/xacro/macro.m1013.blue.xacro
[0.708s] -- Installing: /home/coro/ros2_ws/install/dsr_description2/share/dsr_description2/xacro/macro.a0509.blue.xacro
[0.709s] -- Installing: /home/coro/ros2_ws/install/dsr_description2/share/dsr_description2/xacro/m1509.urdf.xacro
[0.709s] -- Installing: /home/coro/ros2_ws/install/dsr_description2/share/dsr_description2/xacro/macro.m0609.blue.xacro
[0.709s] -- Installing: /home/coro/ros2_ws/install/dsr_description2/share/dsr_description2/xacro/macro.a0912.white.xacro
[0.709s] -- Installing: /home/coro/ros2_ws/install/dsr_description2/share/dsr_description2/xacro/e0509.urdf.xacro
[0.709s] -- Installing: /home/coro/ros2_ws/install/dsr_description2/share/dsr_description2/xacro/macro.e0509.white.xacro
[0.709s] -- Installing: /home/coro/ros2_ws/install/dsr_description2/share/dsr_description2/xacro/macro.a0509.white.xacro
[0.709s] -- Installing: /home/coro/ros2_ws/install/dsr_description2/share/dsr_description2/xacro/a0912.urdf.xacro
[0.709s] -- Installing: /home/coro/ros2_ws/install/dsr_description2/share/dsr_description2/xacro/macro.h2515.white.xacro
[0.710s] -- Installing: /home/coro/ros2_ws/install/dsr_description2/share/dsr_description2/config
[0.710s] -- Installing: /home/coro/ros2_ws/install/dsr_description2/share/dsr_description2/config/macro.gazebo.xacro
[0.710s] -- Installing: /home/coro/ros2_ws/install/dsr_description2/share/dsr_description2/config/macro.transmission.xacro
[0.710s] -- Installing: /home/coro/ros2_ws/install/dsr_description2/share/dsr_description2/config/macro.wheel.xacro
[0.710s] -- Installing: /home/coro/ros2_ws/install/dsr_description2/share/dsr_description2/config/macro.decorations.xacro
[0.710s] -- Installing: /home/coro/ros2_ws/install/dsr_description2/share/dsr_description2/config/plugin
[0.710s] -- Installing: /home/coro/ros2_ws/install/dsr_description2/share/dsr_description2/config/plugin/robotiq_gazebo
[0.710s] -- Installing: /home/coro/ros2_ws/install/dsr_description2/share/dsr_description2/config/plugin/robotiq_gazebo/include
[0.710s] -- Installing: /home/coro/ros2_ws/install/dsr_description2/share/dsr_description2/config/plugin/robotiq_gazebo/include/robotiq_gazebo
[0.710s] -- Installing: /home/coro/ros2_ws/install/dsr_description2/share/dsr_description2/config/plugin/robotiq_gazebo/include/robotiq_gazebo/mimic_joint_plugin.h
[0.710s] -- Installing: /home/coro/ros2_ws/install/dsr_description2/share/dsr_description2/config/plugin/robotiq_gazebo/include/robotiq_gazebo/disable_link_plugin.h
[0.711s] -- Installing: /home/coro/ros2_ws/install/dsr_description2/share/dsr_description2/config/plugin/robotiq_gazebo/CMakeLists.txt
[0.711s] -- Installing: /home/coro/ros2_ws/install/dsr_description2/share/dsr_description2/config/plugin/robotiq_gazebo/src
[0.711s] -- Installing: /home/coro/ros2_ws/install/dsr_description2/share/dsr_description2/config/plugin/robotiq_gazebo/src/disable_link_plugin.cpp
[0.711s] -- Installing: /home/coro/ros2_ws/install/dsr_description2/share/dsr_description2/config/plugin/robotiq_gazebo/src/mimic_joint_plugin.cpp
[0.711s] -- Installing: /home/coro/ros2_ws/install/dsr_description2/share/dsr_description2/config/plugin/robotiq_gazebo/package.xml
[0.711s] -- Installing: /home/coro/ros2_ws/install/dsr_description2/share/dsr_description2/config/macro.materials.xacro
[0.711s] -- Installing: /home/coro/ros2_ws/install/dsr_description2/share/dsr_description2/ros2_control
[0.711s] -- Installing: /home/coro/ros2_ws/install/dsr_description2/share/dsr_description2/ros2_control/h2017.ros2_control.xacro
[0.711s] -- Installing: /home/coro/ros2_ws/install/dsr_description2/share/dsr_description2/ros2_control/m1013.ros2_control.xacro
[0.711s] -- Installing: /home/coro/ros2_ws/install/dsr_description2/share/dsr_description2/ros2_control/a0912.ros2_control.xacro
[0.711s] -- Installing: /home/coro/ros2_ws/install/dsr_description2/share/dsr_description2/ros2_control/a0509.ros2_control.xacro
[0.712s] -- Installing: /home/coro/ros2_ws/install/dsr_description2/share/dsr_description2/ros2_control/e0509.ros2_control.xacro
[0.712s] -- Installing: /home/coro/ros2_ws/install/dsr_description2/share/dsr_description2/ros2_control/m1509.ros2_control.xacro
[0.712s] -- Installing: /home/coro/ros2_ws/install/dsr_description2/share/dsr_description2/ros2_control/h2515.ros2_control.xacro
[0.712s] -- Installing: /home/coro/ros2_ws/install/dsr_description2/share/dsr_description2/ros2_control/m0609.ros2_control.xacro
[0.712s] -- Installing: /home/coro/ros2_ws/install/dsr_description2/share/dsr_description2/ros2_control/m0617.ros2_control.xacro
[0.712s] -- Installing: /home/coro/ros2_ws/install/dsr_description2/share/dsr_description2/launch
[0.712s] -- Installing: /home/coro/ros2_ws/install/dsr_description2/share/dsr_description2/launch/dsr_description.launch.py
[0.712s] -- Installing: /home/coro/ros2_ws/install/dsr_description2/share/dsr_description2/rviz
[0.713s] -- Installing: /home/coro/ros2_ws/install/dsr_description2/share/dsr_description2/rviz/moveit.rviz
[0.713s] -- Installing: /home/coro/ros2_ws/install/dsr_description2/share/dsr_description2/rviz/default.rviz
[0.716s] Invoked command in '/home/coro/ros2_ws/build/dsr_description2' returned '0': CMAKE_PREFIX_PATH=${CMAKE_PREFIX_PATH}:/home/coro/ros2_ws/install/dsr_bringup2:/opt/ros/humble /home/coro/.local/bin/cmake --install /home/coro/ros2_ws/build/dsr_description2
