[0.020s] Invoking command in '/home/coro/ros2_ws/build/h2515_moveit_config': CMAKE_PREFIX_PATH=/opt/ros/humble /home/coro/.local/bin/cmake /home/coro/ros2_ws/src/doosan-robot2/dsr_moveit2/h2515_moveit_config -DCMAKE_INSTALL_PREFIX=/home/coro/ros2_ws/install/h2515_moveit_config
[0.116s] -- The C compiler identification is GNU 11.4.0
[0.186s] -- The CXX compiler identification is GNU 11.4.0
[0.193s] -- Detecting C compiler ABI info
[0.229s] -- Detecting C compiler ABI info - done
[0.235s] -- Check for working C compiler: /usr/bin/cc - skipped
[0.235s] -- Detecting C compile features
[0.235s] -- Detecting C compile features - done
[0.237s] -- Detecting CXX compiler ABI info
[0.274s] -- Detecting CXX compiler ABI info - done
[0.284s] -- Check for working CXX compiler: /usr/bin/c++ - skipped
[0.285s] -- Detecting CXX compile features
[0.285s] -- Detecting CXX compile features - done
[0.287s] -- Found ament_cmake: 1.3.9 (/opt/ros/humble/share/ament_cmake/cmake)
[0.518s] -- Found Python3: /usr/bin/python3 (found version "3.10.12") found components: Interpreter 
[0.647s] -- Configuring done
[0.649s] -- Generating done
[0.650s] -- Build files have been written to: /home/coro/ros2_ws/build/h2515_moveit_config
[0.657s] Invoked command in '/home/coro/ros2_ws/build/h2515_moveit_config' returned '0': CMAKE_PREFIX_PATH=/opt/ros/humble /home/coro/.local/bin/cmake /home/coro/ros2_ws/src/doosan-robot2/dsr_moveit2/h2515_moveit_config -DCMAKE_INSTALL_PREFIX=/home/coro/ros2_ws/install/h2515_moveit_config
[0.658s] Invoking command in '/home/coro/ros2_ws/build/h2515_moveit_config': CMAKE_PREFIX_PATH=/opt/ros/humble /home/coro/.local/bin/cmake --build /home/coro/ros2_ws/build/h2515_moveit_config -- -j20 -l20
