[0.020s] Invoking command in '/home/coro/ros2_ws/build/e0509_moveit_config': CMAKE_PREFIX_PATH=/opt/ros/humble /home/coro/.local/bin/cmake /home/coro/ros2_ws/src/doosan-robot2/dsr_moveit2/e0509_moveit_config -DCMAKE_INSTALL_PREFIX=/home/coro/ros2_ws/install/e0509_moveit_config
[0.114s] -- The C compiler identification is GNU 11.4.0
[0.180s] -- The CXX compiler identification is GNU 11.4.0
[0.188s] -- Detecting C compiler ABI info
[0.230s] -- Detecting C compiler ABI info - done
[0.240s] -- Check for working C compiler: /usr/bin/cc - skipped
[0.240s] -- Detecting C compile features
[0.241s] -- Detecting C compile features - done
[0.244s] -- Detecting CXX compiler ABI info
[0.285s] -- Detecting CXX compiler ABI info - done
[0.292s] -- Check for working CXX compiler: /usr/bin/c++ - skipped
[0.292s] -- Detecting CXX compile features
[0.292s] -- Detecting CXX compile features - done
[0.293s] -- Found ament_cmake: 1.3.9 (/opt/ros/humble/share/ament_cmake/cmake)
[0.532s] -- Found Python3: /usr/bin/python3 (found version "3.10.12") found components: Interpreter 
[0.628s] -- Configuring done
[0.631s] -- Generating done
[0.632s] -- Build files have been written to: /home/coro/ros2_ws/build/e0509_moveit_config
[0.641s] Invoked command in '/home/coro/ros2_ws/build/e0509_moveit_config' returned '0': CMAKE_PREFIX_PATH=/opt/ros/humble /home/coro/.local/bin/cmake /home/coro/ros2_ws/src/doosan-robot2/dsr_moveit2/e0509_moveit_config -DCMAKE_INSTALL_PREFIX=/home/coro/ros2_ws/install/e0509_moveit_config
[0.644s] Invoking command in '/home/coro/ros2_ws/build/e0509_moveit_config': CMAKE_PREFIX_PATH=/opt/ros/humble /home/coro/.local/bin/cmake --build /home/coro/ros2_ws/build/e0509_moveit_config -- -j20 -l20
