[0.022s] Invoking command in '/home/coro/ros2_ws/build/a0509_moveit_config': CMAKE_PREFIX_PATH=${CMAKE_PREFIX_PATH}:/home/coro/ros2_ws/install/dsr_bringup2:/opt/ros/humble /home/coro/.local/bin/cmake --build /home/coro/ros2_ws/build/a0509_moveit_config -- -j20 -l20
[0.050s] Invoked command in '/home/coro/ros2_ws/build/a0509_moveit_config' returned '0': CMAKE_PREFIX_PATH=${CMAKE_PREFIX_PATH}:/home/coro/ros2_ws/install/dsr_bringup2:/opt/ros/humble /home/coro/.local/bin/cmake --build /home/coro/ros2_ws/build/a0509_moveit_config -- -j20 -l20
[0.105s] Invoking command in '/home/coro/ros2_ws/build/a0509_moveit_config': CMAKE_PREFIX_PATH=${CMAKE_PREFIX_PATH}:/home/coro/ros2_ws/install/dsr_bringup2:/opt/ros/humble /home/coro/.local/bin/cmake --install /home/coro/ros2_ws/build/a0509_moveit_config
[0.141s] -- Install configuration: ""
[0.142s] -- Up-to-date: /home/coro/ros2_ws/install/a0509_moveit_config/share/ament_index/resource_index/package_run_dependencies/a0509_moveit_config
[0.142s] -- Up-to-date: /home/coro/ros2_ws/install/a0509_moveit_config/share/ament_index/resource_index/parent_prefix_path/a0509_moveit_config
[0.142s] -- Up-to-date: /home/coro/ros2_ws/install/a0509_moveit_config/share/a0509_moveit_config/environment/ament_prefix_path.sh
[0.142s] -- Up-to-date: /home/coro/ros2_ws/install/a0509_moveit_config/share/a0509_moveit_config/environment/ament_prefix_path.dsv
[0.142s] -- Up-to-date: /home/coro/ros2_ws/install/a0509_moveit_config/share/a0509_moveit_config/environment/path.sh
[0.142s] -- Up-to-date: /home/coro/ros2_ws/install/a0509_moveit_config/share/a0509_moveit_config/environment/path.dsv
[0.142s] -- Up-to-date: /home/coro/ros2_ws/install/a0509_moveit_config/share/a0509_moveit_config/local_setup.bash
[0.142s] -- Up-to-date: /home/coro/ros2_ws/install/a0509_moveit_config/share/a0509_moveit_config/local_setup.sh
[0.143s] -- Up-to-date: /home/coro/ros2_ws/install/a0509_moveit_config/share/a0509_moveit_config/local_setup.zsh
[0.143s] -- Up-to-date: /home/coro/ros2_ws/install/a0509_moveit_config/share/a0509_moveit_config/local_setup.dsv
[0.143s] -- Installing: /home/coro/ros2_ws/install/a0509_moveit_config/share/a0509_moveit_config/package.dsv
[0.143s] -- Up-to-date: /home/coro/ros2_ws/install/a0509_moveit_config/share/ament_index/resource_index/packages/a0509_moveit_config
[0.143s] -- Up-to-date: /home/coro/ros2_ws/install/a0509_moveit_config/share/a0509_moveit_config/cmake/a0509_moveit_configConfig.cmake
[0.143s] -- Up-to-date: /home/coro/ros2_ws/install/a0509_moveit_config/share/a0509_moveit_config/cmake/a0509_moveit_configConfig-version.cmake
[0.143s] -- Up-to-date: /home/coro/ros2_ws/install/a0509_moveit_config/share/a0509_moveit_config/package.xml
[0.143s] -- Up-to-date: /home/coro/ros2_ws/install/a0509_moveit_config/share/a0509_moveit_config/launch
[0.143s] -- Up-to-date: /home/coro/ros2_ws/install/a0509_moveit_config/share/a0509_moveit_config/launch/start.launch.py
[0.143s] -- Up-to-date: /home/coro/ros2_ws/install/a0509_moveit_config/share/a0509_moveit_config/launch/moveit.rviz
[0.143s] -- Up-to-date: /home/coro/ros2_ws/install/a0509_moveit_config/share/a0509_moveit_config/config
[0.143s] -- Up-to-date: /home/coro/ros2_ws/install/a0509_moveit_config/share/a0509_moveit_config/config/ompl_planning.yaml
[0.143s] -- Up-to-date: /home/coro/ros2_ws/install/a0509_moveit_config/share/a0509_moveit_config/config/a0509.urdf.xacro
[0.143s] -- Up-to-date: /home/coro/ros2_ws/install/a0509_moveit_config/share/a0509_moveit_config/config/chomp_planning.yaml
[0.143s] -- Up-to-date: /home/coro/ros2_ws/install/a0509_moveit_config/share/a0509_moveit_config/config/pilz_cartesian_limits.yaml
[0.144s] -- Up-to-date: /home/coro/ros2_ws/install/a0509_moveit_config/share/a0509_moveit_config/config/ros2_controllers.yaml
[0.144s] -- Up-to-date: /home/coro/ros2_ws/install/a0509_moveit_config/share/a0509_moveit_config/config/dsr.ros2_control.xacro
[0.144s] -- Up-to-date: /home/coro/ros2_ws/install/a0509_moveit_config/share/a0509_moveit_config/config/kinematics.yaml
[0.144s] -- Up-to-date: /home/coro/ros2_ws/install/a0509_moveit_config/share/a0509_moveit_config/config/sensors_3d.yaml
[0.144s] -- Up-to-date: /home/coro/ros2_ws/install/a0509_moveit_config/share/a0509_moveit_config/config/joint_limits.yaml
[0.144s] -- Up-to-date: /home/coro/ros2_ws/install/a0509_moveit_config/share/a0509_moveit_config/config/moveit_controllers.yaml
[0.144s] -- Up-to-date: /home/coro/ros2_ws/install/a0509_moveit_config/share/a0509_moveit_config/config/dsr.srdf
[0.144s] -- Up-to-date: /home/coro/ros2_ws/install/a0509_moveit_config/share/a0509_moveit_config/config/initial_positions.yaml
[0.144s] -- Up-to-date: /home/coro/ros2_ws/install/a0509_moveit_config/share/a0509_moveit_config/.setup_assistant
[0.165s] Invoked command in '/home/coro/ros2_ws/build/a0509_moveit_config' returned '0': CMAKE_PREFIX_PATH=${CMAKE_PREFIX_PATH}:/home/coro/ros2_ws/install/dsr_bringup2:/opt/ros/humble /home/coro/.local/bin/cmake --install /home/coro/ros2_ws/build/a0509_moveit_config
