[  0%] Built target dsr_msgs2__cpp
[  0%] Built target ament_cmake_python_copy_dsr_msgs2
[ 12%] Built target dsr_msgs2__rosidl_generator_c
[ 25%] Built target dsr_msgs2__rosidl_typesupport_c
[ 38%] Built target dsr_msgs2__rosidl_typesupport_introspection_c
[ 50%] Built target dsr_msgs2__rosidl_typesupport_cpp
[ 63%] Built target dsr_msgs2__rosidl_typesupport_introspection_cpp
[ 75%] Built target dsr_msgs2__rosidl_typesupport_fastrtps_cpp
[ 88%] Built target dsr_msgs2__rosidl_typesupport_fastrtps_c
[ 88%] Built target dsr_msgs2
running egg_info
[ 88%] Built target dsr_msgs2__py
writing dsr_msgs2.egg-info/PKG-INFO
writing dependency_links to dsr_msgs2.egg-info/dependency_links.txt
writing top-level names to dsr_msgs2.egg-info/top_level.txt
[100%] Built target dsr_msgs2__rosidl_generator_py
[100%] Built target dsr_msgs2__rosidl_typesupport_fastrtps_c__pyext
[100%] Built target dsr_msgs2__rosidl_typesupport_introspection_c__pyext
[100%] Built target dsr_msgs2__rosidl_typesupport_c__pyext
reading manifest file 'dsr_msgs2.egg-info/SOURCES.txt'
writing manifest file 'dsr_msgs2.egg-info/SOURCES.txt'
[100%] Built target ament_cmake_python_build_dsr_msgs2_egg
