[0.022s] Invoking command in '/home/coro/ros2_ws/build/dsr_description2': CMAKE_PREFIX_PATH=${CMAKE_PREFIX_PATH}:/home/coro/ros2_ws/install/dsr_bringup2:/opt/ros/humble /home/coro/.local/bin/cmake --build /home/coro/ros2_ws/build/dsr_description2 -- -j20 -l20
[0.046s] Invoked command in '/home/coro/ros2_ws/build/dsr_description2' returned '0': CMAKE_PREFIX_PATH=${CMAKE_PREFIX_PATH}:/home/coro/ros2_ws/install/dsr_bringup2:/opt/ros/humble /home/coro/.local/bin/cmake --build /home/coro/ros2_ws/build/dsr_description2 -- -j20 -l20
[0.104s] Invoking command in '/home/coro/ros2_ws/build/dsr_description2': CMAKE_PREFIX_PATH=${CMAKE_PREFIX_PATH}:/home/coro/ros2_ws/install/dsr_bringup2:/opt/ros/humble /home/coro/.local/bin/cmake --install /home/coro/ros2_ws/build/dsr_description2
[0.138s] -- Install configuration: ""
[0.138s] -- Up-to-date: /home/coro/ros2_ws/install/dsr_description2/share/ament_index/resource_index/package_run_dependencies/dsr_description2
[0.138s] -- Up-to-date: /home/coro/ros2_ws/install/dsr_description2/share/ament_index/resource_index/parent_prefix_path/dsr_description2
[0.138s] -- Up-to-date: /home/coro/ros2_ws/install/dsr_description2/share/dsr_description2/environment/ament_prefix_path.sh
[0.138s] -- Up-to-date: /home/coro/ros2_ws/install/dsr_description2/share/dsr_description2/environment/ament_prefix_path.dsv
[0.138s] -- Up-to-date: /home/coro/ros2_ws/install/dsr_description2/share/dsr_description2/environment/path.sh
[0.139s] -- Up-to-date: /home/coro/ros2_ws/install/dsr_description2/share/dsr_description2/environment/path.dsv
[0.139s] -- Up-to-date: /home/coro/ros2_ws/install/dsr_description2/share/dsr_description2/local_setup.bash
[0.139s] -- Up-to-date: /home/coro/ros2_ws/install/dsr_description2/share/dsr_description2/local_setup.sh
[0.139s] -- Up-to-date: /home/coro/ros2_ws/install/dsr_description2/share/dsr_description2/local_setup.zsh
[0.139s] -- Up-to-date: /home/coro/ros2_ws/install/dsr_description2/share/dsr_description2/local_setup.dsv
[0.139s] -- Installing: /home/coro/ros2_ws/install/dsr_description2/share/dsr_description2/package.dsv
[0.139s] -- Up-to-date: /home/coro/ros2_ws/install/dsr_description2/share/ament_index/resource_index/packages/dsr_description2
[0.139s] -- Up-to-date: /home/coro/ros2_ws/install/dsr_description2/share/dsr_description2/cmake/dsr_description2Config.cmake
[0.139s] -- Up-to-date: /home/coro/ros2_ws/install/dsr_description2/share/dsr_description2/cmake/dsr_description2Config-version.cmake
[0.139s] -- Up-to-date: /home/coro/ros2_ws/install/dsr_description2/share/dsr_description2/package.xml
[0.140s] -- Up-to-date: /home/coro/ros2_ws/install/dsr_description2/share/dsr_description2/meshes
[0.140s] -- Up-to-date: /home/coro/ros2_ws/install/dsr_description2/share/dsr_description2/meshes/m1509_collision
[0.140s] -- Up-to-date: /home/coro/ros2_ws/install/dsr_description2/share/dsr_description2/meshes/m1509_collision/MF1509_5_0.dae
[0.140s] -- Up-to-date: /home/coro/ros2_ws/install/dsr_description2/share/dsr_description2/meshes/m1509_collision/MF1509_1_0.dae
[0.140s] -- Up-to-date: /home/coro/ros2_ws/install/dsr_description2/share/dsr_description2/meshes/m1509_collision/MF1509_4_1.dae
[0.140s] -- Up-to-date: /home/coro/ros2_ws/install/dsr_description2/share/dsr_description2/meshes/m1509_collision/MF1509_2_1.dae
[0.140s] -- Up-to-date: /home/coro/ros2_ws/install/dsr_description2/share/dsr_description2/meshes/m1509_collision/MF1509_0_0.dae
[0.140s] -- Up-to-date: /home/coro/ros2_ws/install/dsr_description2/share/dsr_description2/meshes/m1509_collision/MF1509_3_0.dae
[0.141s] -- Up-to-date: /home/coro/ros2_ws/install/dsr_description2/share/dsr_description2/meshes/m1509_collision/MF1509_2_2.dae
[0.141s] -- Up-to-date: /home/coro/ros2_ws/install/dsr_description2/share/dsr_description2/meshes/m1509_collision/MF1509_4_0.dae
[0.141s] -- Up-to-date: /home/coro/ros2_ws/install/dsr_description2/share/dsr_description2/meshes/m1509_collision/MF1509_2_0.dae
[0.141s] -- Up-to-date: /home/coro/ros2_ws/install/dsr_description2/share/dsr_description2/meshes/m1509_collision/MF1509_6_0.dae
[0.141s] -- Up-to-date: /home/coro/ros2_ws/install/dsr_description2/share/dsr_description2/meshes/h2515_white
[0.141s] -- Up-to-date: /home/coro/ros2_ws/install/dsr_description2/share/dsr_description2/meshes/h2515_white/H2515_2_1.dae
[0.141s] -- Up-to-date: /home/coro/ros2_ws/install/dsr_description2/share/dsr_description2/meshes/h2515_white/H2515_3_0.dae
[0.141s] -- Up-to-date: /home/coro/ros2_ws/install/dsr_description2/share/dsr_description2/meshes/h2515_white/H2515_2_0.dae
[0.141s] -- Up-to-date: /home/coro/ros2_ws/install/dsr_description2/share/dsr_description2/meshes/h2515_white/H2515_4_1.dae
[0.141s] -- Up-to-date: /home/coro/ros2_ws/install/dsr_description2/share/dsr_description2/meshes/h2515_white/H2515_1_0.dae
[0.141s] -- Up-to-date: /home/coro/ros2_ws/install/dsr_description2/share/dsr_description2/meshes/h2515_white/H2515_4_0.dae
[0.141s] -- Up-to-date: /home/coro/ros2_ws/install/dsr_description2/share/dsr_description2/meshes/h2515_white/H2515_2_2.dae
[0.141s] -- Up-to-date: /home/coro/ros2_ws/install/dsr_description2/share/dsr_description2/meshes/h2515_white/H2515_5_0.dae
[0.148s] -- Up-to-date: /home/coro/ros2_ws/install/dsr_description2/share/dsr_description2/meshes/h2515_white/H2515_6_0.dae
[0.148s] -- Up-to-date: /home/coro/ros2_ws/install/dsr_description2/share/dsr_description2/meshes/h2515_white/H2515_0_0.dae
[0.148s] -- Up-to-date: /home/coro/ros2_ws/install/dsr_description2/share/dsr_description2/meshes/a0912_collision
[0.148s] -- Up-to-date: /home/coro/ros2_ws/install/dsr_description2/share/dsr_description2/meshes/a0912_collision/A0912_0_0.dae
[0.148s] -- Up-to-date: /home/coro/ros2_ws/install/dsr_description2/share/dsr_description2/meshes/a0912_collision/A0912_3_0.dae
[0.148s] -- Up-to-date: /home/coro/ros2_ws/install/dsr_description2/share/dsr_description2/meshes/a0912_collision/A0912_6_0.dae
[0.148s] -- Up-to-date: /home/coro/ros2_ws/install/dsr_description2/share/dsr_description2/meshes/a0912_collision/A0912_2_1.dae
[0.148s] -- Up-to-date: /home/coro/ros2_ws/install/dsr_description2/share/dsr_description2/meshes/a0912_collision/A0912_2_0.dae
[0.148s] -- Up-to-date: /home/coro/ros2_ws/install/dsr_description2/share/dsr_description2/meshes/a0912_collision/A0912_4_0.dae
[0.148s] -- Up-to-date: /home/coro/ros2_ws/install/dsr_description2/share/dsr_description2/meshes/a0912_collision/A0912_5_1.dae
[0.148s] -- Up-to-date: /home/coro/ros2_ws/install/dsr_description2/share/dsr_description2/meshes/a0912_collision/A0912_1_0.dae
[0.148s] -- Up-to-date: /home/coro/ros2_ws/install/dsr_description2/share/dsr_description2/meshes/a0912_collision/A0912_1_1.dae
[0.148s] -- Up-to-date: /home/coro/ros2_ws/install/dsr_description2/share/dsr_description2/meshes/a0912_collision/A0912_1_2.dae
[0.148s] -- Up-to-date: /home/coro/ros2_ws/install/dsr_description2/share/dsr_description2/meshes/a0912_collision/A0912_5_0.dae
[0.149s] -- Up-to-date: /home/coro/ros2_ws/install/dsr_description2/share/dsr_description2/meshes/a0912_collision/A0912_4_1.dae
[0.149s] -- Up-to-date: /home/coro/ros2_ws/install/dsr_description2/share/dsr_description2/meshes/a0912_collision/A0912_3_1.dae
[0.149s] -- Up-to-date: /home/coro/ros2_ws/install/dsr_description2/share/dsr_description2/meshes/a0912_collision/A0912_2_2.dae
[0.149s] -- Up-to-date: /home/coro/ros2_ws/install/dsr_description2/share/dsr_description2/meshes/m1509_blue
[0.149s] -- Up-to-date: /home/coro/ros2_ws/install/dsr_description2/share/dsr_description2/meshes/m1509_blue/MF1509_5_0.dae
[0.149s] -- Up-to-date: /home/coro/ros2_ws/install/dsr_description2/share/dsr_description2/meshes/m1509_blue/MF1509_1_0.dae
[0.149s] -- Up-to-date: /home/coro/ros2_ws/install/dsr_description2/share/dsr_description2/meshes/m1509_blue/MF1509_4_1.dae
[0.149s] -- Up-to-date: /home/coro/ros2_ws/install/dsr_description2/share/dsr_description2/meshes/m1509_blue/MF1509_2_1.dae
[0.149s] -- Up-to-date: /home/coro/ros2_ws/install/dsr_description2/share/dsr_description2/meshes/m1509_blue/MF1509_0_0.dae
[0.149s] -- Up-to-date: /home/coro/ros2_ws/install/dsr_description2/share/dsr_description2/meshes/m1509_blue/MF1509_3_0.dae
[0.149s] -- Up-to-date: /home/coro/ros2_ws/install/dsr_description2/share/dsr_description2/meshes/m1509_blue/MF1509_2_2.dae
[0.149s] -- Up-to-date: /home/coro/ros2_ws/install/dsr_description2/share/dsr_description2/meshes/m1509_blue/MF1509_4_0.dae
[0.149s] -- Up-to-date: /home/coro/ros2_ws/install/dsr_description2/share/dsr_description2/meshes/m1509_blue/MF1509_2_0.dae
[0.149s] -- Up-to-date: /home/coro/ros2_ws/install/dsr_description2/share/dsr_description2/meshes/m1509_blue/MF1509_6_0.dae
[0.149s] -- Up-to-date: /home/coro/ros2_ws/install/dsr_description2/share/dsr_description2/meshes/a0509_white
[0.149s] -- Up-to-date: /home/coro/ros2_ws/install/dsr_description2/share/dsr_description2/meshes/a0509_white/A0509_0_0.dae
[0.150s] -- Up-to-date: /home/coro/ros2_ws/install/dsr_description2/share/dsr_description2/meshes/a0509_white/A0509_3_0.dae
[0.150s] -- Up-to-date: /home/coro/ros2_ws/install/dsr_description2/share/dsr_description2/meshes/a0509_white/A0509_4_1.dae
[0.150s] -- Up-to-date: /home/coro/ros2_ws/install/dsr_description2/share/dsr_description2/meshes/a0509_white/A0509_6_0.dae
[0.150s] -- Up-to-date: /home/coro/ros2_ws/install/dsr_description2/share/dsr_description2/meshes/a0509_white/A0509_2_1.dae
[0.150s] -- Up-to-date: /home/coro/ros2_ws/install/dsr_description2/share/dsr_description2/meshes/a0509_white/A0509_4_0.dae
[0.150s] -- Up-to-date: /home/coro/ros2_ws/install/dsr_description2/share/dsr_description2/meshes/a0509_white/A0509_2_2.dae
[0.150s] -- Up-to-date: /home/coro/ros2_ws/install/dsr_description2/share/dsr_description2/meshes/a0509_white/A0509_5_0.dae
[0.150s] -- Up-to-date: /home/coro/ros2_ws/install/dsr_description2/share/dsr_description2/meshes/a0509_white/A0509_3_1.dae
[0.150s] -- Up-to-date: /home/coro/ros2_ws/install/dsr_description2/share/dsr_description2/meshes/a0509_white/A0509_5_1.dae
[0.150s] -- Up-to-date: /home/coro/ros2_ws/install/dsr_description2/share/dsr_description2/meshes/a0509_white/A0509_1_2.dae
[0.150s] -- Up-to-date: /home/coro/ros2_ws/install/dsr_description2/share/dsr_description2/meshes/a0509_white/A0509_2_0.dae
[0.150s] -- Up-to-date: /home/coro/ros2_ws/install/dsr_description2/share/dsr_description2/meshes/a0509_white/A0509_1_1.dae
[0.150s] -- Up-to-date: /home/coro/ros2_ws/install/dsr_description2/share/dsr_description2/meshes/a0509_white/A0509_1_0.dae
[0.150s] -- Up-to-date: /home/coro/ros2_ws/install/dsr_description2/share/dsr_description2/meshes/e0509_collision
[0.150s] -- Up-to-date: /home/coro/ros2_ws/install/dsr_description2/share/dsr_description2/meshes/e0509_collision/E0509_1_3.dae
[0.151s] -- Up-to-date: /home/coro/ros2_ws/install/dsr_description2/share/dsr_description2/meshes/e0509_collision/E0509_1_2.dae
[0.151s] -- Up-to-date: /home/coro/ros2_ws/install/dsr_description2/share/dsr_description2/meshes/e0509_collision/E0509_4_2.dae
[0.151s] -- Up-to-date: /home/coro/ros2_ws/install/dsr_description2/share/dsr_description2/meshes/e0509_collision/E0509_1_4.dae
[0.151s] -- Up-to-date: /home/coro/ros2_ws/install/dsr_description2/share/dsr_description2/meshes/e0509_collision/E0509_5_1.dae
[0.151s] -- Up-to-date: /home/coro/ros2_ws/install/dsr_description2/share/dsr_description2/meshes/e0509_collision/E0509_6_1.dae
[0.151s] -- Up-to-date: /home/coro/ros2_ws/install/dsr_description2/share/dsr_description2/meshes/e0509_collision/E0509_2_1.dae
[0.151s] -- Up-to-date: /home/coro/ros2_ws/install/dsr_description2/share/dsr_description2/meshes/e0509_collision/E0509_5_2.dae
[0.151s] -- Up-to-date: /home/coro/ros2_ws/install/dsr_description2/share/dsr_description2/meshes/e0509_collision/E0509_0_0.dae
[0.151s] -- Up-to-date: /home/coro/ros2_ws/install/dsr_description2/share/dsr_description2/meshes/e0509_collision/E0509_1_1.dae
[0.151s] -- Up-to-date: /home/coro/ros2_ws/install/dsr_description2/share/dsr_description2/meshes/e0509_collision/E0509_3_1.dae
[0.151s] -- Up-to-date: /home/coro/ros2_ws/install/dsr_description2/share/dsr_description2/meshes/e0509_collision/E0509_3_2.dae
[0.151s] -- Up-to-date: /home/coro/ros2_ws/install/dsr_description2/share/dsr_description2/meshes/e0509_collision/E0509_2_2.dae
[0.151s] -- Up-to-date: /home/coro/ros2_ws/install/dsr_description2/share/dsr_description2/meshes/e0509_collision/E0509_4_1.dae
[0.151s] -- Up-to-date: /home/coro/ros2_ws/install/dsr_description2/share/dsr_description2/meshes/h2017_collision
[0.151s] -- Up-to-date: /home/coro/ros2_ws/install/dsr_description2/share/dsr_description2/meshes/h2017_collision/H2017_2_0.dae
[0.151s] -- Up-to-date: /home/coro/ros2_ws/install/dsr_description2/share/dsr_description2/meshes/h2017_collision/H2017_4_1.dae
[0.152s] -- Up-to-date: /home/coro/ros2_ws/install/dsr_description2/share/dsr_description2/meshes/h2017_collision/H2017_3_0.dae
[0.152s] -- Up-to-date: /home/coro/ros2_ws/install/dsr_description2/share/dsr_description2/meshes/h2017_collision/H2017_6_0.dae
[0.152s] -- Up-to-date: /home/coro/ros2_ws/install/dsr_description2/share/dsr_description2/meshes/h2017_collision/H2017_1_0.dae
[0.152s] -- Up-to-date: /home/coro/ros2_ws/install/dsr_description2/share/dsr_description2/meshes/h2017_collision/H2017_0_0.dae
[0.152s] -- Up-to-date: /home/coro/ros2_ws/install/dsr_description2/share/dsr_description2/meshes/h2017_collision/H2017_2_1.dae
[0.152s] -- Up-to-date: /home/coro/ros2_ws/install/dsr_description2/share/dsr_description2/meshes/h2017_collision/H2017_5_0.dae
[0.152s] -- Up-to-date: /home/coro/ros2_ws/install/dsr_description2/share/dsr_description2/meshes/h2017_collision/H2017_2_2.dae
[0.152s] -- Up-to-date: /home/coro/ros2_ws/install/dsr_description2/share/dsr_description2/meshes/h2017_collision/H2017_4_0.dae
[0.152s] -- Up-to-date: /home/coro/ros2_ws/install/dsr_description2/share/dsr_description2/meshes/e0509_white
[0.152s] -- Up-to-date: /home/coro/ros2_ws/install/dsr_description2/share/dsr_description2/meshes/e0509_white/E0509_1_3.dae
[0.152s] -- Up-to-date: /home/coro/ros2_ws/install/dsr_description2/share/dsr_description2/meshes/e0509_white/E0509_1_2.dae
[0.152s] -- Up-to-date: /home/coro/ros2_ws/install/dsr_description2/share/dsr_description2/meshes/e0509_white/E0509_4_2.dae
[0.152s] -- Up-to-date: /home/coro/ros2_ws/install/dsr_description2/share/dsr_description2/meshes/e0509_white/E0509_1_4.dae
[0.152s] -- Up-to-date: /home/coro/ros2_ws/install/dsr_description2/share/dsr_description2/meshes/e0509_white/E0509_5_1.dae
[0.152s] -- Up-to-date: /home/coro/ros2_ws/install/dsr_description2/share/dsr_description2/meshes/e0509_white/E0509_6_1.dae
[0.153s] -- Up-to-date: /home/coro/ros2_ws/install/dsr_description2/share/dsr_description2/meshes/e0509_white/E0509_2_1.dae
[0.153s] -- Up-to-date: /home/coro/ros2_ws/install/dsr_description2/share/dsr_description2/meshes/e0509_white/E0509_5_2.dae
[0.153s] -- Up-to-date: /home/coro/ros2_ws/install/dsr_description2/share/dsr_description2/meshes/e0509_white/E0509_0_0.dae
[0.153s] -- Up-to-date: /home/coro/ros2_ws/install/dsr_description2/share/dsr_description2/meshes/e0509_white/E0509_1_1.dae
[0.153s] -- Up-to-date: /home/coro/ros2_ws/install/dsr_description2/share/dsr_description2/meshes/e0509_white/E0509_3_1.dae
[0.153s] -- Up-to-date: /home/coro/ros2_ws/install/dsr_description2/share/dsr_description2/meshes/e0509_white/E0509_3_2.dae
[0.153s] -- Up-to-date: /home/coro/ros2_ws/install/dsr_description2/share/dsr_description2/meshes/e0509_white/E0509_2_2.dae
[0.153s] -- Up-to-date: /home/coro/ros2_ws/install/dsr_description2/share/dsr_description2/meshes/e0509_white/E0509_4_1.dae
[0.153s] -- Up-to-date: /home/coro/ros2_ws/install/dsr_description2/share/dsr_description2/meshes/h2017_white
[0.153s] -- Up-to-date: /home/coro/ros2_ws/install/dsr_description2/share/dsr_description2/meshes/h2017_white/H2017_2_0.dae
[0.153s] -- Up-to-date: /home/coro/ros2_ws/install/dsr_description2/share/dsr_description2/meshes/h2017_white/H2017_4_1.dae
[0.153s] -- Up-to-date: /home/coro/ros2_ws/install/dsr_description2/share/dsr_description2/meshes/h2017_white/H2017_3_0.dae
[0.153s] -- Up-to-date: /home/coro/ros2_ws/install/dsr_description2/share/dsr_description2/meshes/h2017_white/H2017_6_0.dae
[0.153s] -- Up-to-date: /home/coro/ros2_ws/install/dsr_description2/share/dsr_description2/meshes/h2017_white/H2017_1_0.dae
[0.153s] -- Up-to-date: /home/coro/ros2_ws/install/dsr_description2/share/dsr_description2/meshes/h2017_white/H2017_0_0.dae
[0.153s] -- Up-to-date: /home/coro/ros2_ws/install/dsr_description2/share/dsr_description2/meshes/h2017_white/H2017_2_1.dae
[0.154s] -- Up-to-date: /home/coro/ros2_ws/install/dsr_description2/share/dsr_description2/meshes/h2017_white/H2017_5_0.dae
[0.154s] -- Up-to-date: /home/coro/ros2_ws/install/dsr_description2/share/dsr_description2/meshes/h2017_white/H2017_2_2.dae
[0.154s] -- Up-to-date: /home/coro/ros2_ws/install/dsr_description2/share/dsr_description2/meshes/h2017_white/H2017_4_0.dae
[0.154s] -- Up-to-date: /home/coro/ros2_ws/install/dsr_description2/share/dsr_description2/meshes/m0609_collision
[0.154s] -- Up-to-date: /home/coro/ros2_ws/install/dsr_description2/share/dsr_description2/meshes/m0609_collision/MF0609_0_0.dae
[0.154s] -- Up-to-date: /home/coro/ros2_ws/install/dsr_description2/share/dsr_description2/meshes/m0609_collision/MF0609_4_0.dae
[0.154s] -- Up-to-date: /home/coro/ros2_ws/install/dsr_description2/share/dsr_description2/meshes/m0609_collision/MF0609_3_0.dae
[0.154s] -- Up-to-date: /home/coro/ros2_ws/install/dsr_description2/share/dsr_description2/meshes/m0609_collision/MF0609_2_0.dae
[0.154s] -- Up-to-date: /home/coro/ros2_ws/install/dsr_description2/share/dsr_description2/meshes/m0609_collision/MF0609_6_0.dae
[0.154s] -- Up-to-date: /home/coro/ros2_ws/install/dsr_description2/share/dsr_description2/meshes/m0609_collision/MF0609_4_1.dae
[0.154s] -- Up-to-date: /home/coro/ros2_ws/install/dsr_description2/share/dsr_description2/meshes/m0609_collision/MF0609_1_0.dae
[0.154s] -- Up-to-date: /home/coro/ros2_ws/install/dsr_description2/share/dsr_description2/meshes/m0609_collision/MF0609_5_0.dae
[0.154s] -- Up-to-date: /home/coro/ros2_ws/install/dsr_description2/share/dsr_description2/meshes/m0609_collision/MF0609_2_1.dae
[0.154s] -- Up-to-date: /home/coro/ros2_ws/install/dsr_description2/share/dsr_description2/meshes/m0609_collision/MF0609_2_2.dae
[0.154s] -- Up-to-date: /home/coro/ros2_ws/install/dsr_description2/share/dsr_description2/meshes/a0912_blue
[0.155s] -- Up-to-date: /home/coro/ros2_ws/install/dsr_description2/share/dsr_description2/meshes/a0912_blue/A0912_0_0.dae
[0.155s] -- Up-to-date: /home/coro/ros2_ws/install/dsr_description2/share/dsr_description2/meshes/a0912_blue/A0912_3_0.dae
[0.155s] -- Up-to-date: /home/coro/ros2_ws/install/dsr_description2/share/dsr_description2/meshes/a0912_blue/A0912_6_0.dae
[0.155s] -- Up-to-date: /home/coro/ros2_ws/install/dsr_description2/share/dsr_description2/meshes/a0912_blue/A0912_2_1.dae
[0.155s] -- Up-to-date: /home/coro/ros2_ws/install/dsr_description2/share/dsr_description2/meshes/a0912_blue/A0912_2_0.dae
[0.155s] -- Up-to-date: /home/coro/ros2_ws/install/dsr_description2/share/dsr_description2/meshes/a0912_blue/A0912_4_0.dae
[0.155s] -- Up-to-date: /home/coro/ros2_ws/install/dsr_description2/share/dsr_description2/meshes/a0912_blue/A0912_5_1.dae
[0.155s] -- Up-to-date: /home/coro/ros2_ws/install/dsr_description2/share/dsr_description2/meshes/a0912_blue/A0912_1_0.dae
[0.155s] -- Up-to-date: /home/coro/ros2_ws/install/dsr_description2/share/dsr_description2/meshes/a0912_blue/A0912_1_1.dae
[0.155s] -- Up-to-date: /home/coro/ros2_ws/install/dsr_description2/share/dsr_description2/meshes/a0912_blue/A0912_1_2.dae
[0.155s] -- Up-to-date: /home/coro/ros2_ws/install/dsr_description2/share/dsr_description2/meshes/a0912_blue/A0912_5_0.dae
[0.155s] -- Up-to-date: /home/coro/ros2_ws/install/dsr_description2/share/dsr_description2/meshes/a0912_blue/A0912_4_1.dae
[0.156s] -- Up-to-date: /home/coro/ros2_ws/install/dsr_description2/share/dsr_description2/meshes/a0912_blue/A0912_3_1.dae
[0.156s] -- Up-to-date: /home/coro/ros2_ws/install/dsr_description2/share/dsr_description2/meshes/a0912_blue/A0912_2_2.dae
[0.156s] -- Up-to-date: /home/coro/ros2_ws/install/dsr_description2/share/dsr_description2/meshes/mobile
[0.156s] -- Up-to-date: /home/coro/ros2_ws/install/dsr_description2/share/dsr_description2/meshes/mobile/large_top_plate.dae
[0.156s] -- Up-to-date: /home/coro/ros2_ws/install/dsr_description2/share/dsr_description2/meshes/mobile/top_chassis.stl
[0.156s] -- Up-to-date: /home/coro/ros2_ws/install/dsr_description2/share/dsr_description2/meshes/mobile/bumper.dae
[0.156s] -- Up-to-date: /home/coro/ros2_ws/install/dsr_description2/share/dsr_description2/meshes/mobile/user_rail.dae
[0.156s] -- Up-to-date: /home/coro/ros2_ws/install/dsr_description2/share/dsr_description2/meshes/mobile/base_link.stl
[0.156s] -- Up-to-date: /home/coro/ros2_ws/install/dsr_description2/share/dsr_description2/meshes/mobile/top_chassis.dae
[0.156s] -- Up-to-date: /home/coro/ros2_ws/install/dsr_description2/share/dsr_description2/meshes/mobile/large_top_plate_collision.stl
[0.156s] -- Up-to-date: /home/coro/ros2_ws/install/dsr_description2/share/dsr_description2/meshes/mobile/wheel.dae
[0.156s] -- Up-to-date: /home/coro/ros2_ws/install/dsr_description2/share/dsr_description2/meshes/mobile/user_rail.stl
[0.156s] -- Up-to-date: /home/coro/ros2_ws/install/dsr_description2/share/dsr_description2/meshes/mobile/bumper.stl
[0.157s] -- Up-to-date: /home/coro/ros2_ws/install/dsr_description2/share/dsr_description2/meshes/mobile/base_link.dae
[0.157s] -- Up-to-date: /home/coro/ros2_ws/install/dsr_description2/share/dsr_description2/meshes/mobile/top_plate.dae
[0.157s] -- Up-to-date: /home/coro/ros2_ws/install/dsr_description2/share/dsr_description2/meshes/mobile/wheel.stl
[0.157s] -- Up-to-date: /home/coro/ros2_ws/install/dsr_description2/share/dsr_description2/meshes/mobile/top_plate.stl
[0.157s] -- Up-to-date: /home/coro/ros2_ws/install/dsr_description2/share/dsr_description2/meshes/h2515_collision
[0.157s] -- Up-to-date: /home/coro/ros2_ws/install/dsr_description2/share/dsr_description2/meshes/h2515_collision/H2515_2_1.dae
[0.157s] -- Up-to-date: /home/coro/ros2_ws/install/dsr_description2/share/dsr_description2/meshes/h2515_collision/H2515_3_0.dae
[0.157s] -- Up-to-date: /home/coro/ros2_ws/install/dsr_description2/share/dsr_description2/meshes/h2515_collision/H2515_2_0.dae
[0.157s] -- Up-to-date: /home/coro/ros2_ws/install/dsr_description2/share/dsr_description2/meshes/h2515_collision/H2515_4_1.dae
[0.159s] -- Up-to-date: /home/coro/ros2_ws/install/dsr_description2/share/dsr_description2/meshes/h2515_collision/H2515_1_0.dae
[0.159s] -- Up-to-date: /home/coro/ros2_ws/install/dsr_description2/share/dsr_description2/meshes/h2515_collision/H2515_4_0.dae
[0.160s] -- Up-to-date: /home/coro/ros2_ws/install/dsr_description2/share/dsr_description2/meshes/h2515_collision/H2515_2_2.dae
[0.160s] -- Up-to-date: /home/coro/ros2_ws/install/dsr_description2/share/dsr_description2/meshes/h2515_collision/H2515_5_0.dae
[0.160s] -- Up-to-date: /home/coro/ros2_ws/install/dsr_description2/share/dsr_description2/meshes/h2515_collision/H2515_6_0.dae
[0.160s] -- Up-to-date: /home/coro/ros2_ws/install/dsr_description2/share/dsr_description2/meshes/h2515_collision/H2515_0_0.dae
[0.160s] -- Up-to-date: /home/coro/ros2_ws/install/dsr_description2/share/dsr_description2/meshes/m1013_collision
[0.160s] -- Up-to-date: /home/coro/ros2_ws/install/dsr_description2/share/dsr_description2/meshes/m1013_collision/MF1013_6_0.dae
[0.160s] -- Up-to-date: /home/coro/ros2_ws/install/dsr_description2/share/dsr_description2/meshes/m1013_collision/MF1013_2_0.dae
[0.160s] -- Up-to-date: /home/coro/ros2_ws/install/dsr_description2/share/dsr_description2/meshes/m1013_collision/MF1013_4_0.dae
[0.160s] -- Up-to-date: /home/coro/ros2_ws/install/dsr_description2/share/dsr_description2/meshes/m1013_collision/MF1013_3_0.dae
[0.160s] -- Up-to-date: /home/coro/ros2_ws/install/dsr_description2/share/dsr_description2/meshes/m1013_collision/MF1013_4_1.dae
[0.160s] -- Up-to-date: /home/coro/ros2_ws/install/dsr_description2/share/dsr_description2/meshes/m1013_collision/MF1013_0_0.dae
[0.160s] -- Up-to-date: /home/coro/ros2_ws/install/dsr_description2/share/dsr_description2/meshes/m1013_collision/MF1013_2_1.dae
[0.160s] -- Up-to-date: /home/coro/ros2_ws/install/dsr_description2/share/dsr_description2/meshes/m1013_collision/MF1013_1_0.dae
[0.160s] -- Up-to-date: /home/coro/ros2_ws/install/dsr_description2/share/dsr_description2/meshes/m1013_collision/MF1013_5_0.dae
[0.160s] -- Up-to-date: /home/coro/ros2_ws/install/dsr_description2/share/dsr_description2/meshes/m1013_collision/MF1013_2_2.dae
[0.161s] -- Up-to-date: /home/coro/ros2_ws/install/dsr_description2/share/dsr_description2/meshes/m1013_white
[0.161s] -- Up-to-date: /home/coro/ros2_ws/install/dsr_description2/share/dsr_description2/meshes/m1013_white/MF1013_6_0.dae
[0.161s] -- Up-to-date: /home/coro/ros2_ws/install/dsr_description2/share/dsr_description2/meshes/m1013_white/MF1013_2_0.dae
[0.161s] -- Up-to-date: /home/coro/ros2_ws/install/dsr_description2/share/dsr_description2/meshes/m1013_white/MF1013_4_0.dae
[0.161s] -- Up-to-date: /home/coro/ros2_ws/install/dsr_description2/share/dsr_description2/meshes/m1013_white/MF1013_3_0.dae
[0.161s] -- Up-to-date: /home/coro/ros2_ws/install/dsr_description2/share/dsr_description2/meshes/m1013_white/MF1013_4_1.dae
[0.161s] -- Up-to-date: /home/coro/ros2_ws/install/dsr_description2/share/dsr_description2/meshes/m1013_white/MF1013_0_0.dae
[0.161s] -- Up-to-date: /home/coro/ros2_ws/install/dsr_description2/share/dsr_description2/meshes/m1013_white/MF1013_2_1.dae
[0.161s] -- Up-to-date: /home/coro/ros2_ws/install/dsr_description2/share/dsr_description2/meshes/m1013_white/MF1013_1_0.dae
[0.161s] -- Up-to-date: /home/coro/ros2_ws/install/dsr_description2/share/dsr_description2/meshes/m1013_white/MF1013_5_0.dae
[0.161s] -- Up-to-date: /home/coro/ros2_ws/install/dsr_description2/share/dsr_description2/meshes/m1013_white/MF1013_2_2.dae
[0.161s] -- Up-to-date: /home/coro/ros2_ws/install/dsr_description2/share/dsr_description2/meshes/h2017_blue
[0.161s] -- Up-to-date: /home/coro/ros2_ws/install/dsr_description2/share/dsr_description2/meshes/h2017_blue/H2017_2_0.dae
[0.161s] -- Up-to-date: /home/coro/ros2_ws/install/dsr_description2/share/dsr_description2/meshes/h2017_blue/H2017_4_1.dae
[0.161s] -- Up-to-date: /home/coro/ros2_ws/install/dsr_description2/share/dsr_description2/meshes/h2017_blue/H2017_3_0.dae
[0.161s] -- Up-to-date: /home/coro/ros2_ws/install/dsr_description2/share/dsr_description2/meshes/h2017_blue/H2017_6_0.dae
[0.161s] -- Up-to-date: /home/coro/ros2_ws/install/dsr_description2/share/dsr_description2/meshes/h2017_blue/H2017_1_0.dae
[0.161s] -- Up-to-date: /home/coro/ros2_ws/install/dsr_description2/share/dsr_description2/meshes/h2017_blue/H2017_0_0.dae
[0.161s] -- Up-to-date: /home/coro/ros2_ws/install/dsr_description2/share/dsr_description2/meshes/h2017_blue/H2017_2_1.dae
[0.162s] -- Up-to-date: /home/coro/ros2_ws/install/dsr_description2/share/dsr_description2/meshes/h2017_blue/H2017_5_0.dae
[0.162s] -- Up-to-date: /home/coro/ros2_ws/install/dsr_description2/share/dsr_description2/meshes/h2017_blue/H2017_2_2.dae
[0.162s] -- Up-to-date: /home/coro/ros2_ws/install/dsr_description2/share/dsr_description2/meshes/h2017_blue/H2017_4_0.dae
[0.162s] -- Up-to-date: /home/coro/ros2_ws/install/dsr_description2/share/dsr_description2/meshes/a0509_blue
[0.162s] -- Up-to-date: /home/coro/ros2_ws/install/dsr_description2/share/dsr_description2/meshes/a0509_blue/A0509_0_0.dae
[0.162s] -- Up-to-date: /home/coro/ros2_ws/install/dsr_description2/share/dsr_description2/meshes/a0509_blue/A0509_3_0.dae
[0.162s] -- Up-to-date: /home/coro/ros2_ws/install/dsr_description2/share/dsr_description2/meshes/a0509_blue/A0509_4_1.dae
[0.162s] -- Up-to-date: /home/coro/ros2_ws/install/dsr_description2/share/dsr_description2/meshes/a0509_blue/A0509_6_0.dae
[0.162s] -- Up-to-date: /home/coro/ros2_ws/install/dsr_description2/share/dsr_description2/meshes/a0509_blue/A0509_2_1.dae
[0.162s] -- Up-to-date: /home/coro/ros2_ws/install/dsr_description2/share/dsr_description2/meshes/a0509_blue/A0509_4_0.dae
[0.162s] -- Up-to-date: /home/coro/ros2_ws/install/dsr_description2/share/dsr_description2/meshes/a0509_blue/A0509_2_2.dae
[0.162s] -- Up-to-date: /home/coro/ros2_ws/install/dsr_description2/share/dsr_description2/meshes/a0509_blue/A0509_5_0.dae
[0.162s] -- Up-to-date: /home/coro/ros2_ws/install/dsr_description2/share/dsr_description2/meshes/a0509_blue/A0509_3_1.dae
[0.162s] -- Up-to-date: /home/coro/ros2_ws/install/dsr_description2/share/dsr_description2/meshes/a0509_blue/A0509_5_1.dae
[0.162s] -- Up-to-date: /home/coro/ros2_ws/install/dsr_description2/share/dsr_description2/meshes/a0509_blue/A0509_1_2.dae
[0.162s] -- Up-to-date: /home/coro/ros2_ws/install/dsr_description2/share/dsr_description2/meshes/a0509_blue/A0509_2_0.dae
[0.162s] -- Up-to-date: /home/coro/ros2_ws/install/dsr_description2/share/dsr_description2/meshes/a0509_blue/A0509_1_1.dae
[0.163s] -- Up-to-date: /home/coro/ros2_ws/install/dsr_description2/share/dsr_description2/meshes/a0509_blue/A0509_1_0.dae
[0.163s] -- Up-to-date: /home/coro/ros2_ws/install/dsr_description2/share/dsr_description2/meshes/m0617_white
[0.163s] -- Up-to-date: /home/coro/ros2_ws/install/dsr_description2/share/dsr_description2/meshes/m0617_white/MF0617_0_0.dae
[0.163s] -- Up-to-date: /home/coro/ros2_ws/install/dsr_description2/share/dsr_description2/meshes/m0617_white/MF0617_1_0.dae
[0.163s] -- Up-to-date: /home/coro/ros2_ws/install/dsr_description2/share/dsr_description2/meshes/m0617_white/MF0617_2_2.dae
[0.163s] -- Up-to-date: /home/coro/ros2_ws/install/dsr_description2/share/dsr_description2/meshes/m0617_white/MF0617_4_1.dae
[0.163s] -- Up-to-date: /home/coro/ros2_ws/install/dsr_description2/share/dsr_description2/meshes/m0617_white/MF0617_6_0.dae
[0.163s] -- Up-to-date: /home/coro/ros2_ws/install/dsr_description2/share/dsr_description2/meshes/m0617_white/MF0617_5_0.dae
[0.163s] -- Up-to-date: /home/coro/ros2_ws/install/dsr_description2/share/dsr_description2/meshes/m0617_white/MF0617_2_0.dae
[0.163s] -- Up-to-date: /home/coro/ros2_ws/install/dsr_description2/share/dsr_description2/meshes/m0617_white/MF0617_4_0.dae
[0.163s] -- Up-to-date: /home/coro/ros2_ws/install/dsr_description2/share/dsr_description2/meshes/m0617_white/MF0617_3_0.dae
[0.163s] -- Up-to-date: /home/coro/ros2_ws/install/dsr_description2/share/dsr_description2/meshes/m0617_white/MF0617_2_1.dae
[0.163s] -- Up-to-date: /home/coro/ros2_ws/install/dsr_description2/share/dsr_description2/meshes/m0609_white
[0.163s] -- Up-to-date: /home/coro/ros2_ws/install/dsr_description2/share/dsr_description2/meshes/m0609_white/MF0609_0_0.dae
[0.163s] -- Up-to-date: /home/coro/ros2_ws/install/dsr_description2/share/dsr_description2/meshes/m0609_white/MF0609_4_0.dae
[0.163s] -- Up-to-date: /home/coro/ros2_ws/install/dsr_description2/share/dsr_description2/meshes/m0609_white/MF0609_3_0.dae
[0.163s] -- Up-to-date: /home/coro/ros2_ws/install/dsr_description2/share/dsr_description2/meshes/m0609_white/MF0609_2_0.dae
[0.163s] -- Up-to-date: /home/coro/ros2_ws/install/dsr_description2/share/dsr_description2/meshes/m0609_white/MF0609_6_0.dae
[0.164s] -- Up-to-date: /home/coro/ros2_ws/install/dsr_description2/share/dsr_description2/meshes/m0609_white/MF0609_4_1.dae
[0.164s] -- Up-to-date: /home/coro/ros2_ws/install/dsr_description2/share/dsr_description2/meshes/m0609_white/MF0609_1_0.dae
[0.164s] -- Up-to-date: /home/coro/ros2_ws/install/dsr_description2/share/dsr_description2/meshes/m0609_white/MF0609_5_0.dae
[0.164s] -- Up-to-date: /home/coro/ros2_ws/install/dsr_description2/share/dsr_description2/meshes/m0609_white/MF0609_2_1.dae
[0.164s] -- Up-to-date: /home/coro/ros2_ws/install/dsr_description2/share/dsr_description2/meshes/m0609_white/MF0609_2_2.dae
[0.164s] -- Up-to-date: /home/coro/ros2_ws/install/dsr_description2/share/dsr_description2/meshes/m1509_white
[0.164s] -- Up-to-date: /home/coro/ros2_ws/install/dsr_description2/share/dsr_description2/meshes/m1509_white/MF1509_5_0.dae
[0.164s] -- Up-to-date: /home/coro/ros2_ws/install/dsr_description2/share/dsr_description2/meshes/m1509_white/MF1509_1_0.dae
[0.164s] -- Up-to-date: /home/coro/ros2_ws/install/dsr_description2/share/dsr_description2/meshes/m1509_white/MF1509_4_1.dae
[0.164s] -- Up-to-date: /home/coro/ros2_ws/install/dsr_description2/share/dsr_description2/meshes/m1509_white/MF1509_2_1.dae
[0.164s] -- Up-to-date: /home/coro/ros2_ws/install/dsr_description2/share/dsr_description2/meshes/m1509_white/MF1509_0_0.dae
[0.164s] -- Up-to-date: /home/coro/ros2_ws/install/dsr_description2/share/dsr_description2/meshes/m1509_white/MF1509_3_0.dae
[0.164s] -- Up-to-date: /home/coro/ros2_ws/install/dsr_description2/share/dsr_description2/meshes/m1509_white/MF1509_2_2.dae
[0.164s] -- Up-to-date: /home/coro/ros2_ws/install/dsr_description2/share/dsr_description2/meshes/m1509_white/MF1509_4_0.dae
[0.164s] -- Up-to-date: /home/coro/ros2_ws/install/dsr_description2/share/dsr_description2/meshes/m1509_white/MF1509_2_0.dae
[0.164s] -- Up-to-date: /home/coro/ros2_ws/install/dsr_description2/share/dsr_description2/meshes/m1509_white/MF1509_6_0.dae
[0.164s] -- Up-to-date: /home/coro/ros2_ws/install/dsr_description2/share/dsr_description2/meshes/gripper
[0.164s] -- Up-to-date: /home/coro/ros2_ws/install/dsr_description2/share/dsr_description2/meshes/gripper/robotiq
[0.164s] -- Up-to-date: /home/coro/ros2_ws/install/dsr_description2/share/dsr_description2/meshes/gripper/robotiq/85_2f
[0.164s] -- Up-to-date: /home/coro/ros2_ws/install/dsr_description2/share/dsr_description2/meshes/gripper/robotiq/85_2f/robotiq_85_coupler.stl
[0.164s] -- Up-to-date: /home/coro/ros2_ws/install/dsr_description2/share/dsr_description2/meshes/gripper/robotiq/85_2f/visual
[0.164s] -- Up-to-date: /home/coro/ros2_ws/install/dsr_description2/share/dsr_description2/meshes/gripper/robotiq/85_2f/visual/robotiq_85_base_link.dae
[0.165s] -- Up-to-date: /home/coro/ros2_ws/install/dsr_description2/share/dsr_description2/meshes/gripper/robotiq/85_2f/visual/robotiq_85_knuckle_link.dae
[0.165s] -- Up-to-date: /home/coro/ros2_ws/install/dsr_description2/share/dsr_description2/meshes/gripper/robotiq/85_2f/visual/robotiq_85_inner_knuckle_link.dae
[0.165s] -- Up-to-date: /home/coro/ros2_ws/install/dsr_description2/share/dsr_description2/meshes/gripper/robotiq/85_2f/visual/robotiq_85_finger_link.dae
[0.165s] -- Up-to-date: /home/coro/ros2_ws/install/dsr_description2/share/dsr_description2/meshes/gripper/robotiq/85_2f/visual/robotiq_85_finger_tip_link.dae
[0.165s] -- Up-to-date: /home/coro/ros2_ws/install/dsr_description2/share/dsr_description2/meshes/gripper/robotiq/85_2f/collision
[0.165s] -- Up-to-date: /home/coro/ros2_ws/install/dsr_description2/share/dsr_description2/meshes/gripper/robotiq/85_2f/collision/robotiq_85_knuckle_link.stl
[0.165s] -- Up-to-date: /home/coro/ros2_ws/install/dsr_description2/share/dsr_description2/meshes/gripper/robotiq/85_2f/collision/robotiq_85_inner_knuckle_link.stl
[0.165s] -- Up-to-date: /home/coro/ros2_ws/install/dsr_description2/share/dsr_description2/meshes/gripper/robotiq/85_2f/collision/robotiq_85_finger_tip_link.stl
[0.165s] -- Up-to-date: /home/coro/ros2_ws/install/dsr_description2/share/dsr_description2/meshes/gripper/robotiq/85_2f/collision/robotiq_85_finger_link.stl
[0.165s] -- Up-to-date: /home/coro/ros2_ws/install/dsr_description2/share/dsr_description2/meshes/gripper/robotiq/85_2f/collision/robotiq_85_base_link.stl
[0.165s] -- Up-to-date: /home/coro/ros2_ws/install/dsr_description2/share/dsr_description2/meshes/m0609_blue
[0.165s] -- Up-to-date: /home/coro/ros2_ws/install/dsr_description2/share/dsr_description2/meshes/m0609_blue/MF0609_0_0.dae
[0.165s] -- Up-to-date: /home/coro/ros2_ws/install/dsr_description2/share/dsr_description2/meshes/m0609_blue/MF0609_4_0.dae
[0.165s] -- Up-to-date: /home/coro/ros2_ws/install/dsr_description2/share/dsr_description2/meshes/m0609_blue/MF0609_3_0.dae
[0.165s] -- Up-to-date: /home/coro/ros2_ws/install/dsr_description2/share/dsr_description2/meshes/m0609_blue/MF0609_2_0.dae
[0.165s] -- Up-to-date: /home/coro/ros2_ws/install/dsr_description2/share/dsr_description2/meshes/m0609_blue/MF0609_6_0.dae
[0.165s] -- Up-to-date: /home/coro/ros2_ws/install/dsr_description2/share/dsr_description2/meshes/m0609_blue/MF0609_4_1.dae
[0.165s] -- Up-to-date: /home/coro/ros2_ws/install/dsr_description2/share/dsr_description2/meshes/m0609_blue/MF0609_1_0.dae
[0.165s] -- Up-to-date: /home/coro/ros2_ws/install/dsr_description2/share/dsr_description2/meshes/m0609_blue/MF0609_5_0.dae
[0.165s] -- Up-to-date: /home/coro/ros2_ws/install/dsr_description2/share/dsr_description2/meshes/m0609_blue/MF0609_2_1.dae
[0.165s] -- Up-to-date: /home/coro/ros2_ws/install/dsr_description2/share/dsr_description2/meshes/m0609_blue/MF0609_2_2.dae
[0.165s] -- Up-to-date: /home/coro/ros2_ws/install/dsr_description2/share/dsr_description2/meshes/m0617_blue
[0.165s] -- Up-to-date: /home/coro/ros2_ws/install/dsr_description2/share/dsr_description2/meshes/m0617_blue/MF0617_0_0.dae
[0.165s] -- Up-to-date: /home/coro/ros2_ws/install/dsr_description2/share/dsr_description2/meshes/m0617_blue/MF0617_1_0.dae
[0.165s] -- Up-to-date: /home/coro/ros2_ws/install/dsr_description2/share/dsr_description2/meshes/m0617_blue/MF0617_2_2.dae
[0.165s] -- Up-to-date: /home/coro/ros2_ws/install/dsr_description2/share/dsr_description2/meshes/m0617_blue/MF0617_4_1.dae
[0.165s] -- Up-to-date: /home/coro/ros2_ws/install/dsr_description2/share/dsr_description2/meshes/m0617_blue/MF0617_6_0.dae
[0.165s] -- Up-to-date: /home/coro/ros2_ws/install/dsr_description2/share/dsr_description2/meshes/m0617_blue/MF0617_5_0.dae
[0.165s] -- Up-to-date: /home/coro/ros2_ws/install/dsr_description2/share/dsr_description2/meshes/m0617_blue/MF0617_2_0.dae
[0.165s] -- Up-to-date: /home/coro/ros2_ws/install/dsr_description2/share/dsr_description2/meshes/m0617_blue/MF0617_4_0.dae
[0.165s] -- Up-to-date: /home/coro/ros2_ws/install/dsr_description2/share/dsr_description2/meshes/m0617_blue/MF0617_3_0.dae
[0.165s] -- Up-to-date: /home/coro/ros2_ws/install/dsr_description2/share/dsr_description2/meshes/m0617_blue/MF0617_2_1.dae
[0.166s] -- Up-to-date: /home/coro/ros2_ws/install/dsr_description2/share/dsr_description2/meshes/m0617_collision
[0.166s] -- Up-to-date: /home/coro/ros2_ws/install/dsr_description2/share/dsr_description2/meshes/m0617_collision/MF0617_0_0.dae
[0.166s] -- Up-to-date: /home/coro/ros2_ws/install/dsr_description2/share/dsr_description2/meshes/m0617_collision/MF0617_1_0.dae
[0.166s] -- Up-to-date: /home/coro/ros2_ws/install/dsr_description2/share/dsr_description2/meshes/m0617_collision/MF0617_2_2.dae
[0.166s] -- Up-to-date: /home/coro/ros2_ws/install/dsr_description2/share/dsr_description2/meshes/m0617_collision/MF0617_4_1.dae
[0.166s] -- Up-to-date: /home/coro/ros2_ws/install/dsr_description2/share/dsr_description2/meshes/m0617_collision/MF0617_6_0.dae
[0.166s] -- Up-to-date: /home/coro/ros2_ws/install/dsr_description2/share/dsr_description2/meshes/m0617_collision/MF0617_5_0.dae
[0.166s] -- Up-to-date: /home/coro/ros2_ws/install/dsr_description2/share/dsr_description2/meshes/m0617_collision/MF0617_2_0.dae
[0.166s] -- Up-to-date: /home/coro/ros2_ws/install/dsr_description2/share/dsr_description2/meshes/m0617_collision/MF0617_4_0.dae
[0.166s] -- Up-to-date: /home/coro/ros2_ws/install/dsr_description2/share/dsr_description2/meshes/m0617_collision/MF0617_3_0.dae
[0.166s] -- Up-to-date: /home/coro/ros2_ws/install/dsr_description2/share/dsr_description2/meshes/m0617_collision/MF0617_2_1.dae
[0.166s] -- Up-to-date: /home/coro/ros2_ws/install/dsr_description2/share/dsr_description2/meshes/a0912_white
[0.166s] -- Up-to-date: /home/coro/ros2_ws/install/dsr_description2/share/dsr_description2/meshes/a0912_white/A0912_0_0.dae
[0.166s] -- Up-to-date: /home/coro/ros2_ws/install/dsr_description2/share/dsr_description2/meshes/a0912_white/A0912_3_0.dae
[0.166s] -- Up-to-date: /home/coro/ros2_ws/install/dsr_description2/share/dsr_description2/meshes/a0912_white/A0912_6_0.dae
[0.166s] -- Up-to-date: /home/coro/ros2_ws/install/dsr_description2/share/dsr_description2/meshes/a0912_white/A0912_2_1.dae
[0.166s] -- Up-to-date: /home/coro/ros2_ws/install/dsr_description2/share/dsr_description2/meshes/a0912_white/A0912_2_0.dae
[0.166s] -- Up-to-date: /home/coro/ros2_ws/install/dsr_description2/share/dsr_description2/meshes/a0912_white/A0912_4_0.dae
[0.166s] -- Up-to-date: /home/coro/ros2_ws/install/dsr_description2/share/dsr_description2/meshes/a0912_white/A0912_5_1.dae
[0.166s] -- Up-to-date: /home/coro/ros2_ws/install/dsr_description2/share/dsr_description2/meshes/a0912_white/A0912_1_0.dae
[0.166s] -- Up-to-date: /home/coro/ros2_ws/install/dsr_description2/share/dsr_description2/meshes/a0912_white/A0912_1_1.dae
[0.166s] -- Up-to-date: /home/coro/ros2_ws/install/dsr_description2/share/dsr_description2/meshes/a0912_white/A0912_1_2.dae
[0.166s] -- Up-to-date: /home/coro/ros2_ws/install/dsr_description2/share/dsr_description2/meshes/a0912_white/A0912_5_0.dae
[0.166s] -- Up-to-date: /home/coro/ros2_ws/install/dsr_description2/share/dsr_description2/meshes/a0912_white/A0912_4_1.dae
[0.166s] -- Up-to-date: /home/coro/ros2_ws/install/dsr_description2/share/dsr_description2/meshes/a0912_white/A0912_3_1.dae
[0.166s] -- Up-to-date: /home/coro/ros2_ws/install/dsr_description2/share/dsr_description2/meshes/a0912_white/A0912_2_2.dae
[0.166s] -- Up-to-date: /home/coro/ros2_ws/install/dsr_description2/share/dsr_description2/meshes/a0509_collision
[0.166s] -- Up-to-date: /home/coro/ros2_ws/install/dsr_description2/share/dsr_description2/meshes/a0509_collision/A0509_0_0.dae
[0.166s] -- Up-to-date: /home/coro/ros2_ws/install/dsr_description2/share/dsr_description2/meshes/a0509_collision/A0509_3_0.dae
[0.166s] -- Up-to-date: /home/coro/ros2_ws/install/dsr_description2/share/dsr_description2/meshes/a0509_collision/A0509_4_1.dae
[0.166s] -- Up-to-date: /home/coro/ros2_ws/install/dsr_description2/share/dsr_description2/meshes/a0509_collision/A0509_6_0.dae
[0.166s] -- Up-to-date: /home/coro/ros2_ws/install/dsr_description2/share/dsr_description2/meshes/a0509_collision/A0509_2_1.dae
[0.166s] -- Up-to-date: /home/coro/ros2_ws/install/dsr_description2/share/dsr_description2/meshes/a0509_collision/A0509_4_0.dae
[0.166s] -- Up-to-date: /home/coro/ros2_ws/install/dsr_description2/share/dsr_description2/meshes/a0509_collision/A0509_2_2.dae
[0.166s] -- Up-to-date: /home/coro/ros2_ws/install/dsr_description2/share/dsr_description2/meshes/a0509_collision/A0509_5_0.dae
[0.166s] -- Up-to-date: /home/coro/ros2_ws/install/dsr_description2/share/dsr_description2/meshes/a0509_collision/A0509_3_1.dae
[0.166s] -- Up-to-date: /home/coro/ros2_ws/install/dsr_description2/share/dsr_description2/meshes/a0509_collision/A0509_5_1.dae
[0.166s] -- Up-to-date: /home/coro/ros2_ws/install/dsr_description2/share/dsr_description2/meshes/a0509_collision/A0509_1_2.dae
[0.166s] -- Up-to-date: /home/coro/ros2_ws/install/dsr_description2/share/dsr_description2/meshes/a0509_collision/A0509_2_0.dae
[0.166s] -- Up-to-date: /home/coro/ros2_ws/install/dsr_description2/share/dsr_description2/meshes/a0509_collision/A0509_1_1.dae
[0.166s] -- Up-to-date: /home/coro/ros2_ws/install/dsr_description2/share/dsr_description2/meshes/a0509_collision/A0509_1_0.dae
[0.166s] -- Up-to-date: /home/coro/ros2_ws/install/dsr_description2/share/dsr_description2/meshes/h2515_blue
[0.167s] -- Up-to-date: /home/coro/ros2_ws/install/dsr_description2/share/dsr_description2/meshes/h2515_blue/H2515_2_1.dae
[0.167s] -- Up-to-date: /home/coro/ros2_ws/install/dsr_description2/share/dsr_description2/meshes/h2515_blue/H2515_3_0.dae
[0.167s] -- Up-to-date: /home/coro/ros2_ws/install/dsr_description2/share/dsr_description2/meshes/h2515_blue/H2515_2_0.dae
[0.167s] -- Up-to-date: /home/coro/ros2_ws/install/dsr_description2/share/dsr_description2/meshes/h2515_blue/H2515_4_1.dae
[0.167s] -- Up-to-date: /home/coro/ros2_ws/install/dsr_description2/share/dsr_description2/meshes/h2515_blue/H2515_1_0.dae
[0.167s] -- Up-to-date: /home/coro/ros2_ws/install/dsr_description2/share/dsr_description2/meshes/h2515_blue/H2515_4_0.dae
[0.167s] -- Up-to-date: /home/coro/ros2_ws/install/dsr_description2/share/dsr_description2/meshes/h2515_blue/H2515_2_2.dae
[0.167s] -- Up-to-date: /home/coro/ros2_ws/install/dsr_description2/share/dsr_description2/meshes/h2515_blue/H2515_5_0.dae
[0.167s] -- Up-to-date: /home/coro/ros2_ws/install/dsr_description2/share/dsr_description2/meshes/h2515_blue/H2515_6_0.dae
[0.167s] -- Up-to-date: /home/coro/ros2_ws/install/dsr_description2/share/dsr_description2/meshes/h2515_blue/H2515_0_0.dae
[0.167s] -- Up-to-date: /home/coro/ros2_ws/install/dsr_description2/share/dsr_description2/meshes/m1013_blue
[0.167s] -- Up-to-date: /home/coro/ros2_ws/install/dsr_description2/share/dsr_description2/meshes/m1013_blue/MF1013_6_0.dae
[0.167s] -- Up-to-date: /home/coro/ros2_ws/install/dsr_description2/share/dsr_description2/meshes/m1013_blue/MF1013_2_0.dae
[0.167s] -- Up-to-date: /home/coro/ros2_ws/install/dsr_description2/share/dsr_description2/meshes/m1013_blue/MF1013_4_0.dae
[0.167s] -- Up-to-date: /home/coro/ros2_ws/install/dsr_description2/share/dsr_description2/meshes/m1013_blue/MF1013_3_0.dae
[0.167s] -- Up-to-date: /home/coro/ros2_ws/install/dsr_description2/share/dsr_description2/meshes/m1013_blue/MF1013_4_1.dae
[0.167s] -- Up-to-date: /home/coro/ros2_ws/install/dsr_description2/share/dsr_description2/meshes/m1013_blue/MF1013_0_0.dae
[0.167s] -- Up-to-date: /home/coro/ros2_ws/install/dsr_description2/share/dsr_description2/meshes/m1013_blue/MF1013_2_1.dae
[0.167s] -- Up-to-date: /home/coro/ros2_ws/install/dsr_description2/share/dsr_description2/meshes/m1013_blue/MF1013_1_0.dae
[0.167s] -- Up-to-date: /home/coro/ros2_ws/install/dsr_description2/share/dsr_description2/meshes/m1013_blue/MF1013_5_0.dae
[0.167s] -- Up-to-date: /home/coro/ros2_ws/install/dsr_description2/share/dsr_description2/meshes/m1013_blue/MF1013_2_2.dae
[0.167s] -- Up-to-date: /home/coro/ros2_ws/install/dsr_description2/share/dsr_description2/urdf
[0.167s] -- Up-to-date: /home/coro/ros2_ws/install/dsr_description2/share/dsr_description2/urdf/m0609.white.urdf
[0.167s] -- Up-to-date: /home/coro/ros2_ws/install/dsr_description2/share/dsr_description2/urdf/h2017.white.urdf
[0.167s] -- Up-to-date: /home/coro/ros2_ws/install/dsr_description2/share/dsr_description2/urdf/m0617.blue.urdf
[0.167s] -- Up-to-date: /home/coro/ros2_ws/install/dsr_description2/share/dsr_description2/urdf/a0912.urdf
[0.167s] -- Up-to-date: /home/coro/ros2_ws/install/dsr_description2/share/dsr_description2/urdf/a0509.urdf
[0.167s] -- Up-to-date: /home/coro/ros2_ws/install/dsr_description2/share/dsr_description2/urdf/h2515.blue.urdf
[0.167s] -- Up-to-date: /home/coro/ros2_ws/install/dsr_description2/share/dsr_description2/urdf/a0912.blue.urdf
[0.167s] -- Up-to-date: /home/coro/ros2_ws/install/dsr_description2/share/dsr_description2/urdf/a0509.blue.urdf
[0.167s] -- Up-to-date: /home/coro/ros2_ws/install/dsr_description2/share/dsr_description2/urdf/e0509.white.urdf
[0.167s] -- Up-to-date: /home/coro/ros2_ws/install/dsr_description2/share/dsr_description2/urdf/h2017.blue.urdf
[0.167s] -- Up-to-date: /home/coro/ros2_ws/install/dsr_description2/share/dsr_description2/urdf/h2515.urdf
[0.167s] -- Up-to-date: /home/coro/ros2_ws/install/dsr_description2/share/dsr_description2/urdf/m0609.urdf
[0.167s] -- Up-to-date: /home/coro/ros2_ws/install/dsr_description2/share/dsr_description2/urdf/a0912.white.urdf
[0.168s] -- Up-to-date: /home/coro/ros2_ws/install/dsr_description2/share/dsr_description2/urdf/m1509.white.urdf
[0.168s] -- Up-to-date: /home/coro/ros2_ws/install/dsr_description2/share/dsr_description2/urdf/h2515.white.urdf
[0.168s] -- Up-to-date: /home/coro/ros2_ws/install/dsr_description2/share/dsr_description2/urdf/m0609.blue.urdf
[0.168s] -- Up-to-date: /home/coro/ros2_ws/install/dsr_description2/share/dsr_description2/urdf/m1013.urdf
[0.168s] -- Up-to-date: /home/coro/ros2_ws/install/dsr_description2/share/dsr_description2/urdf/m0617.urdf
[0.168s] -- Up-to-date: /home/coro/ros2_ws/install/dsr_description2/share/dsr_description2/urdf/m0617.white.urdf
[0.168s] -- Up-to-date: /home/coro/ros2_ws/install/dsr_description2/share/dsr_description2/urdf/m1013.blue.urdf
[0.168s] -- Up-to-date: /home/coro/ros2_ws/install/dsr_description2/share/dsr_description2/urdf/m1013.white.urdf
[0.168s] -- Up-to-date: /home/coro/ros2_ws/install/dsr_description2/share/dsr_description2/urdf/m1509.urdf
[0.168s] -- Up-to-date: /home/coro/ros2_ws/install/dsr_description2/share/dsr_description2/urdf/h2017.urdf
[0.168s] -- Up-to-date: /home/coro/ros2_ws/install/dsr_description2/share/dsr_description2/urdf/e0509.urdf
[0.168s] -- Up-to-date: /home/coro/ros2_ws/install/dsr_description2/share/dsr_description2/urdf/a0509.white.urdf
[0.168s] -- Up-to-date: /home/coro/ros2_ws/install/dsr_description2/share/dsr_description2/urdf/m1509.blue.urdf
[0.168s] -- Up-to-date: /home/coro/ros2_ws/install/dsr_description2/share/dsr_description2/xacro
[0.168s] -- Up-to-date: /home/coro/ros2_ws/install/dsr_description2/share/dsr_description2/xacro/macro.h2515.blue.xacro
[0.168s] -- Up-to-date: /home/coro/ros2_ws/install/dsr_description2/share/dsr_description2/xacro/macro.m1013.white.xacro
[0.168s] -- Up-to-date: /home/coro/ros2_ws/install/dsr_description2/share/dsr_description2/xacro/a0509.urdf.xacro
[0.168s] -- Up-to-date: /home/coro/ros2_ws/install/dsr_description2/share/dsr_description2/xacro/macro.m0617.white.xacro
[0.168s] -- Up-to-date: /home/coro/ros2_ws/install/dsr_description2/share/dsr_description2/xacro/h2017.urdf.xacro
[0.168s] -- Up-to-date: /home/coro/ros2_ws/install/dsr_description2/share/dsr_description2/xacro/macro.a0912.blue.xacro
[0.168s] -- Up-to-date: /home/coro/ros2_ws/install/dsr_description2/share/dsr_description2/xacro/h2515.urdf.xacro
[0.168s] -- Up-to-date: /home/coro/ros2_ws/install/dsr_description2/share/dsr_description2/xacro/m1013.urdf.xacro
[0.168s] -- Up-to-date: /home/coro/ros2_ws/install/dsr_description2/share/dsr_description2/xacro/macro.m1509.blue.xacro
[0.168s] -- Up-to-date: /home/coro/ros2_ws/install/dsr_description2/share/dsr_description2/xacro/macro.m0609.white.xacro
[0.168s] -- Up-to-date: /home/coro/ros2_ws/install/dsr_description2/share/dsr_description2/xacro/macro.h2017.white.xacro
[0.168s] -- Up-to-date: /home/coro/ros2_ws/install/dsr_description2/share/dsr_description2/xacro/m0609.urdf.xacro
[0.168s] -- Up-to-date: /home/coro/ros2_ws/install/dsr_description2/share/dsr_description2/xacro/macro.m1509.white.xacro
[0.168s] -- Up-to-date: /home/coro/ros2_ws/install/dsr_description2/share/dsr_description2/xacro/macro.h2017.blue.xacro
[0.168s] -- Up-to-date: /home/coro/ros2_ws/install/dsr_description2/share/dsr_description2/xacro/macro.m0617.blue.xacro
[0.168s] -- Up-to-date: /home/coro/ros2_ws/install/dsr_description2/share/dsr_description2/xacro/m0617.urdf.xacro
[0.168s] -- Up-to-date: /home/coro/ros2_ws/install/dsr_description2/share/dsr_description2/xacro/macro.m1013.blue.xacro
[0.168s] -- Up-to-date: /home/coro/ros2_ws/install/dsr_description2/share/dsr_description2/xacro/macro.a0509.blue.xacro
[0.168s] -- Up-to-date: /home/coro/ros2_ws/install/dsr_description2/share/dsr_description2/xacro/m1509.urdf.xacro
[0.168s] -- Up-to-date: /home/coro/ros2_ws/install/dsr_description2/share/dsr_description2/xacro/macro.m0609.blue.xacro
[0.168s] -- Up-to-date: /home/coro/ros2_ws/install/dsr_description2/share/dsr_description2/xacro/macro.a0912.white.xacro
[0.168s] -- Up-to-date: /home/coro/ros2_ws/install/dsr_description2/share/dsr_description2/xacro/e0509.urdf.xacro
[0.168s] -- Up-to-date: /home/coro/ros2_ws/install/dsr_description2/share/dsr_description2/xacro/macro.e0509.white.xacro
[0.168s] -- Up-to-date: /home/coro/ros2_ws/install/dsr_description2/share/dsr_description2/xacro/macro.a0509.white.xacro
[0.168s] -- Up-to-date: /home/coro/ros2_ws/install/dsr_description2/share/dsr_description2/xacro/a0912.urdf.xacro
[0.169s] -- Up-to-date: /home/coro/ros2_ws/install/dsr_description2/share/dsr_description2/xacro/macro.h2515.white.xacro
[0.169s] -- Up-to-date: /home/coro/ros2_ws/install/dsr_description2/share/dsr_description2/config
[0.169s] -- Up-to-date: /home/coro/ros2_ws/install/dsr_description2/share/dsr_description2/config/macro.gazebo.xacro
[0.169s] -- Up-to-date: /home/coro/ros2_ws/install/dsr_description2/share/dsr_description2/config/macro.transmission.xacro
[0.169s] -- Up-to-date: /home/coro/ros2_ws/install/dsr_description2/share/dsr_description2/config/macro.wheel.xacro
[0.169s] -- Up-to-date: /home/coro/ros2_ws/install/dsr_description2/share/dsr_description2/config/macro.decorations.xacro
[0.169s] -- Up-to-date: /home/coro/ros2_ws/install/dsr_description2/share/dsr_description2/config/macro.materials.xacro
[0.169s] -- Up-to-date: /home/coro/ros2_ws/install/dsr_description2/share/dsr_description2/ros2_control
[0.170s] -- Up-to-date: /home/coro/ros2_ws/install/dsr_description2/share/dsr_description2/ros2_control/m1509.gz_ros2_control.xacro
[0.170s] -- Up-to-date: /home/coro/ros2_ws/install/dsr_description2/share/dsr_description2/ros2_control/e0509.gz_ros2_control.xacro
[0.170s] -- Up-to-date: /home/coro/ros2_ws/install/dsr_description2/share/dsr_description2/ros2_control/h2515.gz_ros2_control.xacro
[0.170s] -- Up-to-date: /home/coro/ros2_ws/install/dsr_description2/share/dsr_description2/ros2_control/m1013.gz_ros2_control.xacro
[0.170s] -- Up-to-date: /home/coro/ros2_ws/install/dsr_description2/share/dsr_description2/ros2_control/h2017.ros2_control.xacro
[0.170s] -- Up-to-date: /home/coro/ros2_ws/install/dsr_description2/share/dsr_description2/ros2_control/m1013.ros2_control.xacro
[0.170s] -- Up-to-date: /home/coro/ros2_ws/install/dsr_description2/share/dsr_description2/ros2_control/a0912.ros2_control.xacro
[0.170s] -- Up-to-date: /home/coro/ros2_ws/install/dsr_description2/share/dsr_description2/ros2_control/a0509.ros2_control.xacro
[0.170s] -- Up-to-date: /home/coro/ros2_ws/install/dsr_description2/share/dsr_description2/ros2_control/e0509.ros2_control.xacro
[0.170s] -- Up-to-date: /home/coro/ros2_ws/install/dsr_description2/share/dsr_description2/ros2_control/a0509.gz_ros2_control.xacro
[0.170s] -- Up-to-date: /home/coro/ros2_ws/install/dsr_description2/share/dsr_description2/ros2_control/h2017.gz_ros2_control.xacro
[0.170s] -- Up-to-date: /home/coro/ros2_ws/install/dsr_description2/share/dsr_description2/ros2_control/a0912.gz_ros2_control.xacro
[0.170s] -- Up-to-date: /home/coro/ros2_ws/install/dsr_description2/share/dsr_description2/ros2_control/m1509.ros2_control.xacro
[0.170s] -- Up-to-date: /home/coro/ros2_ws/install/dsr_description2/share/dsr_description2/ros2_control/h2515.ros2_control.xacro
[0.170s] -- Up-to-date: /home/coro/ros2_ws/install/dsr_description2/share/dsr_description2/ros2_control/m0617.gz_ros2_control.xacro
[0.170s] -- Up-to-date: /home/coro/ros2_ws/install/dsr_description2/share/dsr_description2/ros2_control/m0609.ros2_control.xacro
[0.170s] -- Up-to-date: /home/coro/ros2_ws/install/dsr_description2/share/dsr_description2/ros2_control/m0617.ros2_control.xacro
[0.170s] -- Up-to-date: /home/coro/ros2_ws/install/dsr_description2/share/dsr_description2/ros2_control/m0609.gz_ros2_control.xacro
[0.170s] -- Up-to-date: /home/coro/ros2_ws/install/dsr_description2/share/dsr_description2/launch
[0.170s] -- Up-to-date: /home/coro/ros2_ws/install/dsr_description2/share/dsr_description2/launch/dsr_description.launch.py
[0.170s] -- Up-to-date: /home/coro/ros2_ws/install/dsr_description2/share/dsr_description2/rviz
[0.170s] -- Up-to-date: /home/coro/ros2_ws/install/dsr_description2/share/dsr_description2/rviz/moveit.rviz
[0.170s] -- Up-to-date: /home/coro/ros2_ws/install/dsr_description2/share/dsr_description2/rviz/default.rviz
[0.203s] Invoked command in '/home/coro/ros2_ws/build/dsr_description2' returned '0': CMAKE_PREFIX_PATH=${CMAKE_PREFIX_PATH}:/home/coro/ros2_ws/install/dsr_bringup2:/opt/ros/humble /home/coro/.local/bin/cmake --install /home/coro/ros2_ws/build/dsr_description2
