[0.004s] Invoking command in '/home/coro/ros2_ws/src/build/ur_moveit_config': AMENT_PREFIX_PATH=/home/coro/ros2_ws/src/install/ur_description:${AMENT_PREFIX_PATH} CMAKE_PREFIX_PATH=/home/coro/ros2_ws/src/install/ur_description:/opt/ros/humble /usr/bin/cmake /home/coro/ros2_ws/src/Universal_Robots_ROS2_Driver/ur_moveit_config -DCMAKE_INSTALL_PREFIX=/home/coro/ros2_ws/src/install/ur_moveit_config
[0.035s] -- The C compiler identification is GNU 11.4.0
[0.068s] -- The CXX compiler identification is GNU 11.4.0
[0.072s] -- Detecting C compiler ABI info
[0.177s] -- Detecting C compiler ABI info - done
[0.185s] -- Check for working C compiler: /usr/bin/cc - skipped
[0.185s] -- Detecting C compile features
[0.186s] -- Detecting C compile features - done
[0.188s] -- Detecting CXX compiler ABI info
[0.234s] -- Detecting CXX compiler ABI info - done
[0.242s] -- Check for working CXX compiler: /usr/bin/c++ - skipped
[0.242s] -- Detecting CXX compile features
[0.242s] -- Detecting CXX compile features - done
[0.244s] -- Found ament_cmake: 1.3.8 (/opt/ros/humble/share/ament_cmake/cmake)
[0.460s] -- Found Python3: /usr/bin/python3 (found version "3.10.12") found components: Interpreter 
[0.624s] -- Configuring done
[0.626s] -- Generating done
[0.627s] -- Build files have been written to: /home/coro/ros2_ws/src/build/ur_moveit_config
[0.630s] Invoked command in '/home/coro/ros2_ws/src/build/ur_moveit_config' returned '0': AMENT_PREFIX_PATH=/home/coro/ros2_ws/src/install/ur_description:${AMENT_PREFIX_PATH} CMAKE_PREFIX_PATH=/home/coro/ros2_ws/src/install/ur_description:/opt/ros/humble /usr/bin/cmake /home/coro/ros2_ws/src/Universal_Robots_ROS2_Driver/ur_moveit_config -DCMAKE_INSTALL_PREFIX=/home/coro/ros2_ws/src/install/ur_moveit_config
[0.631s] Invoking command in '/home/coro/ros2_ws/src/build/ur_moveit_config': AMENT_PREFIX_PATH=/home/coro/ros2_ws/src/install/ur_description:${AMENT_PREFIX_PATH} CMAKE_PREFIX_PATH=/home/coro/ros2_ws/src/install/ur_description:/opt/ros/humble /usr/bin/cmake --build /home/coro/ros2_ws/src/build/ur_moveit_config -- -j20 -l20
[0.675s] Built target ament_cmake_python_copy_ur_moveit_config
[0.933s] running egg_info
[0.934s] creating ur_moveit_config.egg-info
[0.952s] writing ur_moveit_config.egg-info/PKG-INFO
[0.952s] writing dependency_links to ur_moveit_config.egg-info/dependency_links.txt
[0.953s] writing top-level names to ur_moveit_config.egg-info/top_level.txt
[0.953s] writing manifest file 'ur_moveit_config.egg-info/SOURCES.txt'
[1.208s] reading manifest file 'ur_moveit_config.egg-info/SOURCES.txt'
[1.209s] writing manifest file 'ur_moveit_config.egg-info/SOURCES.txt'
[1.311s] Built target ament_cmake_python_build_ur_moveit_config_egg
[1.340s] Invoked command in '/home/coro/ros2_ws/src/build/ur_moveit_config' returned '0': AMENT_PREFIX_PATH=/home/coro/ros2_ws/src/install/ur_description:${AMENT_PREFIX_PATH} CMAKE_PREFIX_PATH=/home/coro/ros2_ws/src/install/ur_description:/opt/ros/humble /usr/bin/cmake --build /home/coro/ros2_ws/src/build/ur_moveit_config -- -j20 -l20
[1.447s] Invoking command in '/home/coro/ros2_ws/src/build/ur_moveit_config': AMENT_PREFIX_PATH=/home/coro/ros2_ws/src/install/ur_description:${AMENT_PREFIX_PATH} CMAKE_PREFIX_PATH=/home/coro/ros2_ws/src/install/ur_description:/opt/ros/humble /usr/bin/cmake --install /home/coro/ros2_ws/src/build/ur_moveit_config
[1.456s] -- Install configuration: ""
[1.456s] -- Installing: /home/coro/ros2_ws/src/install/ur_moveit_config/share/ur_moveit_config/config
[1.456s] -- Installing: /home/coro/ros2_ws/src/install/ur_moveit_config/share/ur_moveit_config/config/ompl_planning.yaml
[1.457s] -- Installing: /home/coro/ros2_ws/src/install/ur_moveit_config/share/ur_moveit_config/config/controllers.yaml
[1.457s] -- Installing: /home/coro/ros2_ws/src/install/ur_moveit_config/share/ur_moveit_config/config/kinematics.yaml
[1.457s] -- Installing: /home/coro/ros2_ws/src/install/ur_moveit_config/share/ur_moveit_config/config/joint_limits.yaml
[1.457s] -- Installing: /home/coro/ros2_ws/src/install/ur_moveit_config/share/ur_moveit_config/config/ur_servo.yaml
[1.457s] -- Installing: /home/coro/ros2_ws/src/install/ur_moveit_config/share/ur_moveit_config/launch
[1.457s] -- Installing: /home/coro/ros2_ws/src/install/ur_moveit_config/share/ur_moveit_config/launch/ur_moveit.launch.py
[1.457s] -- Installing: /home/coro/ros2_ws/src/install/ur_moveit_config/share/ur_moveit_config/rviz
[1.457s] -- Installing: /home/coro/ros2_ws/src/install/ur_moveit_config/share/ur_moveit_config/rviz/view_robot.rviz
[1.458s] -- Installing: /home/coro/ros2_ws/src/install/ur_moveit_config/share/ur_moveit_config/srdf
[1.458s] -- Installing: /home/coro/ros2_ws/src/install/ur_moveit_config/share/ur_moveit_config/srdf/ur.srdf.xacro
[1.458s] -- Installing: /home/coro/ros2_ws/src/install/ur_moveit_config/share/ur_moveit_config/srdf/ur_macro.srdf.xacro
[1.458s] -- Installing: /home/coro/ros2_ws/src/install/ur_moveit_config/share/ur_moveit_config/environment/pythonpath.sh
[1.458s] -- Installing: /home/coro/ros2_ws/src/install/ur_moveit_config/share/ur_moveit_config/environment/pythonpath.dsv
[1.458s] -- Installing: /home/coro/ros2_ws/src/install/ur_moveit_config/local/lib/python3.10/dist-packages/ur_moveit_config-2.2.11-py3.10.egg-info
[1.459s] -- Installing: /home/coro/ros2_ws/src/install/ur_moveit_config/local/lib/python3.10/dist-packages/ur_moveit_config-2.2.11-py3.10.egg-info/PKG-INFO
[1.459s] -- Installing: /home/coro/ros2_ws/src/install/ur_moveit_config/local/lib/python3.10/dist-packages/ur_moveit_config-2.2.11-py3.10.egg-info/top_level.txt
[1.459s] -- Installing: /home/coro/ros2_ws/src/install/ur_moveit_config/local/lib/python3.10/dist-packages/ur_moveit_config-2.2.11-py3.10.egg-info/dependency_links.txt
[1.459s] -- Installing: /home/coro/ros2_ws/src/install/ur_moveit_config/local/lib/python3.10/dist-packages/ur_moveit_config-2.2.11-py3.10.egg-info/SOURCES.txt
[1.459s] -- Installing: /home/coro/ros2_ws/src/install/ur_moveit_config/local/lib/python3.10/dist-packages/ur_moveit_config
[1.459s] -- Installing: /home/coro/ros2_ws/src/install/ur_moveit_config/local/lib/python3.10/dist-packages/ur_moveit_config/launch_common.py
[1.459s] -- Installing: /home/coro/ros2_ws/src/install/ur_moveit_config/local/lib/python3.10/dist-packages/ur_moveit_config/__init__.py
[1.496s] Listing '/home/coro/ros2_ws/src/install/ur_moveit_config/local/lib/python3.10/dist-packages/ur_moveit_config'...
[1.496s] Compiling '/home/coro/ros2_ws/src/install/ur_moveit_config/local/lib/python3.10/dist-packages/ur_moveit_config/__init__.py'...
[1.497s] Compiling '/home/coro/ros2_ws/src/install/ur_moveit_config/local/lib/python3.10/dist-packages/ur_moveit_config/launch_common.py'...
[1.502s] -- Installing: /home/coro/ros2_ws/src/install/ur_moveit_config/local/lib/python3.10/dist-packages/launch_common.py
[1.539s] Compiling '/home/coro/ros2_ws/src/install/ur_moveit_config/local/lib/python3.10/dist-packages/launch_common.py'...
[1.549s] -- Installing: /home/coro/ros2_ws/src/install/ur_moveit_config/share/ament_index/resource_index/package_run_dependencies/ur_moveit_config
[1.550s] -- Installing: /home/coro/ros2_ws/src/install/ur_moveit_config/share/ament_index/resource_index/parent_prefix_path/ur_moveit_config
[1.550s] -- Installing: /home/coro/ros2_ws/src/install/ur_moveit_config/share/ur_moveit_config/environment/ament_prefix_path.sh
[1.550s] -- Installing: /home/coro/ros2_ws/src/install/ur_moveit_config/share/ur_moveit_config/environment/ament_prefix_path.dsv
[1.550s] -- Installing: /home/coro/ros2_ws/src/install/ur_moveit_config/share/ur_moveit_config/environment/path.sh
[1.550s] -- Installing: /home/coro/ros2_ws/src/install/ur_moveit_config/share/ur_moveit_config/environment/path.dsv
[1.550s] -- Installing: /home/coro/ros2_ws/src/install/ur_moveit_config/share/ur_moveit_config/local_setup.bash
[1.550s] -- Installing: /home/coro/ros2_ws/src/install/ur_moveit_config/share/ur_moveit_config/local_setup.sh
[1.550s] -- Installing: /home/coro/ros2_ws/src/install/ur_moveit_config/share/ur_moveit_config/local_setup.zsh
[1.550s] -- Installing: /home/coro/ros2_ws/src/install/ur_moveit_config/share/ur_moveit_config/local_setup.dsv
[1.551s] -- Installing: /home/coro/ros2_ws/src/install/ur_moveit_config/share/ur_moveit_config/package.dsv
[1.551s] -- Installing: /home/coro/ros2_ws/src/install/ur_moveit_config/share/ament_index/resource_index/packages/ur_moveit_config
[1.551s] -- Installing: /home/coro/ros2_ws/src/install/ur_moveit_config/share/ur_moveit_config/cmake/ur_moveit_configConfig.cmake
[1.551s] -- Installing: /home/coro/ros2_ws/src/install/ur_moveit_config/share/ur_moveit_config/cmake/ur_moveit_configConfig-version.cmake
[1.556s] -- Installing: /home/coro/ros2_ws/src/install/ur_moveit_config/share/ur_moveit_config/package.xml
[1.561s] Invoked command in '/home/coro/ros2_ws/src/build/ur_moveit_config' returned '0': AMENT_PREFIX_PATH=/home/coro/ros2_ws/src/install/ur_description:${AMENT_PREFIX_PATH} CMAKE_PREFIX_PATH=/home/coro/ros2_ws/src/install/ur_description:/opt/ros/humble /usr/bin/cmake --install /home/coro/ros2_ws/src/build/ur_moveit_config
