running egg_info
writing ../../build/dsr_bringup2/dsr_bringup2.egg-info/PKG-INFO
writing dependency_links to ../../build/dsr_bringup2/dsr_bringup2.egg-info/dependency_links.txt
writing entry points to ../../build/dsr_bringup2/dsr_bringup2.egg-info/entry_points.txt
writing requirements to ../../build/dsr_bringup2/dsr_bringup2.egg-info/requires.txt
writing top-level names to ../../build/dsr_bringup2/dsr_bringup2.egg-info/top_level.txt
writing manifest file '../../build/dsr_bringup2/dsr_bringup2.egg-info/SOURCES.txt'
running build
running build_py
copying dsr_bringup2/connection.py -> /home/coro/ros2_ws/src/build/dsr_bringup2/build/lib/dsr_bringup2
copying dsr_bringup2/__init__.py -> /home/coro/ros2_ws/src/build/dsr_bringup2/build/lib/dsr_bringup2
running install
running install_lib
running install_data
copying resource/dsr_bringup2 -> /home/coro/ros2_ws/src/install/dsr_bringup2/share/ament_index/resource_index/packages
copying package.xml -> /home/coro/ros2_ws/src/install/dsr_bringup2/share/dsr_bringup2
copying launch/dsr_bringup2_rviz.launch.py -> /home/coro/ros2_ws/src/install/dsr_bringup2/share/dsr_bringup2/launch
copying rviz/default.rviz -> /home/coro/ros2_ws/src/install/dsr_bringup2/share/dsr_bringup2/rviz
running install_egg_info
removing '/home/coro/ros2_ws/src/install/dsr_bringup2/lib/python3.10/site-packages/dsr_bringup2-0.1.2-py3.10.egg-info' (and everything under it)
Copying ../../build/dsr_bringup2/dsr_bringup2.egg-info to /home/coro/ros2_ws/src/install/dsr_bringup2/lib/python3.10/site-packages/dsr_bringup2-0.1.2-py3.10.egg-info
running install_scripts
Installing connection script to /home/coro/ros2_ws/src/install/dsr_bringup2/lib/dsr_bringup2
writing list of installed files to '/home/coro/ros2_ws/src/build/dsr_bringup2/install.log'
