[0.009s] Invoking command in '/home/coro/ros2_ws/build/dsr_gazebo2': AMENT_PREFIX_PATH=/home/coro/ros2_ws/install/dsr_description2:${AMENT_PREFIX_PATH} CMAKE_PREFIX_PATH=/home/coro/ros2_ws/install/dsr_description2:/opt/ros/humble /home/coro/.local/bin/cmake --build /home/coro/ros2_ws/build/dsr_gazebo2 -- -j20 -l20
[0.041s] -- Found ament_cmake: 1.3.9 (/opt/ros/humble/share/ament_cmake/cmake)
[0.113s] [31mCMake Error at CMakeLists.txt:19 (find_package):
[0.113s]   By not providing "Findgazebo_ros_pkgs.cmake" in CMAKE_MODULE_PATH this
[0.113s]   project has asked CMake to find a package configuration file provided by
[0.113s]   "gazebo_ros_pkgs", but CMake did not find one.
[0.113s] 
[0.113s]   Could not find a package configuration file provided by "gazebo_ros_pkgs"
[0.113s]   with any of the following names:
[0.113s] 
[0.113s]     gazebo_ros_pkgsConfig.cmake
[0.113s]     gazebo_ros_pkgs-config.cmake
[0.113s] 
[0.114s]   Add the installation prefix of "gazebo_ros_pkgs" to CMAKE_PREFIX_PATH or
[0.114s]   set "gazebo_ros_pkgs_DIR" to a directory containing one of the above files.
[0.114s]   If "gazebo_ros_pkgs" provides a separate development package or SDK, be
[0.114s]   sure it has been installed.
[0.114s] 
[0.114s] [0m
[0.114s] -- Configuring incomplete, errors occurred!
[0.115s] See also "/home/coro/ros2_ws/build/dsr_gazebo2/CMakeFiles/CMakeOutput.log".
[0.115s] gmake: *** [Makefile:226: cmake_check_build_system] Error 1
[0.119s] Invoked command in '/home/coro/ros2_ws/build/dsr_gazebo2' returned '2': AMENT_PREFIX_PATH=/home/coro/ros2_ws/install/dsr_description2:${AMENT_PREFIX_PATH} CMAKE_PREFIX_PATH=/home/coro/ros2_ws/install/dsr_description2:/opt/ros/humble /home/coro/.local/bin/cmake --build /home/coro/ros2_ws/build/dsr_gazebo2 -- -j20 -l20
